[2025-07-22T15:35:27.625+0000] {taskinstance.py:1956} INFO - Dependencies all met for dep_context=non-requeueable deps ti=<TaskInstance: etl_data_pipeline.ingest_stock_data manual__2025-07-22T15:35:26.316728+00:00 [queued]>
[2025-07-22T15:35:27.638+0000] {taskinstance.py:1956} INFO - Dependencies all met for dep_context=requeueable deps ti=<TaskInstance: etl_data_pipeline.ingest_stock_data manual__2025-07-22T15:35:26.316728+00:00 [queued]>
[2025-07-22T15:35:27.639+0000] {taskinstance.py:2170} INFO - Starting attempt 1 of 1
[2025-07-22T15:35:27.655+0000] {taskinstance.py:2191} INFO - Executing <Task(PythonOperator): ingest_stock_data> on 2025-07-22 15:35:26.316728+00:00
[2025-07-22T15:35:27.664+0000] {standard_task_runner.py:60} INFO - Started process 282 to run task
[2025-07-22T15:35:27.668+0000] {standard_task_runner.py:87} INFO - Running: ['***', 'tasks', 'run', 'etl_data_pipeline', 'ingest_stock_data', 'manual__2025-07-22T15:35:26.316728+00:00', '--job-id', '16', '--raw', '--subdir', 'DAGS_FOLDER/pipeline.py', '--cfg-path', '/tmp/tmpb6yrh7ad']
[2025-07-22T15:35:27.671+0000] {standard_task_runner.py:88} INFO - Job 16: Subtask ingest_stock_data
[2025-07-22T15:35:27.730+0000] {task_command.py:423} INFO - Running <TaskInstance: etl_data_pipeline.ingest_stock_data manual__2025-07-22T15:35:26.316728+00:00 [running]> on host ca8555d60fc9
[2025-07-22T15:35:27.841+0000] {taskinstance.py:2480} INFO - Exporting env vars: AIRFLOW_CTX_DAG_OWNER='***' AIRFLOW_CTX_DAG_ID='etl_data_pipeline' AIRFLOW_CTX_TASK_ID='ingest_stock_data' AIRFLOW_CTX_EXECUTION_DATE='2025-07-22T15:35:26.316728+00:00' AIRFLOW_CTX_TRY_NUMBER='1' AIRFLOW_CTX_DAG_RUN_ID='manual__2025-07-22T15:35:26.316728+00:00'
[2025-07-22T15:35:27.867+0000] {pipeline.py:36} INFO - Successfully connected to MongoDB at mongodb:27017
[2025-07-22T15:35:27.869+0000] {pipeline.py:45} INFO - Attempting to extract data from: https://www.alphavantage.co/query?function=TIME_SERIES_DAILY&symbol=IBM&apikey=YOUR_ALPHA_VANTAGE_API_KEY
[2025-07-22T15:35:29.824+0000] {pipeline.py:52} ERROR - Error during API extraction from https://www.alphavantage.co/query?function=TIME_SERIES_DAILY&symbol=IBM&apikey=YOUR_ALPHA_VANTAGE_API_KEY: ('Connection aborted.', RemoteDisconnected('Remote end closed connection without response'))
[2025-07-22T15:35:29.825+0000] {pipeline.py:100} WARNING - [Ingest] Failed to ingest stock data for IBM. Response: {}
[2025-07-22T15:35:29.825+0000] {pipeline.py:45} INFO - Attempting to extract data from: https://www.alphavantage.co/query?function=TIME_SERIES_DAILY&symbol=MSFT&apikey=YOUR_ALPHA_VANTAGE_API_KEY
[2025-07-22T15:35:29.832+0000] {pipeline.py:52} ERROR - Error during API extraction from https://www.alphavantage.co/query?function=TIME_SERIES_DAILY&symbol=MSFT&apikey=YOUR_ALPHA_VANTAGE_API_KEY: HTTPSConnectionPool(host='www.alphavantage.co', port=443): Max retries exceeded with url: /query?function=TIME_SERIES_DAILY&symbol=MSFT&apikey=YOUR_ALPHA_VANTAGE_API_KEY (Caused by NewConnectionError('<urllib3.connection.HTTPSConnection object at 0x7fdba8ee7690>: Failed to establish a new connection: [Errno 111] Connection refused'))
[2025-07-22T15:35:29.833+0000] {pipeline.py:100} WARNING - [Ingest] Failed to ingest stock data for MSFT. Response: {}
[2025-07-22T15:35:29.833+0000] {pipeline.py:45} INFO - Attempting to extract data from: https://www.alphavantage.co/query?function=TIME_SERIES_DAILY&symbol=GOOGL&apikey=YOUR_ALPHA_VANTAGE_API_KEY
[2025-07-22T15:35:29.840+0000] {pipeline.py:52} ERROR - Error during API extraction from https://www.alphavantage.co/query?function=TIME_SERIES_DAILY&symbol=GOOGL&apikey=YOUR_ALPHA_VANTAGE_API_KEY: HTTPSConnectionPool(host='www.alphavantage.co', port=443): Max retries exceeded with url: /query?function=TIME_SERIES_DAILY&symbol=GOOGL&apikey=YOUR_ALPHA_VANTAGE_API_KEY (Caused by NewConnectionError('<urllib3.connection.HTTPSConnection object at 0x7fdb83affc10>: Failed to establish a new connection: [Errno 111] Connection refused'))
[2025-07-22T15:35:29.841+0000] {pipeline.py:100} WARNING - [Ingest] Failed to ingest stock data for GOOGL. Response: {}
[2025-07-22T15:35:29.841+0000] {pipeline.py:45} INFO - Attempting to extract data from: https://www.alphavantage.co/query?function=TIME_SERIES_DAILY&symbol=AMZN&apikey=YOUR_ALPHA_VANTAGE_API_KEY
[2025-07-22T15:35:29.849+0000] {pipeline.py:52} ERROR - Error during API extraction from https://www.alphavantage.co/query?function=TIME_SERIES_DAILY&symbol=AMZN&apikey=YOUR_ALPHA_VANTAGE_API_KEY: HTTPSConnectionPool(host='www.alphavantage.co', port=443): Max retries exceeded with url: /query?function=TIME_SERIES_DAILY&symbol=AMZN&apikey=YOUR_ALPHA_VANTAGE_API_KEY (Caused by NewConnectionError('<urllib3.connection.HTTPSConnection object at 0x7fdba8f04390>: Failed to establish a new connection: [Errno 111] Connection refused'))
[2025-07-22T15:35:29.850+0000] {pipeline.py:100} WARNING - [Ingest] Failed to ingest stock data for AMZN. Response: {}
[2025-07-22T15:35:29.850+0000] {pipeline.py:45} INFO - Attempting to extract data from: https://www.alphavantage.co/query?function=TIME_SERIES_DAILY&symbol=AAPL&apikey=YOUR_ALPHA_VANTAGE_API_KEY
[2025-07-22T15:35:29.858+0000] {pipeline.py:52} ERROR - Error during API extraction from https://www.alphavantage.co/query?function=TIME_SERIES_DAILY&symbol=AAPL&apikey=YOUR_ALPHA_VANTAGE_API_KEY: HTTPSConnectionPool(host='www.alphavantage.co', port=443): Max retries exceeded with url: /query?function=TIME_SERIES_DAILY&symbol=AAPL&apikey=YOUR_ALPHA_VANTAGE_API_KEY (Caused by NewConnectionError('<urllib3.connection.HTTPSConnection object at 0x7fdba8ef7c10>: Failed to establish a new connection: [Errno 111] Connection refused'))
[2025-07-22T15:35:29.858+0000] {pipeline.py:100} WARNING - [Ingest] Failed to ingest stock data for AAPL. Response: {}
[2025-07-22T15:35:29.860+0000] {pipeline.py:103} INFO - [Ingest] Total stock symbols ingested: 0
[2025-07-22T15:35:29.881+0000] {python.py:201} INFO - Done. Returned value was: None
[2025-07-22T15:35:29.895+0000] {taskinstance.py:1138} INFO - Marking task as SUCCESS. dag_id=etl_data_pipeline, task_id=ingest_stock_data, execution_date=20250722T153526, start_date=20250722T153527, end_date=20250722T153529
[2025-07-22T15:35:29.928+0000] {local_task_job_runner.py:234} INFO - Task exited with return code 0
[2025-07-22T15:35:29.955+0000] {taskinstance.py:3280} INFO - 0 downstream tasks scheduled from follow-on schedule check
