[2025-07-20T21:42:35.471+0000] {taskinstance.py:1956} INFO - Dependencies all met for dep_context=non-requeueable deps ti=<TaskInstance: etl_data_pipeline.ingest_car_models_data scheduled__2025-07-19T00:00:00+00:00 [queued]>
[2025-07-20T21:42:35.481+0000] {taskinstance.py:1956} INFO - Dependencies all met for dep_context=requeueable deps ti=<TaskInstance: etl_data_pipeline.ingest_car_models_data scheduled__2025-07-19T00:00:00+00:00 [queued]>
[2025-07-20T21:42:35.482+0000] {taskinstance.py:2170} INFO - Starting attempt 1 of 1
[2025-07-20T21:42:35.494+0000] {taskinstance.py:2191} INFO - Executing <Task(PythonOperator): ingest_car_models_data> on 2025-07-19 00:00:00+00:00
[2025-07-20T21:42:35.501+0000] {standard_task_runner.py:60} INFO - Started process 205 to run task
[2025-07-20T21:42:35.504+0000] {standard_task_runner.py:87} INFO - Running: ['***', 'tasks', 'run', 'etl_data_pipeline', 'ingest_car_models_data', 'scheduled__2025-07-19T00:00:00+00:00', '--job-id', '7', '--raw', '--subdir', 'DAGS_FOLDER/pipeline.py', '--cfg-path', '/tmp/tmpg8qfqc4_']
[2025-07-20T21:42:35.506+0000] {standard_task_runner.py:88} INFO - Job 7: Subtask ingest_car_models_data
[2025-07-20T21:42:35.549+0000] {task_command.py:423} INFO - Running <TaskInstance: etl_data_pipeline.ingest_car_models_data scheduled__2025-07-19T00:00:00+00:00 [running]> on host 76af8d252f3b
[2025-07-20T21:42:35.613+0000] {taskinstance.py:2480} INFO - Exporting env vars: AIRFLOW_CTX_DAG_OWNER='***' AIRFLOW_CTX_DAG_ID='etl_data_pipeline' AIRFLOW_CTX_TASK_ID='ingest_car_models_data' AIRFLOW_CTX_EXECUTION_DATE='2025-07-19T00:00:00+00:00' AIRFLOW_CTX_TRY_NUMBER='1' AIRFLOW_CTX_DAG_RUN_ID='scheduled__2025-07-19T00:00:00+00:00'
[2025-07-20T21:42:35.624+0000] {pipeline.py:129} WARNING - No make IDs found via XCom for car models ingestion. Skipping.
[2025-07-20T21:42:35.639+0000] {python.py:201} INFO - Done. Returned value was: None
[2025-07-20T21:42:35.651+0000] {taskinstance.py:1138} INFO - Marking task as SUCCESS. dag_id=etl_data_pipeline, task_id=ingest_car_models_data, execution_date=20250719T000000, start_date=20250720T214235, end_date=20250720T214235
[2025-07-20T21:42:35.676+0000] {local_task_job_runner.py:234} INFO - Task exited with return code 0
[2025-07-20T21:42:35.700+0000] {taskinstance.py:3280} INFO - 1 downstream tasks scheduled from follow-on schedule check
[2025-07-20T22:01:24.947+0000] {taskinstance.py:1956} INFO - Dependencies all met for dep_context=non-requeueable deps ti=<TaskInstance: etl_data_pipeline.ingest_car_models_data scheduled__2025-07-19T00:00:00+00:00 [queued]>
[2025-07-20T22:01:24.963+0000] {taskinstance.py:1956} INFO - Dependencies all met for dep_context=requeueable deps ti=<TaskInstance: etl_data_pipeline.ingest_car_models_data scheduled__2025-07-19T00:00:00+00:00 [queued]>
[2025-07-20T22:01:24.964+0000] {taskinstance.py:2170} INFO - Starting attempt 1 of 1
[2025-07-20T22:01:24.981+0000] {taskinstance.py:2191} INFO - Executing <Task(PythonOperator): ingest_car_models_data> on 2025-07-19 00:00:00+00:00
[2025-07-20T22:01:24.987+0000] {standard_task_runner.py:60} INFO - Started process 225 to run task
[2025-07-20T22:01:24.991+0000] {standard_task_runner.py:87} INFO - Running: ['***', 'tasks', 'run', 'etl_data_pipeline', 'ingest_car_models_data', 'scheduled__2025-07-19T00:00:00+00:00', '--job-id', '10', '--raw', '--subdir', 'DAGS_FOLDER/pipeline.py', '--cfg-path', '/tmp/tmp6q4puxz5']
[2025-07-20T22:01:24.993+0000] {standard_task_runner.py:88} INFO - Job 10: Subtask ingest_car_models_data
[2025-07-20T22:01:25.043+0000] {task_command.py:423} INFO - Running <TaskInstance: etl_data_pipeline.ingest_car_models_data scheduled__2025-07-19T00:00:00+00:00 [running]> on host 2bd6de2a15ba
[2025-07-20T22:01:25.116+0000] {taskinstance.py:2480} INFO - Exporting env vars: AIRFLOW_CTX_DAG_OWNER='***' AIRFLOW_CTX_DAG_ID='etl_data_pipeline' AIRFLOW_CTX_TASK_ID='ingest_car_models_data' AIRFLOW_CTX_EXECUTION_DATE='2025-07-19T00:00:00+00:00' AIRFLOW_CTX_TRY_NUMBER='1' AIRFLOW_CTX_DAG_RUN_ID='scheduled__2025-07-19T00:00:00+00:00'
[2025-07-20T22:01:25.129+0000] {pipeline.py:129} WARNING - No make IDs found via XCom for car models ingestion. Skipping.
[2025-07-20T22:01:25.147+0000] {python.py:201} INFO - Done. Returned value was: None
[2025-07-20T22:01:25.161+0000] {taskinstance.py:1138} INFO - Marking task as SUCCESS. dag_id=etl_data_pipeline, task_id=ingest_car_models_data, execution_date=20250719T000000, start_date=20250720T220124, end_date=20250720T220125
[2025-07-20T22:01:25.203+0000] {local_task_job_runner.py:234} INFO - Task exited with return code 0
[2025-07-20T22:01:25.245+0000] {taskinstance.py:3280} INFO - 1 downstream tasks scheduled from follow-on schedule check
[2025-07-20T22:12:16.241+0000] {taskinstance.py:1956} INFO - Dependencies all met for dep_context=non-requeueable deps ti=<TaskInstance: etl_data_pipeline.ingest_car_models_data scheduled__2025-07-19T00:00:00+00:00 [queued]>
[2025-07-20T22:12:16.256+0000] {taskinstance.py:1956} INFO - Dependencies all met for dep_context=requeueable deps ti=<TaskInstance: etl_data_pipeline.ingest_car_models_data scheduled__2025-07-19T00:00:00+00:00 [queued]>
[2025-07-20T22:12:16.257+0000] {taskinstance.py:2170} INFO - Starting attempt 1 of 1
[2025-07-20T22:12:16.274+0000] {taskinstance.py:2191} INFO - Executing <Task(PythonOperator): ingest_car_models_data> on 2025-07-19 00:00:00+00:00
[2025-07-20T22:12:16.284+0000] {standard_task_runner.py:60} INFO - Started process 223 to run task
[2025-07-20T22:12:16.290+0000] {standard_task_runner.py:87} INFO - Running: ['***', 'tasks', 'run', 'etl_data_pipeline', 'ingest_car_models_data', 'scheduled__2025-07-19T00:00:00+00:00', '--job-id', '7', '--raw', '--subdir', 'DAGS_FOLDER/pipeline.py', '--cfg-path', '/tmp/tmpjlpiepyy']
[2025-07-20T22:12:16.294+0000] {standard_task_runner.py:88} INFO - Job 7: Subtask ingest_car_models_data
[2025-07-20T22:12:16.408+0000] {task_command.py:423} INFO - Running <TaskInstance: etl_data_pipeline.ingest_car_models_data scheduled__2025-07-19T00:00:00+00:00 [running]> on host f43ce628c5ca
[2025-07-20T22:12:16.600+0000] {taskinstance.py:2480} INFO - Exporting env vars: AIRFLOW_CTX_DAG_OWNER='***' AIRFLOW_CTX_DAG_ID='etl_data_pipeline' AIRFLOW_CTX_TASK_ID='ingest_car_models_data' AIRFLOW_CTX_EXECUTION_DATE='2025-07-19T00:00:00+00:00' AIRFLOW_CTX_TRY_NUMBER='1' AIRFLOW_CTX_DAG_RUN_ID='scheduled__2025-07-19T00:00:00+00:00'
[2025-07-20T22:12:16.620+0000] {pipeline.py:129} WARNING - No make IDs found via XCom for car models ingestion. Skipping.
[2025-07-20T22:12:16.644+0000] {python.py:201} INFO - Done. Returned value was: None
[2025-07-20T22:12:16.669+0000] {taskinstance.py:1138} INFO - Marking task as SUCCESS. dag_id=etl_data_pipeline, task_id=ingest_car_models_data, execution_date=20250719T000000, start_date=20250720T221216, end_date=20250720T221216
[2025-07-20T22:12:16.703+0000] {local_task_job_runner.py:234} INFO - Task exited with return code 0
[2025-07-20T22:12:16.730+0000] {taskinstance.py:3280} INFO - 1 downstream tasks scheduled from follow-on schedule check
[2025-07-20T22:38:50.212+0000] {taskinstance.py:1956} INFO - Dependencies all met for dep_context=non-requeueable deps ti=<TaskInstance: etl_data_pipeline.ingest_car_models_data scheduled__2025-07-19T00:00:00+00:00 [queued]>
[2025-07-20T22:38:50.221+0000] {taskinstance.py:1956} INFO - Dependencies all met for dep_context=requeueable deps ti=<TaskInstance: etl_data_pipeline.ingest_car_models_data scheduled__2025-07-19T00:00:00+00:00 [queued]>
[2025-07-20T22:38:50.222+0000] {taskinstance.py:2170} INFO - Starting attempt 1 of 1
[2025-07-20T22:38:50.233+0000] {taskinstance.py:2191} INFO - Executing <Task(PythonOperator): ingest_car_models_data> on 2025-07-19 00:00:00+00:00
[2025-07-20T22:38:50.238+0000] {standard_task_runner.py:60} INFO - Started process 258 to run task
[2025-07-20T22:38:50.241+0000] {standard_task_runner.py:87} INFO - Running: ['***', 'tasks', 'run', 'etl_data_pipeline', 'ingest_car_models_data', 'scheduled__2025-07-19T00:00:00+00:00', '--job-id', '39', '--raw', '--subdir', 'DAGS_FOLDER/pipeline.py', '--cfg-path', '/tmp/tmpmobw6otr']
[2025-07-20T22:38:50.243+0000] {standard_task_runner.py:88} INFO - Job 39: Subtask ingest_car_models_data
[2025-07-20T22:38:50.281+0000] {task_command.py:423} INFO - Running <TaskInstance: etl_data_pipeline.ingest_car_models_data scheduled__2025-07-19T00:00:00+00:00 [running]> on host 32eccd868063
[2025-07-20T22:38:50.364+0000] {taskinstance.py:2480} INFO - Exporting env vars: AIRFLOW_CTX_DAG_OWNER='***' AIRFLOW_CTX_DAG_ID='etl_data_pipeline' AIRFLOW_CTX_TASK_ID='ingest_car_models_data' AIRFLOW_CTX_EXECUTION_DATE='2025-07-19T00:00:00+00:00' AIRFLOW_CTX_TRY_NUMBER='1' AIRFLOW_CTX_DAG_RUN_ID='scheduled__2025-07-19T00:00:00+00:00'
[2025-07-20T22:38:50.379+0000] {pipeline.py:129} WARNING - No make IDs found via XCom for car models ingestion. Skipping.
[2025-07-20T22:38:50.397+0000] {python.py:201} INFO - Done. Returned value was: None
[2025-07-20T22:38:50.414+0000] {taskinstance.py:1138} INFO - Marking task as SUCCESS. dag_id=etl_data_pipeline, task_id=ingest_car_models_data, execution_date=20250719T000000, start_date=20250720T223850, end_date=20250720T223850
[2025-07-20T22:38:50.453+0000] {local_task_job_runner.py:234} INFO - Task exited with return code 0
[2025-07-20T22:38:50.481+0000] {taskinstance.py:3280} INFO - 1 downstream tasks scheduled from follow-on schedule check
