[2025-07-20T16:50:16.184+0000] {taskinstance.py:1956} INFO - Dependencies all met for dep_context=non-requeueable deps ti=<TaskInstance: etl_data_pipeline.ingest_stock_data manual__2025-07-20T16:50:15.226218+00:00 [queued]>
[2025-07-20T16:50:16.194+0000] {taskinstance.py:1956} INFO - Dependencies all met for dep_context=requeueable deps ti=<TaskInstance: etl_data_pipeline.ingest_stock_data manual__2025-07-20T16:50:15.226218+00:00 [queued]>
[2025-07-20T16:50:16.194+0000] {taskinstance.py:2170} INFO - Starting attempt 1 of 1
[2025-07-20T16:50:16.210+0000] {taskinstance.py:2191} INFO - Executing <Task(PythonOperator): ingest_stock_data> on 2025-07-20 16:50:15.226218+00:00
[2025-07-20T16:50:16.217+0000] {standard_task_runner.py:60} INFO - Started process 192 to run task
[2025-07-20T16:50:16.220+0000] {standard_task_runner.py:87} INFO - Running: ['***', 'tasks', 'run', 'etl_data_pipeline', 'ingest_stock_data', 'manual__2025-07-20T16:50:15.226218+00:00', '--job-id', '12', '--raw', '--subdir', 'DAGS_FOLDER/app.py', '--cfg-path', '/tmp/tmp9gpt2r95']
[2025-07-20T16:50:16.223+0000] {standard_task_runner.py:88} INFO - Job 12: Subtask ingest_stock_data
[2025-07-20T16:50:16.278+0000] {task_command.py:423} INFO - Running <TaskInstance: etl_data_pipeline.ingest_stock_data manual__2025-07-20T16:50:15.226218+00:00 [running]> on host 01c7493795c8
[2025-07-20T16:50:17.381+0000] {taskinstance.py:2480} INFO - Exporting env vars: AIRFLOW_CTX_DAG_OWNER='***' AIRFLOW_CTX_DAG_ID='etl_data_pipeline' AIRFLOW_CTX_TASK_ID='ingest_stock_data' AIRFLOW_CTX_EXECUTION_DATE='2025-07-20T16:50:15.226218+00:00' AIRFLOW_CTX_TRY_NUMBER='1' AIRFLOW_CTX_DAG_RUN_ID='manual__2025-07-20T16:50:15.226218+00:00'
[2025-07-20T16:50:17.405+0000] {app.py:33} INFO - Successfully connected to MongoDB at mongodb:27017
[2025-07-20T16:50:17.411+0000] {app.py:42} INFO - Extracting data from: https://www.alphavantage.co/query?function=TIME_SERIES_DAILY&symbol=IBM&apikey=YOUR_ALPHA_VANTAGE_API_KEY
[2025-07-20T16:50:19.286+0000] {app.py:134} INFO - [Ingest] Ingested daily stock data for IBM.
[2025-07-20T16:50:19.286+0000] {app.py:42} INFO - Extracting data from: https://www.alphavantage.co/query?function=TIME_SERIES_DAILY&symbol=MSFT&apikey=YOUR_ALPHA_VANTAGE_API_KEY
[2025-07-20T16:50:19.684+0000] {app.py:134} INFO - [Ingest] Ingested daily stock data for MSFT.
[2025-07-20T16:50:19.685+0000] {app.py:42} INFO - Extracting data from: https://www.alphavantage.co/query?function=TIME_SERIES_DAILY&symbol=GOOGL&apikey=YOUR_ALPHA_VANTAGE_API_KEY
[2025-07-20T16:50:20.135+0000] {app.py:134} INFO - [Ingest] Ingested daily stock data for GOOGL.
[2025-07-20T16:50:20.136+0000] {app.py:42} INFO - Extracting data from: https://www.alphavantage.co/query?function=TIME_SERIES_DAILY&symbol=AMZN&apikey=YOUR_ALPHA_VANTAGE_API_KEY
[2025-07-20T16:50:20.600+0000] {app.py:134} INFO - [Ingest] Ingested daily stock data for AMZN.
[2025-07-20T16:50:20.601+0000] {app.py:42} INFO - Extracting data from: https://www.alphavantage.co/query?function=TIME_SERIES_DAILY&symbol=AAPL&apikey=YOUR_ALPHA_VANTAGE_API_KEY
[2025-07-20T16:50:21.032+0000] {app.py:134} INFO - [Ingest] Ingested daily stock data for AAPL.
[2025-07-20T16:50:21.033+0000] {app.py:139} INFO - [Ingest] Total stock symbols ingested: 5
[2025-07-20T16:50:21.046+0000] {python.py:201} INFO - Done. Returned value was: None
[2025-07-20T16:50:21.055+0000] {taskinstance.py:1138} INFO - Marking task as SUCCESS. dag_id=etl_data_pipeline, task_id=ingest_stock_data, execution_date=20250720T165015, start_date=20250720T165016, end_date=20250720T165021
[2025-07-20T16:50:21.097+0000] {local_task_job_runner.py:234} INFO - Task exited with return code 0
[2025-07-20T16:50:21.118+0000] {taskinstance.py:3280} INFO - 0 downstream tasks scheduled from follow-on schedule check
