[2025-07-22T06:13:42.126+0000] {taskinstance.py:1956} INFO - Dependencies all met for dep_context=non-requeueable deps ti=<TaskInstance: etl_data_pipeline.transform_currency_stocks scheduled__2025-07-21T00:00:00+00:00 [queued]>
[2025-07-22T06:13:42.136+0000] {taskinstance.py:1956} INFO - Dependencies all met for dep_context=requeueable deps ti=<TaskInstance: etl_data_pipeline.transform_currency_stocks scheduled__2025-07-21T00:00:00+00:00 [queued]>
[2025-07-22T06:13:42.137+0000] {taskinstance.py:2170} INFO - Starting attempt 1 of 1
[2025-07-22T06:13:42.151+0000] {taskinstance.py:2191} INFO - Executing <Task(PythonOperator): transform_currency_stocks> on 2025-07-21 00:00:00+00:00
[2025-07-22T06:13:42.156+0000] {standard_task_runner.py:60} INFO - Started process 199 to run task
[2025-07-22T06:13:42.159+0000] {standard_task_runner.py:87} INFO - Running: ['***', 'tasks', 'run', 'etl_data_pipeline', 'transform_currency_stocks', 'scheduled__2025-07-21T00:00:00+00:00', '--job-id', '102', '--raw', '--subdir', 'DAGS_FOLDER/pipeline.py', '--cfg-path', '/tmp/tmp4wyydsbm']
[2025-07-22T06:13:42.161+0000] {standard_task_runner.py:88} INFO - Job 102: Subtask transform_currency_stocks
[2025-07-22T06:13:42.204+0000] {task_command.py:423} INFO - Running <TaskInstance: etl_data_pipeline.transform_currency_stocks scheduled__2025-07-21T00:00:00+00:00 [running]> on host d60dbf7f7094
[2025-07-22T06:13:42.280+0000] {taskinstance.py:2480} INFO - Exporting env vars: AIRFLOW_CTX_DAG_OWNER='***' AIRFLOW_CTX_DAG_ID='etl_data_pipeline' AIRFLOW_CTX_TASK_ID='transform_currency_stocks' AIRFLOW_CTX_EXECUTION_DATE='2025-07-21T00:00:00+00:00' AIRFLOW_CTX_TRY_NUMBER='1' AIRFLOW_CTX_DAG_RUN_ID='scheduled__2025-07-21T00:00:00+00:00'
[2025-07-22T06:13:42.297+0000] {pipeline.py:36} INFO - Successfully connected to MongoDB at mongodb:27017
[2025-07-22T06:13:42.328+0000] {pipeline.py:340} INFO - [Transform/Load] Processed and loaded currency data.
[2025-07-22T06:13:42.389+0000] {pipeline.py:353} INFO - [Transform/Load] Processed and loaded 500 stock records.
[2025-07-22T06:13:42.390+0000] {python.py:201} INFO - Done. Returned value was: None
[2025-07-22T06:13:42.399+0000] {taskinstance.py:1138} INFO - Marking task as SUCCESS. dag_id=etl_data_pipeline, task_id=transform_currency_stocks, execution_date=20250721T000000, start_date=20250722T061342, end_date=20250722T061342
[2025-07-22T06:13:42.452+0000] {local_task_job_runner.py:234} INFO - Task exited with return code 0
[2025-07-22T06:13:42.472+0000] {taskinstance.py:3280} INFO - 0 downstream tasks scheduled from follow-on schedule check
[2025-07-22T06:24:03.914+0000] {taskinstance.py:1956} INFO - Dependencies all met for dep_context=non-requeueable deps ti=<TaskInstance: etl_data_pipeline.transform_currency_stocks scheduled__2025-07-21T00:00:00+00:00 [queued]>
[2025-07-22T06:24:03.924+0000] {taskinstance.py:1956} INFO - Dependencies all met for dep_context=requeueable deps ti=<TaskInstance: etl_data_pipeline.transform_currency_stocks scheduled__2025-07-21T00:00:00+00:00 [queued]>
[2025-07-22T06:24:03.924+0000] {taskinstance.py:2170} INFO - Starting attempt 1 of 1
[2025-07-22T06:24:03.938+0000] {taskinstance.py:2191} INFO - Executing <Task(PythonOperator): transform_currency_stocks> on 2025-07-21 00:00:00+00:00
[2025-07-22T06:24:03.942+0000] {standard_task_runner.py:60} INFO - Started process 214 to run task
[2025-07-22T06:24:03.945+0000] {standard_task_runner.py:87} INFO - Running: ['***', 'tasks', 'run', 'etl_data_pipeline', 'transform_currency_stocks', 'scheduled__2025-07-21T00:00:00+00:00', '--job-id', '6', '--raw', '--subdir', 'DAGS_FOLDER/pipeline.py', '--cfg-path', '/tmp/tmpngmfp7fh']
[2025-07-22T06:24:03.948+0000] {standard_task_runner.py:88} INFO - Job 6: Subtask transform_currency_stocks
[2025-07-22T06:24:03.991+0000] {task_command.py:423} INFO - Running <TaskInstance: etl_data_pipeline.transform_currency_stocks scheduled__2025-07-21T00:00:00+00:00 [running]> on host f2365a595aca
[2025-07-22T06:24:04.057+0000] {taskinstance.py:2480} INFO - Exporting env vars: AIRFLOW_CTX_DAG_OWNER='***' AIRFLOW_CTX_DAG_ID='etl_data_pipeline' AIRFLOW_CTX_TASK_ID='transform_currency_stocks' AIRFLOW_CTX_EXECUTION_DATE='2025-07-21T00:00:00+00:00' AIRFLOW_CTX_TRY_NUMBER='1' AIRFLOW_CTX_DAG_RUN_ID='scheduled__2025-07-21T00:00:00+00:00'
[2025-07-22T06:24:04.073+0000] {pipeline.py:36} INFO - Successfully connected to MongoDB at mongodb:27017
[2025-07-22T06:24:04.083+0000] {pipeline.py:340} INFO - [Transform/Load] Processed and loaded currency data.
[2025-07-22T06:24:04.134+0000] {pipeline.py:353} INFO - [Transform/Load] Processed and loaded 500 stock records.
[2025-07-22T06:24:04.136+0000] {python.py:201} INFO - Done. Returned value was: None
[2025-07-22T06:24:04.147+0000] {taskinstance.py:1138} INFO - Marking task as SUCCESS. dag_id=etl_data_pipeline, task_id=transform_currency_stocks, execution_date=20250721T000000, start_date=20250722T062403, end_date=20250722T062404
[2025-07-22T06:24:04.197+0000] {local_task_job_runner.py:234} INFO - Task exited with return code 0
[2025-07-22T06:24:04.214+0000] {taskinstance.py:3280} INFO - 0 downstream tasks scheduled from follow-on schedule check
[2025-07-22T06:42:43.979+0000] {taskinstance.py:1956} INFO - Dependencies all met for dep_context=non-requeueable deps ti=<TaskInstance: etl_data_pipeline.transform_currency_stocks scheduled__2025-07-21T00:00:00+00:00 [queued]>
[2025-07-22T06:42:43.993+0000] {taskinstance.py:1956} INFO - Dependencies all met for dep_context=requeueable deps ti=<TaskInstance: etl_data_pipeline.transform_currency_stocks scheduled__2025-07-21T00:00:00+00:00 [queued]>
[2025-07-22T06:42:43.993+0000] {taskinstance.py:2170} INFO - Starting attempt 1 of 1
[2025-07-22T06:42:44.017+0000] {taskinstance.py:2191} INFO - Executing <Task(PythonOperator): transform_currency_stocks> on 2025-07-21 00:00:00+00:00
[2025-07-22T06:42:44.026+0000] {standard_task_runner.py:60} INFO - Started process 212 to run task
[2025-07-22T06:42:44.030+0000] {standard_task_runner.py:87} INFO - Running: ['***', 'tasks', 'run', 'etl_data_pipeline', 'transform_currency_stocks', 'scheduled__2025-07-21T00:00:00+00:00', '--job-id', '9', '--raw', '--subdir', 'DAGS_FOLDER/pipeline.py', '--cfg-path', '/tmp/tmp3hud4pxf']
[2025-07-22T06:42:44.033+0000] {standard_task_runner.py:88} INFO - Job 9: Subtask transform_currency_stocks
[2025-07-22T06:42:44.108+0000] {task_command.py:423} INFO - Running <TaskInstance: etl_data_pipeline.transform_currency_stocks scheduled__2025-07-21T00:00:00+00:00 [running]> on host 85468ae3d510
[2025-07-22T06:42:44.227+0000] {taskinstance.py:2480} INFO - Exporting env vars: AIRFLOW_CTX_DAG_OWNER='***' AIRFLOW_CTX_DAG_ID='etl_data_pipeline' AIRFLOW_CTX_TASK_ID='transform_currency_stocks' AIRFLOW_CTX_EXECUTION_DATE='2025-07-21T00:00:00+00:00' AIRFLOW_CTX_TRY_NUMBER='1' AIRFLOW_CTX_DAG_RUN_ID='scheduled__2025-07-21T00:00:00+00:00'
[2025-07-22T06:42:44.253+0000] {pipeline.py:36} INFO - Successfully connected to MongoDB at mongodb:27017
[2025-07-22T06:42:44.268+0000] {pipeline.py:340} INFO - [Transform/Load] Processed and loaded currency data.
[2025-07-22T06:42:44.299+0000] {pipeline.py:353} INFO - [Transform/Load] Processed and loaded 100 stock records.
[2025-07-22T06:42:44.301+0000] {python.py:201} INFO - Done. Returned value was: None
[2025-07-22T06:42:44.313+0000] {taskinstance.py:1138} INFO - Marking task as SUCCESS. dag_id=etl_data_pipeline, task_id=transform_currency_stocks, execution_date=20250721T000000, start_date=20250722T064243, end_date=20250722T064244
[2025-07-22T06:42:44.363+0000] {local_task_job_runner.py:234} INFO - Task exited with return code 0
[2025-07-22T06:42:44.382+0000] {taskinstance.py:3280} INFO - 0 downstream tasks scheduled from follow-on schedule check
[2025-07-22T15:30:29.419+0000] {taskinstance.py:1956} INFO - Dependencies all met for dep_context=non-requeueable deps ti=<TaskInstance: etl_data_pipeline.transform_currency_stocks scheduled__2025-07-21T00:00:00+00:00 [queued]>
[2025-07-22T15:30:29.429+0000] {taskinstance.py:1956} INFO - Dependencies all met for dep_context=requeueable deps ti=<TaskInstance: etl_data_pipeline.transform_currency_stocks scheduled__2025-07-21T00:00:00+00:00 [queued]>
[2025-07-22T15:30:29.430+0000] {taskinstance.py:2170} INFO - Starting attempt 1 of 1
[2025-07-22T15:30:29.446+0000] {taskinstance.py:2191} INFO - Executing <Task(PythonOperator): transform_currency_stocks> on 2025-07-21 00:00:00+00:00
[2025-07-22T15:30:29.453+0000] {standard_task_runner.py:60} INFO - Started process 188 to run task
[2025-07-22T15:30:29.456+0000] {standard_task_runner.py:87} INFO - Running: ['***', 'tasks', 'run', 'etl_data_pipeline', 'transform_currency_stocks', 'scheduled__2025-07-21T00:00:00+00:00', '--job-id', '6', '--raw', '--subdir', 'DAGS_FOLDER/pipeline.py', '--cfg-path', '/tmp/tmprdzrozq9']
[2025-07-22T15:30:29.458+0000] {standard_task_runner.py:88} INFO - Job 6: Subtask transform_currency_stocks
[2025-07-22T15:30:29.507+0000] {task_command.py:423} INFO - Running <TaskInstance: etl_data_pipeline.transform_currency_stocks scheduled__2025-07-21T00:00:00+00:00 [running]> on host ca8555d60fc9
[2025-07-22T15:30:29.589+0000] {taskinstance.py:2480} INFO - Exporting env vars: AIRFLOW_CTX_DAG_OWNER='***' AIRFLOW_CTX_DAG_ID='etl_data_pipeline' AIRFLOW_CTX_TASK_ID='transform_currency_stocks' AIRFLOW_CTX_EXECUTION_DATE='2025-07-21T00:00:00+00:00' AIRFLOW_CTX_TRY_NUMBER='1' AIRFLOW_CTX_DAG_RUN_ID='scheduled__2025-07-21T00:00:00+00:00'
[2025-07-22T15:30:29.608+0000] {pipeline.py:36} INFO - Successfully connected to MongoDB at mongodb:27017
[2025-07-22T15:30:29.643+0000] {pipeline.py:340} INFO - [Transform/Load] Processed and loaded currency data.
[2025-07-22T15:30:29.652+0000] {pipeline.py:353} INFO - [Transform/Load] Processed and loaded 0 stock records.
[2025-07-22T15:30:29.654+0000] {python.py:201} INFO - Done. Returned value was: None
[2025-07-22T15:30:29.672+0000] {taskinstance.py:1138} INFO - Marking task as SUCCESS. dag_id=etl_data_pipeline, task_id=transform_currency_stocks, execution_date=20250721T000000, start_date=20250722T153029, end_date=20250722T153029
[2025-07-22T15:30:29.709+0000] {local_task_job_runner.py:234} INFO - Task exited with return code 0
[2025-07-22T15:30:29.736+0000] {taskinstance.py:3280} INFO - 0 downstream tasks scheduled from follow-on schedule check
[2025-07-22T15:43:22.435+0000] {taskinstance.py:1956} INFO - Dependencies all met for dep_context=non-requeueable deps ti=<TaskInstance: etl_data_pipeline.transform_currency_stocks scheduled__2025-07-21T00:00:00+00:00 [queued]>
[2025-07-22T15:43:22.445+0000] {taskinstance.py:1956} INFO - Dependencies all met for dep_context=requeueable deps ti=<TaskInstance: etl_data_pipeline.transform_currency_stocks scheduled__2025-07-21T00:00:00+00:00 [queued]>
[2025-07-22T15:43:22.445+0000] {taskinstance.py:2170} INFO - Starting attempt 1 of 1
[2025-07-22T15:43:22.459+0000] {taskinstance.py:2191} INFO - Executing <Task(PythonOperator): transform_currency_stocks> on 2025-07-21 00:00:00+00:00
[2025-07-22T15:43:22.464+0000] {standard_task_runner.py:60} INFO - Started process 220 to run task
[2025-07-22T15:43:22.466+0000] {standard_task_runner.py:87} INFO - Running: ['***', 'tasks', 'run', 'etl_data_pipeline', 'transform_currency_stocks', 'scheduled__2025-07-21T00:00:00+00:00', '--job-id', '8', '--raw', '--subdir', 'DAGS_FOLDER/pipeline.py', '--cfg-path', '/tmp/tmppu4vpt1n']
[2025-07-22T15:43:22.468+0000] {standard_task_runner.py:88} INFO - Job 8: Subtask transform_currency_stocks
[2025-07-22T15:43:22.510+0000] {task_command.py:423} INFO - Running <TaskInstance: etl_data_pipeline.transform_currency_stocks scheduled__2025-07-21T00:00:00+00:00 [running]> on host fcecba40fce8
[2025-07-22T15:43:22.572+0000] {taskinstance.py:2480} INFO - Exporting env vars: AIRFLOW_CTX_DAG_OWNER='***' AIRFLOW_CTX_DAG_ID='etl_data_pipeline' AIRFLOW_CTX_TASK_ID='transform_currency_stocks' AIRFLOW_CTX_EXECUTION_DATE='2025-07-21T00:00:00+00:00' AIRFLOW_CTX_TRY_NUMBER='1' AIRFLOW_CTX_DAG_RUN_ID='scheduled__2025-07-21T00:00:00+00:00'
[2025-07-22T15:43:22.586+0000] {pipeline.py:36} INFO - Successfully connected to MongoDB at mongodb:27017
[2025-07-22T15:43:22.597+0000] {pipeline.py:340} INFO - [Transform/Load] Processed and loaded currency data.
[2025-07-22T15:43:22.630+0000] {pipeline.py:353} INFO - [Transform/Load] Processed and loaded 500 stock records.
[2025-07-22T15:43:22.631+0000] {python.py:201} INFO - Done. Returned value was: None
[2025-07-22T15:43:22.641+0000] {taskinstance.py:1138} INFO - Marking task as SUCCESS. dag_id=etl_data_pipeline, task_id=transform_currency_stocks, execution_date=20250721T000000, start_date=20250722T154322, end_date=20250722T154322
[2025-07-22T15:43:22.679+0000] {local_task_job_runner.py:234} INFO - Task exited with return code 0
[2025-07-22T15:43:22.696+0000] {taskinstance.py:3280} INFO - 0 downstream tasks scheduled from follow-on schedule check
