[2025-07-20T22:01:38.359+0000] {taskinstance.py:1956} INFO - Dependencies all met for dep_context=non-requeueable deps ti=<TaskInstance: etl_data_pipeline.ingest_stock_data manual__2025-07-20T22:01:37.516280+00:00 [queued]>
[2025-07-20T22:01:38.372+0000] {taskinstance.py:1956} INFO - Dependencies all met for dep_context=requeueable deps ti=<TaskInstance: etl_data_pipeline.ingest_stock_data manual__2025-07-20T22:01:37.516280+00:00 [queued]>
[2025-07-20T22:01:38.373+0000] {taskinstance.py:2170} INFO - Starting attempt 1 of 1
[2025-07-20T22:01:38.400+0000] {taskinstance.py:2191} INFO - Executing <Task(PythonOperator): ingest_stock_data> on 2025-07-20 22:01:37.516280+00:00
[2025-07-20T22:01:38.408+0000] {standard_task_runner.py:60} INFO - Started process 257 to run task
[2025-07-20T22:01:38.412+0000] {standard_task_runner.py:87} INFO - Running: ['***', 'tasks', 'run', 'etl_data_pipeline', 'ingest_stock_data', 'manual__2025-07-20T22:01:37.516280+00:00', '--job-id', '17', '--raw', '--subdir', 'DAGS_FOLDER/pipeline.py', '--cfg-path', '/tmp/tmpmkqfhql7']
[2025-07-20T22:01:38.416+0000] {standard_task_runner.py:88} INFO - Job 17: Subtask ingest_stock_data
[2025-07-20T22:01:38.471+0000] {task_command.py:423} INFO - Running <TaskInstance: etl_data_pipeline.ingest_stock_data manual__2025-07-20T22:01:37.516280+00:00 [running]> on host 2bd6de2a15ba
[2025-07-20T22:01:38.557+0000] {taskinstance.py:2480} INFO - Exporting env vars: AIRFLOW_CTX_DAG_OWNER='***' AIRFLOW_CTX_DAG_ID='etl_data_pipeline' AIRFLOW_CTX_TASK_ID='ingest_stock_data' AIRFLOW_CTX_EXECUTION_DATE='2025-07-20T22:01:37.516280+00:00' AIRFLOW_CTX_TRY_NUMBER='1' AIRFLOW_CTX_DAG_RUN_ID='manual__2025-07-20T22:01:37.516280+00:00'
[2025-07-20T22:01:38.574+0000] {pipeline.py:35} INFO - Successfully connected to MongoDB at mongodb:27017
[2025-07-20T22:01:38.576+0000] {pipeline.py:44} INFO - Extracting data from: https://www.alphavantage.co/query?function=TIME_SERIES_DAILY&symbol=IBM&apikey=YOUR_ALPHA_VANTAGE_API_KEY
[2025-07-20T22:01:38.926+0000] {pipeline.py:94} INFO - [Ingest] Ingested daily stock data for IBM.
[2025-07-20T22:01:38.927+0000] {pipeline.py:44} INFO - Extracting data from: https://www.alphavantage.co/query?function=TIME_SERIES_DAILY&symbol=MSFT&apikey=YOUR_ALPHA_VANTAGE_API_KEY
[2025-07-20T22:01:39.353+0000] {pipeline.py:96} WARNING - [Ingest] Failed to ingest stock data for MSFT. Response: {'Information': 'We have detected your API key as YOUR_ALPHA_VANTAGE_API_KEY and our standard API rate limit is 25 requests per day. Please subscribe to any of the premium plans at https://www.alphavantage.co/premium/ to instantly remove all daily rate limits.'}
[2025-07-20T22:01:39.354+0000] {pipeline.py:44} INFO - Extracting data from: https://www.alphavantage.co/query?function=TIME_SERIES_DAILY&symbol=GOOGL&apikey=YOUR_ALPHA_VANTAGE_API_KEY
[2025-07-20T22:01:39.631+0000] {pipeline.py:96} WARNING - [Ingest] Failed to ingest stock data for GOOGL. Response: {'Information': 'We have detected your API key as YOUR_ALPHA_VANTAGE_API_KEY and our standard API rate limit is 25 requests per day. Please subscribe to any of the premium plans at https://www.alphavantage.co/premium/ to instantly remove all daily rate limits.'}
[2025-07-20T22:01:39.632+0000] {pipeline.py:44} INFO - Extracting data from: https://www.alphavantage.co/query?function=TIME_SERIES_DAILY&symbol=AMZN&apikey=YOUR_ALPHA_VANTAGE_API_KEY
[2025-07-20T22:01:39.998+0000] {pipeline.py:96} WARNING - [Ingest] Failed to ingest stock data for AMZN. Response: {'Information': 'We have detected your API key as YOUR_ALPHA_VANTAGE_API_KEY and our standard API rate limit is 25 requests per day. Please subscribe to any of the premium plans at https://www.alphavantage.co/premium/ to instantly remove all daily rate limits.'}
[2025-07-20T22:01:39.999+0000] {pipeline.py:44} INFO - Extracting data from: https://www.alphavantage.co/query?function=TIME_SERIES_DAILY&symbol=AAPL&apikey=YOUR_ALPHA_VANTAGE_API_KEY
[2025-07-20T22:01:40.345+0000] {pipeline.py:96} WARNING - [Ingest] Failed to ingest stock data for AAPL. Response: {'Information': 'We have detected your API key as YOUR_ALPHA_VANTAGE_API_KEY and our standard API rate limit is 25 requests per day. Please subscribe to any of the premium plans at https://www.alphavantage.co/premium/ to instantly remove all daily rate limits.'}
[2025-07-20T22:01:40.346+0000] {pipeline.py:99} INFO - [Ingest] Total stock symbols ingested: 1
[2025-07-20T22:01:40.356+0000] {python.py:201} INFO - Done. Returned value was: None
[2025-07-20T22:01:40.363+0000] {taskinstance.py:1138} INFO - Marking task as SUCCESS. dag_id=etl_data_pipeline, task_id=ingest_stock_data, execution_date=20250720T220137, start_date=20250720T220138, end_date=20250720T220140
[2025-07-20T22:01:40.390+0000] {local_task_job_runner.py:234} INFO - Task exited with return code 0
[2025-07-20T22:01:40.408+0000] {taskinstance.py:3280} INFO - 1 downstream tasks scheduled from follow-on schedule check
