[2025-07-22T06:36:34.343+0000] {taskinstance.py:1956} INFO - Dependencies all met for dep_context=non-requeueable deps ti=<TaskInstance: etl_data_pipeline.ingest_stock_data manual__2025-07-22T06:36:32.976948+00:00 [queued]>
[2025-07-22T06:36:34.352+0000] {taskinstance.py:1956} INFO - Dependencies all met for dep_context=requeueable deps ti=<TaskInstance: etl_data_pipeline.ingest_stock_data manual__2025-07-22T06:36:32.976948+00:00 [queued]>
[2025-07-22T06:36:34.352+0000] {taskinstance.py:2170} INFO - Starting attempt 1 of 1
[2025-07-22T06:36:34.366+0000] {taskinstance.py:2191} INFO - Executing <Task(PythonOperator): ingest_stock_data> on 2025-07-22 06:36:32.976948+00:00
[2025-07-22T06:36:34.373+0000] {standard_task_runner.py:60} INFO - Started process 206 to run task
[2025-07-22T06:36:34.377+0000] {standard_task_runner.py:87} INFO - Running: ['***', 'tasks', 'run', 'etl_data_pipeline', 'ingest_stock_data', 'manual__2025-07-22T06:36:32.976948+00:00', '--job-id', '12', '--raw', '--subdir', 'DAGS_FOLDER/pipeline.py', '--cfg-path', '/tmp/tmp1l4n56dm']
[2025-07-22T06:36:34.380+0000] {standard_task_runner.py:88} INFO - Job 12: Subtask ingest_stock_data
[2025-07-22T06:36:34.441+0000] {task_command.py:423} INFO - Running <TaskInstance: etl_data_pipeline.ingest_stock_data manual__2025-07-22T06:36:32.976948+00:00 [running]> on host 39faa203a24d
[2025-07-22T06:36:34.537+0000] {taskinstance.py:2480} INFO - Exporting env vars: AIRFLOW_CTX_DAG_OWNER='***' AIRFLOW_CTX_DAG_ID='etl_data_pipeline' AIRFLOW_CTX_TASK_ID='ingest_stock_data' AIRFLOW_CTX_EXECUTION_DATE='2025-07-22T06:36:32.976948+00:00' AIRFLOW_CTX_TRY_NUMBER='1' AIRFLOW_CTX_DAG_RUN_ID='manual__2025-07-22T06:36:32.976948+00:00'
[2025-07-22T06:36:34.558+0000] {pipeline.py:36} INFO - Successfully connected to MongoDB at mongodb:27017
[2025-07-22T06:36:34.567+0000] {pipeline.py:45} INFO - Attempting to extract data from: https://www.alphavantage.co/query?function=TIME_SERIES_DAILY&symbol=IBM&apikey=YOUR_ALPHA_VANTAGE_API_KEY
[2025-07-22T06:36:34.995+0000] {pipeline.py:49} INFO - Successfully extracted data from: https://www.alphavantage.co/query?function=TIME_SERIES_DAILY&symbol=IBM&apikey=YOUR_ALPHA_VANTAGE_API_KEY
[2025-07-22T06:36:35.000+0000] {pipeline.py:98} INFO - [Ingest] Ingested daily stock data for IBM.
[2025-07-22T06:36:35.001+0000] {pipeline.py:45} INFO - Attempting to extract data from: https://www.alphavantage.co/query?function=TIME_SERIES_DAILY&symbol=MSFT&apikey=YOUR_ALPHA_VANTAGE_API_KEY
[2025-07-22T06:36:35.334+0000] {pipeline.py:49} INFO - Successfully extracted data from: https://www.alphavantage.co/query?function=TIME_SERIES_DAILY&symbol=MSFT&apikey=YOUR_ALPHA_VANTAGE_API_KEY
[2025-07-22T06:36:35.338+0000] {pipeline.py:98} INFO - [Ingest] Ingested daily stock data for MSFT.
[2025-07-22T06:36:35.339+0000] {pipeline.py:45} INFO - Attempting to extract data from: https://www.alphavantage.co/query?function=TIME_SERIES_DAILY&symbol=GOOGL&apikey=YOUR_ALPHA_VANTAGE_API_KEY
[2025-07-22T06:36:35.661+0000] {pipeline.py:49} INFO - Successfully extracted data from: https://www.alphavantage.co/query?function=TIME_SERIES_DAILY&symbol=GOOGL&apikey=YOUR_ALPHA_VANTAGE_API_KEY
[2025-07-22T06:36:35.665+0000] {pipeline.py:98} INFO - [Ingest] Ingested daily stock data for GOOGL.
[2025-07-22T06:36:35.666+0000] {pipeline.py:45} INFO - Attempting to extract data from: https://www.alphavantage.co/query?function=TIME_SERIES_DAILY&symbol=AMZN&apikey=YOUR_ALPHA_VANTAGE_API_KEY
[2025-07-22T06:36:36.047+0000] {pipeline.py:49} INFO - Successfully extracted data from: https://www.alphavantage.co/query?function=TIME_SERIES_DAILY&symbol=AMZN&apikey=YOUR_ALPHA_VANTAGE_API_KEY
[2025-07-22T06:36:36.051+0000] {pipeline.py:98} INFO - [Ingest] Ingested daily stock data for AMZN.
[2025-07-22T06:36:36.052+0000] {pipeline.py:45} INFO - Attempting to extract data from: https://www.alphavantage.co/query?function=TIME_SERIES_DAILY&symbol=AAPL&apikey=YOUR_ALPHA_VANTAGE_API_KEY
[2025-07-22T06:36:36.440+0000] {pipeline.py:49} INFO - Successfully extracted data from: https://www.alphavantage.co/query?function=TIME_SERIES_DAILY&symbol=AAPL&apikey=YOUR_ALPHA_VANTAGE_API_KEY
[2025-07-22T06:36:36.443+0000] {pipeline.py:98} INFO - [Ingest] Ingested daily stock data for AAPL.
[2025-07-22T06:36:36.444+0000] {pipeline.py:103} INFO - [Ingest] Total stock symbols ingested: 5
[2025-07-22T06:36:36.457+0000] {python.py:201} INFO - Done. Returned value was: None
[2025-07-22T06:36:36.466+0000] {taskinstance.py:1138} INFO - Marking task as SUCCESS. dag_id=etl_data_pipeline, task_id=ingest_stock_data, execution_date=20250722T063632, start_date=20250722T063634, end_date=20250722T063636
[2025-07-22T06:36:36.513+0000] {local_task_job_runner.py:234} INFO - Task exited with return code 0
[2025-07-22T06:36:36.539+0000] {taskinstance.py:3280} INFO - 1 downstream tasks scheduled from follow-on schedule check
