[2025-07-20T21:42:35.471+0000] {taskinstance.py:1956} INFO - Dependencies all met for dep_context=non-requeueable deps ti=<TaskInstance: etl_data_pipeline.transform_currency_stocks scheduled__2025-07-19T00:00:00+00:00 [queued]>
[2025-07-20T21:42:35.481+0000] {taskinstance.py:1956} INFO - Dependencies all met for dep_context=requeueable deps ti=<TaskInstance: etl_data_pipeline.transform_currency_stocks scheduled__2025-07-19T00:00:00+00:00 [queued]>
[2025-07-20T21:42:35.482+0000] {taskinstance.py:2170} INFO - Starting attempt 1 of 1
[2025-07-20T21:42:35.495+0000] {taskinstance.py:2191} INFO - Executing <Task(PythonOperator): transform_currency_stocks> on 2025-07-19 00:00:00+00:00
[2025-07-20T21:42:35.501+0000] {standard_task_runner.py:60} INFO - Started process 204 to run task
[2025-07-20T21:42:35.504+0000] {standard_task_runner.py:87} INFO - Running: ['***', 'tasks', 'run', 'etl_data_pipeline', 'transform_currency_stocks', 'scheduled__2025-07-19T00:00:00+00:00', '--job-id', '8', '--raw', '--subdir', 'DAGS_FOLDER/pipeline.py', '--cfg-path', '/tmp/tmp6j74qjd0']
[2025-07-20T21:42:35.506+0000] {standard_task_runner.py:88} INFO - Job 8: Subtask transform_currency_stocks
[2025-07-20T21:42:35.549+0000] {task_command.py:423} INFO - Running <TaskInstance: etl_data_pipeline.transform_currency_stocks scheduled__2025-07-19T00:00:00+00:00 [running]> on host 76af8d252f3b
[2025-07-20T21:42:35.613+0000] {taskinstance.py:2480} INFO - Exporting env vars: AIRFLOW_CTX_DAG_OWNER='***' AIRFLOW_CTX_DAG_ID='etl_data_pipeline' AIRFLOW_CTX_TASK_ID='transform_currency_stocks' AIRFLOW_CTX_EXECUTION_DATE='2025-07-19T00:00:00+00:00' AIRFLOW_CTX_TRY_NUMBER='1' AIRFLOW_CTX_DAG_RUN_ID='scheduled__2025-07-19T00:00:00+00:00'
[2025-07-20T21:42:35.627+0000] {pipeline.py:35} INFO - Successfully connected to MongoDB at mongodb:27017
[2025-07-20T21:42:35.652+0000] {pipeline.py:334} INFO - [Transform/Load] Processed and loaded currency data.
[2025-07-20T21:42:35.706+0000] {pipeline.py:347} INFO - [Transform/Load] Processed and loaded 500 stock records.
[2025-07-20T21:42:35.707+0000] {python.py:201} INFO - Done. Returned value was: None
[2025-07-20T21:42:35.717+0000] {taskinstance.py:1138} INFO - Marking task as SUCCESS. dag_id=etl_data_pipeline, task_id=transform_currency_stocks, execution_date=20250719T000000, start_date=20250720T214235, end_date=20250720T214235
[2025-07-20T21:42:35.757+0000] {local_task_job_runner.py:234} INFO - Task exited with return code 0
[2025-07-20T21:42:35.773+0000] {taskinstance.py:3280} INFO - 0 downstream tasks scheduled from follow-on schedule check
[2025-07-20T22:01:26.095+0000] {taskinstance.py:1956} INFO - Dependencies all met for dep_context=non-requeueable deps ti=<TaskInstance: etl_data_pipeline.transform_currency_stocks scheduled__2025-07-19T00:00:00+00:00 [queued]>
[2025-07-20T22:01:26.111+0000] {taskinstance.py:1956} INFO - Dependencies all met for dep_context=requeueable deps ti=<TaskInstance: etl_data_pipeline.transform_currency_stocks scheduled__2025-07-19T00:00:00+00:00 [queued]>
[2025-07-20T22:01:26.112+0000] {taskinstance.py:2170} INFO - Starting attempt 1 of 1
[2025-07-20T22:01:26.130+0000] {taskinstance.py:2191} INFO - Executing <Task(PythonOperator): transform_currency_stocks> on 2025-07-19 00:00:00+00:00
[2025-07-20T22:01:26.137+0000] {standard_task_runner.py:60} INFO - Started process 230 to run task
[2025-07-20T22:01:26.142+0000] {standard_task_runner.py:87} INFO - Running: ['***', 'tasks', 'run', 'etl_data_pipeline', 'transform_currency_stocks', 'scheduled__2025-07-19T00:00:00+00:00', '--job-id', '14', '--raw', '--subdir', 'DAGS_FOLDER/pipeline.py', '--cfg-path', '/tmp/tmpgy46pp3j']
[2025-07-20T22:01:26.145+0000] {standard_task_runner.py:88} INFO - Job 14: Subtask transform_currency_stocks
[2025-07-20T22:01:26.223+0000] {task_command.py:423} INFO - Running <TaskInstance: etl_data_pipeline.transform_currency_stocks scheduled__2025-07-19T00:00:00+00:00 [running]> on host 2bd6de2a15ba
[2025-07-20T22:01:26.380+0000] {taskinstance.py:2480} INFO - Exporting env vars: AIRFLOW_CTX_DAG_OWNER='***' AIRFLOW_CTX_DAG_ID='etl_data_pipeline' AIRFLOW_CTX_TASK_ID='transform_currency_stocks' AIRFLOW_CTX_EXECUTION_DATE='2025-07-19T00:00:00+00:00' AIRFLOW_CTX_TRY_NUMBER='1' AIRFLOW_CTX_DAG_RUN_ID='scheduled__2025-07-19T00:00:00+00:00'
[2025-07-20T22:01:26.418+0000] {pipeline.py:35} INFO - Successfully connected to MongoDB at mongodb:27017
[2025-07-20T22:01:26.429+0000] {pipeline.py:334} INFO - [Transform/Load] Processed and loaded currency data.
[2025-07-20T22:01:26.512+0000] {pipeline.py:347} INFO - [Transform/Load] Processed and loaded 900 stock records.
[2025-07-20T22:01:26.514+0000] {python.py:201} INFO - Done. Returned value was: None
[2025-07-20T22:01:26.527+0000] {taskinstance.py:1138} INFO - Marking task as SUCCESS. dag_id=etl_data_pipeline, task_id=transform_currency_stocks, execution_date=20250719T000000, start_date=20250720T220126, end_date=20250720T220126
[2025-07-20T22:01:26.595+0000] {local_task_job_runner.py:234} INFO - Task exited with return code 0
[2025-07-20T22:01:26.616+0000] {taskinstance.py:3280} INFO - 0 downstream tasks scheduled from follow-on schedule check
[2025-07-20T22:12:14.993+0000] {taskinstance.py:1956} INFO - Dependencies all met for dep_context=non-requeueable deps ti=<TaskInstance: etl_data_pipeline.transform_currency_stocks scheduled__2025-07-19T00:00:00+00:00 [queued]>
[2025-07-20T22:12:15.004+0000] {taskinstance.py:1956} INFO - Dependencies all met for dep_context=requeueable deps ti=<TaskInstance: etl_data_pipeline.transform_currency_stocks scheduled__2025-07-19T00:00:00+00:00 [queued]>
[2025-07-20T22:12:15.005+0000] {taskinstance.py:2170} INFO - Starting attempt 1 of 1
[2025-07-20T22:12:15.017+0000] {taskinstance.py:2191} INFO - Executing <Task(PythonOperator): transform_currency_stocks> on 2025-07-19 00:00:00+00:00
[2025-07-20T22:12:15.023+0000] {standard_task_runner.py:60} INFO - Started process 210 to run task
[2025-07-20T22:12:15.026+0000] {standard_task_runner.py:87} INFO - Running: ['***', 'tasks', 'run', 'etl_data_pipeline', 'transform_currency_stocks', 'scheduled__2025-07-19T00:00:00+00:00', '--job-id', '6', '--raw', '--subdir', 'DAGS_FOLDER/pipeline.py', '--cfg-path', '/tmp/tmp5nmv7cuh']
[2025-07-20T22:12:15.029+0000] {standard_task_runner.py:88} INFO - Job 6: Subtask transform_currency_stocks
[2025-07-20T22:12:15.076+0000] {task_command.py:423} INFO - Running <TaskInstance: etl_data_pipeline.transform_currency_stocks scheduled__2025-07-19T00:00:00+00:00 [running]> on host f43ce628c5ca
[2025-07-20T22:12:15.166+0000] {taskinstance.py:2480} INFO - Exporting env vars: AIRFLOW_CTX_DAG_OWNER='***' AIRFLOW_CTX_DAG_ID='etl_data_pipeline' AIRFLOW_CTX_TASK_ID='transform_currency_stocks' AIRFLOW_CTX_EXECUTION_DATE='2025-07-19T00:00:00+00:00' AIRFLOW_CTX_TRY_NUMBER='1' AIRFLOW_CTX_DAG_RUN_ID='scheduled__2025-07-19T00:00:00+00:00'
[2025-07-20T22:12:15.190+0000] {pipeline.py:35} INFO - Successfully connected to MongoDB at mongodb:27017
[2025-07-20T22:12:15.196+0000] {pipeline.py:334} INFO - [Transform/Load] Processed and loaded currency data.
[2025-07-20T22:12:15.204+0000] {pipeline.py:347} INFO - [Transform/Load] Processed and loaded 0 stock records.
[2025-07-20T22:12:15.206+0000] {python.py:201} INFO - Done. Returned value was: None
[2025-07-20T22:12:15.220+0000] {taskinstance.py:1138} INFO - Marking task as SUCCESS. dag_id=etl_data_pipeline, task_id=transform_currency_stocks, execution_date=20250719T000000, start_date=20250720T221214, end_date=20250720T221215
[2025-07-20T22:12:15.279+0000] {local_task_job_runner.py:234} INFO - Task exited with return code 0
[2025-07-20T22:12:15.312+0000] {taskinstance.py:3280} INFO - 0 downstream tasks scheduled from follow-on schedule check
[2025-07-20T22:38:52.533+0000] {taskinstance.py:1956} INFO - Dependencies all met for dep_context=non-requeueable deps ti=<TaskInstance: etl_data_pipeline.transform_currency_stocks scheduled__2025-07-19T00:00:00+00:00 [queued]>
[2025-07-20T22:38:52.545+0000] {taskinstance.py:1956} INFO - Dependencies all met for dep_context=requeueable deps ti=<TaskInstance: etl_data_pipeline.transform_currency_stocks scheduled__2025-07-19T00:00:00+00:00 [queued]>
[2025-07-20T22:38:52.546+0000] {taskinstance.py:2170} INFO - Starting attempt 1 of 1
[2025-07-20T22:38:52.561+0000] {taskinstance.py:2191} INFO - Executing <Task(PythonOperator): transform_currency_stocks> on 2025-07-19 00:00:00+00:00
[2025-07-20T22:38:52.568+0000] {standard_task_runner.py:60} INFO - Started process 265 to run task
[2025-07-20T22:38:52.571+0000] {standard_task_runner.py:87} INFO - Running: ['***', 'tasks', 'run', 'etl_data_pipeline', 'transform_currency_stocks', 'scheduled__2025-07-19T00:00:00+00:00', '--job-id', '41', '--raw', '--subdir', 'DAGS_FOLDER/pipeline.py', '--cfg-path', '/tmp/tmpgdz_0d18']
[2025-07-20T22:38:52.573+0000] {standard_task_runner.py:88} INFO - Job 41: Subtask transform_currency_stocks
[2025-07-20T22:38:52.632+0000] {task_command.py:423} INFO - Running <TaskInstance: etl_data_pipeline.transform_currency_stocks scheduled__2025-07-19T00:00:00+00:00 [running]> on host 32eccd868063
[2025-07-20T22:38:52.716+0000] {taskinstance.py:2480} INFO - Exporting env vars: AIRFLOW_CTX_DAG_OWNER='***' AIRFLOW_CTX_DAG_ID='etl_data_pipeline' AIRFLOW_CTX_TASK_ID='transform_currency_stocks' AIRFLOW_CTX_EXECUTION_DATE='2025-07-19T00:00:00+00:00' AIRFLOW_CTX_TRY_NUMBER='1' AIRFLOW_CTX_DAG_RUN_ID='scheduled__2025-07-19T00:00:00+00:00'
[2025-07-20T22:38:52.738+0000] {pipeline.py:35} INFO - Successfully connected to MongoDB at mongodb:27017
[2025-07-20T22:38:52.744+0000] {pipeline.py:334} INFO - [Transform/Load] Processed and loaded currency data.
[2025-07-20T22:38:52.746+0000] {pipeline.py:347} INFO - [Transform/Load] Processed and loaded 0 stock records.
[2025-07-20T22:38:52.748+0000] {python.py:201} INFO - Done. Returned value was: None
[2025-07-20T22:38:52.763+0000] {taskinstance.py:1138} INFO - Marking task as SUCCESS. dag_id=etl_data_pipeline, task_id=transform_currency_stocks, execution_date=20250719T000000, start_date=20250720T223852, end_date=20250720T223852
[2025-07-20T22:38:52.823+0000] {local_task_job_runner.py:234} INFO - Task exited with return code 0
[2025-07-20T22:38:52.844+0000] {taskinstance.py:3280} INFO - 0 downstream tasks scheduled from follow-on schedule check
