[2025-07-22T06:13:39.047+0000] {taskinstance.py:1956} INFO - Dependencies all met for dep_context=non-requeueable deps ti=<TaskInstance: etl_data_pipeline.ingest_stock_data scheduled__2025-07-21T00:00:00+00:00 [queued]>
[2025-07-22T06:13:39.060+0000] {taskinstance.py:1956} INFO - Dependencies all met for dep_context=requeueable deps ti=<TaskInstance: etl_data_pipeline.ingest_stock_data scheduled__2025-07-21T00:00:00+00:00 [queued]>
[2025-07-22T06:13:39.060+0000] {taskinstance.py:2170} INFO - Starting attempt 1 of 1
[2025-07-22T06:13:39.078+0000] {taskinstance.py:2191} INFO - Executing <Task(PythonOperator): ingest_stock_data> on 2025-07-21 00:00:00+00:00
[2025-07-22T06:13:39.086+0000] {standard_task_runner.py:60} INFO - Started process 178 to run task
[2025-07-22T06:13:39.092+0000] {standard_task_runner.py:87} INFO - Running: ['***', 'tasks', 'run', 'etl_data_pipeline', 'ingest_stock_data', 'scheduled__2025-07-21T00:00:00+00:00', '--job-id', '100', '--raw', '--subdir', 'DAGS_FOLDER/pipeline.py', '--cfg-path', '/tmp/tmpyssiqe56']
[2025-07-22T06:13:39.097+0000] {standard_task_runner.py:88} INFO - Job 100: Subtask ingest_stock_data
[2025-07-22T06:13:39.180+0000] {task_command.py:423} INFO - Running <TaskInstance: etl_data_pipeline.ingest_stock_data scheduled__2025-07-21T00:00:00+00:00 [running]> on host d60dbf7f7094
[2025-07-22T06:13:39.301+0000] {taskinstance.py:2480} INFO - Exporting env vars: AIRFLOW_CTX_DAG_OWNER='***' AIRFLOW_CTX_DAG_ID='etl_data_pipeline' AIRFLOW_CTX_TASK_ID='ingest_stock_data' AIRFLOW_CTX_EXECUTION_DATE='2025-07-21T00:00:00+00:00' AIRFLOW_CTX_TRY_NUMBER='1' AIRFLOW_CTX_DAG_RUN_ID='scheduled__2025-07-21T00:00:00+00:00'
[2025-07-22T06:13:39.327+0000] {pipeline.py:36} INFO - Successfully connected to MongoDB at mongodb:27017
[2025-07-22T06:13:39.387+0000] {pipeline.py:45} INFO - Attempting to extract data from: https://www.alphavantage.co/query?function=TIME_SERIES_DAILY&symbol=IBM&apikey=YOUR_ALPHA_VANTAGE_API_KEY
[2025-07-22T06:13:39.977+0000] {pipeline.py:49} INFO - Successfully extracted data from: https://www.alphavantage.co/query?function=TIME_SERIES_DAILY&symbol=IBM&apikey=YOUR_ALPHA_VANTAGE_API_KEY
[2025-07-22T06:13:39.982+0000] {pipeline.py:98} INFO - [Ingest] Ingested daily stock data for IBM.
[2025-07-22T06:13:39.983+0000] {pipeline.py:45} INFO - Attempting to extract data from: https://www.alphavantage.co/query?function=TIME_SERIES_DAILY&symbol=MSFT&apikey=YOUR_ALPHA_VANTAGE_API_KEY
[2025-07-22T06:13:40.308+0000] {pipeline.py:49} INFO - Successfully extracted data from: https://www.alphavantage.co/query?function=TIME_SERIES_DAILY&symbol=MSFT&apikey=YOUR_ALPHA_VANTAGE_API_KEY
[2025-07-22T06:13:40.313+0000] {pipeline.py:98} INFO - [Ingest] Ingested daily stock data for MSFT.
[2025-07-22T06:13:40.314+0000] {pipeline.py:45} INFO - Attempting to extract data from: https://www.alphavantage.co/query?function=TIME_SERIES_DAILY&symbol=GOOGL&apikey=YOUR_ALPHA_VANTAGE_API_KEY
[2025-07-22T06:13:40.856+0000] {pipeline.py:49} INFO - Successfully extracted data from: https://www.alphavantage.co/query?function=TIME_SERIES_DAILY&symbol=GOOGL&apikey=YOUR_ALPHA_VANTAGE_API_KEY
[2025-07-22T06:13:40.860+0000] {pipeline.py:98} INFO - [Ingest] Ingested daily stock data for GOOGL.
[2025-07-22T06:13:40.861+0000] {pipeline.py:45} INFO - Attempting to extract data from: https://www.alphavantage.co/query?function=TIME_SERIES_DAILY&symbol=AMZN&apikey=YOUR_ALPHA_VANTAGE_API_KEY
[2025-07-22T06:13:41.206+0000] {pipeline.py:49} INFO - Successfully extracted data from: https://www.alphavantage.co/query?function=TIME_SERIES_DAILY&symbol=AMZN&apikey=YOUR_ALPHA_VANTAGE_API_KEY
[2025-07-22T06:13:41.210+0000] {pipeline.py:98} INFO - [Ingest] Ingested daily stock data for AMZN.
[2025-07-22T06:13:41.210+0000] {pipeline.py:45} INFO - Attempting to extract data from: https://www.alphavantage.co/query?function=TIME_SERIES_DAILY&symbol=AAPL&apikey=YOUR_ALPHA_VANTAGE_API_KEY
[2025-07-22T06:13:41.549+0000] {pipeline.py:49} INFO - Successfully extracted data from: https://www.alphavantage.co/query?function=TIME_SERIES_DAILY&symbol=AAPL&apikey=YOUR_ALPHA_VANTAGE_API_KEY
[2025-07-22T06:13:41.552+0000] {pipeline.py:98} INFO - [Ingest] Ingested daily stock data for AAPL.
[2025-07-22T06:13:41.553+0000] {pipeline.py:103} INFO - [Ingest] Total stock symbols ingested: 5
[2025-07-22T06:13:41.564+0000] {python.py:201} INFO - Done. Returned value was: None
[2025-07-22T06:13:41.572+0000] {taskinstance.py:1138} INFO - Marking task as SUCCESS. dag_id=etl_data_pipeline, task_id=ingest_stock_data, execution_date=20250721T000000, start_date=20250722T061339, end_date=20250722T061341
[2025-07-22T06:13:41.629+0000] {local_task_job_runner.py:234} INFO - Task exited with return code 0
[2025-07-22T06:13:41.649+0000] {taskinstance.py:3280} INFO - 1 downstream tasks scheduled from follow-on schedule check
[2025-07-22T06:24:00.945+0000] {taskinstance.py:1956} INFO - Dependencies all met for dep_context=non-requeueable deps ti=<TaskInstance: etl_data_pipeline.ingest_stock_data scheduled__2025-07-21T00:00:00+00:00 [queued]>
[2025-07-22T06:24:00.956+0000] {taskinstance.py:1956} INFO - Dependencies all met for dep_context=requeueable deps ti=<TaskInstance: etl_data_pipeline.ingest_stock_data scheduled__2025-07-21T00:00:00+00:00 [queued]>
[2025-07-22T06:24:00.956+0000] {taskinstance.py:2170} INFO - Starting attempt 1 of 1
[2025-07-22T06:24:00.970+0000] {taskinstance.py:2191} INFO - Executing <Task(PythonOperator): ingest_stock_data> on 2025-07-21 00:00:00+00:00
[2025-07-22T06:24:00.976+0000] {standard_task_runner.py:60} INFO - Started process 197 to run task
[2025-07-22T06:24:00.980+0000] {standard_task_runner.py:87} INFO - Running: ['***', 'tasks', 'run', 'etl_data_pipeline', 'ingest_stock_data', 'scheduled__2025-07-21T00:00:00+00:00', '--job-id', '4', '--raw', '--subdir', 'DAGS_FOLDER/pipeline.py', '--cfg-path', '/tmp/tmpjyq4mdrq']
[2025-07-22T06:24:00.983+0000] {standard_task_runner.py:88} INFO - Job 4: Subtask ingest_stock_data
[2025-07-22T06:24:01.042+0000] {task_command.py:423} INFO - Running <TaskInstance: etl_data_pipeline.ingest_stock_data scheduled__2025-07-21T00:00:00+00:00 [running]> on host f2365a595aca
[2025-07-22T06:24:01.151+0000] {taskinstance.py:2480} INFO - Exporting env vars: AIRFLOW_CTX_DAG_OWNER='***' AIRFLOW_CTX_DAG_ID='etl_data_pipeline' AIRFLOW_CTX_TASK_ID='ingest_stock_data' AIRFLOW_CTX_EXECUTION_DATE='2025-07-21T00:00:00+00:00' AIRFLOW_CTX_TRY_NUMBER='1' AIRFLOW_CTX_DAG_RUN_ID='scheduled__2025-07-21T00:00:00+00:00'
[2025-07-22T06:24:01.171+0000] {pipeline.py:36} INFO - Successfully connected to MongoDB at mongodb:27017
[2025-07-22T06:24:01.181+0000] {pipeline.py:45} INFO - Attempting to extract data from: https://www.alphavantage.co/query?function=TIME_SERIES_DAILY&symbol=IBM&apikey=YOUR_ALPHA_VANTAGE_API_KEY
[2025-07-22T06:24:01.557+0000] {pipeline.py:49} INFO - Successfully extracted data from: https://www.alphavantage.co/query?function=TIME_SERIES_DAILY&symbol=IBM&apikey=YOUR_ALPHA_VANTAGE_API_KEY
[2025-07-22T06:24:01.562+0000] {pipeline.py:98} INFO - [Ingest] Ingested daily stock data for IBM.
[2025-07-22T06:24:01.562+0000] {pipeline.py:45} INFO - Attempting to extract data from: https://www.alphavantage.co/query?function=TIME_SERIES_DAILY&symbol=MSFT&apikey=YOUR_ALPHA_VANTAGE_API_KEY
[2025-07-22T06:24:01.942+0000] {pipeline.py:49} INFO - Successfully extracted data from: https://www.alphavantage.co/query?function=TIME_SERIES_DAILY&symbol=MSFT&apikey=YOUR_ALPHA_VANTAGE_API_KEY
[2025-07-22T06:24:01.947+0000] {pipeline.py:98} INFO - [Ingest] Ingested daily stock data for MSFT.
[2025-07-22T06:24:01.948+0000] {pipeline.py:45} INFO - Attempting to extract data from: https://www.alphavantage.co/query?function=TIME_SERIES_DAILY&symbol=GOOGL&apikey=YOUR_ALPHA_VANTAGE_API_KEY
[2025-07-22T06:24:02.314+0000] {pipeline.py:49} INFO - Successfully extracted data from: https://www.alphavantage.co/query?function=TIME_SERIES_DAILY&symbol=GOOGL&apikey=YOUR_ALPHA_VANTAGE_API_KEY
[2025-07-22T06:24:02.319+0000] {pipeline.py:98} INFO - [Ingest] Ingested daily stock data for GOOGL.
[2025-07-22T06:24:02.319+0000] {pipeline.py:45} INFO - Attempting to extract data from: https://www.alphavantage.co/query?function=TIME_SERIES_DAILY&symbol=AMZN&apikey=YOUR_ALPHA_VANTAGE_API_KEY
[2025-07-22T06:24:02.645+0000] {pipeline.py:49} INFO - Successfully extracted data from: https://www.alphavantage.co/query?function=TIME_SERIES_DAILY&symbol=AMZN&apikey=YOUR_ALPHA_VANTAGE_API_KEY
[2025-07-22T06:24:02.649+0000] {pipeline.py:98} INFO - [Ingest] Ingested daily stock data for AMZN.
[2025-07-22T06:24:02.650+0000] {pipeline.py:45} INFO - Attempting to extract data from: https://www.alphavantage.co/query?function=TIME_SERIES_DAILY&symbol=AAPL&apikey=YOUR_ALPHA_VANTAGE_API_KEY
[2025-07-22T06:24:02.978+0000] {pipeline.py:49} INFO - Successfully extracted data from: https://www.alphavantage.co/query?function=TIME_SERIES_DAILY&symbol=AAPL&apikey=YOUR_ALPHA_VANTAGE_API_KEY
[2025-07-22T06:24:02.981+0000] {pipeline.py:98} INFO - [Ingest] Ingested daily stock data for AAPL.
[2025-07-22T06:24:02.982+0000] {pipeline.py:103} INFO - [Ingest] Total stock symbols ingested: 5
[2025-07-22T06:24:02.996+0000] {python.py:201} INFO - Done. Returned value was: None
[2025-07-22T06:24:03.008+0000] {taskinstance.py:1138} INFO - Marking task as SUCCESS. dag_id=etl_data_pipeline, task_id=ingest_stock_data, execution_date=20250721T000000, start_date=20250722T062400, end_date=20250722T062403
[2025-07-22T06:24:03.036+0000] {local_task_job_runner.py:234} INFO - Task exited with return code 0
[2025-07-22T06:24:03.063+0000] {taskinstance.py:3280} INFO - 1 downstream tasks scheduled from follow-on schedule check
[2025-07-22T06:42:38.079+0000] {taskinstance.py:1956} INFO - Dependencies all met for dep_context=non-requeueable deps ti=<TaskInstance: etl_data_pipeline.ingest_stock_data scheduled__2025-07-21T00:00:00+00:00 [queued]>
[2025-07-22T06:42:38.089+0000] {taskinstance.py:1956} INFO - Dependencies all met for dep_context=requeueable deps ti=<TaskInstance: etl_data_pipeline.ingest_stock_data scheduled__2025-07-21T00:00:00+00:00 [queued]>
[2025-07-22T06:42:38.090+0000] {taskinstance.py:2170} INFO - Starting attempt 1 of 1
[2025-07-22T06:42:38.109+0000] {taskinstance.py:2191} INFO - Executing <Task(PythonOperator): ingest_stock_data> on 2025-07-21 00:00:00+00:00
[2025-07-22T06:42:38.114+0000] {standard_task_runner.py:60} INFO - Started process 186 to run task
[2025-07-22T06:42:38.120+0000] {standard_task_runner.py:87} INFO - Running: ['***', 'tasks', 'run', 'etl_data_pipeline', 'ingest_stock_data', 'scheduled__2025-07-21T00:00:00+00:00', '--job-id', '3', '--raw', '--subdir', 'DAGS_FOLDER/pipeline.py', '--cfg-path', '/tmp/tmpfo4d88m1']
[2025-07-22T06:42:38.124+0000] {standard_task_runner.py:88} INFO - Job 3: Subtask ingest_stock_data
[2025-07-22T06:42:38.184+0000] {task_command.py:423} INFO - Running <TaskInstance: etl_data_pipeline.ingest_stock_data scheduled__2025-07-21T00:00:00+00:00 [running]> on host 85468ae3d510
[2025-07-22T06:42:38.264+0000] {taskinstance.py:2480} INFO - Exporting env vars: AIRFLOW_CTX_DAG_OWNER='***' AIRFLOW_CTX_DAG_ID='etl_data_pipeline' AIRFLOW_CTX_TASK_ID='ingest_stock_data' AIRFLOW_CTX_EXECUTION_DATE='2025-07-21T00:00:00+00:00' AIRFLOW_CTX_TRY_NUMBER='1' AIRFLOW_CTX_DAG_RUN_ID='scheduled__2025-07-21T00:00:00+00:00'
[2025-07-22T06:42:38.283+0000] {pipeline.py:36} INFO - Successfully connected to MongoDB at mongodb:27017
[2025-07-22T06:42:38.293+0000] {pipeline.py:45} INFO - Attempting to extract data from: https://www.alphavantage.co/query?function=TIME_SERIES_DAILY&symbol=IBM&apikey=YOUR_ALPHA_VANTAGE_API_KEY
[2025-07-22T06:42:38.721+0000] {pipeline.py:49} INFO - Successfully extracted data from: https://www.alphavantage.co/query?function=TIME_SERIES_DAILY&symbol=IBM&apikey=YOUR_ALPHA_VANTAGE_API_KEY
[2025-07-22T06:42:38.726+0000] {pipeline.py:98} INFO - [Ingest] Ingested daily stock data for IBM.
[2025-07-22T06:42:38.727+0000] {pipeline.py:45} INFO - Attempting to extract data from: https://www.alphavantage.co/query?function=TIME_SERIES_DAILY&symbol=MSFT&apikey=YOUR_ALPHA_VANTAGE_API_KEY
[2025-07-22T06:42:39.067+0000] {pipeline.py:49} INFO - Successfully extracted data from: https://www.alphavantage.co/query?function=TIME_SERIES_DAILY&symbol=MSFT&apikey=YOUR_ALPHA_VANTAGE_API_KEY
[2025-07-22T06:42:39.072+0000] {pipeline.py:98} INFO - [Ingest] Ingested daily stock data for MSFT.
[2025-07-22T06:42:39.072+0000] {pipeline.py:45} INFO - Attempting to extract data from: https://www.alphavantage.co/query?function=TIME_SERIES_DAILY&symbol=GOOGL&apikey=YOUR_ALPHA_VANTAGE_API_KEY
[2025-07-22T06:42:39.426+0000] {pipeline.py:49} INFO - Successfully extracted data from: https://www.alphavantage.co/query?function=TIME_SERIES_DAILY&symbol=GOOGL&apikey=YOUR_ALPHA_VANTAGE_API_KEY
[2025-07-22T06:42:39.430+0000] {pipeline.py:98} INFO - [Ingest] Ingested daily stock data for GOOGL.
[2025-07-22T06:42:39.431+0000] {pipeline.py:45} INFO - Attempting to extract data from: https://www.alphavantage.co/query?function=TIME_SERIES_DAILY&symbol=AMZN&apikey=YOUR_ALPHA_VANTAGE_API_KEY
[2025-07-22T06:42:39.765+0000] {pipeline.py:49} INFO - Successfully extracted data from: https://www.alphavantage.co/query?function=TIME_SERIES_DAILY&symbol=AMZN&apikey=YOUR_ALPHA_VANTAGE_API_KEY
[2025-07-22T06:42:39.773+0000] {pipeline.py:98} INFO - [Ingest] Ingested daily stock data for AMZN.
[2025-07-22T06:42:39.774+0000] {pipeline.py:45} INFO - Attempting to extract data from: https://www.alphavantage.co/query?function=TIME_SERIES_DAILY&symbol=AAPL&apikey=YOUR_ALPHA_VANTAGE_API_KEY
[2025-07-22T06:42:40.293+0000] {pipeline.py:49} INFO - Successfully extracted data from: https://www.alphavantage.co/query?function=TIME_SERIES_DAILY&symbol=AAPL&apikey=YOUR_ALPHA_VANTAGE_API_KEY
[2025-07-22T06:42:40.300+0000] {pipeline.py:98} INFO - [Ingest] Ingested daily stock data for AAPL.
[2025-07-22T06:42:40.303+0000] {pipeline.py:103} INFO - [Ingest] Total stock symbols ingested: 5
[2025-07-22T06:42:40.331+0000] {python.py:201} INFO - Done. Returned value was: None
[2025-07-22T06:42:40.349+0000] {taskinstance.py:1138} INFO - Marking task as SUCCESS. dag_id=etl_data_pipeline, task_id=ingest_stock_data, execution_date=20250721T000000, start_date=20250722T064238, end_date=20250722T064240
[2025-07-22T06:42:40.418+0000] {local_task_job_runner.py:234} INFO - Task exited with return code 0
[2025-07-22T06:42:40.459+0000] {taskinstance.py:3280} INFO - 1 downstream tasks scheduled from follow-on schedule check
[2025-07-22T15:30:28.386+0000] {taskinstance.py:1956} INFO - Dependencies all met for dep_context=non-requeueable deps ti=<TaskInstance: etl_data_pipeline.ingest_stock_data scheduled__2025-07-21T00:00:00+00:00 [queued]>
[2025-07-22T15:30:28.398+0000] {taskinstance.py:1956} INFO - Dependencies all met for dep_context=requeueable deps ti=<TaskInstance: etl_data_pipeline.ingest_stock_data scheduled__2025-07-21T00:00:00+00:00 [queued]>
[2025-07-22T15:30:28.399+0000] {taskinstance.py:2170} INFO - Starting attempt 1 of 1
[2025-07-22T15:30:28.417+0000] {taskinstance.py:2191} INFO - Executing <Task(PythonOperator): ingest_stock_data> on 2025-07-21 00:00:00+00:00
[2025-07-22T15:30:28.427+0000] {standard_task_runner.py:60} INFO - Started process 181 to run task
[2025-07-22T15:30:28.432+0000] {standard_task_runner.py:87} INFO - Running: ['***', 'tasks', 'run', 'etl_data_pipeline', 'ingest_stock_data', 'scheduled__2025-07-21T00:00:00+00:00', '--job-id', '2', '--raw', '--subdir', 'DAGS_FOLDER/pipeline.py', '--cfg-path', '/tmp/tmpl8qyh8ne']
[2025-07-22T15:30:28.436+0000] {standard_task_runner.py:88} INFO - Job 2: Subtask ingest_stock_data
[2025-07-22T15:30:28.512+0000] {task_command.py:423} INFO - Running <TaskInstance: etl_data_pipeline.ingest_stock_data scheduled__2025-07-21T00:00:00+00:00 [running]> on host ca8555d60fc9
[2025-07-22T15:30:28.611+0000] {taskinstance.py:2480} INFO - Exporting env vars: AIRFLOW_CTX_DAG_OWNER='***' AIRFLOW_CTX_DAG_ID='etl_data_pipeline' AIRFLOW_CTX_TASK_ID='ingest_stock_data' AIRFLOW_CTX_EXECUTION_DATE='2025-07-21T00:00:00+00:00' AIRFLOW_CTX_TRY_NUMBER='1' AIRFLOW_CTX_DAG_RUN_ID='scheduled__2025-07-21T00:00:00+00:00'
[2025-07-22T15:30:28.639+0000] {pipeline.py:36} INFO - Successfully connected to MongoDB at mongodb:27017
[2025-07-22T15:30:28.647+0000] {pipeline.py:45} INFO - Attempting to extract data from: https://www.alphavantage.co/query?function=TIME_SERIES_DAILY&symbol=IBM&apikey=YOUR_ALPHA_VANTAGE_API_KEY
[2025-07-22T15:30:28.658+0000] {pipeline.py:52} ERROR - Error during API extraction from https://www.alphavantage.co/query?function=TIME_SERIES_DAILY&symbol=IBM&apikey=YOUR_ALPHA_VANTAGE_API_KEY: HTTPSConnectionPool(host='www.alphavantage.co', port=443): Max retries exceeded with url: /query?function=TIME_SERIES_DAILY&symbol=IBM&apikey=YOUR_ALPHA_VANTAGE_API_KEY (Caused by NameResolutionError("<urllib3.connection.HTTPSConnection object at 0x7fdba8ecbd90>: Failed to resolve 'www.alphavantage.co' ([Errno -2] Name or service not known)"))
[2025-07-22T15:30:28.659+0000] {pipeline.py:100} WARNING - [Ingest] Failed to ingest stock data for IBM. Response: {}
[2025-07-22T15:30:28.660+0000] {pipeline.py:45} INFO - Attempting to extract data from: https://www.alphavantage.co/query?function=TIME_SERIES_DAILY&symbol=MSFT&apikey=YOUR_ALPHA_VANTAGE_API_KEY
[2025-07-22T15:30:28.666+0000] {pipeline.py:52} ERROR - Error during API extraction from https://www.alphavantage.co/query?function=TIME_SERIES_DAILY&symbol=MSFT&apikey=YOUR_ALPHA_VANTAGE_API_KEY: HTTPSConnectionPool(host='www.alphavantage.co', port=443): Max retries exceeded with url: /query?function=TIME_SERIES_DAILY&symbol=MSFT&apikey=YOUR_ALPHA_VANTAGE_API_KEY (Caused by NameResolutionError("<urllib3.connection.HTTPSConnection object at 0x7fdba8eca850>: Failed to resolve 'www.alphavantage.co' ([Errno -2] Name or service not known)"))
[2025-07-22T15:30:28.667+0000] {pipeline.py:100} WARNING - [Ingest] Failed to ingest stock data for MSFT. Response: {}
[2025-07-22T15:30:28.667+0000] {pipeline.py:45} INFO - Attempting to extract data from: https://www.alphavantage.co/query?function=TIME_SERIES_DAILY&symbol=GOOGL&apikey=YOUR_ALPHA_VANTAGE_API_KEY
[2025-07-22T15:30:28.673+0000] {pipeline.py:52} ERROR - Error during API extraction from https://www.alphavantage.co/query?function=TIME_SERIES_DAILY&symbol=GOOGL&apikey=YOUR_ALPHA_VANTAGE_API_KEY: HTTPSConnectionPool(host='www.alphavantage.co', port=443): Max retries exceeded with url: /query?function=TIME_SERIES_DAILY&symbol=GOOGL&apikey=YOUR_ALPHA_VANTAGE_API_KEY (Caused by NameResolutionError("<urllib3.connection.HTTPSConnection object at 0x7fdba8eeb310>: Failed to resolve 'www.alphavantage.co' ([Errno -2] Name or service not known)"))
[2025-07-22T15:30:28.674+0000] {pipeline.py:100} WARNING - [Ingest] Failed to ingest stock data for GOOGL. Response: {}
[2025-07-22T15:30:28.675+0000] {pipeline.py:45} INFO - Attempting to extract data from: https://www.alphavantage.co/query?function=TIME_SERIES_DAILY&symbol=AMZN&apikey=YOUR_ALPHA_VANTAGE_API_KEY
[2025-07-22T15:30:28.683+0000] {pipeline.py:52} ERROR - Error during API extraction from https://www.alphavantage.co/query?function=TIME_SERIES_DAILY&symbol=AMZN&apikey=YOUR_ALPHA_VANTAGE_API_KEY: HTTPSConnectionPool(host='www.alphavantage.co', port=443): Max retries exceeded with url: /query?function=TIME_SERIES_DAILY&symbol=AMZN&apikey=YOUR_ALPHA_VANTAGE_API_KEY (Caused by NameResolutionError("<urllib3.connection.HTTPSConnection object at 0x7fdba8ef1610>: Failed to resolve 'www.alphavantage.co' ([Errno -2] Name or service not known)"))
[2025-07-22T15:30:28.684+0000] {pipeline.py:100} WARNING - [Ingest] Failed to ingest stock data for AMZN. Response: {}
[2025-07-22T15:30:28.684+0000] {pipeline.py:45} INFO - Attempting to extract data from: https://www.alphavantage.co/query?function=TIME_SERIES_DAILY&symbol=AAPL&apikey=YOUR_ALPHA_VANTAGE_API_KEY
[2025-07-22T15:30:28.691+0000] {pipeline.py:52} ERROR - Error during API extraction from https://www.alphavantage.co/query?function=TIME_SERIES_DAILY&symbol=AAPL&apikey=YOUR_ALPHA_VANTAGE_API_KEY: HTTPSConnectionPool(host='www.alphavantage.co', port=443): Max retries exceeded with url: /query?function=TIME_SERIES_DAILY&symbol=AAPL&apikey=YOUR_ALPHA_VANTAGE_API_KEY (Caused by NameResolutionError("<urllib3.connection.HTTPSConnection object at 0x7fdba8ef3850>: Failed to resolve 'www.alphavantage.co' ([Errno -2] Name or service not known)"))
[2025-07-22T15:30:28.692+0000] {pipeline.py:100} WARNING - [Ingest] Failed to ingest stock data for AAPL. Response: {}
[2025-07-22T15:30:28.695+0000] {pipeline.py:103} INFO - [Ingest] Total stock symbols ingested: 0
[2025-07-22T15:30:28.716+0000] {python.py:201} INFO - Done. Returned value was: None
[2025-07-22T15:30:28.731+0000] {taskinstance.py:1138} INFO - Marking task as SUCCESS. dag_id=etl_data_pipeline, task_id=ingest_stock_data, execution_date=20250721T000000, start_date=20250722T153028, end_date=20250722T153028
[2025-07-22T15:30:28.766+0000] {local_task_job_runner.py:234} INFO - Task exited with return code 0
[2025-07-22T15:30:28.796+0000] {taskinstance.py:3280} INFO - 0 downstream tasks scheduled from follow-on schedule check
[2025-07-22T15:43:15.395+0000] {taskinstance.py:1956} INFO - Dependencies all met for dep_context=non-requeueable deps ti=<TaskInstance: etl_data_pipeline.ingest_stock_data scheduled__2025-07-21T00:00:00+00:00 [queued]>
[2025-07-22T15:43:15.409+0000] {taskinstance.py:1956} INFO - Dependencies all met for dep_context=requeueable deps ti=<TaskInstance: etl_data_pipeline.ingest_stock_data scheduled__2025-07-21T00:00:00+00:00 [queued]>
[2025-07-22T15:43:15.409+0000] {taskinstance.py:2170} INFO - Starting attempt 1 of 1
[2025-07-22T15:43:15.431+0000] {taskinstance.py:2191} INFO - Executing <Task(PythonOperator): ingest_stock_data> on 2025-07-21 00:00:00+00:00
[2025-07-22T15:43:15.437+0000] {standard_task_runner.py:60} INFO - Started process 196 to run task
[2025-07-22T15:43:15.442+0000] {standard_task_runner.py:87} INFO - Running: ['***', 'tasks', 'run', 'etl_data_pipeline', 'ingest_stock_data', 'scheduled__2025-07-21T00:00:00+00:00', '--job-id', '2', '--raw', '--subdir', 'DAGS_FOLDER/pipeline.py', '--cfg-path', '/tmp/tmp5lozwn0t']
[2025-07-22T15:43:15.445+0000] {standard_task_runner.py:88} INFO - Job 2: Subtask ingest_stock_data
[2025-07-22T15:43:15.502+0000] {task_command.py:423} INFO - Running <TaskInstance: etl_data_pipeline.ingest_stock_data scheduled__2025-07-21T00:00:00+00:00 [running]> on host fcecba40fce8
[2025-07-22T15:43:15.585+0000] {taskinstance.py:2480} INFO - Exporting env vars: AIRFLOW_CTX_DAG_OWNER='***' AIRFLOW_CTX_DAG_ID='etl_data_pipeline' AIRFLOW_CTX_TASK_ID='ingest_stock_data' AIRFLOW_CTX_EXECUTION_DATE='2025-07-21T00:00:00+00:00' AIRFLOW_CTX_TRY_NUMBER='1' AIRFLOW_CTX_DAG_RUN_ID='scheduled__2025-07-21T00:00:00+00:00'
[2025-07-22T15:43:15.605+0000] {pipeline.py:36} INFO - Successfully connected to MongoDB at mongodb:27017
[2025-07-22T15:43:15.610+0000] {pipeline.py:45} INFO - Attempting to extract data from: https://www.alphavantage.co/query?function=TIME_SERIES_DAILY&symbol=IBM&apikey=YOUR_ALPHA_VANTAGE_API_KEY
[2025-07-22T15:43:17.014+0000] {pipeline.py:49} INFO - Successfully extracted data from: https://www.alphavantage.co/query?function=TIME_SERIES_DAILY&symbol=IBM&apikey=YOUR_ALPHA_VANTAGE_API_KEY
[2025-07-22T15:43:17.020+0000] {pipeline.py:98} INFO - [Ingest] Ingested daily stock data for IBM.
[2025-07-22T15:43:17.020+0000] {pipeline.py:45} INFO - Attempting to extract data from: https://www.alphavantage.co/query?function=TIME_SERIES_DAILY&symbol=MSFT&apikey=YOUR_ALPHA_VANTAGE_API_KEY
[2025-07-22T15:43:18.303+0000] {pipeline.py:49} INFO - Successfully extracted data from: https://www.alphavantage.co/query?function=TIME_SERIES_DAILY&symbol=MSFT&apikey=YOUR_ALPHA_VANTAGE_API_KEY
[2025-07-22T15:43:18.306+0000] {pipeline.py:98} INFO - [Ingest] Ingested daily stock data for MSFT.
[2025-07-22T15:43:18.307+0000] {pipeline.py:45} INFO - Attempting to extract data from: https://www.alphavantage.co/query?function=TIME_SERIES_DAILY&symbol=GOOGL&apikey=YOUR_ALPHA_VANTAGE_API_KEY
[2025-07-22T15:43:19.373+0000] {pipeline.py:49} INFO - Successfully extracted data from: https://www.alphavantage.co/query?function=TIME_SERIES_DAILY&symbol=GOOGL&apikey=YOUR_ALPHA_VANTAGE_API_KEY
[2025-07-22T15:43:19.378+0000] {pipeline.py:98} INFO - [Ingest] Ingested daily stock data for GOOGL.
[2025-07-22T15:43:19.378+0000] {pipeline.py:45} INFO - Attempting to extract data from: https://www.alphavantage.co/query?function=TIME_SERIES_DAILY&symbol=AMZN&apikey=YOUR_ALPHA_VANTAGE_API_KEY
[2025-07-22T15:43:20.291+0000] {pipeline.py:49} INFO - Successfully extracted data from: https://www.alphavantage.co/query?function=TIME_SERIES_DAILY&symbol=AMZN&apikey=YOUR_ALPHA_VANTAGE_API_KEY
[2025-07-22T15:43:20.295+0000] {pipeline.py:98} INFO - [Ingest] Ingested daily stock data for AMZN.
[2025-07-22T15:43:20.295+0000] {pipeline.py:45} INFO - Attempting to extract data from: https://www.alphavantage.co/query?function=TIME_SERIES_DAILY&symbol=AAPL&apikey=YOUR_ALPHA_VANTAGE_API_KEY
[2025-07-22T15:43:21.404+0000] {pipeline.py:49} INFO - Successfully extracted data from: https://www.alphavantage.co/query?function=TIME_SERIES_DAILY&symbol=AAPL&apikey=YOUR_ALPHA_VANTAGE_API_KEY
[2025-07-22T15:43:21.407+0000] {pipeline.py:98} INFO - [Ingest] Ingested daily stock data for AAPL.
[2025-07-22T15:43:21.408+0000] {pipeline.py:103} INFO - [Ingest] Total stock symbols ingested: 5
[2025-07-22T15:43:21.421+0000] {python.py:201} INFO - Done. Returned value was: None
[2025-07-22T15:43:21.429+0000] {taskinstance.py:1138} INFO - Marking task as SUCCESS. dag_id=etl_data_pipeline, task_id=ingest_stock_data, execution_date=20250721T000000, start_date=20250722T154315, end_date=20250722T154321
[2025-07-22T15:43:21.471+0000] {local_task_job_runner.py:234} INFO - Task exited with return code 0
[2025-07-22T15:43:21.490+0000] {taskinstance.py:3280} INFO - 1 downstream tasks scheduled from follow-on schedule check
