[2025-07-20T22:01:20.066+0000] {taskinstance.py:1956} INFO - Dependencies all met for dep_context=non-requeueable deps ti=<TaskInstance: etl_data_pipeline.ingest_stock_data manual__2025-07-20T22:01:18.446818+00:00 [queued]>
[2025-07-20T22:01:22.082+0000] {taskinstance.py:1956} INFO - Dependencies all met for dep_context=requeueable deps ti=<TaskInstance: etl_data_pipeline.ingest_stock_data manual__2025-07-20T22:01:18.446818+00:00 [queued]>
[2025-07-20T22:01:22.083+0000] {taskinstance.py:2170} INFO - Starting attempt 1 of 1
[2025-07-20T22:01:22.109+0000] {taskinstance.py:2191} INFO - Executing <Task(PythonOperator): ingest_stock_data> on 2025-07-20 22:01:18.446818+00:00
[2025-07-20T22:01:22.119+0000] {standard_task_runner.py:60} INFO - Started process 194 to run task
[2025-07-20T22:01:22.125+0000] {standard_task_runner.py:87} INFO - Running: ['***', 'tasks', 'run', 'etl_data_pipeline', 'ingest_stock_data', 'manual__2025-07-20T22:01:18.446818+00:00', '--job-id', '5', '--raw', '--subdir', 'DAGS_FOLDER/pipeline.py', '--cfg-path', '/tmp/tmpheam4tqh']
[2025-07-20T22:01:22.131+0000] {standard_task_runner.py:88} INFO - Job 5: Subtask ingest_stock_data
[2025-07-20T22:01:22.224+0000] {task_command.py:423} INFO - Running <TaskInstance: etl_data_pipeline.ingest_stock_data manual__2025-07-20T22:01:18.446818+00:00 [running]> on host 2bd6de2a15ba
[2025-07-20T22:01:22.351+0000] {taskinstance.py:2480} INFO - Exporting env vars: AIRFLOW_CTX_DAG_OWNER='***' AIRFLOW_CTX_DAG_ID='etl_data_pipeline' AIRFLOW_CTX_TASK_ID='ingest_stock_data' AIRFLOW_CTX_EXECUTION_DATE='2025-07-20T22:01:18.446818+00:00' AIRFLOW_CTX_TRY_NUMBER='1' AIRFLOW_CTX_DAG_RUN_ID='manual__2025-07-20T22:01:18.446818+00:00'
[2025-07-20T22:01:22.375+0000] {pipeline.py:35} INFO - Successfully connected to MongoDB at mongodb:27017
[2025-07-20T22:01:22.396+0000] {pipeline.py:44} INFO - Extracting data from: https://www.alphavantage.co/query?function=TIME_SERIES_DAILY&symbol=IBM&apikey=YOUR_ALPHA_VANTAGE_API_KEY
[2025-07-20T22:01:23.714+0000] {pipeline.py:94} INFO - [Ingest] Ingested daily stock data for IBM.
[2025-07-20T22:01:23.715+0000] {pipeline.py:44} INFO - Extracting data from: https://www.alphavantage.co/query?function=TIME_SERIES_DAILY&symbol=MSFT&apikey=YOUR_ALPHA_VANTAGE_API_KEY
[2025-07-20T22:01:24.772+0000] {pipeline.py:94} INFO - [Ingest] Ingested daily stock data for MSFT.
[2025-07-20T22:01:24.773+0000] {pipeline.py:44} INFO - Extracting data from: https://www.alphavantage.co/query?function=TIME_SERIES_DAILY&symbol=GOOGL&apikey=YOUR_ALPHA_VANTAGE_API_KEY
[2025-07-20T22:01:25.431+0000] {pipeline.py:94} INFO - [Ingest] Ingested daily stock data for GOOGL.
[2025-07-20T22:01:25.432+0000] {pipeline.py:44} INFO - Extracting data from: https://www.alphavantage.co/query?function=TIME_SERIES_DAILY&symbol=AMZN&apikey=YOUR_ALPHA_VANTAGE_API_KEY
[2025-07-20T22:01:25.810+0000] {pipeline.py:94} INFO - [Ingest] Ingested daily stock data for AMZN.
[2025-07-20T22:01:25.811+0000] {pipeline.py:44} INFO - Extracting data from: https://www.alphavantage.co/query?function=TIME_SERIES_DAILY&symbol=AAPL&apikey=YOUR_ALPHA_VANTAGE_API_KEY
[2025-07-20T22:01:26.593+0000] {pipeline.py:94} INFO - [Ingest] Ingested daily stock data for AAPL.
[2025-07-20T22:01:26.594+0000] {pipeline.py:99} INFO - [Ingest] Total stock symbols ingested: 5
[2025-07-20T22:01:26.611+0000] {python.py:201} INFO - Done. Returned value was: None
[2025-07-20T22:01:26.626+0000] {taskinstance.py:1138} INFO - Marking task as SUCCESS. dag_id=etl_data_pipeline, task_id=ingest_stock_data, execution_date=20250720T220118, start_date=20250720T220120, end_date=20250720T220126
[2025-07-20T22:01:26.673+0000] {local_task_job_runner.py:234} INFO - Task exited with return code 0
[2025-07-20T22:01:26.711+0000] {taskinstance.py:3280} INFO - 1 downstream tasks scheduled from follow-on schedule check
