[2025-07-22T06:42:44.892+0000] {taskinstance.py:1956} INFO - Dependencies all met for dep_context=non-requeueable deps ti=<TaskInstance: etl_data_pipeline.transform_car_makes manual__2025-07-22T06:42:39.306525+00:00 [queued]>
[2025-07-22T06:42:44.907+0000] {taskinstance.py:1956} INFO - Dependencies all met for dep_context=requeueable deps ti=<TaskInstance: etl_data_pipeline.transform_car_makes manual__2025-07-22T06:42:39.306525+00:00 [queued]>
[2025-07-22T06:42:44.908+0000] {taskinstance.py:2170} INFO - Starting attempt 1 of 1
[2025-07-22T06:42:44.925+0000] {taskinstance.py:2191} INFO - Executing <Task(PythonOperator): transform_car_makes> on 2025-07-22 06:42:39.306525+00:00
[2025-07-22T06:42:44.933+0000] {standard_task_runner.py:60} INFO - Started process 224 to run task
[2025-07-22T06:42:44.936+0000] {standard_task_runner.py:87} INFO - Running: ['***', 'tasks', 'run', 'etl_data_pipeline', 'transform_car_makes', 'manual__2025-07-22T06:42:39.306525+00:00', '--job-id', '10', '--raw', '--subdir', 'DAGS_FOLDER/pipeline.py', '--cfg-path', '/tmp/tmpymgubasv']
[2025-07-22T06:42:44.938+0000] {standard_task_runner.py:88} INFO - Job 10: Subtask transform_car_makes
[2025-07-22T06:42:44.993+0000] {task_command.py:423} INFO - Running <TaskInstance: etl_data_pipeline.transform_car_makes manual__2025-07-22T06:42:39.306525+00:00 [running]> on host 85468ae3d510
[2025-07-22T06:42:45.080+0000] {taskinstance.py:2480} INFO - Exporting env vars: AIRFLOW_CTX_DAG_OWNER='***' AIRFLOW_CTX_DAG_ID='etl_data_pipeline' AIRFLOW_CTX_TASK_ID='transform_car_makes' AIRFLOW_CTX_EXECUTION_DATE='2025-07-22T06:42:39.306525+00:00' AIRFLOW_CTX_TRY_NUMBER='1' AIRFLOW_CTX_DAG_RUN_ID='manual__2025-07-22T06:42:39.306525+00:00'
[2025-07-22T06:42:45.099+0000] {pipeline.py:36} INFO - Successfully connected to MongoDB at mongodb:27017
[2025-07-22T06:42:45.102+0000] {pipeline.py:253} WARNING - Error processing car make record {'MakeId': 440, 'MakeName': 'ASTON MARTIN', 'VehicleTypeId': 2, 'VehicleTypeName': 'Passenger Car'}: int() argument must be a string, a bytes-like object or a real number, not 'NoneType'
[2025-07-22T06:42:45.103+0000] {pipeline.py:253} WARNING - Error processing car make record {'MakeId': 441, 'MakeName': 'TESLA', 'VehicleTypeId': 2, 'VehicleTypeName': 'Passenger Car'}: int() argument must be a string, a bytes-like object or a real number, not 'NoneType'
[2025-07-22T06:42:45.103+0000] {pipeline.py:253} WARNING - Error processing car make record {'MakeId': 442, 'MakeName': 'JAGUAR', 'VehicleTypeId': 2, 'VehicleTypeName': 'Passenger Car'}: int() argument must be a string, a bytes-like object or a real number, not 'NoneType'
[2025-07-22T06:42:45.104+0000] {pipeline.py:253} WARNING - Error processing car make record {'MakeId': 443, 'MakeName': 'MASERATI', 'VehicleTypeId': 2, 'VehicleTypeName': 'Passenger Car'}: int() argument must be a string, a bytes-like object or a real number, not 'NoneType'
[2025-07-22T06:42:45.104+0000] {pipeline.py:253} WARNING - Error processing car make record {'MakeId': 445, 'MakeName': 'ROLLS-ROYCE', 'VehicleTypeId': 2, 'VehicleTypeName': 'Passenger Car'}: int() argument must be a string, a bytes-like object or a real number, not 'NoneType'
[2025-07-22T06:42:45.105+0000] {pipeline.py:253} WARNING - Error processing car make record {'MakeId': 448, 'MakeName': 'TOYOTA', 'VehicleTypeId': 2, 'VehicleTypeName': 'Passenger Car'}: int() argument must be a string, a bytes-like object or a real number, not 'NoneType'
[2025-07-22T06:42:45.105+0000] {pipeline.py:253} WARNING - Error processing car make record {'MakeId': 449, 'MakeName': 'MERCEDES-BENZ', 'VehicleTypeId': 2, 'VehicleTypeName': 'Passenger Car'}: int() argument must be a string, a bytes-like object or a real number, not 'NoneType'
[2025-07-22T06:42:45.106+0000] {pipeline.py:253} WARNING - Error processing car make record {'MakeId': 452, 'MakeName': 'BMW', 'VehicleTypeId': 2, 'VehicleTypeName': 'Passenger Car'}: int() argument must be a string, a bytes-like object or a real number, not 'NoneType'
[2025-07-22T06:42:45.106+0000] {pipeline.py:253} WARNING - Error processing car make record {'MakeId': 454, 'MakeName': 'BUGATTI', 'VehicleTypeId': 2, 'VehicleTypeName': 'Passenger Car'}: int() argument must be a string, a bytes-like object or a real number, not 'NoneType'
[2025-07-22T06:42:45.107+0000] {pipeline.py:253} WARNING - Error processing car make record {'MakeId': 456, 'MakeName': 'MINI', 'VehicleTypeId': 2, 'VehicleTypeName': 'Passenger Car'}: int() argument must be a string, a bytes-like object or a real number, not 'NoneType'
[2025-07-22T06:42:45.107+0000] {pipeline.py:253} WARNING - Error processing car make record {'MakeId': 460, 'MakeName': 'FORD', 'VehicleTypeId': 2, 'VehicleTypeName': 'Passenger Car'}: int() argument must be a string, a bytes-like object or a real number, not 'NoneType'
[2025-07-22T06:42:45.107+0000] {pipeline.py:253} WARNING - Error processing car make record {'MakeId': 464, 'MakeName': 'LINCOLN', 'VehicleTypeId': 2, 'VehicleTypeName': 'Passenger Car'}: int() argument must be a string, a bytes-like object or a real number, not 'NoneType'
[2025-07-22T06:42:45.108+0000] {pipeline.py:253} WARNING - Error processing car make record {'MakeId': 465, 'MakeName': 'MERCURY', 'VehicleTypeId': 2, 'VehicleTypeName': 'Passenger Car'}: int() argument must be a string, a bytes-like object or a real number, not 'NoneType'
[2025-07-22T06:42:45.108+0000] {pipeline.py:253} WARNING - Error processing car make record {'MakeId': 466, 'MakeName': 'LOTUS', 'VehicleTypeId': 2, 'VehicleTypeName': 'Passenger Car'}: int() argument must be a string, a bytes-like object or a real number, not 'NoneType'
[2025-07-22T06:42:45.109+0000] {pipeline.py:253} WARNING - Error processing car make record {'MakeId': 467, 'MakeName': 'CHEVROLET', 'VehicleTypeId': 2, 'VehicleTypeName': 'Passenger Car'}: int() argument must be a string, a bytes-like object or a real number, not 'NoneType'
[2025-07-22T06:42:45.109+0000] {pipeline.py:253} WARNING - Error processing car make record {'MakeId': 468, 'MakeName': 'BUICK', 'VehicleTypeId': 2, 'VehicleTypeName': 'Passenger Car'}: int() argument must be a string, a bytes-like object or a real number, not 'NoneType'
[2025-07-22T06:42:45.109+0000] {pipeline.py:253} WARNING - Error processing car make record {'MakeId': 469, 'MakeName': 'CADILLAC', 'VehicleTypeId': 2, 'VehicleTypeName': 'Passenger Car'}: int() argument must be a string, a bytes-like object or a real number, not 'NoneType'
[2025-07-22T06:42:45.110+0000] {pipeline.py:253} WARNING - Error processing car make record {'MakeId': 470, 'MakeName': 'HOLDEN', 'VehicleTypeId': 2, 'VehicleTypeName': 'Passenger Car'}: int() argument must be a string, a bytes-like object or a real number, not 'NoneType'
[2025-07-22T06:42:45.110+0000] {pipeline.py:253} WARNING - Error processing car make record {'MakeId': 471, 'MakeName': 'OPEL', 'VehicleTypeId': 2, 'VehicleTypeName': 'Passenger Car'}: int() argument must be a string, a bytes-like object or a real number, not 'NoneType'
[2025-07-22T06:42:45.111+0000] {pipeline.py:253} WARNING - Error processing car make record {'MakeId': 472, 'MakeName': 'GMC', 'VehicleTypeId': 2, 'VehicleTypeName': 'Passenger Car'}: int() argument must be a string, a bytes-like object or a real number, not 'NoneType'
[2025-07-22T06:42:45.111+0000] {pipeline.py:253} WARNING - Error processing car make record {'MakeId': 473, 'MakeName': 'MAZDA', 'VehicleTypeId': 2, 'VehicleTypeName': 'Passenger Car'}: int() argument must be a string, a bytes-like object or a real number, not 'NoneType'
[2025-07-22T06:42:45.112+0000] {pipeline.py:253} WARNING - Error processing car make record {'MakeId': 474, 'MakeName': 'HONDA', 'VehicleTypeId': 2, 'VehicleTypeName': 'Passenger Car'}: int() argument must be a string, a bytes-like object or a real number, not 'NoneType'
[2025-07-22T06:42:45.112+0000] {pipeline.py:253} WARNING - Error processing car make record {'MakeId': 475, 'MakeName': 'ACURA', 'VehicleTypeId': 2, 'VehicleTypeName': 'Passenger Car'}: int() argument must be a string, a bytes-like object or a real number, not 'NoneType'
[2025-07-22T06:42:45.113+0000] {pipeline.py:253} WARNING - Error processing car make record {'MakeId': 476, 'MakeName': 'DODGE', 'VehicleTypeId': 2, 'VehicleTypeName': 'Passenger Car'}: int() argument must be a string, a bytes-like object or a real number, not 'NoneType'
[2025-07-22T06:42:45.113+0000] {pipeline.py:253} WARNING - Error processing car make record {'MakeId': 477, 'MakeName': 'CHRYSLER', 'VehicleTypeId': 2, 'VehicleTypeName': 'Passenger Car'}: int() argument must be a string, a bytes-like object or a real number, not 'NoneType'
[2025-07-22T06:42:45.114+0000] {pipeline.py:253} WARNING - Error processing car make record {'MakeId': 478, 'MakeName': 'NISSAN', 'VehicleTypeId': 2, 'VehicleTypeName': 'Passenger Car'}: int() argument must be a string, a bytes-like object or a real number, not 'NoneType'
[2025-07-22T06:42:45.114+0000] {pipeline.py:253} WARNING - Error processing car make record {'MakeId': 480, 'MakeName': 'INFINITI', 'VehicleTypeId': 2, 'VehicleTypeName': 'Passenger Car'}: int() argument must be a string, a bytes-like object or a real number, not 'NoneType'
[2025-07-22T06:42:45.115+0000] {pipeline.py:253} WARNING - Error processing car make record {'MakeId': 481, 'MakeName': 'MITSUBISHI', 'VehicleTypeId': 2, 'VehicleTypeName': 'Passenger Car'}: int() argument must be a string, a bytes-like object or a real number, not 'NoneType'
[2025-07-22T06:42:45.115+0000] {pipeline.py:253} WARNING - Error processing car make record {'MakeId': 482, 'MakeName': 'VOLKSWAGEN', 'VehicleTypeId': 2, 'VehicleTypeName': 'Passenger Car'}: int() argument must be a string, a bytes-like object or a real number, not 'NoneType'
[2025-07-22T06:42:45.116+0000] {pipeline.py:253} WARNING - Error processing car make record {'MakeId': 485, 'MakeName': 'VOLVO', 'VehicleTypeId': 2, 'VehicleTypeName': 'Passenger Car'}: int() argument must be a string, a bytes-like object or a real number, not 'NoneType'
[2025-07-22T06:42:45.116+0000] {pipeline.py:253} WARNING - Error processing car make record {'MakeId': 492, 'MakeName': 'FIAT', 'VehicleTypeId': 2, 'VehicleTypeName': 'Passenger Car'}: int() argument must be a string, a bytes-like object or a real number, not 'NoneType'
[2025-07-22T06:42:45.116+0000] {pipeline.py:253} WARNING - Error processing car make record {'MakeId': 493, 'MakeName': 'ALFA ROMEO', 'VehicleTypeId': 2, 'VehicleTypeName': 'Passenger Car'}: int() argument must be a string, a bytes-like object or a real number, not 'NoneType'
[2025-07-22T06:42:45.117+0000] {pipeline.py:253} WARNING - Error processing car make record {'MakeId': 497, 'MakeName': 'LANCIA', 'VehicleTypeId': 2, 'VehicleTypeName': 'Passenger Car'}: int() argument must be a string, a bytes-like object or a real number, not 'NoneType'
[2025-07-22T06:42:45.117+0000] {pipeline.py:253} WARNING - Error processing car make record {'MakeId': 498, 'MakeName': 'HYUNDAI', 'VehicleTypeId': 2, 'VehicleTypeName': 'Passenger Car'}: int() argument must be a string, a bytes-like object or a real number, not 'NoneType'
[2025-07-22T06:42:45.118+0000] {pipeline.py:253} WARNING - Error processing car make record {'MakeId': 499, 'MakeName': 'KIA', 'VehicleTypeId': 2, 'VehicleTypeName': 'Passenger Car'}: int() argument must be a string, a bytes-like object or a real number, not 'NoneType'
[2025-07-22T06:42:45.118+0000] {pipeline.py:253} WARNING - Error processing car make record {'MakeId': 502, 'MakeName': 'LAMBORGHINI', 'VehicleTypeId': 2, 'VehicleTypeName': 'Passenger Car'}: int() argument must be a string, a bytes-like object or a real number, not 'NoneType'
[2025-07-22T06:42:45.118+0000] {pipeline.py:253} WARNING - Error processing car make record {'MakeId': 504, 'MakeName': 'SMART', 'VehicleTypeId': 2, 'VehicleTypeName': 'Passenger Car'}: int() argument must be a string, a bytes-like object or a real number, not 'NoneType'
[2025-07-22T06:42:45.119+0000] {pipeline.py:253} WARNING - Error processing car make record {'MakeId': 509, 'MakeName': 'SUZUKI', 'VehicleTypeId': 2, 'VehicleTypeName': 'Passenger Car'}: int() argument must be a string, a bytes-like object or a real number, not 'NoneType'
[2025-07-22T06:42:45.119+0000] {pipeline.py:253} WARNING - Error processing car make record {'MakeId': 515, 'MakeName': 'LEXUS', 'VehicleTypeId': 2, 'VehicleTypeName': 'Passenger Car'}: int() argument must be a string, a bytes-like object or a real number, not 'NoneType'
[2025-07-22T06:42:45.120+0000] {pipeline.py:253} WARNING - Error processing car make record {'MakeId': 523, 'MakeName': 'SUBARU', 'VehicleTypeId': 2, 'VehicleTypeName': 'Passenger Car'}: int() argument must be a string, a bytes-like object or a real number, not 'NoneType'
[2025-07-22T06:42:45.120+0000] {pipeline.py:253} WARNING - Error processing car make record {'MakeId': 533, 'MakeName': 'MAYBACH', 'VehicleTypeId': 2, 'VehicleTypeName': 'Passenger Car'}: int() argument must be a string, a bytes-like object or a real number, not 'NoneType'
[2025-07-22T06:42:45.121+0000] {pipeline.py:253} WARNING - Error processing car make record {'MakeId': 536, 'MakeName': 'PONTIAC', 'VehicleTypeId': 2, 'VehicleTypeName': 'Passenger Car'}: int() argument must be a string, a bytes-like object or a real number, not 'NoneType'
[2025-07-22T06:42:45.121+0000] {pipeline.py:253} WARNING - Error processing car make record {'MakeId': 542, 'MakeName': 'ISUZU', 'VehicleTypeId': 2, 'VehicleTypeName': 'Passenger Car'}: int() argument must be a string, a bytes-like object or a real number, not 'NoneType'
[2025-07-22T06:42:45.122+0000] {pipeline.py:253} WARNING - Error processing car make record {'MakeId': 565, 'MakeName': 'TRIUMPH', 'VehicleTypeId': 2, 'VehicleTypeName': 'Passenger Car'}: int() argument must be a string, a bytes-like object or a real number, not 'NoneType'
[2025-07-22T06:42:45.122+0000] {pipeline.py:253} WARNING - Error processing car make record {'MakeId': 572, 'MakeName': 'SAAB', 'VehicleTypeId': 2, 'VehicleTypeName': 'Passenger Car'}: int() argument must be a string, a bytes-like object or a real number, not 'NoneType'
[2025-07-22T06:42:45.122+0000] {pipeline.py:253} WARNING - Error processing car make record {'MakeId': 582, 'MakeName': 'AUDI', 'VehicleTypeId': 2, 'VehicleTypeName': 'Passenger Car'}: int() argument must be a string, a bytes-like object or a real number, not 'NoneType'
[2025-07-22T06:42:45.123+0000] {pipeline.py:253} WARNING - Error processing car make record {'MakeId': 583, 'MakeName': 'BENTLEY', 'VehicleTypeId': 2, 'VehicleTypeName': 'Passenger Car'}: int() argument must be a string, a bytes-like object or a real number, not 'NoneType'
[2025-07-22T06:42:45.123+0000] {pipeline.py:253} WARNING - Error processing car make record {'MakeId': 584, 'MakeName': 'PORSCHE', 'VehicleTypeId': 2, 'VehicleTypeName': 'Passenger Car'}: int() argument must be a string, a bytes-like object or a real number, not 'NoneType'
[2025-07-22T06:42:45.124+0000] {pipeline.py:253} WARNING - Error processing car make record {'MakeId': 603, 'MakeName': 'FERRARI', 'VehicleTypeId': 2, 'VehicleTypeName': 'Passenger Car'}: int() argument must be a string, a bytes-like object or a real number, not 'NoneType'
[2025-07-22T06:42:45.124+0000] {pipeline.py:253} WARNING - Error processing car make record {'MakeId': 606, 'MakeName': 'AM GENERAL', 'VehicleTypeId': 2, 'VehicleTypeName': 'Passenger Car'}: int() argument must be a string, a bytes-like object or a real number, not 'NoneType'
[2025-07-22T06:42:45.125+0000] {pipeline.py:253} WARNING - Error processing car make record {'MakeId': 629, 'MakeName': 'CREATIVE COACHWORKS', 'VehicleTypeId': 2, 'VehicleTypeName': 'Passenger Car'}: int() argument must be a string, a bytes-like object or a real number, not 'NoneType'
[2025-07-22T06:42:45.125+0000] {pipeline.py:253} WARNING - Error processing car make record {'MakeId': 771, 'MakeName': 'AC PROPULSION', 'VehicleTypeId': 2, 'VehicleTypeName': 'Passenger Car'}: int() argument must be a string, a bytes-like object or a real number, not 'NoneType'
[2025-07-22T06:42:45.126+0000] {pipeline.py:253} WARNING - Error processing car make record {'MakeId': 847, 'MakeName': 'DAIHATSU', 'VehicleTypeId': 2, 'VehicleTypeName': 'Passenger Car'}: int() argument must be a string, a bytes-like object or a real number, not 'NoneType'
[2025-07-22T06:42:45.126+0000] {pipeline.py:253} WARNING - Error processing car make record {'MakeId': 972, 'MakeName': 'FALCON', 'VehicleTypeId': 2, 'VehicleTypeName': 'Passenger Car'}: int() argument must be a string, a bytes-like object or a real number, not 'NoneType'
[2025-07-22T06:42:45.127+0000] {pipeline.py:253} WARNING - Error processing car make record {'MakeId': 986, 'MakeName': 'EV INNOVATIONS', 'VehicleTypeId': 2, 'VehicleTypeName': 'Passenger Car'}: int() argument must be a string, a bytes-like object or a real number, not 'NoneType'
[2025-07-22T06:42:45.127+0000] {pipeline.py:253} WARNING - Error processing car make record {'MakeId': 992, 'MakeName': 'FAW JIAXING HAPPY MESSENGER', 'VehicleTypeId': 2, 'VehicleTypeName': 'Passenger Car'}: int() argument must be a string, a bytes-like object or a real number, not 'NoneType'
[2025-07-22T06:42:45.127+0000] {pipeline.py:253} WARNING - Error processing car make record {'MakeId': 1056, 'MakeName': 'SATURN', 'VehicleTypeId': 2, 'VehicleTypeName': 'Passenger Car'}: int() argument must be a string, a bytes-like object or a real number, not 'NoneType'
[2025-07-22T06:42:45.128+0000] {pipeline.py:253} WARNING - Error processing car make record {'MakeId': 1077, 'MakeName': 'DAEWOO', 'VehicleTypeId': 2, 'VehicleTypeName': 'Passenger Car'}: int() argument must be a string, a bytes-like object or a real number, not 'NoneType'
[2025-07-22T06:42:45.128+0000] {pipeline.py:253} WARNING - Error processing car make record {'MakeId': 1124, 'MakeName': 'AMERICAN MOTORS', 'VehicleTypeId': 2, 'VehicleTypeName': 'Passenger Car'}: int() argument must be a string, a bytes-like object or a real number, not 'NoneType'
[2025-07-22T06:42:45.129+0000] {pipeline.py:253} WARNING - Error processing car make record {'MakeId': 1142, 'MakeName': 'FORMULA 1 STREET COM', 'VehicleTypeId': 2, 'VehicleTypeName': 'Passenger Car'}: int() argument must be a string, a bytes-like object or a real number, not 'NoneType'
[2025-07-22T06:42:45.129+0000] {pipeline.py:253} WARNING - Error processing car make record {'MakeId': 1146, 'MakeName': 'GEO', 'VehicleTypeId': 2, 'VehicleTypeName': 'Passenger Car'}: int() argument must be a string, a bytes-like object or a real number, not 'NoneType'
[2025-07-22T06:42:45.130+0000] {pipeline.py:253} WARNING - Error processing car make record {'MakeId': 1151, 'MakeName': 'FORTUNESPORT VES', 'VehicleTypeId': 2, 'VehicleTypeName': 'Passenger Car'}: int() argument must be a string, a bytes-like object or a real number, not 'NoneType'
[2025-07-22T06:42:45.130+0000] {pipeline.py:253} WARNING - Error processing car make record {'MakeId': 1288, 'MakeName': 'AAS', 'VehicleTypeId': 2, 'VehicleTypeName': 'Passenger Car'}: int() argument must be a string, a bytes-like object or a real number, not 'NoneType'
[2025-07-22T06:42:45.131+0000] {pipeline.py:253} WARNING - Error processing car make record {'MakeId': 1292, 'MakeName': 'EQUUS AUTOMOTIVE', 'VehicleTypeId': 2, 'VehicleTypeName': 'Passenger Car'}: int() argument must be a string, a bytes-like object or a real number, not 'NoneType'
[2025-07-22T06:42:45.131+0000] {pipeline.py:253} WARNING - Error processing car make record {'MakeId': 1393, 'MakeName': 'ELECTRIC MOBILE CARS', 'VehicleTypeId': 2, 'VehicleTypeName': 'Passenger Car'}: int() argument must be a string, a bytes-like object or a real number, not 'NoneType'
[2025-07-22T06:42:45.131+0000] {pipeline.py:253} WARNING - Error processing car make record {'MakeId': 1498, 'MakeName': 'AVERA MOTORS', 'VehicleTypeId': 2, 'VehicleTypeName': 'Passenger Car'}: int() argument must be a string, a bytes-like object or a real number, not 'NoneType'
[2025-07-22T06:42:45.132+0000] {pipeline.py:253} WARNING - Error processing car make record {'MakeId': 1683, 'MakeName': 'BAKKURA MOBILITY', 'VehicleTypeId': 2, 'VehicleTypeName': 'Passenger Car'}: int() argument must be a string, a bytes-like object or a real number, not 'NoneType'
[2025-07-22T06:42:45.132+0000] {pipeline.py:253} WARNING - Error processing car make record {'MakeId': 1755, 'MakeName': 'TH!NK', 'VehicleTypeId': 2, 'VehicleTypeName': 'Passenger Car'}: int() argument must be a string, a bytes-like object or a real number, not 'NoneType'
[2025-07-22T06:42:45.133+0000] {pipeline.py:253} WARNING - Error processing car make record {'MakeId': 1777, 'MakeName': 'CODA', 'VehicleTypeId': 2, 'VehicleTypeName': 'Passenger Car'}: int() argument must be a string, a bytes-like object or a real number, not 'NoneType'
[2025-07-22T06:42:45.133+0000] {pipeline.py:253} WARNING - Error processing car make record {'MakeId': 1869, 'MakeName': 'CONTEMPORARY CLASSIC CARS (CCC)', 'VehicleTypeId': 2, 'VehicleTypeName': 'Passenger Car'}: int() argument must be a string, a bytes-like object or a real number, not 'NoneType'
[2025-07-22T06:42:45.133+0000] {pipeline.py:253} WARNING - Error processing car make record {'MakeId': 1896, 'MakeName': 'KOENIGSEGG', 'VehicleTypeId': 2, 'VehicleTypeName': 'Passenger Car'}: int() argument must be a string, a bytes-like object or a real number, not 'NoneType'
[2025-07-22T06:42:45.134+0000] {pipeline.py:253} WARNING - Error processing car make record {'MakeId': 1991, 'MakeName': 'BYD', 'VehicleTypeId': 2, 'VehicleTypeName': 'Passenger Car'}: int() argument must be a string, a bytes-like object or a real number, not 'NoneType'
[2025-07-22T06:42:45.134+0000] {pipeline.py:253} WARNING - Error processing car make record {'MakeId': 2018, 'MakeName': 'KANDI', 'VehicleTypeId': 2, 'VehicleTypeName': 'Passenger Car'}: int() argument must be a string, a bytes-like object or a real number, not 'NoneType'
[2025-07-22T06:42:45.135+0000] {pipeline.py:253} WARNING - Error processing car make record {'MakeId': 2049, 'MakeName': 'KEPLER MOTORS', 'VehicleTypeId': 2, 'VehicleTypeName': 'Passenger Car'}: int() argument must be a string, a bytes-like object or a real number, not 'NoneType'
[2025-07-22T06:42:45.135+0000] {pipeline.py:253} WARNING - Error processing car make record {'MakeId': 2131, 'MakeName': 'MAKING YOU MOBILE', 'VehicleTypeId': 2, 'VehicleTypeName': 'Passenger Car'}: int() argument must be a string, a bytes-like object or a real number, not 'NoneType'
[2025-07-22T06:42:45.135+0000] {pipeline.py:253} WARNING - Error processing car make record {'MakeId': 2236, 'MakeName': 'MCLAREN', 'VehicleTypeId': 2, 'VehicleTypeName': 'Passenger Car'}: int() argument must be a string, a bytes-like object or a real number, not 'NoneType'
[2025-07-22T06:42:45.136+0000] {pipeline.py:253} WARNING - Error processing car make record {'MakeId': 2376, 'MakeName': 'MYCAR', 'VehicleTypeId': 2, 'VehicleTypeName': 'Passenger Car'}: int() argument must be a string, a bytes-like object or a real number, not 'NoneType'
[2025-07-22T06:42:45.136+0000] {pipeline.py:253} WARNING - Error processing car make record {'MakeId': 2408, 'MakeName': 'EAGLE', 'VehicleTypeId': 2, 'VehicleTypeName': 'Passenger Car'}: int() argument must be a string, a bytes-like object or a real number, not 'NoneType'
[2025-07-22T06:42:45.137+0000] {pipeline.py:253} WARNING - Error processing car make record {'MakeId': 2409, 'MakeName': 'PLYMOUTH', 'VehicleTypeId': 2, 'VehicleTypeName': 'Passenger Car'}: int() argument must be a string, a bytes-like object or a real number, not 'NoneType'
[2025-07-22T06:42:45.137+0000] {pipeline.py:253} WARNING - Error processing car make record {'MakeId': 2665, 'MakeName': 'NJD AUTOMOTIVE LLC', 'VehicleTypeId': 2, 'VehicleTypeName': 'Passenger Car'}: int() argument must be a string, a bytes-like object or a real number, not 'NoneType'
[2025-07-22T06:42:45.138+0000] {pipeline.py:253} WARNING - Error processing car make record {'MakeId': 2745, 'MakeName': 'PHOENIX MOTORCARS', 'VehicleTypeId': 2, 'VehicleTypeName': 'Passenger Car'}: int() argument must be a string, a bytes-like object or a real number, not 'NoneType'
[2025-07-22T06:42:45.139+0000] {pipeline.py:253} WARNING - Error processing car make record {'MakeId': 3176, 'MakeName': 'ROCKET SLED MOTORS', 'VehicleTypeId': 2, 'VehicleTypeName': 'Passenger Car'}: int() argument must be a string, a bytes-like object or a real number, not 'NoneType'
[2025-07-22T06:42:45.139+0000] {pipeline.py:253} WARNING - Error processing car make record {'MakeId': 3440, 'MakeName': 'VISION INDUSTRIES', 'VehicleTypeId': 2, 'VehicleTypeName': 'Passenger Car'}: int() argument must be a string, a bytes-like object or a real number, not 'NoneType'
[2025-07-22T06:42:45.140+0000] {pipeline.py:253} WARNING - Error processing car make record {'MakeId': 3540, 'MakeName': 'WARHAWK PERFORMANCE', 'VehicleTypeId': 2, 'VehicleTypeName': 'Passenger Car'}: int() argument must be a string, a bytes-like object or a real number, not 'NoneType'
[2025-07-22T06:42:45.141+0000] {pipeline.py:253} WARNING - Error processing car make record {'MakeId': 3583, 'MakeName': 'UKEYCHEYMA', 'VehicleTypeId': 2, 'VehicleTypeName': 'Passenger Car'}: int() argument must be a string, a bytes-like object or a real number, not 'NoneType'
[2025-07-22T06:42:45.141+0000] {pipeline.py:253} WARNING - Error processing car make record {'MakeId': 3706, 'MakeName': 'TOTAL ELECTRIC VEHICLES', 'VehicleTypeId': 2, 'VehicleTypeName': 'Passenger Car'}: int() argument must be a string, a bytes-like object or a real number, not 'NoneType'
[2025-07-22T06:42:45.142+0000] {pipeline.py:253} WARNING - Error processing car make record {'MakeId': 3766, 'MakeName': 'SPYKER', 'VehicleTypeId': 2, 'VehicleTypeName': 'Passenger Car'}: int() argument must be a string, a bytes-like object or a real number, not 'NoneType'
[2025-07-22T06:42:45.142+0000] {pipeline.py:253} WARNING - Error processing car make record {'MakeId': 4162, 'MakeName': 'OLDSMOBILE', 'VehicleTypeId': 2, 'VehicleTypeName': 'Passenger Car'}: int() argument must be a string, a bytes-like object or a real number, not 'NoneType'
[2025-07-22T06:42:45.143+0000] {pipeline.py:253} WARNING - Error processing car make record {'MakeId': 4220, 'MakeName': 'PANOZ', 'VehicleTypeId': 2, 'VehicleTypeName': 'Passenger Car'}: int() argument must be a string, a bytes-like object or a real number, not 'NoneType'
[2025-07-22T06:42:45.143+0000] {pipeline.py:253} WARNING - Error processing car make record {'MakeId': 4355, 'MakeName': 'SALEEN', 'VehicleTypeId': 2, 'VehicleTypeName': 'Passenger Car'}: int() argument must be a string, a bytes-like object or a real number, not 'NoneType'
[2025-07-22T06:42:45.144+0000] {pipeline.py:253} WARNING - Error processing car make record {'MakeId': 4410, 'MakeName': 'SOLECTRIA', 'VehicleTypeId': 2, 'VehicleTypeName': 'Passenger Car'}: int() argument must be a string, a bytes-like object or a real number, not 'NoneType'
[2025-07-22T06:42:45.144+0000] {pipeline.py:253} WARNING - Error processing car make record {'MakeId': 4451, 'MakeName': 'YESTER YEAR AUTO', 'VehicleTypeId': 2, 'VehicleTypeName': 'Passenger Car'}: int() argument must be a string, a bytes-like object or a real number, not 'NoneType'
[2025-07-22T06:42:45.145+0000] {pipeline.py:253} WARNING - Error processing car make record {'MakeId': 4596, 'MakeName': 'BXR', 'VehicleTypeId': 2, 'VehicleTypeName': 'Passenger Car'}: int() argument must be a string, a bytes-like object or a real number, not 'NoneType'
[2025-07-22T06:42:45.145+0000] {pipeline.py:253} WARNING - Error processing car make record {'MakeId': 4634, 'MakeName': 'ENGINE CONNECTION', 'VehicleTypeId': 2, 'VehicleTypeName': 'Passenger Car'}: int() argument must be a string, a bytes-like object or a real number, not 'NoneType'
[2025-07-22T06:42:45.146+0000] {pipeline.py:253} WARNING - Error processing car make record {'MakeId': 4644, 'MakeName': 'BLUECAR', 'VehicleTypeId': 2, 'VehicleTypeName': 'Passenger Car'}: int() argument must be a string, a bytes-like object or a real number, not 'NoneType'
[2025-07-22T06:42:45.146+0000] {pipeline.py:253} WARNING - Error processing car make record {'MakeId': 4764, 'MakeName': 'MOSLER', 'VehicleTypeId': 2, 'VehicleTypeName': 'Passenger Car'}: int() argument must be a string, a bytes-like object or a real number, not 'NoneType'
[2025-07-22T06:42:45.147+0000] {pipeline.py:253} WARNING - Error processing car make record {'MakeId': 4767, 'MakeName': 'PAGANI', 'VehicleTypeId': 2, 'VehicleTypeName': 'Passenger Car'}: int() argument must be a string, a bytes-like object or a real number, not 'NoneType'
[2025-07-22T06:42:45.147+0000] {pipeline.py:253} WARNING - Error processing car make record {'MakeId': 4859, 'MakeName': 'REVOLOGY', 'VehicleTypeId': 2, 'VehicleTypeName': 'Passenger Car'}: int() argument must be a string, a bytes-like object or a real number, not 'NoneType'
[2025-07-22T06:42:45.148+0000] {pipeline.py:253} WARNING - Error processing car make record {'MakeId': 5015, 'MakeName': 'EMA', 'VehicleTypeId': 2, 'VehicleTypeName': 'Passenger Car'}: int() argument must be a string, a bytes-like object or a real number, not 'NoneType'
[2025-07-22T06:42:45.148+0000] {pipeline.py:253} WARNING - Error processing car make record {'MakeId': 5042, 'MakeName': 'COSTIN SPORTS CAR', 'VehicleTypeId': 2, 'VehicleTypeName': 'Passenger Car'}: int() argument must be a string, a bytes-like object or a real number, not 'NoneType'
[2025-07-22T06:42:45.148+0000] {pipeline.py:253} WARNING - Error processing car make record {'MakeId': 5083, 'MakeName': 'GENESIS', 'VehicleTypeId': 2, 'VehicleTypeName': 'Passenger Car'}: int() argument must be a string, a bytes-like object or a real number, not 'NoneType'
[2025-07-22T06:42:45.149+0000] {pipeline.py:253} WARNING - Error processing car make record {'MakeId': 5122, 'MakeName': 'KARMA', 'VehicleTypeId': 2, 'VehicleTypeName': 'Passenger Car'}: int() argument must be a string, a bytes-like object or a real number, not 'NoneType'
[2025-07-22T06:42:45.149+0000] {pipeline.py:253} WARNING - Error processing car make record {'MakeId': 5208, 'MakeName': 'MATRIX MOTOR COMPANY', 'VehicleTypeId': 2, 'VehicleTypeName': 'Passenger Car'}: int() argument must be a string, a bytes-like object or a real number, not 'NoneType'
[2025-07-22T06:42:45.150+0000] {pipeline.py:253} WARNING - Error processing car make record {'MakeId': 5367, 'MakeName': 'ARMBRUSTER STAGEWAY', 'VehicleTypeId': 2, 'VehicleTypeName': 'Passenger Car'}: int() argument must be a string, a bytes-like object or a real number, not 'NoneType'
[2025-07-22T06:42:45.150+0000] {pipeline.py:253} WARNING - Error processing car make record {'MakeId': 5381, 'MakeName': 'LUMEN', 'VehicleTypeId': 2, 'VehicleTypeName': 'Passenger Car'}: int() argument must be a string, a bytes-like object or a real number, not 'NoneType'
[2025-07-22T06:42:45.151+0000] {pipeline.py:253} WARNING - Error processing car make record {'MakeId': 5464, 'MakeName': 'ASUNA', 'VehicleTypeId': 2, 'VehicleTypeName': 'Passenger Car'}: int() argument must be a string, a bytes-like object or a real number, not 'NoneType'
[2025-07-22T06:42:45.151+0000] {pipeline.py:253} WARNING - Error processing car make record {'MakeId': 5468, 'MakeName': 'MERKUR', 'VehicleTypeId': 2, 'VehicleTypeName': 'Passenger Car'}: int() argument must be a string, a bytes-like object or a real number, not 'NoneType'
[2025-07-22T06:42:45.152+0000] {pipeline.py:253} WARNING - Error processing car make record {'MakeId': 5552, 'MakeName': 'AVANTI', 'VehicleTypeId': 2, 'VehicleTypeName': 'Passenger Car'}: int() argument must be a string, a bytes-like object or a real number, not 'NoneType'
[2025-07-22T06:42:45.152+0000] {pipeline.py:253} WARNING - Error processing car make record {'MakeId': 5553, 'MakeName': 'YUGO', 'VehicleTypeId': 2, 'VehicleTypeName': 'Passenger Car'}: int() argument must be a string, a bytes-like object or a real number, not 'NoneType'
[2025-07-22T06:42:45.153+0000] {pipeline.py:253} WARNING - Error processing car make record {'MakeId': 5554, 'MakeName': 'PEUGEOT', 'VehicleTypeId': 2, 'VehicleTypeName': 'Passenger Car'}: int() argument must be a string, a bytes-like object or a real number, not 'NoneType'
[2025-07-22T06:42:45.154+0000] {pipeline.py:253} WARNING - Error processing car make record {'MakeId': 5555, 'MakeName': 'STERLING MOTOR CAR', 'VehicleTypeId': 2, 'VehicleTypeName': 'Passenger Car'}: int() argument must be a string, a bytes-like object or a real number, not 'NoneType'
[2025-07-22T06:42:45.155+0000] {pipeline.py:253} WARNING - Error processing car make record {'MakeId': 5557, 'MakeName': 'CONSULIER GTP', 'VehicleTypeId': 2, 'VehicleTypeName': 'Passenger Car'}: int() argument must be a string, a bytes-like object or a real number, not 'NoneType'
[2025-07-22T06:42:45.156+0000] {pipeline.py:253} WARNING - Error processing car make record {'MakeId': 5657, 'MakeName': 'DATSUN', 'VehicleTypeId': 2, 'VehicleTypeName': 'Passenger Car'}: int() argument must be a string, a bytes-like object or a real number, not 'NoneType'
[2025-07-22T06:42:45.156+0000] {pipeline.py:253} WARNING - Error processing car make record {'MakeId': 5661, 'MakeName': 'PININFARINA', 'VehicleTypeId': 2, 'VehicleTypeName': 'Passenger Car'}: int() argument must be a string, a bytes-like object or a real number, not 'NoneType'
[2025-07-22T06:42:45.157+0000] {pipeline.py:253} WARNING - Error processing car make record {'MakeId': 5760, 'MakeName': 'VINTAGE AUTO', 'VehicleTypeId': 2, 'VehicleTypeName': 'Passenger Car'}: int() argument must be a string, a bytes-like object or a real number, not 'NoneType'
[2025-07-22T06:42:45.157+0000] {pipeline.py:253} WARNING - Error processing car make record {'MakeId': 5767, 'MakeName': 'LONDONCOACH INC', 'VehicleTypeId': 2, 'VehicleTypeName': 'Passenger Car'}: int() argument must be a string, a bytes-like object or a real number, not 'NoneType'
[2025-07-22T06:42:45.158+0000] {pipeline.py:253} WARNING - Error processing car make record {'MakeId': 5848, 'MakeName': 'MGS GRAND SPORT (MARDIKIAN)', 'VehicleTypeId': 2, 'VehicleTypeName': 'Passenger Car'}: int() argument must be a string, a bytes-like object or a real number, not 'NoneType'
[2025-07-22T06:42:45.158+0000] {pipeline.py:253} WARNING - Error processing car make record {'MakeId': 5938, 'MakeName': 'PANTHER', 'VehicleTypeId': 2, 'VehicleTypeName': 'Passenger Car'}: int() argument must be a string, a bytes-like object or a real number, not 'NoneType'
[2025-07-22T06:42:45.159+0000] {pipeline.py:253} WARNING - Error processing car make record {'MakeId': 6018, 'MakeName': 'DAYTONA COACH BUILDERS', 'VehicleTypeId': 2, 'VehicleTypeName': 'Passenger Car'}: int() argument must be a string, a bytes-like object or a real number, not 'NoneType'
[2025-07-22T06:42:45.159+0000] {pipeline.py:253} WARNING - Error processing car make record {'MakeId': 6069, 'MakeName': 'UCC', 'VehicleTypeId': 2, 'VehicleTypeName': 'Passenger Car'}: int() argument must be a string, a bytes-like object or a real number, not 'NoneType'
[2025-07-22T06:42:45.160+0000] {pipeline.py:253} WARNING - Error processing car make record {'MakeId': 6263, 'MakeName': 'RS SPIDER', 'VehicleTypeId': 2, 'VehicleTypeName': 'Passenger Car'}: int() argument must be a string, a bytes-like object or a real number, not 'NoneType'
[2025-07-22T06:42:45.160+0000] {pipeline.py:253} WARNING - Error processing car make record {'MakeId': 6264, 'MakeName': 'GRUPPE B', 'VehicleTypeId': 2, 'VehicleTypeName': 'Passenger Car'}: int() argument must be a string, a bytes-like object or a real number, not 'NoneType'
[2025-07-22T06:42:45.160+0000] {pipeline.py:253} WARNING - Error processing car make record {'MakeId': 6265, 'MakeName': 'RALLY SPORT', 'VehicleTypeId': 2, 'VehicleTypeName': 'Passenger Car'}: int() argument must be a string, a bytes-like object or a real number, not 'NoneType'
[2025-07-22T06:42:45.161+0000] {pipeline.py:253} WARNING - Error processing car make record {'MakeId': 6313, 'MakeName': 'RENAISSANCE', 'VehicleTypeId': 2, 'VehicleTypeName': 'Passenger Car'}: int() argument must be a string, a bytes-like object or a real number, not 'NoneType'
[2025-07-22T06:42:45.161+0000] {pipeline.py:253} WARNING - Error processing car make record {'MakeId': 6364, 'MakeName': 'JAC 427', 'VehicleTypeId': 2, 'VehicleTypeName': 'Passenger Car'}: int() argument must be a string, a bytes-like object or a real number, not 'NoneType'
[2025-07-22T06:42:45.162+0000] {pipeline.py:253} WARNING - Error processing car make record {'MakeId': 6408, 'MakeName': 'HUNTER DESIGN GROUP, LLC', 'VehicleTypeId': 2, 'VehicleTypeName': 'Passenger Car'}: int() argument must be a string, a bytes-like object or a real number, not 'NoneType'
[2025-07-22T06:42:45.162+0000] {pipeline.py:253} WARNING - Error processing car make record {'MakeId': 6473, 'MakeName': 'BLACKWATER', 'VehicleTypeId': 2, 'VehicleTypeName': 'Passenger Car'}: int() argument must be a string, a bytes-like object or a real number, not 'NoneType'
[2025-07-22T06:42:45.162+0000] {pipeline.py:253} WARNING - Error processing car make record {'MakeId': 6663, 'MakeName': 'GULLWING INTERNATIONAL MOTORS, LTD.', 'VehicleTypeId': 2, 'VehicleTypeName': 'Passenger Car'}: int() argument must be a string, a bytes-like object or a real number, not 'NoneType'
[2025-07-22T06:42:45.163+0000] {pipeline.py:253} WARNING - Error processing car make record {'MakeId': 6759, 'MakeName': 'AMERITECH CORPORATION', 'VehicleTypeId': 2, 'VehicleTypeName': 'Passenger Car'}: int() argument must be a string, a bytes-like object or a real number, not 'NoneType'
[2025-07-22T06:42:45.163+0000] {pipeline.py:253} WARNING - Error processing car make record {'MakeId': 6792, 'MakeName': 'STANFORD CUSTOMS', 'VehicleTypeId': 2, 'VehicleTypeName': 'Passenger Car'}: int() argument must be a string, a bytes-like object or a real number, not 'NoneType'
[2025-07-22T06:42:45.163+0000] {pipeline.py:253} WARNING - Error processing car make record {'MakeId': 6880, 'MakeName': 'CLASSIC ROADSTERS', 'VehicleTypeId': 2, 'VehicleTypeName': 'Passenger Car'}: int() argument must be a string, a bytes-like object or a real number, not 'NoneType'
[2025-07-22T06:42:45.164+0000] {pipeline.py:253} WARNING - Error processing car make record {'MakeId': 6986, 'MakeName': 'HERITAGE', 'VehicleTypeId': 2, 'VehicleTypeName': 'Passenger Car'}: int() argument must be a string, a bytes-like object or a real number, not 'NoneType'
[2025-07-22T06:42:45.164+0000] {pipeline.py:253} WARNING - Error processing car make record {'MakeId': 7099, 'MakeName': 'COBRA CARS', 'VehicleTypeId': 2, 'VehicleTypeName': 'Passenger Car'}: int() argument must be a string, a bytes-like object or a real number, not 'NoneType'
[2025-07-22T06:42:45.164+0000] {pipeline.py:253} WARNING - Error processing car make record {'MakeId': 7207, 'MakeName': 'C-R CHEETAH RACE CARS', 'VehicleTypeId': 2, 'VehicleTypeName': 'Passenger Car'}: int() argument must be a string, a bytes-like object or a real number, not 'NoneType'
[2025-07-22T06:42:45.165+0000] {pipeline.py:253} WARNING - Error processing car make record {'MakeId': 7225, 'MakeName': 'PAS', 'VehicleTypeId': 2, 'VehicleTypeName': 'Passenger Car'}: int() argument must be a string, a bytes-like object or a real number, not 'NoneType'
[2025-07-22T06:42:45.165+0000] {pipeline.py:253} WARNING - Error processing car make record {'MakeId': 7425, 'MakeName': 'BUG MOTORS', 'VehicleTypeId': 2, 'VehicleTypeName': 'Passenger Car'}: int() argument must be a string, a bytes-like object or a real number, not 'NoneType'
[2025-07-22T06:42:45.166+0000] {pipeline.py:253} WARNING - Error processing car make record {'MakeId': 7477, 'MakeName': 'EXCALIBUR AUTOMOBILE CORPORATION', 'VehicleTypeId': 2, 'VehicleTypeName': 'Passenger Car'}: int() argument must be a string, a bytes-like object or a real number, not 'NoneType'
[2025-07-22T06:42:45.166+0000] {pipeline.py:253} WARNING - Error processing car make record {'MakeId': 7765, 'MakeName': 'IVES MOTORS CORPORATION (IMC)', 'VehicleTypeId': 2, 'VehicleTypeName': 'Passenger Car'}: int() argument must be a string, a bytes-like object or a real number, not 'NoneType'
[2025-07-22T06:42:45.167+0000] {pipeline.py:253} WARNING - Error processing car make record {'MakeId': 7836, 'MakeName': 'AUTODELTA USA INC', 'VehicleTypeId': 2, 'VehicleTypeName': 'Passenger Car'}: int() argument must be a string, a bytes-like object or a real number, not 'NoneType'
[2025-07-22T06:42:45.167+0000] {pipeline.py:253} WARNING - Error processing car make record {'MakeId': 8395, 'MakeName': 'AUTOCAR LTD', 'VehicleTypeId': 2, 'VehicleTypeName': 'Passenger Car'}: int() argument must be a string, a bytes-like object or a real number, not 'NoneType'
[2025-07-22T06:42:45.168+0000] {pipeline.py:253} WARNING - Error processing car make record {'MakeId': 8549, 'MakeName': 'MOKE', 'VehicleTypeId': 2, 'VehicleTypeName': 'Passenger Car'}: int() argument must be a string, a bytes-like object or a real number, not 'NoneType'
[2025-07-22T06:42:45.168+0000] {pipeline.py:253} WARNING - Error processing car make record {'MakeId': 8605, 'MakeName': 'BBC', 'VehicleTypeId': 2, 'VehicleTypeName': 'Passenger Car'}: int() argument must be a string, a bytes-like object or a real number, not 'NoneType'
[2025-07-22T06:42:45.169+0000] {pipeline.py:253} WARNING - Error processing car make record {'MakeId': 8785, 'MakeName': 'PHOENIX SPORTS CARS, INC.', 'VehicleTypeId': 2, 'VehicleTypeName': 'Passenger Car'}: int() argument must be a string, a bytes-like object or a real number, not 'NoneType'
[2025-07-22T06:42:45.170+0000] {pipeline.py:253} WARNING - Error processing car make record {'MakeId': 9250, 'MakeName': 'VECTOR AEROMOTIVE CORPORATION', 'VehicleTypeId': 2, 'VehicleTypeName': 'Passenger Car'}: int() argument must be a string, a bytes-like object or a real number, not 'NoneType'
[2025-07-22T06:42:45.170+0000] {pipeline.py:253} WARNING - Error processing car make record {'MakeId': 9326, 'MakeName': 'CARBODIES', 'VehicleTypeId': 2, 'VehicleTypeName': 'Passenger Car'}: int() argument must be a string, a bytes-like object or a real number, not 'NoneType'
[2025-07-22T06:42:45.171+0000] {pipeline.py:253} WARNING - Error processing car make record {'MakeId': 9364, 'MakeName': 'CREATIVE COACHWORKS INC.', 'VehicleTypeId': 2, 'VehicleTypeName': 'Passenger Car'}: int() argument must be a string, a bytes-like object or a real number, not 'NoneType'
[2025-07-22T06:42:45.171+0000] {pipeline.py:253} WARNING - Error processing car make record {'MakeId': 9376, 'MakeName': 'WESTFALL MOTORS CORP.', 'VehicleTypeId': 2, 'VehicleTypeName': 'Passenger Car'}: int() argument must be a string, a bytes-like object or a real number, not 'NoneType'
[2025-07-22T06:42:45.171+0000] {pipeline.py:253} WARNING - Error processing car make record {'MakeId': 9401, 'MakeName': 'CLENET', 'VehicleTypeId': 2, 'VehicleTypeName': 'Passenger Car'}: int() argument must be a string, a bytes-like object or a real number, not 'NoneType'
[2025-07-22T06:42:45.172+0000] {pipeline.py:253} WARNING - Error processing car make record {'MakeId': 9448, 'MakeName': 'ELECTRIC CAR COMPANY', 'VehicleTypeId': 2, 'VehicleTypeName': 'Passenger Car'}: int() argument must be a string, a bytes-like object or a real number, not 'NoneType'
[2025-07-22T06:42:45.172+0000] {pipeline.py:253} WARNING - Error processing car make record {'MakeId': 9458, 'MakeName': 'CX AUTOMOTIVE', 'VehicleTypeId': 2, 'VehicleTypeName': 'Passenger Car'}: int() argument must be a string, a bytes-like object or a real number, not 'NoneType'
[2025-07-22T06:42:45.173+0000] {pipeline.py:253} WARNING - Error processing car make record {'MakeId': 9533, 'MakeName': 'LA EXOTICS', 'VehicleTypeId': 2, 'VehicleTypeName': 'Passenger Car'}: int() argument must be a string, a bytes-like object or a real number, not 'NoneType'
[2025-07-22T06:42:45.173+0000] {pipeline.py:253} WARNING - Error processing car make record {'MakeId': 9572, 'MakeName': 'CLASSIC SPORTS CARS', 'VehicleTypeId': 2, 'VehicleTypeName': 'Passenger Car'}: int() argument must be a string, a bytes-like object or a real number, not 'NoneType'
[2025-07-22T06:42:45.173+0000] {pipeline.py:253} WARNING - Error processing car make record {'MakeId': 9720, 'MakeName': 'SF MOTORS INC.', 'VehicleTypeId': 2, 'VehicleTypeName': 'Passenger Car'}: int() argument must be a string, a bytes-like object or a real number, not 'NoneType'
[2025-07-22T06:42:45.174+0000] {pipeline.py:253} WARNING - Error processing car make record {'MakeId': 9759, 'MakeName': 'SCUDERIA CAMERON GLICKENHAUS (SCG)', 'VehicleTypeId': 2, 'VehicleTypeName': 'Passenger Car'}: int() argument must be a string, a bytes-like object or a real number, not 'NoneType'
[2025-07-22T06:42:45.175+0000] {pipeline.py:253} WARNING - Error processing car make record {'MakeId': 10029, 'MakeName': 'VINTAGE CRUISER', 'VehicleTypeId': 2, 'VehicleTypeName': 'Passenger Car'}: int() argument must be a string, a bytes-like object or a real number, not 'NoneType'
[2025-07-22T06:42:45.175+0000] {pipeline.py:253} WARNING - Error processing car make record {'MakeId': 10030, 'MakeName': 'VINTAGE MICROBUS', 'VehicleTypeId': 2, 'VehicleTypeName': 'Passenger Car'}: int() argument must be a string, a bytes-like object or a real number, not 'NoneType'
[2025-07-22T06:42:45.175+0000] {pipeline.py:253} WARNING - Error processing car make record {'MakeId': 10031, 'MakeName': 'VINTAGE ROVER', 'VehicleTypeId': 2, 'VehicleTypeName': 'Passenger Car'}: int() argument must be a string, a bytes-like object or a real number, not 'NoneType'
[2025-07-22T06:42:45.176+0000] {pipeline.py:253} WARNING - Error processing car make record {'MakeId': 10047, 'MakeName': 'LITE CAR', 'VehicleTypeId': 2, 'VehicleTypeName': 'Passenger Car'}: int() argument must be a string, a bytes-like object or a real number, not 'NoneType'
[2025-07-22T06:42:45.176+0000] {pipeline.py:253} WARNING - Error processing car make record {'MakeId': 10224, 'MakeName': 'POLESTAR', 'VehicleTypeId': 2, 'VehicleTypeName': 'Passenger Car'}: int() argument must be a string, a bytes-like object or a real number, not 'NoneType'
[2025-07-22T06:42:45.177+0000] {pipeline.py:253} WARNING - Error processing car make record {'MakeId': 10256, 'MakeName': 'CZINGER', 'VehicleTypeId': 2, 'VehicleTypeName': 'Passenger Car'}: int() argument must be a string, a bytes-like object or a real number, not 'NoneType'
[2025-07-22T06:42:45.177+0000] {pipeline.py:253} WARNING - Error processing car make record {'MakeId': 10393, 'MakeName': 'GLICKENHAUS', 'VehicleTypeId': 2, 'VehicleTypeName': 'Passenger Car'}: int() argument must be a string, a bytes-like object or a real number, not 'NoneType'
[2025-07-22T06:42:45.177+0000] {pipeline.py:253} WARNING - Error processing car make record {'MakeId': 10623, 'MakeName': 'DONGFENG', 'VehicleTypeId': 2, 'VehicleTypeName': 'Passenger Car'}: int() argument must be a string, a bytes-like object or a real number, not 'NoneType'
[2025-07-22T06:42:45.178+0000] {pipeline.py:253} WARNING - Error processing car make record {'MakeId': 10647, 'MakeName': 'CRUISE', 'VehicleTypeId': 2, 'VehicleTypeName': 'Passenger Car'}: int() argument must be a string, a bytes-like object or a real number, not 'NoneType'
[2025-07-22T06:42:45.178+0000] {pipeline.py:253} WARNING - Error processing car make record {'MakeId': 10919, 'MakeName': 'LUCID', 'VehicleTypeId': 2, 'VehicleTypeName': 'Passenger Car'}: int() argument must be a string, a bytes-like object or a real number, not 'NoneType'
[2025-07-22T06:42:45.178+0000] {pipeline.py:253} WARNING - Error processing car make record {'MakeId': 11076, 'MakeName': 'CALMOTORS', 'VehicleTypeId': 2, 'VehicleTypeName': 'Passenger Car'}: int() argument must be a string, a bytes-like object or a real number, not 'NoneType'
[2025-07-22T06:42:45.179+0000] {pipeline.py:253} WARNING - Error processing car make record {'MakeId': 11346, 'MakeName': 'AUTOMOBILI PININFARINA', 'VehicleTypeId': 2, 'VehicleTypeName': 'Passenger Car'}: int() argument must be a string, a bytes-like object or a real number, not 'NoneType'
[2025-07-22T06:42:45.179+0000] {pipeline.py:253} WARNING - Error processing car make record {'MakeId': 11792, 'MakeName': 'ALLARD MOTOR WORKS', 'VehicleTypeId': 2, 'VehicleTypeName': 'Passenger Car'}: int() argument must be a string, a bytes-like object or a real number, not 'NoneType'
[2025-07-22T06:42:45.179+0000] {pipeline.py:253} WARNING - Error processing car make record {'MakeId': 11832, 'MakeName': 'SHELBY', 'VehicleTypeId': 2, 'VehicleTypeName': 'Passenger Car'}: int() argument must be a string, a bytes-like object or a real number, not 'NoneType'
[2025-07-22T06:42:45.180+0000] {pipeline.py:253} WARNING - Error processing car make record {'MakeId': 11856, 'MakeName': 'FISKER', 'VehicleTypeId': 2, 'VehicleTypeName': 'Passenger Car'}: int() argument must be a string, a bytes-like object or a real number, not 'NoneType'
[2025-07-22T06:42:45.180+0000] {pipeline.py:253} WARNING - Error processing car make record {'MakeId': 11921, 'MakeName': 'RIMAC', 'VehicleTypeId': 2, 'VehicleTypeName': 'Passenger Car'}: int() argument must be a string, a bytes-like object or a real number, not 'NoneType'
[2025-07-22T06:42:45.181+0000] {pipeline.py:253} WARNING - Error processing car make record {'MakeId': 11938, 'MakeName': 'ZOOX', 'VehicleTypeId': 2, 'VehicleTypeName': 'Passenger Car'}: int() argument must be a string, a bytes-like object or a real number, not 'NoneType'
[2025-07-22T06:42:45.181+0000] {pipeline.py:253} WARNING - Error processing car make record {'MakeId': 12074, 'MakeName': 'ECOCAR', 'VehicleTypeId': 2, 'VehicleTypeName': 'Passenger Car'}: int() argument must be a string, a bytes-like object or a real number, not 'NoneType'
[2025-07-22T06:42:45.181+0000] {pipeline.py:253} WARNING - Error processing car make record {'MakeId': 12400, 'MakeName': 'SUPERCAR SYSTEM', 'VehicleTypeId': 2, 'VehicleTypeName': 'Passenger Car'}: int() argument must be a string, a bytes-like object or a real number, not 'NoneType'
[2025-07-22T06:42:45.182+0000] {pipeline.py:253} WARNING - Error processing car make record {'MakeId': 12550, 'MakeName': 'RUF', 'VehicleTypeId': 2, 'VehicleTypeName': 'Passenger Car'}: int() argument must be a string, a bytes-like object or a real number, not 'NoneType'
[2025-07-22T06:42:45.182+0000] {pipeline.py:253} WARNING - Error processing car make record {'MakeId': 12706, 'MakeName': 'KINDIG', 'VehicleTypeId': 2, 'VehicleTypeName': 'Passenger Car'}: int() argument must be a string, a bytes-like object or a real number, not 'NoneType'
[2025-07-22T06:42:45.183+0000] {pipeline.py:253} WARNING - Error processing car make record {'MakeId': 12771, 'MakeName': 'SSC NORTH AMERICA', 'VehicleTypeId': 2, 'VehicleTypeName': 'Passenger Car'}: int() argument must be a string, a bytes-like object or a real number, not 'NoneType'
[2025-07-22T06:42:45.183+0000] {pipeline.py:253} WARNING - Error processing car make record {'MakeId': 12783, 'MakeName': 'BALLISTIC', 'VehicleTypeId': 2, 'VehicleTypeName': 'Passenger Car'}: int() argument must be a string, a bytes-like object or a real number, not 'NoneType'
[2025-07-22T06:42:45.184+0000] {pipeline.py:253} WARNING - Error processing car make record {'MakeId': 12894, 'MakeName': 'MEYERS MANX', 'VehicleTypeId': 2, 'VehicleTypeName': 'Passenger Car'}: int() argument must be a string, a bytes-like object or a real number, not 'NoneType'
[2025-07-22T06:42:45.184+0000] {pipeline.py:253} WARNING - Error processing car make record {'MakeId': 12948, 'MakeName': '1955 CUSTOM BELAIR', 'VehicleTypeId': 2, 'VehicleTypeName': 'Passenger Car'}: int() argument must be a string, a bytes-like object or a real number, not 'NoneType'
[2025-07-22T06:42:45.185+0000] {pipeline.py:253} WARNING - Error processing car make record {'MakeId': 12980, 'MakeName': 'ELKINGTON', 'VehicleTypeId': 2, 'VehicleTypeName': 'Passenger Car'}: int() argument must be a string, a bytes-like object or a real number, not 'NoneType'
[2025-07-22T06:42:45.185+0000] {pipeline.py:253} WARNING - Error processing car make record {'MakeId': 12991, 'MakeName': 'MK SPORTSCARS', 'VehicleTypeId': 2, 'VehicleTypeName': 'Passenger Car'}: int() argument must be a string, a bytes-like object or a real number, not 'NoneType'
[2025-07-22T06:42:45.185+0000] {pipeline.py:253} WARNING - Error processing car make record {'MakeId': 13018, 'MakeName': 'SHAY REPRODUCTION', 'VehicleTypeId': 2, 'VehicleTypeName': 'Passenger Car'}: int() argument must be a string, a bytes-like object or a real number, not 'NoneType'
[2025-07-22T06:42:45.186+0000] {pipeline.py:253} WARNING - Error processing car make record {'MakeId': 13022, 'MakeName': 'DELOREAN', 'VehicleTypeId': 2, 'VehicleTypeName': 'Passenger Car'}: int() argument must be a string, a bytes-like object or a real number, not 'NoneType'
[2025-07-22T06:42:45.186+0000] {pipeline.py:253} WARNING - Error processing car make record {'MakeId': 13024, 'MakeName': 'CLENET COACHWORKS', 'VehicleTypeId': 2, 'VehicleTypeName': 'Passenger Car'}: int() argument must be a string, a bytes-like object or a real number, not 'NoneType'
[2025-07-22T06:42:45.186+0000] {pipeline.py:253} WARNING - Error processing car make record {'MakeId': 13025, 'MakeName': 'CHECKER', 'VehicleTypeId': 2, 'VehicleTypeName': 'Passenger Car'}: int() argument must be a string, a bytes-like object or a real number, not 'NoneType'
[2025-07-22T06:42:45.187+0000] {pipeline.py:253} WARNING - Error processing car make record {'MakeId': 13026, 'MakeName': 'BERTONE', 'VehicleTypeId': 2, 'VehicleTypeName': 'Passenger Car'}: int() argument must be a string, a bytes-like object or a real number, not 'NoneType'
[2025-07-22T06:42:45.187+0000] {pipeline.py:253} WARNING - Error processing car make record {'MakeId': 13028, 'MakeName': 'CAMELOT', 'VehicleTypeId': 2, 'VehicleTypeName': 'Passenger Car'}: int() argument must be a string, a bytes-like object or a real number, not 'NoneType'
[2025-07-22T06:42:45.188+0000] {pipeline.py:253} WARNING - Error processing car make record {'MakeId': 13271, 'MakeName': 'ZEEKR', 'VehicleTypeId': 2, 'VehicleTypeName': 'Passenger Car'}: int() argument must be a string, a bytes-like object or a real number, not 'NoneType'
[2025-07-22T06:42:45.188+0000] {pipeline.py:253} WARNING - Error processing car make record {'MakeId': 13380, 'MakeName': 'BACKDRAFT', 'VehicleTypeId': 2, 'VehicleTypeName': 'Passenger Car'}: int() argument must be a string, a bytes-like object or a real number, not 'NoneType'
[2025-07-22T06:42:45.188+0000] {pipeline.py:253} WARNING - Error processing car make record {'MakeId': 13391, 'MakeName': 'FALCON MOTORS', 'VehicleTypeId': 2, 'VehicleTypeName': 'Passenger Car'}: int() argument must be a string, a bytes-like object or a real number, not 'NoneType'
[2025-07-22T06:42:45.189+0000] {pipeline.py:253} WARNING - Error processing car make record {'MakeId': 13585, 'MakeName': 'MAYHEM AUTOWORKZ', 'VehicleTypeId': 2, 'VehicleTypeName': 'Passenger Car'}: int() argument must be a string, a bytes-like object or a real number, not 'NoneType'
[2025-07-22T06:42:45.189+0000] {pipeline.py:253} WARNING - Error processing car make record {'MakeId': 13647, 'MakeName': 'RENAULT', 'VehicleTypeId': 2, 'VehicleTypeName': 'Passenger Car'}: int() argument must be a string, a bytes-like object or a real number, not 'NoneType'
[2025-07-22T06:42:45.190+0000] {pipeline.py:259} INFO - [Transform/Load] Processed and loaded 0 car makes.
[2025-07-22T06:42:45.218+0000] {python.py:201} INFO - Done. Returned value was: None
[2025-07-22T06:42:45.229+0000] {taskinstance.py:1138} INFO - Marking task as SUCCESS. dag_id=etl_data_pipeline, task_id=transform_car_makes, execution_date=20250722T064239, start_date=20250722T064244, end_date=20250722T064245
[2025-07-22T06:42:45.268+0000] {local_task_job_runner.py:234} INFO - Task exited with return code 0
[2025-07-22T06:42:45.297+0000] {taskinstance.py:3280} INFO - 1 downstream tasks scheduled from follow-on schedule check
