[2025-07-22T06:13:39.051+0000] {taskinstance.py:1956} INFO - Dependencies all met for dep_context=non-requeueable deps ti=<TaskInstance: etl_data_pipeline.ingest_currency_data scheduled__2025-07-21T00:00:00+00:00 [queued]>
[2025-07-22T06:13:39.063+0000] {taskinstance.py:1956} INFO - Dependencies all met for dep_context=requeueable deps ti=<TaskInstance: etl_data_pipeline.ingest_currency_data scheduled__2025-07-21T00:00:00+00:00 [queued]>
[2025-07-22T06:13:39.064+0000] {taskinstance.py:2170} INFO - Starting attempt 1 of 1
[2025-07-22T06:13:39.082+0000] {taskinstance.py:2191} INFO - Executing <Task(PythonOperator): ingest_currency_data> on 2025-07-21 00:00:00+00:00
[2025-07-22T06:13:39.090+0000] {standard_task_runner.py:60} INFO - Started process 179 to run task
[2025-07-22T06:13:39.097+0000] {standard_task_runner.py:87} INFO - Running: ['***', 'tasks', 'run', 'etl_data_pipeline', 'ingest_currency_data', 'scheduled__2025-07-21T00:00:00+00:00', '--job-id', '99', '--raw', '--subdir', 'DAGS_FOLDER/pipeline.py', '--cfg-path', '/tmp/tmpzpm7i9s0']
[2025-07-22T06:13:39.101+0000] {standard_task_runner.py:88} INFO - Job 99: Subtask ingest_currency_data
[2025-07-22T06:13:39.180+0000] {task_command.py:423} INFO - Running <TaskInstance: etl_data_pipeline.ingest_currency_data scheduled__2025-07-21T00:00:00+00:00 [running]> on host d60dbf7f7094
[2025-07-22T06:13:39.300+0000] {taskinstance.py:2480} INFO - Exporting env vars: AIRFLOW_CTX_DAG_OWNER='***' AIRFLOW_CTX_DAG_ID='etl_data_pipeline' AIRFLOW_CTX_TASK_ID='ingest_currency_data' AIRFLOW_CTX_EXECUTION_DATE='2025-07-21T00:00:00+00:00' AIRFLOW_CTX_TRY_NUMBER='1' AIRFLOW_CTX_DAG_RUN_ID='scheduled__2025-07-21T00:00:00+00:00'
[2025-07-22T06:13:39.302+0000] {pipeline.py:45} INFO - Attempting to extract data from: https://api.exchangerate-api.com/v4/latest/USD
[2025-07-22T06:13:39.668+0000] {pipeline.py:49} INFO - Successfully extracted data from: https://api.exchangerate-api.com/v4/latest/USD
[2025-07-22T06:13:39.686+0000] {pipeline.py:36} INFO - Successfully connected to MongoDB at mongodb:27017
[2025-07-22T06:13:39.721+0000] {pipeline.py:74} INFO - [Ingest] Ingested currency data. Rates for USD: 163 currencies.
[2025-07-22T06:13:39.749+0000] {python.py:201} INFO - Done. Returned value was: None
[2025-07-22T06:13:39.768+0000] {taskinstance.py:1138} INFO - Marking task as SUCCESS. dag_id=etl_data_pipeline, task_id=ingest_currency_data, execution_date=20250721T000000, start_date=20250722T061339, end_date=20250722T061339
[2025-07-22T06:13:39.830+0000] {local_task_job_runner.py:234} INFO - Task exited with return code 0
[2025-07-22T06:13:39.867+0000] {taskinstance.py:3280} INFO - 0 downstream tasks scheduled from follow-on schedule check
[2025-07-22T06:24:00.946+0000] {taskinstance.py:1956} INFO - Dependencies all met for dep_context=non-requeueable deps ti=<TaskInstance: etl_data_pipeline.ingest_currency_data scheduled__2025-07-21T00:00:00+00:00 [queued]>
[2025-07-22T06:24:00.956+0000] {taskinstance.py:1956} INFO - Dependencies all met for dep_context=requeueable deps ti=<TaskInstance: etl_data_pipeline.ingest_currency_data scheduled__2025-07-21T00:00:00+00:00 [queued]>
[2025-07-22T06:24:00.956+0000] {taskinstance.py:2170} INFO - Starting attempt 1 of 1
[2025-07-22T06:24:00.971+0000] {taskinstance.py:2191} INFO - Executing <Task(PythonOperator): ingest_currency_data> on 2025-07-21 00:00:00+00:00
[2025-07-22T06:24:00.976+0000] {standard_task_runner.py:60} INFO - Started process 195 to run task
[2025-07-22T06:24:00.980+0000] {standard_task_runner.py:87} INFO - Running: ['***', 'tasks', 'run', 'etl_data_pipeline', 'ingest_currency_data', 'scheduled__2025-07-21T00:00:00+00:00', '--job-id', '3', '--raw', '--subdir', 'DAGS_FOLDER/pipeline.py', '--cfg-path', '/tmp/tmpplq12olz']
[2025-07-22T06:24:00.983+0000] {standard_task_runner.py:88} INFO - Job 3: Subtask ingest_currency_data
[2025-07-22T06:24:01.039+0000] {task_command.py:423} INFO - Running <TaskInstance: etl_data_pipeline.ingest_currency_data scheduled__2025-07-21T00:00:00+00:00 [running]> on host f2365a595aca
[2025-07-22T06:24:01.148+0000] {taskinstance.py:2480} INFO - Exporting env vars: AIRFLOW_CTX_DAG_OWNER='***' AIRFLOW_CTX_DAG_ID='etl_data_pipeline' AIRFLOW_CTX_TASK_ID='ingest_currency_data' AIRFLOW_CTX_EXECUTION_DATE='2025-07-21T00:00:00+00:00' AIRFLOW_CTX_TRY_NUMBER='1' AIRFLOW_CTX_DAG_RUN_ID='scheduled__2025-07-21T00:00:00+00:00'
[2025-07-22T06:24:01.150+0000] {pipeline.py:45} INFO - Attempting to extract data from: https://api.exchangerate-api.com/v4/latest/USD
[2025-07-22T06:24:01.452+0000] {pipeline.py:49} INFO - Successfully extracted data from: https://api.exchangerate-api.com/v4/latest/USD
[2025-07-22T06:24:01.470+0000] {pipeline.py:36} INFO - Successfully connected to MongoDB at mongodb:27017
[2025-07-22T06:24:01.480+0000] {pipeline.py:74} INFO - [Ingest] Ingested currency data. Rates for USD: 163 currencies.
[2025-07-22T06:24:01.496+0000] {python.py:201} INFO - Done. Returned value was: None
[2025-07-22T06:24:01.508+0000] {taskinstance.py:1138} INFO - Marking task as SUCCESS. dag_id=etl_data_pipeline, task_id=ingest_currency_data, execution_date=20250721T000000, start_date=20250722T062400, end_date=20250722T062401
[2025-07-22T06:24:01.553+0000] {local_task_job_runner.py:234} INFO - Task exited with return code 0
[2025-07-22T06:24:01.574+0000] {taskinstance.py:3280} INFO - 0 downstream tasks scheduled from follow-on schedule check
[2025-07-22T06:42:38.080+0000] {taskinstance.py:1956} INFO - Dependencies all met for dep_context=non-requeueable deps ti=<TaskInstance: etl_data_pipeline.ingest_currency_data scheduled__2025-07-21T00:00:00+00:00 [queued]>
[2025-07-22T06:42:38.089+0000] {taskinstance.py:1956} INFO - Dependencies all met for dep_context=requeueable deps ti=<TaskInstance: etl_data_pipeline.ingest_currency_data scheduled__2025-07-21T00:00:00+00:00 [queued]>
[2025-07-22T06:42:38.090+0000] {taskinstance.py:2170} INFO - Starting attempt 1 of 1
[2025-07-22T06:42:38.109+0000] {taskinstance.py:2191} INFO - Executing <Task(PythonOperator): ingest_currency_data> on 2025-07-21 00:00:00+00:00
[2025-07-22T06:42:38.114+0000] {standard_task_runner.py:60} INFO - Started process 187 to run task
[2025-07-22T06:42:38.120+0000] {standard_task_runner.py:87} INFO - Running: ['***', 'tasks', 'run', 'etl_data_pipeline', 'ingest_currency_data', 'scheduled__2025-07-21T00:00:00+00:00', '--job-id', '4', '--raw', '--subdir', 'DAGS_FOLDER/pipeline.py', '--cfg-path', '/tmp/tmpe5vz8slm']
[2025-07-22T06:42:38.124+0000] {standard_task_runner.py:88} INFO - Job 4: Subtask ingest_currency_data
[2025-07-22T06:42:38.184+0000] {task_command.py:423} INFO - Running <TaskInstance: etl_data_pipeline.ingest_currency_data scheduled__2025-07-21T00:00:00+00:00 [running]> on host 85468ae3d510
[2025-07-22T06:42:38.264+0000] {taskinstance.py:2480} INFO - Exporting env vars: AIRFLOW_CTX_DAG_OWNER='***' AIRFLOW_CTX_DAG_ID='etl_data_pipeline' AIRFLOW_CTX_TASK_ID='ingest_currency_data' AIRFLOW_CTX_EXECUTION_DATE='2025-07-21T00:00:00+00:00' AIRFLOW_CTX_TRY_NUMBER='1' AIRFLOW_CTX_DAG_RUN_ID='scheduled__2025-07-21T00:00:00+00:00'
[2025-07-22T06:42:38.266+0000] {pipeline.py:45} INFO - Attempting to extract data from: https://api.exchangerate-api.com/v4/latest/USD
[2025-07-22T06:42:38.601+0000] {pipeline.py:49} INFO - Successfully extracted data from: https://api.exchangerate-api.com/v4/latest/USD
[2025-07-22T06:42:38.616+0000] {pipeline.py:36} INFO - Successfully connected to MongoDB at mongodb:27017
[2025-07-22T06:42:38.627+0000] {pipeline.py:74} INFO - [Ingest] Ingested currency data. Rates for USD: 163 currencies.
[2025-07-22T06:42:38.642+0000] {python.py:201} INFO - Done. Returned value was: None
[2025-07-22T06:42:38.653+0000] {taskinstance.py:1138} INFO - Marking task as SUCCESS. dag_id=etl_data_pipeline, task_id=ingest_currency_data, execution_date=20250721T000000, start_date=20250722T064238, end_date=20250722T064238
[2025-07-22T06:42:38.693+0000] {local_task_job_runner.py:234} INFO - Task exited with return code 0
[2025-07-22T06:42:38.722+0000] {taskinstance.py:3280} INFO - 0 downstream tasks scheduled from follow-on schedule check
[2025-07-22T15:30:28.386+0000] {taskinstance.py:1956} INFO - Dependencies all met for dep_context=non-requeueable deps ti=<TaskInstance: etl_data_pipeline.ingest_currency_data scheduled__2025-07-21T00:00:00+00:00 [queued]>
[2025-07-22T15:30:28.398+0000] {taskinstance.py:1956} INFO - Dependencies all met for dep_context=requeueable deps ti=<TaskInstance: etl_data_pipeline.ingest_currency_data scheduled__2025-07-21T00:00:00+00:00 [queued]>
[2025-07-22T15:30:28.398+0000] {taskinstance.py:2170} INFO - Starting attempt 1 of 1
[2025-07-22T15:30:28.418+0000] {taskinstance.py:2191} INFO - Executing <Task(PythonOperator): ingest_currency_data> on 2025-07-21 00:00:00+00:00
[2025-07-22T15:30:28.427+0000] {standard_task_runner.py:60} INFO - Started process 180 to run task
[2025-07-22T15:30:28.433+0000] {standard_task_runner.py:87} INFO - Running: ['***', 'tasks', 'run', 'etl_data_pipeline', 'ingest_currency_data', 'scheduled__2025-07-21T00:00:00+00:00', '--job-id', '3', '--raw', '--subdir', 'DAGS_FOLDER/pipeline.py', '--cfg-path', '/tmp/tmplhwqv_0r']
[2025-07-22T15:30:28.437+0000] {standard_task_runner.py:88} INFO - Job 3: Subtask ingest_currency_data
[2025-07-22T15:30:28.512+0000] {task_command.py:423} INFO - Running <TaskInstance: etl_data_pipeline.ingest_currency_data scheduled__2025-07-21T00:00:00+00:00 [running]> on host ca8555d60fc9
[2025-07-22T15:30:28.612+0000] {taskinstance.py:2480} INFO - Exporting env vars: AIRFLOW_CTX_DAG_OWNER='***' AIRFLOW_CTX_DAG_ID='etl_data_pipeline' AIRFLOW_CTX_TASK_ID='ingest_currency_data' AIRFLOW_CTX_EXECUTION_DATE='2025-07-21T00:00:00+00:00' AIRFLOW_CTX_TRY_NUMBER='1' AIRFLOW_CTX_DAG_RUN_ID='scheduled__2025-07-21T00:00:00+00:00'
[2025-07-22T15:30:28.614+0000] {pipeline.py:45} INFO - Attempting to extract data from: https://api.exchangerate-api.com/v4/latest/USD
[2025-07-22T15:30:28.624+0000] {pipeline.py:52} ERROR - Error during API extraction from https://api.exchangerate-api.com/v4/latest/USD: HTTPSConnectionPool(host='api.exchangerate-api.com', port=443): Max retries exceeded with url: /v4/latest/USD (Caused by NameResolutionError("<urllib3.connection.HTTPSConnection object at 0x7fdba9104e50>: Failed to resolve 'api.exchangerate-api.com' ([Errno -2] Name or service not known)"))
[2025-07-22T15:30:28.625+0000] {pipeline.py:62} WARNING - No currency data extracted. Skipping ingestion.
[2025-07-22T15:30:28.646+0000] {python.py:201} INFO - Done. Returned value was: None
[2025-07-22T15:30:28.662+0000] {taskinstance.py:1138} INFO - Marking task as SUCCESS. dag_id=etl_data_pipeline, task_id=ingest_currency_data, execution_date=20250721T000000, start_date=20250722T153028, end_date=20250722T153028
[2025-07-22T15:30:28.726+0000] {local_task_job_runner.py:234} INFO - Task exited with return code 0
[2025-07-22T15:30:28.753+0000] {taskinstance.py:3280} INFO - 1 downstream tasks scheduled from follow-on schedule check
[2025-07-22T15:43:15.389+0000] {taskinstance.py:1956} INFO - Dependencies all met for dep_context=non-requeueable deps ti=<TaskInstance: etl_data_pipeline.ingest_currency_data scheduled__2025-07-21T00:00:00+00:00 [queued]>
[2025-07-22T15:43:15.402+0000] {taskinstance.py:1956} INFO - Dependencies all met for dep_context=requeueable deps ti=<TaskInstance: etl_data_pipeline.ingest_currency_data scheduled__2025-07-21T00:00:00+00:00 [queued]>
[2025-07-22T15:43:15.402+0000] {taskinstance.py:2170} INFO - Starting attempt 1 of 1
[2025-07-22T15:43:15.423+0000] {taskinstance.py:2191} INFO - Executing <Task(PythonOperator): ingest_currency_data> on 2025-07-21 00:00:00+00:00
[2025-07-22T15:43:15.432+0000] {standard_task_runner.py:60} INFO - Started process 195 to run task
[2025-07-22T15:43:15.436+0000] {standard_task_runner.py:87} INFO - Running: ['***', 'tasks', 'run', 'etl_data_pipeline', 'ingest_currency_data', 'scheduled__2025-07-21T00:00:00+00:00', '--job-id', '3', '--raw', '--subdir', 'DAGS_FOLDER/pipeline.py', '--cfg-path', '/tmp/tmpp4i6ye62']
[2025-07-22T15:43:15.439+0000] {standard_task_runner.py:88} INFO - Job 3: Subtask ingest_currency_data
[2025-07-22T15:43:15.501+0000] {task_command.py:423} INFO - Running <TaskInstance: etl_data_pipeline.ingest_currency_data scheduled__2025-07-21T00:00:00+00:00 [running]> on host fcecba40fce8
[2025-07-22T15:43:15.585+0000] {taskinstance.py:2480} INFO - Exporting env vars: AIRFLOW_CTX_DAG_OWNER='***' AIRFLOW_CTX_DAG_ID='etl_data_pipeline' AIRFLOW_CTX_TASK_ID='ingest_currency_data' AIRFLOW_CTX_EXECUTION_DATE='2025-07-21T00:00:00+00:00' AIRFLOW_CTX_TRY_NUMBER='1' AIRFLOW_CTX_DAG_RUN_ID='scheduled__2025-07-21T00:00:00+00:00'
[2025-07-22T15:43:15.587+0000] {pipeline.py:45} INFO - Attempting to extract data from: https://api.exchangerate-api.com/v4/latest/USD
[2025-07-22T15:43:17.015+0000] {pipeline.py:49} INFO - Successfully extracted data from: https://api.exchangerate-api.com/v4/latest/USD
[2025-07-22T15:43:17.030+0000] {pipeline.py:36} INFO - Successfully connected to MongoDB at mongodb:27017
[2025-07-22T15:43:17.038+0000] {pipeline.py:74} INFO - [Ingest] Ingested currency data. Rates for USD: 163 currencies.
[2025-07-22T15:43:17.053+0000] {python.py:201} INFO - Done. Returned value was: None
[2025-07-22T15:43:17.065+0000] {taskinstance.py:1138} INFO - Marking task as SUCCESS. dag_id=etl_data_pipeline, task_id=ingest_currency_data, execution_date=20250721T000000, start_date=20250722T154315, end_date=20250722T154317
[2025-07-22T15:43:17.094+0000] {local_task_job_runner.py:234} INFO - Task exited with return code 0
[2025-07-22T15:43:17.120+0000] {taskinstance.py:3280} INFO - 0 downstream tasks scheduled from follow-on schedule check
