[2025-07-20T16:17:17.360+0000] {taskinstance.py:1956} INFO - Dependencies all met for dep_context=non-requeueable deps ti=<TaskInstance: etl_data_pipeline.transform_and_load_data manual__2025-07-20T16:17:13.461391+00:00 [queued]>
[2025-07-20T16:17:17.369+0000] {taskinstance.py:1956} INFO - Dependencies all met for dep_context=requeueable deps ti=<TaskInstance: etl_data_pipeline.transform_and_load_data manual__2025-07-20T16:17:13.461391+00:00 [queued]>
[2025-07-20T16:17:17.370+0000] {taskinstance.py:2170} INFO - Starting attempt 1 of 1
[2025-07-20T16:17:17.383+0000] {taskinstance.py:2191} INFO - Executing <Task(PythonOperator): transform_and_load_data> on 2025-07-20 16:17:13.461391+00:00
[2025-07-20T16:17:17.390+0000] {standard_task_runner.py:60} INFO - Started process 223 to run task
[2025-07-20T16:17:17.392+0000] {standard_task_runner.py:87} INFO - Running: ['***', 'tasks', 'run', 'etl_data_pipeline', 'transform_and_load_data', 'manual__2025-07-20T16:17:13.461391+00:00', '--job-id', '9', '--raw', '--subdir', 'DAGS_FOLDER/app.py', '--cfg-path', '/tmp/tmpd5g6c35m']
[2025-07-20T16:17:17.395+0000] {standard_task_runner.py:88} INFO - Job 9: Subtask transform_and_load_data
[2025-07-20T16:17:17.435+0000] {task_command.py:423} INFO - Running <TaskInstance: etl_data_pipeline.transform_and_load_data manual__2025-07-20T16:17:13.461391+00:00 [running]> on host d4d98b964d15
[2025-07-20T16:17:17.503+0000] {taskinstance.py:2480} INFO - Exporting env vars: AIRFLOW_CTX_DAG_OWNER='***' AIRFLOW_CTX_DAG_ID='etl_data_pipeline' AIRFLOW_CTX_TASK_ID='transform_and_load_data' AIRFLOW_CTX_EXECUTION_DATE='2025-07-20T16:17:13.461391+00:00' AIRFLOW_CTX_TRY_NUMBER='1' AIRFLOW_CTX_DAG_RUN_ID='manual__2025-07-20T16:17:13.461391+00:00'
[2025-07-20T16:17:17.518+0000] {app.py:33} INFO - Successfully connected to MongoDB at mongodb:27017
[2025-07-20T16:17:17.530+0000] {app.py:223} INFO - Currency raw count from XCom: 163
[2025-07-20T16:17:17.533+0000] {app.py:229} INFO - [Transform/Load] Processed and loaded currency data.
[2025-07-20T16:17:17.552+0000] {app.py:237} INFO - Stocks raw count from XCom: 5
[2025-07-20T16:17:17.582+0000] {app.py:250} INFO - [Transform/Load] Processed and loaded 500 stock records across all symbols.
[2025-07-20T16:17:17.598+0000] {app.py:256} INFO - CityBikes raw count from XCom: 795
[2025-07-20T16:17:17.620+0000] {app.py:263} INFO - [Transform/Load] Processed and loaded 795 citybikes networks.
[2025-07-20T16:17:17.632+0000] {python.py:201} INFO - Done. Returned value was: None
[2025-07-20T16:17:17.641+0000] {taskinstance.py:1138} INFO - Marking task as SUCCESS. dag_id=etl_data_pipeline, task_id=transform_and_load_data, execution_date=20250720T161713, start_date=20250720T161717, end_date=20250720T161717
[2025-07-20T16:17:17.684+0000] {local_task_job_runner.py:234} INFO - Task exited with return code 0
[2025-07-20T16:17:17.701+0000] {taskinstance.py:3280} INFO - 0 downstream tasks scheduled from follow-on schedule check
