[2025-07-21T13:18:25.895+0000] {processor.py:161} INFO - Started process (PID=175) to work on /opt/airflow/dags/pipeline.py
[2025-07-21T13:18:25.896+0000] {processor.py:830} INFO - Processing file /opt/airflow/dags/pipeline.py for tasks to queue
[2025-07-21T13:18:25.898+0000] {logging_mixin.py:188} INFO - [2025-07-21T13:18:25.897+0000] {dagbag.py:538} INFO - Filling up the DagBag from /opt/airflow/dags/pipeline.py
[2025-07-21T13:18:26.051+0000] {processor.py:840} INFO - DAG(s) 'etl_data_pipeline' retrieved from /opt/airflow/dags/pipeline.py
[2025-07-21T13:18:26.237+0000] {logging_mixin.py:188} INFO - [2025-07-21T13:18:26.237+0000] {dag.py:3036} INFO - Sync 1 DAGs
[2025-07-21T13:18:26.268+0000] {logging_mixin.py:188} INFO - [2025-07-21T13:18:26.267+0000] {dag.py:3823} INFO - Setting next_dagrun for etl_data_pipeline to 2025-07-21 00:00:00+00:00, run_after=2025-07-22 00:00:00+00:00
[2025-07-21T13:18:26.296+0000] {processor.py:183} INFO - Processing /opt/airflow/dags/pipeline.py took 0.404 seconds
[2025-07-21T13:18:56.498+0000] {processor.py:161} INFO - Started process (PID=229) to work on /opt/airflow/dags/pipeline.py
[2025-07-21T13:18:56.500+0000] {processor.py:830} INFO - Processing file /opt/airflow/dags/pipeline.py for tasks to queue
[2025-07-21T13:18:56.501+0000] {logging_mixin.py:188} INFO - [2025-07-21T13:18:56.500+0000] {dagbag.py:538} INFO - Filling up the DagBag from /opt/airflow/dags/pipeline.py
[2025-07-21T13:18:56.575+0000] {processor.py:840} INFO - DAG(s) 'etl_data_pipeline' retrieved from /opt/airflow/dags/pipeline.py
[2025-07-21T13:18:56.602+0000] {logging_mixin.py:188} INFO - [2025-07-21T13:18:56.601+0000] {dag.py:3036} INFO - Sync 1 DAGs
[2025-07-21T13:18:56.623+0000] {logging_mixin.py:188} INFO - [2025-07-21T13:18:56.622+0000] {dag.py:3823} INFO - Setting next_dagrun for etl_data_pipeline to 2025-07-21 00:00:00+00:00, run_after=2025-07-22 00:00:00+00:00
[2025-07-21T13:18:56.640+0000] {processor.py:183} INFO - Processing /opt/airflow/dags/pipeline.py took 0.145 seconds
[2025-07-21T13:19:26.834+0000] {processor.py:161} INFO - Started process (PID=246) to work on /opt/airflow/dags/pipeline.py
[2025-07-21T13:19:26.836+0000] {processor.py:830} INFO - Processing file /opt/airflow/dags/pipeline.py for tasks to queue
[2025-07-21T13:19:26.837+0000] {logging_mixin.py:188} INFO - [2025-07-21T13:19:26.836+0000] {dagbag.py:538} INFO - Filling up the DagBag from /opt/airflow/dags/pipeline.py
[2025-07-21T13:19:26.923+0000] {processor.py:840} INFO - DAG(s) 'etl_data_pipeline' retrieved from /opt/airflow/dags/pipeline.py
[2025-07-21T13:19:26.949+0000] {logging_mixin.py:188} INFO - [2025-07-21T13:19:26.949+0000] {dag.py:3036} INFO - Sync 1 DAGs
[2025-07-21T13:19:26.972+0000] {logging_mixin.py:188} INFO - [2025-07-21T13:19:26.972+0000] {dag.py:3823} INFO - Setting next_dagrun for etl_data_pipeline to 2025-07-21 00:00:00+00:00, run_after=2025-07-22 00:00:00+00:00
[2025-07-21T13:19:27.008+0000] {processor.py:183} INFO - Processing /opt/airflow/dags/pipeline.py took 0.177 seconds
[2025-07-21T13:19:57.209+0000] {processor.py:161} INFO - Started process (PID=271) to work on /opt/airflow/dags/pipeline.py
[2025-07-21T13:19:57.211+0000] {processor.py:830} INFO - Processing file /opt/airflow/dags/pipeline.py for tasks to queue
[2025-07-21T13:19:57.213+0000] {logging_mixin.py:188} INFO - [2025-07-21T13:19:57.212+0000] {dagbag.py:538} INFO - Filling up the DagBag from /opt/airflow/dags/pipeline.py
[2025-07-21T13:19:57.292+0000] {processor.py:840} INFO - DAG(s) 'etl_data_pipeline' retrieved from /opt/airflow/dags/pipeline.py
[2025-07-21T13:19:57.318+0000] {logging_mixin.py:188} INFO - [2025-07-21T13:19:57.318+0000] {dag.py:3036} INFO - Sync 1 DAGs
[2025-07-21T13:19:57.339+0000] {logging_mixin.py:188} INFO - [2025-07-21T13:19:57.339+0000] {dag.py:3823} INFO - Setting next_dagrun for etl_data_pipeline to 2025-07-21 00:00:00+00:00, run_after=2025-07-22 00:00:00+00:00
[2025-07-21T13:19:57.361+0000] {processor.py:183} INFO - Processing /opt/airflow/dags/pipeline.py took 0.156 seconds
[2025-07-21T13:20:28.177+0000] {processor.py:161} INFO - Started process (PID=276) to work on /opt/airflow/dags/pipeline.py
[2025-07-21T13:20:28.178+0000] {processor.py:830} INFO - Processing file /opt/airflow/dags/pipeline.py for tasks to queue
[2025-07-21T13:20:28.180+0000] {logging_mixin.py:188} INFO - [2025-07-21T13:20:28.179+0000] {dagbag.py:538} INFO - Filling up the DagBag from /opt/airflow/dags/pipeline.py
[2025-07-21T13:20:28.257+0000] {processor.py:840} INFO - DAG(s) 'etl_data_pipeline' retrieved from /opt/airflow/dags/pipeline.py
[2025-07-21T13:20:28.287+0000] {logging_mixin.py:188} INFO - [2025-07-21T13:20:28.287+0000] {dag.py:3036} INFO - Sync 1 DAGs
[2025-07-21T13:20:28.311+0000] {logging_mixin.py:188} INFO - [2025-07-21T13:20:28.311+0000] {dag.py:3823} INFO - Setting next_dagrun for etl_data_pipeline to 2025-07-21 00:00:00+00:00, run_after=2025-07-22 00:00:00+00:00
[2025-07-21T13:20:28.335+0000] {processor.py:183} INFO - Processing /opt/airflow/dags/pipeline.py took 0.160 seconds
[2025-07-21T13:20:58.444+0000] {processor.py:161} INFO - Started process (PID=281) to work on /opt/airflow/dags/pipeline.py
[2025-07-21T13:20:58.446+0000] {processor.py:830} INFO - Processing file /opt/airflow/dags/pipeline.py for tasks to queue
[2025-07-21T13:20:58.447+0000] {logging_mixin.py:188} INFO - [2025-07-21T13:20:58.446+0000] {dagbag.py:538} INFO - Filling up the DagBag from /opt/airflow/dags/pipeline.py
[2025-07-21T13:20:58.535+0000] {processor.py:840} INFO - DAG(s) 'etl_data_pipeline' retrieved from /opt/airflow/dags/pipeline.py
[2025-07-21T13:20:58.568+0000] {logging_mixin.py:188} INFO - [2025-07-21T13:20:58.567+0000] {dag.py:3036} INFO - Sync 1 DAGs
[2025-07-21T13:20:58.593+0000] {logging_mixin.py:188} INFO - [2025-07-21T13:20:58.592+0000] {dag.py:3823} INFO - Setting next_dagrun for etl_data_pipeline to 2025-07-21 00:00:00+00:00, run_after=2025-07-22 00:00:00+00:00
[2025-07-21T13:20:58.617+0000] {processor.py:183} INFO - Processing /opt/airflow/dags/pipeline.py took 0.179 seconds
[2025-07-21T13:21:28.785+0000] {processor.py:161} INFO - Started process (PID=286) to work on /opt/airflow/dags/pipeline.py
[2025-07-21T13:21:28.786+0000] {processor.py:830} INFO - Processing file /opt/airflow/dags/pipeline.py for tasks to queue
[2025-07-21T13:21:28.787+0000] {logging_mixin.py:188} INFO - [2025-07-21T13:21:28.787+0000] {dagbag.py:538} INFO - Filling up the DagBag from /opt/airflow/dags/pipeline.py
[2025-07-21T13:21:28.866+0000] {processor.py:840} INFO - DAG(s) 'etl_data_pipeline' retrieved from /opt/airflow/dags/pipeline.py
[2025-07-21T13:21:28.897+0000] {logging_mixin.py:188} INFO - [2025-07-21T13:21:28.896+0000] {dag.py:3036} INFO - Sync 1 DAGs
[2025-07-21T13:21:28.922+0000] {logging_mixin.py:188} INFO - [2025-07-21T13:21:28.922+0000] {dag.py:3823} INFO - Setting next_dagrun for etl_data_pipeline to 2025-07-21 00:00:00+00:00, run_after=2025-07-22 00:00:00+00:00
[2025-07-21T13:21:28.943+0000] {processor.py:183} INFO - Processing /opt/airflow/dags/pipeline.py took 0.162 seconds
[2025-07-21T13:21:59.205+0000] {processor.py:161} INFO - Started process (PID=291) to work on /opt/airflow/dags/pipeline.py
[2025-07-21T13:21:59.207+0000] {processor.py:830} INFO - Processing file /opt/airflow/dags/pipeline.py for tasks to queue
[2025-07-21T13:21:59.208+0000] {logging_mixin.py:188} INFO - [2025-07-21T13:21:59.207+0000] {dagbag.py:538} INFO - Filling up the DagBag from /opt/airflow/dags/pipeline.py
[2025-07-21T13:21:59.285+0000] {processor.py:840} INFO - DAG(s) 'etl_data_pipeline' retrieved from /opt/airflow/dags/pipeline.py
[2025-07-21T13:21:59.327+0000] {logging_mixin.py:188} INFO - [2025-07-21T13:21:59.326+0000] {dag.py:3036} INFO - Sync 1 DAGs
[2025-07-21T13:21:59.347+0000] {logging_mixin.py:188} INFO - [2025-07-21T13:21:59.347+0000] {dag.py:3823} INFO - Setting next_dagrun for etl_data_pipeline to 2025-07-21 00:00:00+00:00, run_after=2025-07-22 00:00:00+00:00
[2025-07-21T13:21:59.369+0000] {processor.py:183} INFO - Processing /opt/airflow/dags/pipeline.py took 0.167 seconds
[2025-07-21T13:22:29.977+0000] {processor.py:161} INFO - Started process (PID=296) to work on /opt/airflow/dags/pipeline.py
[2025-07-21T13:22:29.979+0000] {processor.py:830} INFO - Processing file /opt/airflow/dags/pipeline.py for tasks to queue
[2025-07-21T13:22:29.980+0000] {logging_mixin.py:188} INFO - [2025-07-21T13:22:29.979+0000] {dagbag.py:538} INFO - Filling up the DagBag from /opt/airflow/dags/pipeline.py
[2025-07-21T13:22:30.061+0000] {processor.py:840} INFO - DAG(s) 'etl_data_pipeline' retrieved from /opt/airflow/dags/pipeline.py
[2025-07-21T13:22:30.098+0000] {logging_mixin.py:188} INFO - [2025-07-21T13:22:30.098+0000] {dag.py:3036} INFO - Sync 1 DAGs
[2025-07-21T13:22:30.125+0000] {logging_mixin.py:188} INFO - [2025-07-21T13:22:30.125+0000] {dag.py:3823} INFO - Setting next_dagrun for etl_data_pipeline to 2025-07-21 00:00:00+00:00, run_after=2025-07-22 00:00:00+00:00
[2025-07-21T13:22:30.147+0000] {processor.py:183} INFO - Processing /opt/airflow/dags/pipeline.py took 0.173 seconds
[2025-07-21T13:23:00.385+0000] {processor.py:161} INFO - Started process (PID=301) to work on /opt/airflow/dags/pipeline.py
[2025-07-21T13:23:00.386+0000] {processor.py:830} INFO - Processing file /opt/airflow/dags/pipeline.py for tasks to queue
[2025-07-21T13:23:00.387+0000] {logging_mixin.py:188} INFO - [2025-07-21T13:23:00.387+0000] {dagbag.py:538} INFO - Filling up the DagBag from /opt/airflow/dags/pipeline.py
[2025-07-21T13:23:00.480+0000] {processor.py:840} INFO - DAG(s) 'etl_data_pipeline' retrieved from /opt/airflow/dags/pipeline.py
[2025-07-21T13:23:00.507+0000] {logging_mixin.py:188} INFO - [2025-07-21T13:23:00.507+0000] {dag.py:3036} INFO - Sync 1 DAGs
[2025-07-21T13:23:00.531+0000] {logging_mixin.py:188} INFO - [2025-07-21T13:23:00.531+0000] {dag.py:3823} INFO - Setting next_dagrun for etl_data_pipeline to 2025-07-21 00:00:00+00:00, run_after=2025-07-22 00:00:00+00:00
[2025-07-21T13:23:00.551+0000] {processor.py:183} INFO - Processing /opt/airflow/dags/pipeline.py took 0.169 seconds
[2025-07-21T13:23:30.794+0000] {processor.py:161} INFO - Started process (PID=306) to work on /opt/airflow/dags/pipeline.py
[2025-07-21T13:23:30.796+0000] {processor.py:830} INFO - Processing file /opt/airflow/dags/pipeline.py for tasks to queue
[2025-07-21T13:23:30.797+0000] {logging_mixin.py:188} INFO - [2025-07-21T13:23:30.797+0000] {dagbag.py:538} INFO - Filling up the DagBag from /opt/airflow/dags/pipeline.py
[2025-07-21T13:23:30.889+0000] {processor.py:840} INFO - DAG(s) 'etl_data_pipeline' retrieved from /opt/airflow/dags/pipeline.py
[2025-07-21T13:23:30.921+0000] {logging_mixin.py:188} INFO - [2025-07-21T13:23:30.921+0000] {dag.py:3036} INFO - Sync 1 DAGs
[2025-07-21T13:23:30.942+0000] {logging_mixin.py:188} INFO - [2025-07-21T13:23:30.942+0000] {dag.py:3823} INFO - Setting next_dagrun for etl_data_pipeline to 2025-07-21 00:00:00+00:00, run_after=2025-07-22 00:00:00+00:00
[2025-07-21T13:23:30.961+0000] {processor.py:183} INFO - Processing /opt/airflow/dags/pipeline.py took 0.170 seconds
[2025-07-21T13:24:01.184+0000] {processor.py:161} INFO - Started process (PID=311) to work on /opt/airflow/dags/pipeline.py
[2025-07-21T13:24:01.198+0000] {processor.py:830} INFO - Processing file /opt/airflow/dags/pipeline.py for tasks to queue
[2025-07-21T13:24:01.200+0000] {logging_mixin.py:188} INFO - [2025-07-21T13:24:01.199+0000] {dagbag.py:538} INFO - Filling up the DagBag from /opt/airflow/dags/pipeline.py
[2025-07-21T13:24:01.295+0000] {processor.py:840} INFO - DAG(s) 'etl_data_pipeline' retrieved from /opt/airflow/dags/pipeline.py
[2025-07-21T13:24:01.326+0000] {logging_mixin.py:188} INFO - [2025-07-21T13:24:01.326+0000] {dag.py:3036} INFO - Sync 1 DAGs
[2025-07-21T13:24:01.352+0000] {logging_mixin.py:188} INFO - [2025-07-21T13:24:01.352+0000] {dag.py:3823} INFO - Setting next_dagrun for etl_data_pipeline to 2025-07-21 00:00:00+00:00, run_after=2025-07-22 00:00:00+00:00
[2025-07-21T13:24:01.372+0000] {processor.py:183} INFO - Processing /opt/airflow/dags/pipeline.py took 0.191 seconds
[2025-07-21T13:24:31.583+0000] {processor.py:161} INFO - Started process (PID=316) to work on /opt/airflow/dags/pipeline.py
[2025-07-21T13:24:31.585+0000] {processor.py:830} INFO - Processing file /opt/airflow/dags/pipeline.py for tasks to queue
[2025-07-21T13:24:31.586+0000] {logging_mixin.py:188} INFO - [2025-07-21T13:24:31.585+0000] {dagbag.py:538} INFO - Filling up the DagBag from /opt/airflow/dags/pipeline.py
[2025-07-21T13:24:31.679+0000] {processor.py:840} INFO - DAG(s) 'etl_data_pipeline' retrieved from /opt/airflow/dags/pipeline.py
[2025-07-21T13:24:31.709+0000] {logging_mixin.py:188} INFO - [2025-07-21T13:24:31.709+0000] {dag.py:3036} INFO - Sync 1 DAGs
[2025-07-21T13:24:31.733+0000] {logging_mixin.py:188} INFO - [2025-07-21T13:24:31.733+0000] {dag.py:3823} INFO - Setting next_dagrun for etl_data_pipeline to 2025-07-21 00:00:00+00:00, run_after=2025-07-22 00:00:00+00:00
[2025-07-21T13:24:31.756+0000] {processor.py:183} INFO - Processing /opt/airflow/dags/pipeline.py took 0.177 seconds
[2025-07-21T13:25:02.368+0000] {processor.py:161} INFO - Started process (PID=321) to work on /opt/airflow/dags/pipeline.py
[2025-07-21T13:25:02.369+0000] {processor.py:830} INFO - Processing file /opt/airflow/dags/pipeline.py for tasks to queue
[2025-07-21T13:25:02.370+0000] {logging_mixin.py:188} INFO - [2025-07-21T13:25:02.370+0000] {dagbag.py:538} INFO - Filling up the DagBag from /opt/airflow/dags/pipeline.py
[2025-07-21T13:25:02.442+0000] {processor.py:840} INFO - DAG(s) 'etl_data_pipeline' retrieved from /opt/airflow/dags/pipeline.py
[2025-07-21T13:25:02.469+0000] {logging_mixin.py:188} INFO - [2025-07-21T13:25:02.469+0000] {dag.py:3036} INFO - Sync 1 DAGs
[2025-07-21T13:25:02.490+0000] {logging_mixin.py:188} INFO - [2025-07-21T13:25:02.490+0000] {dag.py:3823} INFO - Setting next_dagrun for etl_data_pipeline to 2025-07-21 00:00:00+00:00, run_after=2025-07-22 00:00:00+00:00
[2025-07-21T13:25:02.517+0000] {processor.py:183} INFO - Processing /opt/airflow/dags/pipeline.py took 0.152 seconds
[2025-07-21T13:25:33.356+0000] {processor.py:161} INFO - Started process (PID=326) to work on /opt/airflow/dags/pipeline.py
[2025-07-21T13:25:33.357+0000] {processor.py:830} INFO - Processing file /opt/airflow/dags/pipeline.py for tasks to queue
[2025-07-21T13:25:33.358+0000] {logging_mixin.py:188} INFO - [2025-07-21T13:25:33.358+0000] {dagbag.py:538} INFO - Filling up the DagBag from /opt/airflow/dags/pipeline.py
[2025-07-21T13:25:33.467+0000] {processor.py:840} INFO - DAG(s) 'etl_data_pipeline' retrieved from /opt/airflow/dags/pipeline.py
[2025-07-21T13:25:33.500+0000] {logging_mixin.py:188} INFO - [2025-07-21T13:25:33.500+0000] {dag.py:3036} INFO - Sync 1 DAGs
[2025-07-21T13:25:33.521+0000] {logging_mixin.py:188} INFO - [2025-07-21T13:25:33.520+0000] {dag.py:3823} INFO - Setting next_dagrun for etl_data_pipeline to 2025-07-21 00:00:00+00:00, run_after=2025-07-22 00:00:00+00:00
[2025-07-21T13:25:33.540+0000] {processor.py:183} INFO - Processing /opt/airflow/dags/pipeline.py took 0.187 seconds
[2025-07-21T13:26:04.421+0000] {processor.py:161} INFO - Started process (PID=331) to work on /opt/airflow/dags/pipeline.py
[2025-07-21T13:26:04.422+0000] {processor.py:830} INFO - Processing file /opt/airflow/dags/pipeline.py for tasks to queue
[2025-07-21T13:26:04.423+0000] {logging_mixin.py:188} INFO - [2025-07-21T13:26:04.423+0000] {dagbag.py:538} INFO - Filling up the DagBag from /opt/airflow/dags/pipeline.py
[2025-07-21T13:26:04.528+0000] {processor.py:840} INFO - DAG(s) 'etl_data_pipeline' retrieved from /opt/airflow/dags/pipeline.py
[2025-07-21T13:26:04.566+0000] {logging_mixin.py:188} INFO - [2025-07-21T13:26:04.566+0000] {dag.py:3036} INFO - Sync 1 DAGs
[2025-07-21T13:26:04.595+0000] {logging_mixin.py:188} INFO - [2025-07-21T13:26:04.595+0000] {dag.py:3823} INFO - Setting next_dagrun for etl_data_pipeline to 2025-07-21 00:00:00+00:00, run_after=2025-07-22 00:00:00+00:00
[2025-07-21T13:26:04.620+0000] {processor.py:183} INFO - Processing /opt/airflow/dags/pipeline.py took 0.202 seconds
[2025-07-21T13:26:34.843+0000] {processor.py:161} INFO - Started process (PID=336) to work on /opt/airflow/dags/pipeline.py
[2025-07-21T13:26:34.844+0000] {processor.py:830} INFO - Processing file /opt/airflow/dags/pipeline.py for tasks to queue
[2025-07-21T13:26:34.846+0000] {logging_mixin.py:188} INFO - [2025-07-21T13:26:34.845+0000] {dagbag.py:538} INFO - Filling up the DagBag from /opt/airflow/dags/pipeline.py
[2025-07-21T13:26:34.950+0000] {processor.py:840} INFO - DAG(s) 'etl_data_pipeline' retrieved from /opt/airflow/dags/pipeline.py
[2025-07-21T13:26:34.976+0000] {logging_mixin.py:188} INFO - [2025-07-21T13:26:34.976+0000] {dag.py:3036} INFO - Sync 1 DAGs
[2025-07-21T13:26:34.997+0000] {logging_mixin.py:188} INFO - [2025-07-21T13:26:34.997+0000] {dag.py:3823} INFO - Setting next_dagrun for etl_data_pipeline to 2025-07-21 00:00:00+00:00, run_after=2025-07-22 00:00:00+00:00
[2025-07-21T13:26:35.018+0000] {processor.py:183} INFO - Processing /opt/airflow/dags/pipeline.py took 0.178 seconds
[2025-07-21T13:27:05.217+0000] {processor.py:161} INFO - Started process (PID=341) to work on /opt/airflow/dags/pipeline.py
[2025-07-21T13:27:05.218+0000] {processor.py:830} INFO - Processing file /opt/airflow/dags/pipeline.py for tasks to queue
[2025-07-21T13:27:05.220+0000] {logging_mixin.py:188} INFO - [2025-07-21T13:27:05.219+0000] {dagbag.py:538} INFO - Filling up the DagBag from /opt/airflow/dags/pipeline.py
[2025-07-21T13:27:05.338+0000] {processor.py:840} INFO - DAG(s) 'etl_data_pipeline' retrieved from /opt/airflow/dags/pipeline.py
[2025-07-21T13:27:05.383+0000] {logging_mixin.py:188} INFO - [2025-07-21T13:27:05.383+0000] {dag.py:3036} INFO - Sync 1 DAGs
[2025-07-21T13:27:05.428+0000] {logging_mixin.py:188} INFO - [2025-07-21T13:27:05.428+0000] {dag.py:3823} INFO - Setting next_dagrun for etl_data_pipeline to 2025-07-21 00:00:00+00:00, run_after=2025-07-22 00:00:00+00:00
[2025-07-21T13:27:05.468+0000] {processor.py:183} INFO - Processing /opt/airflow/dags/pipeline.py took 0.255 seconds
[2025-07-21T13:27:35.994+0000] {processor.py:161} INFO - Started process (PID=346) to work on /opt/airflow/dags/pipeline.py
[2025-07-21T13:27:35.995+0000] {processor.py:830} INFO - Processing file /opt/airflow/dags/pipeline.py for tasks to queue
[2025-07-21T13:27:35.996+0000] {logging_mixin.py:188} INFO - [2025-07-21T13:27:35.996+0000] {dagbag.py:538} INFO - Filling up the DagBag from /opt/airflow/dags/pipeline.py
[2025-07-21T13:27:36.064+0000] {processor.py:840} INFO - DAG(s) 'etl_data_pipeline' retrieved from /opt/airflow/dags/pipeline.py
[2025-07-21T13:27:36.087+0000] {logging_mixin.py:188} INFO - [2025-07-21T13:27:36.086+0000] {dag.py:3036} INFO - Sync 1 DAGs
[2025-07-21T13:27:36.109+0000] {logging_mixin.py:188} INFO - [2025-07-21T13:27:36.109+0000] {dag.py:3823} INFO - Setting next_dagrun for etl_data_pipeline to 2025-07-21 00:00:00+00:00, run_after=2025-07-22 00:00:00+00:00
[2025-07-21T13:27:36.126+0000] {processor.py:183} INFO - Processing /opt/airflow/dags/pipeline.py took 0.134 seconds
[2025-07-21T13:28:06.202+0000] {processor.py:161} INFO - Started process (PID=351) to work on /opt/airflow/dags/pipeline.py
[2025-07-21T13:28:06.204+0000] {processor.py:830} INFO - Processing file /opt/airflow/dags/pipeline.py for tasks to queue
[2025-07-21T13:28:06.205+0000] {logging_mixin.py:188} INFO - [2025-07-21T13:28:06.204+0000] {dagbag.py:538} INFO - Filling up the DagBag from /opt/airflow/dags/pipeline.py
[2025-07-21T13:28:06.280+0000] {processor.py:840} INFO - DAG(s) 'etl_data_pipeline' retrieved from /opt/airflow/dags/pipeline.py
[2025-07-21T13:28:06.308+0000] {logging_mixin.py:188} INFO - [2025-07-21T13:28:06.308+0000] {dag.py:3036} INFO - Sync 1 DAGs
[2025-07-21T13:28:06.329+0000] {logging_mixin.py:188} INFO - [2025-07-21T13:28:06.328+0000] {dag.py:3823} INFO - Setting next_dagrun for etl_data_pipeline to 2025-07-21 00:00:00+00:00, run_after=2025-07-22 00:00:00+00:00
[2025-07-21T13:28:06.346+0000] {processor.py:183} INFO - Processing /opt/airflow/dags/pipeline.py took 0.146 seconds
[2025-07-21T13:28:36.681+0000] {processor.py:161} INFO - Started process (PID=356) to work on /opt/airflow/dags/pipeline.py
[2025-07-21T13:28:36.682+0000] {processor.py:830} INFO - Processing file /opt/airflow/dags/pipeline.py for tasks to queue
[2025-07-21T13:28:36.683+0000] {logging_mixin.py:188} INFO - [2025-07-21T13:28:36.682+0000] {dagbag.py:538} INFO - Filling up the DagBag from /opt/airflow/dags/pipeline.py
[2025-07-21T13:28:36.784+0000] {processor.py:840} INFO - DAG(s) 'etl_data_pipeline' retrieved from /opt/airflow/dags/pipeline.py
[2025-07-21T13:28:36.812+0000] {logging_mixin.py:188} INFO - [2025-07-21T13:28:36.812+0000] {dag.py:3036} INFO - Sync 1 DAGs
[2025-07-21T13:28:36.839+0000] {logging_mixin.py:188} INFO - [2025-07-21T13:28:36.839+0000] {dag.py:3823} INFO - Setting next_dagrun for etl_data_pipeline to 2025-07-21 00:00:00+00:00, run_after=2025-07-22 00:00:00+00:00
[2025-07-21T13:28:36.862+0000] {processor.py:183} INFO - Processing /opt/airflow/dags/pipeline.py took 0.185 seconds
[2025-07-21T13:29:07.309+0000] {processor.py:161} INFO - Started process (PID=361) to work on /opt/airflow/dags/pipeline.py
[2025-07-21T13:29:07.310+0000] {processor.py:830} INFO - Processing file /opt/airflow/dags/pipeline.py for tasks to queue
[2025-07-21T13:29:07.311+0000] {logging_mixin.py:188} INFO - [2025-07-21T13:29:07.311+0000] {dagbag.py:538} INFO - Filling up the DagBag from /opt/airflow/dags/pipeline.py
[2025-07-21T13:29:07.401+0000] {processor.py:840} INFO - DAG(s) 'etl_data_pipeline' retrieved from /opt/airflow/dags/pipeline.py
[2025-07-21T13:29:07.432+0000] {logging_mixin.py:188} INFO - [2025-07-21T13:29:07.432+0000] {dag.py:3036} INFO - Sync 1 DAGs
[2025-07-21T13:29:07.454+0000] {logging_mixin.py:188} INFO - [2025-07-21T13:29:07.454+0000] {dag.py:3823} INFO - Setting next_dagrun for etl_data_pipeline to 2025-07-21 00:00:00+00:00, run_after=2025-07-22 00:00:00+00:00
[2025-07-21T13:29:07.476+0000] {processor.py:183} INFO - Processing /opt/airflow/dags/pipeline.py took 0.169 seconds
[2025-07-21T13:29:38.875+0000] {processor.py:161} INFO - Started process (PID=366) to work on /opt/airflow/dags/pipeline.py
[2025-07-21T13:29:38.876+0000] {processor.py:830} INFO - Processing file /opt/airflow/dags/pipeline.py for tasks to queue
[2025-07-21T13:29:38.877+0000] {logging_mixin.py:188} INFO - [2025-07-21T13:29:38.877+0000] {dagbag.py:538} INFO - Filling up the DagBag from /opt/airflow/dags/pipeline.py
[2025-07-21T13:29:39.502+0000] {processor.py:840} INFO - DAG(s) 'etl_data_pipeline' retrieved from /opt/airflow/dags/pipeline.py
[2025-07-21T13:29:39.649+0000] {logging_mixin.py:188} INFO - [2025-07-21T13:29:39.648+0000] {dag.py:3036} INFO - Sync 1 DAGs
[2025-07-21T13:29:39.701+0000] {logging_mixin.py:188} INFO - [2025-07-21T13:29:39.700+0000] {dag.py:3823} INFO - Setting next_dagrun for etl_data_pipeline to 2025-07-21 00:00:00+00:00, run_after=2025-07-22 00:00:00+00:00
[2025-07-21T13:29:39.733+0000] {processor.py:183} INFO - Processing /opt/airflow/dags/pipeline.py took 0.862 seconds
[2025-07-21T13:30:09.900+0000] {processor.py:161} INFO - Started process (PID=371) to work on /opt/airflow/dags/pipeline.py
[2025-07-21T13:30:09.905+0000] {processor.py:830} INFO - Processing file /opt/airflow/dags/pipeline.py for tasks to queue
[2025-07-21T13:30:09.907+0000] {logging_mixin.py:188} INFO - [2025-07-21T13:30:09.906+0000] {dagbag.py:538} INFO - Filling up the DagBag from /opt/airflow/dags/pipeline.py
[2025-07-21T13:30:10.011+0000] {processor.py:840} INFO - DAG(s) 'etl_data_pipeline' retrieved from /opt/airflow/dags/pipeline.py
[2025-07-21T13:30:10.039+0000] {logging_mixin.py:188} INFO - [2025-07-21T13:30:10.039+0000] {dag.py:3036} INFO - Sync 1 DAGs
[2025-07-21T13:30:10.068+0000] {logging_mixin.py:188} INFO - [2025-07-21T13:30:10.068+0000] {dag.py:3823} INFO - Setting next_dagrun for etl_data_pipeline to 2025-07-21 00:00:00+00:00, run_after=2025-07-22 00:00:00+00:00
[2025-07-21T13:30:10.089+0000] {processor.py:183} INFO - Processing /opt/airflow/dags/pipeline.py took 0.191 seconds
[2025-07-21T13:30:41.758+0000] {processor.py:161} INFO - Started process (PID=403) to work on /opt/airflow/dags/pipeline.py
[2025-07-21T13:30:41.759+0000] {processor.py:830} INFO - Processing file /opt/airflow/dags/pipeline.py for tasks to queue
[2025-07-21T13:30:41.760+0000] {logging_mixin.py:188} INFO - [2025-07-21T13:30:41.760+0000] {dagbag.py:538} INFO - Filling up the DagBag from /opt/airflow/dags/pipeline.py
[2025-07-21T13:30:41.828+0000] {processor.py:840} INFO - DAG(s) 'etl_data_pipeline' retrieved from /opt/airflow/dags/pipeline.py
[2025-07-21T13:30:41.850+0000] {logging_mixin.py:188} INFO - [2025-07-21T13:30:41.850+0000] {dag.py:3036} INFO - Sync 1 DAGs
[2025-07-21T13:30:41.870+0000] {logging_mixin.py:188} INFO - [2025-07-21T13:30:41.869+0000] {dag.py:3823} INFO - Setting next_dagrun for etl_data_pipeline to 2025-07-21 00:00:00+00:00, run_after=2025-07-22 00:00:00+00:00
[2025-07-21T13:30:41.887+0000] {processor.py:183} INFO - Processing /opt/airflow/dags/pipeline.py took 0.131 seconds
[2025-07-21T13:31:13.989+0000] {processor.py:161} INFO - Started process (PID=413) to work on /opt/airflow/dags/pipeline.py
[2025-07-21T13:31:13.990+0000] {processor.py:830} INFO - Processing file /opt/airflow/dags/pipeline.py for tasks to queue
[2025-07-21T13:31:13.991+0000] {logging_mixin.py:188} INFO - [2025-07-21T13:31:13.991+0000] {dagbag.py:538} INFO - Filling up the DagBag from /opt/airflow/dags/pipeline.py
[2025-07-21T13:31:14.086+0000] {processor.py:840} INFO - DAG(s) 'etl_data_pipeline' retrieved from /opt/airflow/dags/pipeline.py
[2025-07-21T13:31:14.115+0000] {logging_mixin.py:188} INFO - [2025-07-21T13:31:14.115+0000] {dag.py:3036} INFO - Sync 1 DAGs
[2025-07-21T13:31:14.140+0000] {logging_mixin.py:188} INFO - [2025-07-21T13:31:14.140+0000] {dag.py:3823} INFO - Setting next_dagrun for etl_data_pipeline to 2025-07-21 00:00:00+00:00, run_after=2025-07-22 00:00:00+00:00
[2025-07-21T13:31:14.162+0000] {processor.py:183} INFO - Processing /opt/airflow/dags/pipeline.py took 0.176 seconds
[2025-07-21T13:31:45.473+0000] {processor.py:161} INFO - Started process (PID=418) to work on /opt/airflow/dags/pipeline.py
[2025-07-21T13:31:45.474+0000] {processor.py:830} INFO - Processing file /opt/airflow/dags/pipeline.py for tasks to queue
[2025-07-21T13:31:45.475+0000] {logging_mixin.py:188} INFO - [2025-07-21T13:31:45.475+0000] {dagbag.py:538} INFO - Filling up the DagBag from /opt/airflow/dags/pipeline.py
[2025-07-21T13:31:45.603+0000] {processor.py:840} INFO - DAG(s) 'etl_data_pipeline' retrieved from /opt/airflow/dags/pipeline.py
[2025-07-21T13:31:45.638+0000] {logging_mixin.py:188} INFO - [2025-07-21T13:31:45.638+0000] {dag.py:3036} INFO - Sync 1 DAGs
[2025-07-21T13:31:45.660+0000] {logging_mixin.py:188} INFO - [2025-07-21T13:31:45.660+0000] {dag.py:3823} INFO - Setting next_dagrun for etl_data_pipeline to 2025-07-21 00:00:00+00:00, run_after=2025-07-22 00:00:00+00:00
[2025-07-21T13:31:45.682+0000] {processor.py:183} INFO - Processing /opt/airflow/dags/pipeline.py took 0.211 seconds
[2025-07-21T13:32:15.857+0000] {processor.py:161} INFO - Started process (PID=423) to work on /opt/airflow/dags/pipeline.py
[2025-07-21T13:32:15.858+0000] {processor.py:830} INFO - Processing file /opt/airflow/dags/pipeline.py for tasks to queue
[2025-07-21T13:32:15.859+0000] {logging_mixin.py:188} INFO - [2025-07-21T13:32:15.859+0000] {dagbag.py:538} INFO - Filling up the DagBag from /opt/airflow/dags/pipeline.py
[2025-07-21T13:32:15.921+0000] {processor.py:840} INFO - DAG(s) 'etl_data_pipeline' retrieved from /opt/airflow/dags/pipeline.py
[2025-07-21T13:32:15.941+0000] {logging_mixin.py:188} INFO - [2025-07-21T13:32:15.941+0000] {dag.py:3036} INFO - Sync 1 DAGs
[2025-07-21T13:32:15.959+0000] {logging_mixin.py:188} INFO - [2025-07-21T13:32:15.959+0000] {dag.py:3823} INFO - Setting next_dagrun for etl_data_pipeline to 2025-07-21 00:00:00+00:00, run_after=2025-07-22 00:00:00+00:00
[2025-07-21T13:32:15.974+0000] {processor.py:183} INFO - Processing /opt/airflow/dags/pipeline.py took 0.118 seconds
[2025-07-21T13:32:46.391+0000] {processor.py:161} INFO - Started process (PID=428) to work on /opt/airflow/dags/pipeline.py
[2025-07-21T13:32:46.392+0000] {processor.py:830} INFO - Processing file /opt/airflow/dags/pipeline.py for tasks to queue
[2025-07-21T13:32:46.393+0000] {logging_mixin.py:188} INFO - [2025-07-21T13:32:46.393+0000] {dagbag.py:538} INFO - Filling up the DagBag from /opt/airflow/dags/pipeline.py
[2025-07-21T13:32:46.459+0000] {processor.py:840} INFO - DAG(s) 'etl_data_pipeline' retrieved from /opt/airflow/dags/pipeline.py
[2025-07-21T13:32:46.482+0000] {logging_mixin.py:188} INFO - [2025-07-21T13:32:46.482+0000] {dag.py:3036} INFO - Sync 1 DAGs
[2025-07-21T13:32:46.500+0000] {logging_mixin.py:188} INFO - [2025-07-21T13:32:46.500+0000] {dag.py:3823} INFO - Setting next_dagrun for etl_data_pipeline to 2025-07-21 00:00:00+00:00, run_after=2025-07-22 00:00:00+00:00
[2025-07-21T13:32:46.513+0000] {processor.py:183} INFO - Processing /opt/airflow/dags/pipeline.py took 0.124 seconds
[2025-07-21T13:33:16.908+0000] {processor.py:161} INFO - Started process (PID=433) to work on /opt/airflow/dags/pipeline.py
[2025-07-21T13:33:16.909+0000] {processor.py:830} INFO - Processing file /opt/airflow/dags/pipeline.py for tasks to queue
[2025-07-21T13:33:16.910+0000] {logging_mixin.py:188} INFO - [2025-07-21T13:33:16.909+0000] {dagbag.py:538} INFO - Filling up the DagBag from /opt/airflow/dags/pipeline.py
[2025-07-21T13:33:16.980+0000] {processor.py:840} INFO - DAG(s) 'etl_data_pipeline' retrieved from /opt/airflow/dags/pipeline.py
[2025-07-21T13:33:17.004+0000] {logging_mixin.py:188} INFO - [2025-07-21T13:33:17.004+0000] {dag.py:3036} INFO - Sync 1 DAGs
[2025-07-21T13:33:17.025+0000] {logging_mixin.py:188} INFO - [2025-07-21T13:33:17.024+0000] {dag.py:3823} INFO - Setting next_dagrun for etl_data_pipeline to 2025-07-21 00:00:00+00:00, run_after=2025-07-22 00:00:00+00:00
[2025-07-21T13:33:17.040+0000] {processor.py:183} INFO - Processing /opt/airflow/dags/pipeline.py took 0.134 seconds
[2025-07-21T13:33:47.788+0000] {processor.py:161} INFO - Started process (PID=438) to work on /opt/airflow/dags/pipeline.py
[2025-07-21T13:33:47.789+0000] {processor.py:830} INFO - Processing file /opt/airflow/dags/pipeline.py for tasks to queue
[2025-07-21T13:33:47.789+0000] {logging_mixin.py:188} INFO - [2025-07-21T13:33:47.789+0000] {dagbag.py:538} INFO - Filling up the DagBag from /opt/airflow/dags/pipeline.py
[2025-07-21T13:33:47.860+0000] {processor.py:840} INFO - DAG(s) 'etl_data_pipeline' retrieved from /opt/airflow/dags/pipeline.py
[2025-07-21T13:33:47.884+0000] {logging_mixin.py:188} INFO - [2025-07-21T13:33:47.884+0000] {dag.py:3036} INFO - Sync 1 DAGs
[2025-07-21T13:33:47.905+0000] {logging_mixin.py:188} INFO - [2025-07-21T13:33:47.905+0000] {dag.py:3823} INFO - Setting next_dagrun for etl_data_pipeline to 2025-07-21 00:00:00+00:00, run_after=2025-07-22 00:00:00+00:00
[2025-07-21T13:33:47.928+0000] {processor.py:183} INFO - Processing /opt/airflow/dags/pipeline.py took 0.143 seconds
[2025-07-21T13:34:18.638+0000] {processor.py:161} INFO - Started process (PID=443) to work on /opt/airflow/dags/pipeline.py
[2025-07-21T13:34:18.639+0000] {processor.py:830} INFO - Processing file /opt/airflow/dags/pipeline.py for tasks to queue
[2025-07-21T13:34:18.640+0000] {logging_mixin.py:188} INFO - [2025-07-21T13:34:18.639+0000] {dagbag.py:538} INFO - Filling up the DagBag from /opt/airflow/dags/pipeline.py
[2025-07-21T13:34:18.704+0000] {processor.py:840} INFO - DAG(s) 'etl_data_pipeline' retrieved from /opt/airflow/dags/pipeline.py
[2025-07-21T13:34:18.725+0000] {logging_mixin.py:188} INFO - [2025-07-21T13:34:18.725+0000] {dag.py:3036} INFO - Sync 1 DAGs
[2025-07-21T13:34:18.743+0000] {logging_mixin.py:188} INFO - [2025-07-21T13:34:18.743+0000] {dag.py:3823} INFO - Setting next_dagrun for etl_data_pipeline to 2025-07-21 00:00:00+00:00, run_after=2025-07-22 00:00:00+00:00
[2025-07-21T13:34:18.759+0000] {processor.py:183} INFO - Processing /opt/airflow/dags/pipeline.py took 0.124 seconds
[2025-07-21T13:34:49.486+0000] {processor.py:161} INFO - Started process (PID=448) to work on /opt/airflow/dags/pipeline.py
[2025-07-21T13:34:49.487+0000] {processor.py:830} INFO - Processing file /opt/airflow/dags/pipeline.py for tasks to queue
[2025-07-21T13:34:49.487+0000] {logging_mixin.py:188} INFO - [2025-07-21T13:34:49.487+0000] {dagbag.py:538} INFO - Filling up the DagBag from /opt/airflow/dags/pipeline.py
[2025-07-21T13:34:49.554+0000] {processor.py:840} INFO - DAG(s) 'etl_data_pipeline' retrieved from /opt/airflow/dags/pipeline.py
[2025-07-21T13:34:49.578+0000] {logging_mixin.py:188} INFO - [2025-07-21T13:34:49.578+0000] {dag.py:3036} INFO - Sync 1 DAGs
[2025-07-21T13:34:49.599+0000] {logging_mixin.py:188} INFO - [2025-07-21T13:34:49.598+0000] {dag.py:3823} INFO - Setting next_dagrun for etl_data_pipeline to 2025-07-21 00:00:00+00:00, run_after=2025-07-22 00:00:00+00:00
[2025-07-21T13:34:49.616+0000] {processor.py:183} INFO - Processing /opt/airflow/dags/pipeline.py took 0.133 seconds
[2025-07-21T13:35:20.224+0000] {processor.py:161} INFO - Started process (PID=453) to work on /opt/airflow/dags/pipeline.py
[2025-07-21T13:35:20.225+0000] {processor.py:830} INFO - Processing file /opt/airflow/dags/pipeline.py for tasks to queue
[2025-07-21T13:35:20.225+0000] {logging_mixin.py:188} INFO - [2025-07-21T13:35:20.225+0000] {dagbag.py:538} INFO - Filling up the DagBag from /opt/airflow/dags/pipeline.py
[2025-07-21T13:35:20.286+0000] {processor.py:840} INFO - DAG(s) 'etl_data_pipeline' retrieved from /opt/airflow/dags/pipeline.py
[2025-07-21T13:35:20.310+0000] {logging_mixin.py:188} INFO - [2025-07-21T13:35:20.310+0000] {dag.py:3036} INFO - Sync 1 DAGs
[2025-07-21T13:35:20.328+0000] {logging_mixin.py:188} INFO - [2025-07-21T13:35:20.328+0000] {dag.py:3823} INFO - Setting next_dagrun for etl_data_pipeline to 2025-07-21 00:00:00+00:00, run_after=2025-07-22 00:00:00+00:00
[2025-07-21T13:35:20.344+0000] {processor.py:183} INFO - Processing /opt/airflow/dags/pipeline.py took 0.122 seconds
[2025-07-21T13:35:50.647+0000] {processor.py:161} INFO - Started process (PID=458) to work on /opt/airflow/dags/pipeline.py
[2025-07-21T13:35:50.647+0000] {processor.py:830} INFO - Processing file /opt/airflow/dags/pipeline.py for tasks to queue
[2025-07-21T13:35:50.648+0000] {logging_mixin.py:188} INFO - [2025-07-21T13:35:50.648+0000] {dagbag.py:538} INFO - Filling up the DagBag from /opt/airflow/dags/pipeline.py
[2025-07-21T13:35:50.708+0000] {processor.py:840} INFO - DAG(s) 'etl_data_pipeline' retrieved from /opt/airflow/dags/pipeline.py
[2025-07-21T13:35:50.729+0000] {logging_mixin.py:188} INFO - [2025-07-21T13:35:50.729+0000] {dag.py:3036} INFO - Sync 1 DAGs
[2025-07-21T13:35:50.746+0000] {logging_mixin.py:188} INFO - [2025-07-21T13:35:50.746+0000] {dag.py:3823} INFO - Setting next_dagrun for etl_data_pipeline to 2025-07-21 00:00:00+00:00, run_after=2025-07-22 00:00:00+00:00
[2025-07-21T13:35:50.762+0000] {processor.py:183} INFO - Processing /opt/airflow/dags/pipeline.py took 0.118 seconds
[2025-07-21T13:36:21.505+0000] {processor.py:161} INFO - Started process (PID=463) to work on /opt/airflow/dags/pipeline.py
[2025-07-21T13:36:21.506+0000] {processor.py:830} INFO - Processing file /opt/airflow/dags/pipeline.py for tasks to queue
[2025-07-21T13:36:21.506+0000] {logging_mixin.py:188} INFO - [2025-07-21T13:36:21.506+0000] {dagbag.py:538} INFO - Filling up the DagBag from /opt/airflow/dags/pipeline.py
[2025-07-21T13:36:21.573+0000] {processor.py:840} INFO - DAG(s) 'etl_data_pipeline' retrieved from /opt/airflow/dags/pipeline.py
[2025-07-21T13:36:21.600+0000] {logging_mixin.py:188} INFO - [2025-07-21T13:36:21.600+0000] {dag.py:3036} INFO - Sync 1 DAGs
[2025-07-21T13:36:21.629+0000] {logging_mixin.py:188} INFO - [2025-07-21T13:36:21.628+0000] {dag.py:3823} INFO - Setting next_dagrun for etl_data_pipeline to 2025-07-21 00:00:00+00:00, run_after=2025-07-22 00:00:00+00:00
[2025-07-21T13:36:21.655+0000] {processor.py:183} INFO - Processing /opt/airflow/dags/pipeline.py took 0.153 seconds
[2025-07-21T13:36:51.964+0000] {processor.py:161} INFO - Started process (PID=468) to work on /opt/airflow/dags/pipeline.py
[2025-07-21T13:36:51.965+0000] {processor.py:830} INFO - Processing file /opt/airflow/dags/pipeline.py for tasks to queue
[2025-07-21T13:36:51.966+0000] {logging_mixin.py:188} INFO - [2025-07-21T13:36:51.965+0000] {dagbag.py:538} INFO - Filling up the DagBag from /opt/airflow/dags/pipeline.py
[2025-07-21T13:36:52.035+0000] {processor.py:840} INFO - DAG(s) 'etl_data_pipeline' retrieved from /opt/airflow/dags/pipeline.py
[2025-07-21T13:36:52.057+0000] {logging_mixin.py:188} INFO - [2025-07-21T13:36:52.057+0000] {dag.py:3036} INFO - Sync 1 DAGs
[2025-07-21T13:36:52.076+0000] {logging_mixin.py:188} INFO - [2025-07-21T13:36:52.075+0000] {dag.py:3823} INFO - Setting next_dagrun for etl_data_pipeline to 2025-07-21 00:00:00+00:00, run_after=2025-07-22 00:00:00+00:00
[2025-07-21T13:36:52.090+0000] {processor.py:183} INFO - Processing /opt/airflow/dags/pipeline.py took 0.129 seconds
[2025-07-21T13:37:22.250+0000] {processor.py:161} INFO - Started process (PID=473) to work on /opt/airflow/dags/pipeline.py
[2025-07-21T13:37:22.251+0000] {processor.py:830} INFO - Processing file /opt/airflow/dags/pipeline.py for tasks to queue
[2025-07-21T13:37:22.251+0000] {logging_mixin.py:188} INFO - [2025-07-21T13:37:22.251+0000] {dagbag.py:538} INFO - Filling up the DagBag from /opt/airflow/dags/pipeline.py
[2025-07-21T13:37:22.326+0000] {processor.py:840} INFO - DAG(s) 'etl_data_pipeline' retrieved from /opt/airflow/dags/pipeline.py
[2025-07-21T13:37:22.372+0000] {logging_mixin.py:188} INFO - [2025-07-21T13:37:22.372+0000] {dag.py:3036} INFO - Sync 1 DAGs
[2025-07-21T13:37:22.398+0000] {logging_mixin.py:188} INFO - [2025-07-21T13:37:22.398+0000] {dag.py:3823} INFO - Setting next_dagrun for etl_data_pipeline to 2025-07-21 00:00:00+00:00, run_after=2025-07-22 00:00:00+00:00
[2025-07-21T13:37:22.422+0000] {processor.py:183} INFO - Processing /opt/airflow/dags/pipeline.py took 0.176 seconds
[2025-07-21T13:37:53.239+0000] {processor.py:161} INFO - Started process (PID=478) to work on /opt/airflow/dags/pipeline.py
[2025-07-21T13:37:53.240+0000] {processor.py:830} INFO - Processing file /opt/airflow/dags/pipeline.py for tasks to queue
[2025-07-21T13:37:53.240+0000] {logging_mixin.py:188} INFO - [2025-07-21T13:37:53.240+0000] {dagbag.py:538} INFO - Filling up the DagBag from /opt/airflow/dags/pipeline.py
[2025-07-21T13:37:53.315+0000] {processor.py:840} INFO - DAG(s) 'etl_data_pipeline' retrieved from /opt/airflow/dags/pipeline.py
[2025-07-21T13:37:53.338+0000] {logging_mixin.py:188} INFO - [2025-07-21T13:37:53.337+0000] {dag.py:3036} INFO - Sync 1 DAGs
[2025-07-21T13:37:53.358+0000] {logging_mixin.py:188} INFO - [2025-07-21T13:37:53.358+0000] {dag.py:3823} INFO - Setting next_dagrun for etl_data_pipeline to 2025-07-21 00:00:00+00:00, run_after=2025-07-22 00:00:00+00:00
[2025-07-21T13:37:53.374+0000] {processor.py:183} INFO - Processing /opt/airflow/dags/pipeline.py took 0.137 seconds
[2025-07-21T13:38:23.587+0000] {processor.py:161} INFO - Started process (PID=483) to work on /opt/airflow/dags/pipeline.py
[2025-07-21T13:38:23.588+0000] {processor.py:830} INFO - Processing file /opt/airflow/dags/pipeline.py for tasks to queue
[2025-07-21T13:38:23.589+0000] {logging_mixin.py:188} INFO - [2025-07-21T13:38:23.589+0000] {dagbag.py:538} INFO - Filling up the DagBag from /opt/airflow/dags/pipeline.py
[2025-07-21T13:38:23.660+0000] {processor.py:840} INFO - DAG(s) 'etl_data_pipeline' retrieved from /opt/airflow/dags/pipeline.py
[2025-07-21T13:38:23.683+0000] {logging_mixin.py:188} INFO - [2025-07-21T13:38:23.682+0000] {dag.py:3036} INFO - Sync 1 DAGs
[2025-07-21T13:38:23.702+0000] {logging_mixin.py:188} INFO - [2025-07-21T13:38:23.702+0000] {dag.py:3823} INFO - Setting next_dagrun for etl_data_pipeline to 2025-07-21 00:00:00+00:00, run_after=2025-07-22 00:00:00+00:00
[2025-07-21T13:38:23.719+0000] {processor.py:183} INFO - Processing /opt/airflow/dags/pipeline.py took 0.134 seconds
[2025-07-21T13:38:53.773+0000] {processor.py:161} INFO - Started process (PID=488) to work on /opt/airflow/dags/pipeline.py
[2025-07-21T13:38:53.774+0000] {processor.py:830} INFO - Processing file /opt/airflow/dags/pipeline.py for tasks to queue
[2025-07-21T13:38:53.774+0000] {logging_mixin.py:188} INFO - [2025-07-21T13:38:53.774+0000] {dagbag.py:538} INFO - Filling up the DagBag from /opt/airflow/dags/pipeline.py
[2025-07-21T13:38:53.845+0000] {processor.py:840} INFO - DAG(s) 'etl_data_pipeline' retrieved from /opt/airflow/dags/pipeline.py
[2025-07-21T13:38:53.871+0000] {logging_mixin.py:188} INFO - [2025-07-21T13:38:53.871+0000] {dag.py:3036} INFO - Sync 1 DAGs
[2025-07-21T13:38:53.891+0000] {logging_mixin.py:188} INFO - [2025-07-21T13:38:53.891+0000] {dag.py:3823} INFO - Setting next_dagrun for etl_data_pipeline to 2025-07-21 00:00:00+00:00, run_after=2025-07-22 00:00:00+00:00
[2025-07-21T13:38:53.907+0000] {processor.py:183} INFO - Processing /opt/airflow/dags/pipeline.py took 0.137 seconds
[2025-07-21T13:39:24.156+0000] {processor.py:161} INFO - Started process (PID=493) to work on /opt/airflow/dags/pipeline.py
[2025-07-21T13:39:24.157+0000] {processor.py:830} INFO - Processing file /opt/airflow/dags/pipeline.py for tasks to queue
[2025-07-21T13:39:24.158+0000] {logging_mixin.py:188} INFO - [2025-07-21T13:39:24.157+0000] {dagbag.py:538} INFO - Filling up the DagBag from /opt/airflow/dags/pipeline.py
[2025-07-21T13:39:24.227+0000] {processor.py:840} INFO - DAG(s) 'etl_data_pipeline' retrieved from /opt/airflow/dags/pipeline.py
[2025-07-21T13:39:24.252+0000] {logging_mixin.py:188} INFO - [2025-07-21T13:39:24.251+0000] {dag.py:3036} INFO - Sync 1 DAGs
[2025-07-21T13:39:24.271+0000] {logging_mixin.py:188} INFO - [2025-07-21T13:39:24.271+0000] {dag.py:3823} INFO - Setting next_dagrun for etl_data_pipeline to 2025-07-21 00:00:00+00:00, run_after=2025-07-22 00:00:00+00:00
[2025-07-21T13:39:24.287+0000] {processor.py:183} INFO - Processing /opt/airflow/dags/pipeline.py took 0.133 seconds
[2025-07-21T13:39:54.762+0000] {processor.py:161} INFO - Started process (PID=498) to work on /opt/airflow/dags/pipeline.py
[2025-07-21T13:39:54.763+0000] {processor.py:830} INFO - Processing file /opt/airflow/dags/pipeline.py for tasks to queue
[2025-07-21T13:39:54.764+0000] {logging_mixin.py:188} INFO - [2025-07-21T13:39:54.763+0000] {dagbag.py:538} INFO - Filling up the DagBag from /opt/airflow/dags/pipeline.py
[2025-07-21T13:39:54.837+0000] {processor.py:840} INFO - DAG(s) 'etl_data_pipeline' retrieved from /opt/airflow/dags/pipeline.py
[2025-07-21T13:39:54.863+0000] {logging_mixin.py:188} INFO - [2025-07-21T13:39:54.863+0000] {dag.py:3036} INFO - Sync 1 DAGs
[2025-07-21T13:39:54.883+0000] {logging_mixin.py:188} INFO - [2025-07-21T13:39:54.883+0000] {dag.py:3823} INFO - Setting next_dagrun for etl_data_pipeline to 2025-07-21 00:00:00+00:00, run_after=2025-07-22 00:00:00+00:00
[2025-07-21T13:39:54.899+0000] {processor.py:183} INFO - Processing /opt/airflow/dags/pipeline.py took 0.140 seconds
