[2025-07-22T15:27:12.062+0000] {taskinstance.py:1956} INFO - Dependencies all met for dep_context=non-requeueable deps ti=<TaskInstance: etl_data_pipeline.ingest_stock_data manual__2025-07-22T15:27:10.649239+00:00 [queued]>
[2025-07-22T15:27:12.073+0000] {taskinstance.py:1956} INFO - Dependencies all met for dep_context=requeueable deps ti=<TaskInstance: etl_data_pipeline.ingest_stock_data manual__2025-07-22T15:27:10.649239+00:00 [queued]>
[2025-07-22T15:27:12.074+0000] {taskinstance.py:2170} INFO - Starting attempt 1 of 1
[2025-07-22T15:27:12.090+0000] {taskinstance.py:2191} INFO - Executing <Task(PythonOperator): ingest_stock_data> on 2025-07-22 15:27:10.649239+00:00
[2025-07-22T15:27:12.099+0000] {standard_task_runner.py:60} INFO - Started process 181 to run task
[2025-07-22T15:27:12.106+0000] {standard_task_runner.py:87} INFO - Running: ['***', 'tasks', 'run', 'etl_data_pipeline', 'ingest_stock_data', 'manual__2025-07-22T15:27:10.649239+00:00', '--job-id', '26', '--raw', '--subdir', 'DAGS_FOLDER/pipeline.py', '--cfg-path', '/tmp/tmpw0um0g0z']
[2025-07-22T15:27:12.109+0000] {standard_task_runner.py:88} INFO - Job 26: Subtask ingest_stock_data
[2025-07-22T15:27:12.172+0000] {task_command.py:423} INFO - Running <TaskInstance: etl_data_pipeline.ingest_stock_data manual__2025-07-22T15:27:10.649239+00:00 [running]> on host 611e00b9d5de
[2025-07-22T15:27:12.284+0000] {taskinstance.py:2480} INFO - Exporting env vars: AIRFLOW_CTX_DAG_OWNER='***' AIRFLOW_CTX_DAG_ID='etl_data_pipeline' AIRFLOW_CTX_TASK_ID='ingest_stock_data' AIRFLOW_CTX_EXECUTION_DATE='2025-07-22T15:27:10.649239+00:00' AIRFLOW_CTX_TRY_NUMBER='1' AIRFLOW_CTX_DAG_RUN_ID='manual__2025-07-22T15:27:10.649239+00:00'
[2025-07-22T15:27:12.310+0000] {pipeline.py:36} INFO - Successfully connected to MongoDB at mongodb:27017
[2025-07-22T15:27:12.349+0000] {pipeline.py:45} INFO - Attempting to extract data from: https://www.alphavantage.co/query?function=TIME_SERIES_DAILY&symbol=IBM&apikey=YOUR_ALPHA_VANTAGE_API_KEY
[2025-07-22T15:27:12.359+0000] {pipeline.py:52} ERROR - Error during API extraction from https://www.alphavantage.co/query?function=TIME_SERIES_DAILY&symbol=IBM&apikey=YOUR_ALPHA_VANTAGE_API_KEY: HTTPSConnectionPool(host='www.alphavantage.co', port=443): Max retries exceeded with url: /query?function=TIME_SERIES_DAILY&symbol=IBM&apikey=YOUR_ALPHA_VANTAGE_API_KEY (Caused by NameResolutionError("<urllib3.connection.HTTPSConnection object at 0x7f04c95e8bd0>: Failed to resolve 'www.alphavantage.co' ([Errno -2] Name or service not known)"))
[2025-07-22T15:27:12.360+0000] {pipeline.py:100} WARNING - [Ingest] Failed to ingest stock data for IBM. Response: {}
[2025-07-22T15:27:12.360+0000] {pipeline.py:45} INFO - Attempting to extract data from: https://www.alphavantage.co/query?function=TIME_SERIES_DAILY&symbol=MSFT&apikey=YOUR_ALPHA_VANTAGE_API_KEY
[2025-07-22T15:27:12.367+0000] {pipeline.py:52} ERROR - Error during API extraction from https://www.alphavantage.co/query?function=TIME_SERIES_DAILY&symbol=MSFT&apikey=YOUR_ALPHA_VANTAGE_API_KEY: HTTPSConnectionPool(host='www.alphavantage.co', port=443): Max retries exceeded with url: /query?function=TIME_SERIES_DAILY&symbol=MSFT&apikey=YOUR_ALPHA_VANTAGE_API_KEY (Caused by NameResolutionError("<urllib3.connection.HTTPSConnection object at 0x7f04c8e68290>: Failed to resolve 'www.alphavantage.co' ([Errno -2] Name or service not known)"))
[2025-07-22T15:27:12.368+0000] {pipeline.py:100} WARNING - [Ingest] Failed to ingest stock data for MSFT. Response: {}
[2025-07-22T15:27:12.368+0000] {pipeline.py:45} INFO - Attempting to extract data from: https://www.alphavantage.co/query?function=TIME_SERIES_DAILY&symbol=GOOGL&apikey=YOUR_ALPHA_VANTAGE_API_KEY
[2025-07-22T15:27:12.376+0000] {pipeline.py:52} ERROR - Error during API extraction from https://www.alphavantage.co/query?function=TIME_SERIES_DAILY&symbol=GOOGL&apikey=YOUR_ALPHA_VANTAGE_API_KEY: HTTPSConnectionPool(host='www.alphavantage.co', port=443): Max retries exceeded with url: /query?function=TIME_SERIES_DAILY&symbol=GOOGL&apikey=YOUR_ALPHA_VANTAGE_API_KEY (Caused by NameResolutionError("<urllib3.connection.HTTPSConnection object at 0x7f04c8e5b9d0>: Failed to resolve 'www.alphavantage.co' ([Errno -2] Name or service not known)"))
[2025-07-22T15:27:12.376+0000] {pipeline.py:100} WARNING - [Ingest] Failed to ingest stock data for GOOGL. Response: {}
[2025-07-22T15:27:12.377+0000] {pipeline.py:45} INFO - Attempting to extract data from: https://www.alphavantage.co/query?function=TIME_SERIES_DAILY&symbol=AMZN&apikey=YOUR_ALPHA_VANTAGE_API_KEY
[2025-07-22T15:27:12.382+0000] {pipeline.py:52} ERROR - Error during API extraction from https://www.alphavantage.co/query?function=TIME_SERIES_DAILY&symbol=AMZN&apikey=YOUR_ALPHA_VANTAGE_API_KEY: HTTPSConnectionPool(host='www.alphavantage.co', port=443): Max retries exceeded with url: /query?function=TIME_SERIES_DAILY&symbol=AMZN&apikey=YOUR_ALPHA_VANTAGE_API_KEY (Caused by NameResolutionError("<urllib3.connection.HTTPSConnection object at 0x7f04c8e6ab50>: Failed to resolve 'www.alphavantage.co' ([Errno -2] Name or service not known)"))
[2025-07-22T15:27:12.383+0000] {pipeline.py:100} WARNING - [Ingest] Failed to ingest stock data for AMZN. Response: {}
[2025-07-22T15:27:12.383+0000] {pipeline.py:45} INFO - Attempting to extract data from: https://www.alphavantage.co/query?function=TIME_SERIES_DAILY&symbol=AAPL&apikey=YOUR_ALPHA_VANTAGE_API_KEY
[2025-07-22T15:27:12.387+0000] {pipeline.py:52} ERROR - Error during API extraction from https://www.alphavantage.co/query?function=TIME_SERIES_DAILY&symbol=AAPL&apikey=YOUR_ALPHA_VANTAGE_API_KEY: HTTPSConnectionPool(host='www.alphavantage.co', port=443): Max retries exceeded with url: /query?function=TIME_SERIES_DAILY&symbol=AAPL&apikey=YOUR_ALPHA_VANTAGE_API_KEY (Caused by NameResolutionError("<urllib3.connection.HTTPSConnection object at 0x7f04c8e6c750>: Failed to resolve 'www.alphavantage.co' ([Errno -2] Name or service not known)"))
[2025-07-22T15:27:12.388+0000] {pipeline.py:100} WARNING - [Ingest] Failed to ingest stock data for AAPL. Response: {}
[2025-07-22T15:27:12.390+0000] {pipeline.py:103} INFO - [Ingest] Total stock symbols ingested: 0
[2025-07-22T15:27:12.409+0000] {python.py:201} INFO - Done. Returned value was: None
[2025-07-22T15:27:12.421+0000] {taskinstance.py:1138} INFO - Marking task as SUCCESS. dag_id=etl_data_pipeline, task_id=ingest_stock_data, execution_date=20250722T152710, start_date=20250722T152712, end_date=20250722T152712
[2025-07-22T15:27:12.478+0000] {local_task_job_runner.py:234} INFO - Task exited with return code 0
[2025-07-22T15:27:12.501+0000] {taskinstance.py:3280} INFO - 0 downstream tasks scheduled from follow-on schedule check
