[2025-07-22T15:30:52.981+0000] {taskinstance.py:1956} INFO - Dependencies all met for dep_context=non-requeueable deps ti=<TaskInstance: etl_data_pipeline.ingest_stock_data manual__2025-07-22T15:30:52.101695+00:00 [queued]>
[2025-07-22T15:30:53.017+0000] {taskinstance.py:1956} INFO - Dependencies all met for dep_context=requeueable deps ti=<TaskInstance: etl_data_pipeline.ingest_stock_data manual__2025-07-22T15:30:52.101695+00:00 [queued]>
[2025-07-22T15:30:53.018+0000] {taskinstance.py:2170} INFO - Starting attempt 1 of 1
[2025-07-22T15:30:53.053+0000] {taskinstance.py:2191} INFO - Executing <Task(PythonOperator): ingest_stock_data> on 2025-07-22 15:30:52.101695+00:00
[2025-07-22T15:30:53.067+0000] {standard_task_runner.py:60} INFO - Started process 213 to run task
[2025-07-22T15:30:53.072+0000] {standard_task_runner.py:87} INFO - Running: ['***', 'tasks', 'run', 'etl_data_pipeline', 'ingest_stock_data', 'manual__2025-07-22T15:30:52.101695+00:00', '--job-id', '11', '--raw', '--subdir', 'DAGS_FOLDER/pipeline.py', '--cfg-path', '/tmp/tmpncqpx126']
[2025-07-22T15:30:53.079+0000] {standard_task_runner.py:88} INFO - Job 11: Subtask ingest_stock_data
[2025-07-22T15:30:53.198+0000] {task_command.py:423} INFO - Running <TaskInstance: etl_data_pipeline.ingest_stock_data manual__2025-07-22T15:30:52.101695+00:00 [running]> on host ca8555d60fc9
[2025-07-22T15:30:53.354+0000] {taskinstance.py:2480} INFO - Exporting env vars: AIRFLOW_CTX_DAG_OWNER='***' AIRFLOW_CTX_DAG_ID='etl_data_pipeline' AIRFLOW_CTX_TASK_ID='ingest_stock_data' AIRFLOW_CTX_EXECUTION_DATE='2025-07-22T15:30:52.101695+00:00' AIRFLOW_CTX_TRY_NUMBER='1' AIRFLOW_CTX_DAG_RUN_ID='manual__2025-07-22T15:30:52.101695+00:00'
[2025-07-22T15:30:53.383+0000] {pipeline.py:36} INFO - Successfully connected to MongoDB at mongodb:27017
[2025-07-22T15:30:53.388+0000] {pipeline.py:45} INFO - Attempting to extract data from: https://www.alphavantage.co/query?function=TIME_SERIES_DAILY&symbol=IBM&apikey=YOUR_ALPHA_VANTAGE_API_KEY
[2025-07-22T15:30:57.402+0000] {pipeline.py:52} ERROR - Error during API extraction from https://www.alphavantage.co/query?function=TIME_SERIES_DAILY&symbol=IBM&apikey=YOUR_ALPHA_VANTAGE_API_KEY: HTTPSConnectionPool(host='www.alphavantage.co', port=443): Max retries exceeded with url: /query?function=TIME_SERIES_DAILY&symbol=IBM&apikey=YOUR_ALPHA_VANTAGE_API_KEY (Caused by NameResolutionError("<urllib3.connection.HTTPSConnection object at 0x7fdba8ee5650>: Failed to resolve 'www.alphavantage.co' ([Errno -5] No address associated with hostname)"))
[2025-07-22T15:30:57.402+0000] {pipeline.py:100} WARNING - [Ingest] Failed to ingest stock data for IBM. Response: {}
[2025-07-22T15:30:57.403+0000] {pipeline.py:45} INFO - Attempting to extract data from: https://www.alphavantage.co/query?function=TIME_SERIES_DAILY&symbol=MSFT&apikey=YOUR_ALPHA_VANTAGE_API_KEY
[2025-07-22T15:31:01.406+0000] {pipeline.py:52} ERROR - Error during API extraction from https://www.alphavantage.co/query?function=TIME_SERIES_DAILY&symbol=MSFT&apikey=YOUR_ALPHA_VANTAGE_API_KEY: HTTPSConnectionPool(host='www.alphavantage.co', port=443): Max retries exceeded with url: /query?function=TIME_SERIES_DAILY&symbol=MSFT&apikey=YOUR_ALPHA_VANTAGE_API_KEY (Caused by NameResolutionError("<urllib3.connection.HTTPSConnection object at 0x7fdba8ee7890>: Failed to resolve 'www.alphavantage.co' ([Errno -5] No address associated with hostname)"))
[2025-07-22T15:31:01.407+0000] {pipeline.py:100} WARNING - [Ingest] Failed to ingest stock data for MSFT. Response: {}
[2025-07-22T15:31:01.407+0000] {pipeline.py:45} INFO - Attempting to extract data from: https://www.alphavantage.co/query?function=TIME_SERIES_DAILY&symbol=GOOGL&apikey=YOUR_ALPHA_VANTAGE_API_KEY
[2025-07-22T15:31:04.930+0000] {pipeline.py:52} ERROR - Error during API extraction from https://www.alphavantage.co/query?function=TIME_SERIES_DAILY&symbol=GOOGL&apikey=YOUR_ALPHA_VANTAGE_API_KEY: HTTPSConnectionPool(host='www.alphavantage.co', port=443): Max retries exceeded with url: /query?function=TIME_SERIES_DAILY&symbol=GOOGL&apikey=YOUR_ALPHA_VANTAGE_API_KEY (Caused by NameResolutionError("<urllib3.connection.HTTPSConnection object at 0x7fdba8ee7c10>: Failed to resolve 'www.alphavantage.co' ([Errno -2] Name or service not known)"))
[2025-07-22T15:31:04.932+0000] {pipeline.py:100} WARNING - [Ingest] Failed to ingest stock data for GOOGL. Response: {}
[2025-07-22T15:31:04.933+0000] {pipeline.py:45} INFO - Attempting to extract data from: https://www.alphavantage.co/query?function=TIME_SERIES_DAILY&symbol=AMZN&apikey=YOUR_ALPHA_VANTAGE_API_KEY
[2025-07-22T15:31:04.942+0000] {pipeline.py:52} ERROR - Error during API extraction from https://www.alphavantage.co/query?function=TIME_SERIES_DAILY&symbol=AMZN&apikey=YOUR_ALPHA_VANTAGE_API_KEY: HTTPSConnectionPool(host='www.alphavantage.co', port=443): Max retries exceeded with url: /query?function=TIME_SERIES_DAILY&symbol=AMZN&apikey=YOUR_ALPHA_VANTAGE_API_KEY (Caused by NameResolutionError("<urllib3.connection.HTTPSConnection object at 0x7fdba8f04510>: Failed to resolve 'www.alphavantage.co' ([Errno -2] Name or service not known)"))
[2025-07-22T15:31:04.945+0000] {pipeline.py:100} WARNING - [Ingest] Failed to ingest stock data for AMZN. Response: {}
[2025-07-22T15:31:04.950+0000] {pipeline.py:45} INFO - Attempting to extract data from: https://www.alphavantage.co/query?function=TIME_SERIES_DAILY&symbol=AAPL&apikey=YOUR_ALPHA_VANTAGE_API_KEY
[2025-07-22T15:31:04.959+0000] {pipeline.py:52} ERROR - Error during API extraction from https://www.alphavantage.co/query?function=TIME_SERIES_DAILY&symbol=AAPL&apikey=YOUR_ALPHA_VANTAGE_API_KEY: HTTPSConnectionPool(host='www.alphavantage.co', port=443): Max retries exceeded with url: /query?function=TIME_SERIES_DAILY&symbol=AAPL&apikey=YOUR_ALPHA_VANTAGE_API_KEY (Caused by NameResolutionError("<urllib3.connection.HTTPSConnection object at 0x7fdba8f06590>: Failed to resolve 'www.alphavantage.co' ([Errno -2] Name or service not known)"))
[2025-07-22T15:31:04.960+0000] {pipeline.py:100} WARNING - [Ingest] Failed to ingest stock data for AAPL. Response: {}
[2025-07-22T15:31:04.963+0000] {pipeline.py:103} INFO - [Ingest] Total stock symbols ingested: 0
[2025-07-22T15:31:05.003+0000] {python.py:201} INFO - Done. Returned value was: None
[2025-07-22T15:31:05.029+0000] {taskinstance.py:1138} INFO - Marking task as SUCCESS. dag_id=etl_data_pipeline, task_id=ingest_stock_data, execution_date=20250722T153052, start_date=20250722T153052, end_date=20250722T153105
[2025-07-22T15:31:05.076+0000] {local_task_job_runner.py:234} INFO - Task exited with return code 0
[2025-07-22T15:31:05.125+0000] {taskinstance.py:3280} INFO - 1 downstream tasks scheduled from follow-on schedule check
