[2025-07-22T06:13:42.126+0000] {taskinstance.py:1956} INFO - Dependencies all met for dep_context=non-requeueable deps ti=<TaskInstance: etl_data_pipeline.ingest_car_models_data scheduled__2025-07-21T00:00:00+00:00 [queued]>
[2025-07-22T06:13:42.136+0000] {taskinstance.py:1956} INFO - Dependencies all met for dep_context=requeueable deps ti=<TaskInstance: etl_data_pipeline.ingest_car_models_data scheduled__2025-07-21T00:00:00+00:00 [queued]>
[2025-07-22T06:13:42.137+0000] {taskinstance.py:2170} INFO - Starting attempt 1 of 1
[2025-07-22T06:13:42.150+0000] {taskinstance.py:2191} INFO - Executing <Task(PythonOperator): ingest_car_models_data> on 2025-07-21 00:00:00+00:00
[2025-07-22T06:13:42.156+0000] {standard_task_runner.py:60} INFO - Started process 200 to run task
[2025-07-22T06:13:42.159+0000] {standard_task_runner.py:87} INFO - Running: ['***', 'tasks', 'run', 'etl_data_pipeline', 'ingest_car_models_data', 'scheduled__2025-07-21T00:00:00+00:00', '--job-id', '103', '--raw', '--subdir', 'DAGS_FOLDER/pipeline.py', '--cfg-path', '/tmp/tmpt9kajtr7']
[2025-07-22T06:13:42.161+0000] {standard_task_runner.py:88} INFO - Job 103: Subtask ingest_car_models_data
[2025-07-22T06:13:42.204+0000] {task_command.py:423} INFO - Running <TaskInstance: etl_data_pipeline.ingest_car_models_data scheduled__2025-07-21T00:00:00+00:00 [running]> on host d60dbf7f7094
[2025-07-22T06:13:42.280+0000] {taskinstance.py:2480} INFO - Exporting env vars: AIRFLOW_CTX_DAG_OWNER='***' AIRFLOW_CTX_DAG_ID='etl_data_pipeline' AIRFLOW_CTX_TASK_ID='ingest_car_models_data' AIRFLOW_CTX_EXECUTION_DATE='2025-07-21T00:00:00+00:00' AIRFLOW_CTX_TRY_NUMBER='1' AIRFLOW_CTX_DAG_RUN_ID='scheduled__2025-07-21T00:00:00+00:00'
[2025-07-22T06:13:42.292+0000] {pipeline.py:134} WARNING - No make IDs found via XCom for car models ingestion. Skipping.
[2025-07-22T06:13:42.309+0000] {python.py:201} INFO - Done. Returned value was: None
[2025-07-22T06:13:42.319+0000] {taskinstance.py:1138} INFO - Marking task as SUCCESS. dag_id=etl_data_pipeline, task_id=ingest_car_models_data, execution_date=20250721T000000, start_date=20250722T061342, end_date=20250722T061342
[2025-07-22T06:13:42.372+0000] {local_task_job_runner.py:234} INFO - Task exited with return code 0
[2025-07-22T06:13:42.393+0000] {taskinstance.py:3280} INFO - 1 downstream tasks scheduled from follow-on schedule check
[2025-07-22T06:24:03.914+0000] {taskinstance.py:1956} INFO - Dependencies all met for dep_context=non-requeueable deps ti=<TaskInstance: etl_data_pipeline.ingest_car_models_data scheduled__2025-07-21T00:00:00+00:00 [queued]>
[2025-07-22T06:24:03.924+0000] {taskinstance.py:1956} INFO - Dependencies all met for dep_context=requeueable deps ti=<TaskInstance: etl_data_pipeline.ingest_car_models_data scheduled__2025-07-21T00:00:00+00:00 [queued]>
[2025-07-22T06:24:03.924+0000] {taskinstance.py:2170} INFO - Starting attempt 1 of 1
[2025-07-22T06:24:03.937+0000] {taskinstance.py:2191} INFO - Executing <Task(PythonOperator): ingest_car_models_data> on 2025-07-21 00:00:00+00:00
[2025-07-22T06:24:03.943+0000] {standard_task_runner.py:60} INFO - Started process 215 to run task
[2025-07-22T06:24:03.947+0000] {standard_task_runner.py:87} INFO - Running: ['***', 'tasks', 'run', 'etl_data_pipeline', 'ingest_car_models_data', 'scheduled__2025-07-21T00:00:00+00:00', '--job-id', '7', '--raw', '--subdir', 'DAGS_FOLDER/pipeline.py', '--cfg-path', '/tmp/tmpse83a642']
[2025-07-22T06:24:03.949+0000] {standard_task_runner.py:88} INFO - Job 7: Subtask ingest_car_models_data
[2025-07-22T06:24:03.991+0000] {task_command.py:423} INFO - Running <TaskInstance: etl_data_pipeline.ingest_car_models_data scheduled__2025-07-21T00:00:00+00:00 [running]> on host f2365a595aca
[2025-07-22T06:24:04.057+0000] {taskinstance.py:2480} INFO - Exporting env vars: AIRFLOW_CTX_DAG_OWNER='***' AIRFLOW_CTX_DAG_ID='etl_data_pipeline' AIRFLOW_CTX_TASK_ID='ingest_car_models_data' AIRFLOW_CTX_EXECUTION_DATE='2025-07-21T00:00:00+00:00' AIRFLOW_CTX_TRY_NUMBER='1' AIRFLOW_CTX_DAG_RUN_ID='scheduled__2025-07-21T00:00:00+00:00'
[2025-07-22T06:24:04.068+0000] {pipeline.py:134} WARNING - No make IDs found via XCom for car models ingestion. Skipping.
[2025-07-22T06:24:04.083+0000] {python.py:201} INFO - Done. Returned value was: None
[2025-07-22T06:24:04.097+0000] {taskinstance.py:1138} INFO - Marking task as SUCCESS. dag_id=etl_data_pipeline, task_id=ingest_car_models_data, execution_date=20250721T000000, start_date=20250722T062403, end_date=20250722T062404
[2025-07-22T06:24:04.158+0000] {local_task_job_runner.py:234} INFO - Task exited with return code 0
[2025-07-22T06:24:04.181+0000] {taskinstance.py:3280} INFO - 1 downstream tasks scheduled from follow-on schedule check
[2025-07-22T06:42:44.893+0000] {taskinstance.py:1956} INFO - Dependencies all met for dep_context=non-requeueable deps ti=<TaskInstance: etl_data_pipeline.ingest_car_models_data scheduled__2025-07-21T00:00:00+00:00 [queued]>
[2025-07-22T06:42:44.907+0000] {taskinstance.py:1956} INFO - Dependencies all met for dep_context=requeueable deps ti=<TaskInstance: etl_data_pipeline.ingest_car_models_data scheduled__2025-07-21T00:00:00+00:00 [queued]>
[2025-07-22T06:42:44.908+0000] {taskinstance.py:2170} INFO - Starting attempt 1 of 1
[2025-07-22T06:42:44.926+0000] {taskinstance.py:2191} INFO - Executing <Task(PythonOperator): ingest_car_models_data> on 2025-07-21 00:00:00+00:00
[2025-07-22T06:42:44.932+0000] {standard_task_runner.py:60} INFO - Started process 225 to run task
[2025-07-22T06:42:44.936+0000] {standard_task_runner.py:87} INFO - Running: ['***', 'tasks', 'run', 'etl_data_pipeline', 'ingest_car_models_data', 'scheduled__2025-07-21T00:00:00+00:00', '--job-id', '11', '--raw', '--subdir', 'DAGS_FOLDER/pipeline.py', '--cfg-path', '/tmp/tmpf8bjelfp']
[2025-07-22T06:42:44.938+0000] {standard_task_runner.py:88} INFO - Job 11: Subtask ingest_car_models_data
[2025-07-22T06:42:44.993+0000] {task_command.py:423} INFO - Running <TaskInstance: etl_data_pipeline.ingest_car_models_data scheduled__2025-07-21T00:00:00+00:00 [running]> on host 85468ae3d510
[2025-07-22T06:42:45.080+0000] {taskinstance.py:2480} INFO - Exporting env vars: AIRFLOW_CTX_DAG_OWNER='***' AIRFLOW_CTX_DAG_ID='etl_data_pipeline' AIRFLOW_CTX_TASK_ID='ingest_car_models_data' AIRFLOW_CTX_EXECUTION_DATE='2025-07-21T00:00:00+00:00' AIRFLOW_CTX_TRY_NUMBER='1' AIRFLOW_CTX_DAG_RUN_ID='scheduled__2025-07-21T00:00:00+00:00'
[2025-07-22T06:42:45.094+0000] {pipeline.py:134} WARNING - No make IDs found via XCom for car models ingestion. Skipping.
[2025-07-22T06:42:45.112+0000] {python.py:201} INFO - Done. Returned value was: None
[2025-07-22T06:42:45.125+0000] {taskinstance.py:1138} INFO - Marking task as SUCCESS. dag_id=etl_data_pipeline, task_id=ingest_car_models_data, execution_date=20250721T000000, start_date=20250722T064244, end_date=20250722T064245
[2025-07-22T06:42:45.188+0000] {local_task_job_runner.py:234} INFO - Task exited with return code 0
[2025-07-22T06:42:45.213+0000] {taskinstance.py:3280} INFO - 1 downstream tasks scheduled from follow-on schedule check
[2025-07-22T15:30:30.545+0000] {taskinstance.py:1956} INFO - Dependencies all met for dep_context=non-requeueable deps ti=<TaskInstance: etl_data_pipeline.ingest_car_models_data scheduled__2025-07-21T00:00:00+00:00 [queued]>
[2025-07-22T15:30:30.554+0000] {taskinstance.py:1956} INFO - Dependencies all met for dep_context=requeueable deps ti=<TaskInstance: etl_data_pipeline.ingest_car_models_data scheduled__2025-07-21T00:00:00+00:00 [queued]>
[2025-07-22T15:30:30.555+0000] {taskinstance.py:2170} INFO - Starting attempt 1 of 1
[2025-07-22T15:30:30.570+0000] {taskinstance.py:2191} INFO - Executing <Task(PythonOperator): ingest_car_models_data> on 2025-07-21 00:00:00+00:00
[2025-07-22T15:30:30.577+0000] {standard_task_runner.py:60} INFO - Started process 197 to run task
[2025-07-22T15:30:30.580+0000] {standard_task_runner.py:87} INFO - Running: ['***', 'tasks', 'run', 'etl_data_pipeline', 'ingest_car_models_data', 'scheduled__2025-07-21T00:00:00+00:00', '--job-id', '7', '--raw', '--subdir', 'DAGS_FOLDER/pipeline.py', '--cfg-path', '/tmp/tmp433xqx8f']
[2025-07-22T15:30:30.582+0000] {standard_task_runner.py:88} INFO - Job 7: Subtask ingest_car_models_data
[2025-07-22T15:30:30.629+0000] {task_command.py:423} INFO - Running <TaskInstance: etl_data_pipeline.ingest_car_models_data scheduled__2025-07-21T00:00:00+00:00 [running]> on host ca8555d60fc9
[2025-07-22T15:30:30.698+0000] {taskinstance.py:2480} INFO - Exporting env vars: AIRFLOW_CTX_DAG_OWNER='***' AIRFLOW_CTX_DAG_ID='etl_data_pipeline' AIRFLOW_CTX_TASK_ID='ingest_car_models_data' AIRFLOW_CTX_EXECUTION_DATE='2025-07-21T00:00:00+00:00' AIRFLOW_CTX_TRY_NUMBER='1' AIRFLOW_CTX_DAG_RUN_ID='scheduled__2025-07-21T00:00:00+00:00'
[2025-07-22T15:30:30.711+0000] {pipeline.py:134} WARNING - No make IDs found via XCom for car models ingestion. Skipping.
[2025-07-22T15:30:30.724+0000] {python.py:201} INFO - Done. Returned value was: None
[2025-07-22T15:30:30.734+0000] {taskinstance.py:1138} INFO - Marking task as SUCCESS. dag_id=etl_data_pipeline, task_id=ingest_car_models_data, execution_date=20250721T000000, start_date=20250722T153030, end_date=20250722T153030
[2025-07-22T15:30:30.793+0000] {local_task_job_runner.py:234} INFO - Task exited with return code 0
[2025-07-22T15:30:30.811+0000] {taskinstance.py:3280} INFO - 1 downstream tasks scheduled from follow-on schedule check
[2025-07-22T15:43:20.292+0000] {taskinstance.py:1956} INFO - Dependencies all met for dep_context=non-requeueable deps ti=<TaskInstance: etl_data_pipeline.ingest_car_models_data scheduled__2025-07-21T00:00:00+00:00 [queued]>
[2025-07-22T15:43:20.303+0000] {taskinstance.py:1956} INFO - Dependencies all met for dep_context=requeueable deps ti=<TaskInstance: etl_data_pipeline.ingest_car_models_data scheduled__2025-07-21T00:00:00+00:00 [queued]>
[2025-07-22T15:43:20.303+0000] {taskinstance.py:2170} INFO - Starting attempt 1 of 1
[2025-07-22T15:43:20.319+0000] {taskinstance.py:2191} INFO - Executing <Task(PythonOperator): ingest_car_models_data> on 2025-07-21 00:00:00+00:00
[2025-07-22T15:43:20.326+0000] {standard_task_runner.py:60} INFO - Started process 213 to run task
[2025-07-22T15:43:20.330+0000] {standard_task_runner.py:87} INFO - Running: ['***', 'tasks', 'run', 'etl_data_pipeline', 'ingest_car_models_data', 'scheduled__2025-07-21T00:00:00+00:00', '--job-id', '6', '--raw', '--subdir', 'DAGS_FOLDER/pipeline.py', '--cfg-path', '/tmp/tmp1psjfigd']
[2025-07-22T15:43:20.332+0000] {standard_task_runner.py:88} INFO - Job 6: Subtask ingest_car_models_data
[2025-07-22T15:43:20.375+0000] {task_command.py:423} INFO - Running <TaskInstance: etl_data_pipeline.ingest_car_models_data scheduled__2025-07-21T00:00:00+00:00 [running]> on host fcecba40fce8
[2025-07-22T15:43:20.446+0000] {taskinstance.py:2480} INFO - Exporting env vars: AIRFLOW_CTX_DAG_OWNER='***' AIRFLOW_CTX_DAG_ID='etl_data_pipeline' AIRFLOW_CTX_TASK_ID='ingest_car_models_data' AIRFLOW_CTX_EXECUTION_DATE='2025-07-21T00:00:00+00:00' AIRFLOW_CTX_TRY_NUMBER='1' AIRFLOW_CTX_DAG_RUN_ID='scheduled__2025-07-21T00:00:00+00:00'
[2025-07-22T15:43:20.457+0000] {pipeline.py:134} WARNING - No make IDs found via XCom for car models ingestion. Skipping.
[2025-07-22T15:43:20.469+0000] {python.py:201} INFO - Done. Returned value was: None
[2025-07-22T15:43:20.477+0000] {taskinstance.py:1138} INFO - Marking task as SUCCESS. dag_id=etl_data_pipeline, task_id=ingest_car_models_data, execution_date=20250721T000000, start_date=20250722T154320, end_date=20250722T154320
[2025-07-22T15:43:20.502+0000] {local_task_job_runner.py:234} INFO - Task exited with return code 0
[2025-07-22T15:43:20.525+0000] {taskinstance.py:3280} INFO - 1 downstream tasks scheduled from follow-on schedule check
