[2025-07-22T06:13:39.052+0000] {taskinstance.py:1956} INFO - Dependencies all met for dep_context=non-requeueable deps ti=<TaskInstance: etl_data_pipeline.ingest_car_makes_data scheduled__2025-07-21T00:00:00+00:00 [queued]>
[2025-07-22T06:13:39.063+0000] {taskinstance.py:1956} INFO - Dependencies all met for dep_context=requeueable deps ti=<TaskInstance: etl_data_pipeline.ingest_car_makes_data scheduled__2025-07-21T00:00:00+00:00 [queued]>
[2025-07-22T06:13:39.063+0000] {taskinstance.py:2170} INFO - Starting attempt 1 of 1
[2025-07-22T06:13:39.083+0000] {taskinstance.py:2191} INFO - Executing <Task(PythonOperator): ingest_car_makes_data> on 2025-07-21 00:00:00+00:00
[2025-07-22T06:13:39.090+0000] {standard_task_runner.py:60} INFO - Started process 180 to run task
[2025-07-22T06:13:39.096+0000] {standard_task_runner.py:87} INFO - Running: ['***', 'tasks', 'run', 'etl_data_pipeline', 'ingest_car_makes_data', 'scheduled__2025-07-21T00:00:00+00:00', '--job-id', '98', '--raw', '--subdir', 'DAGS_FOLDER/pipeline.py', '--cfg-path', '/tmp/tmpbrpnkpfu']
[2025-07-22T06:13:39.100+0000] {standard_task_runner.py:88} INFO - Job 98: Subtask ingest_car_makes_data
[2025-07-22T06:13:39.182+0000] {task_command.py:423} INFO - Running <TaskInstance: etl_data_pipeline.ingest_car_makes_data scheduled__2025-07-21T00:00:00+00:00 [running]> on host d60dbf7f7094
[2025-07-22T06:13:39.300+0000] {taskinstance.py:2480} INFO - Exporting env vars: AIRFLOW_CTX_DAG_OWNER='***' AIRFLOW_CTX_DAG_ID='etl_data_pipeline' AIRFLOW_CTX_TASK_ID='ingest_car_makes_data' AIRFLOW_CTX_EXECUTION_DATE='2025-07-21T00:00:00+00:00' AIRFLOW_CTX_TRY_NUMBER='1' AIRFLOW_CTX_DAG_RUN_ID='scheduled__2025-07-21T00:00:00+00:00'
[2025-07-22T06:13:39.302+0000] {pipeline.py:45} INFO - Attempting to extract data from: https://vpic.nhtsa.dot.gov/api/vehicles/GetMakesForVehicleType/car?format=json
[2025-07-22T06:13:40.332+0000] {pipeline.py:49} INFO - Successfully extracted data from: https://vpic.nhtsa.dot.gov/api/vehicles/GetMakesForVehicleType/car?format=json
[2025-07-22T06:13:40.348+0000] {pipeline.py:36} INFO - Successfully connected to MongoDB at mongodb:27017
[2025-07-22T06:13:40.379+0000] {pipeline.py:124} INFO - [Ingest] Ingested 192 car makes.
[2025-07-22T06:13:40.403+0000] {python.py:201} INFO - Done. Returned value was: None
[2025-07-22T06:13:40.419+0000] {taskinstance.py:1138} INFO - Marking task as SUCCESS. dag_id=etl_data_pipeline, task_id=ingest_car_makes_data, execution_date=20250721T000000, start_date=20250722T061339, end_date=20250722T061340
[2025-07-22T06:13:40.472+0000] {local_task_job_runner.py:234} INFO - Task exited with return code 0
[2025-07-22T06:13:40.504+0000] {taskinstance.py:3280} INFO - 1 downstream tasks scheduled from follow-on schedule check
[2025-07-22T06:24:00.945+0000] {taskinstance.py:1956} INFO - Dependencies all met for dep_context=non-requeueable deps ti=<TaskInstance: etl_data_pipeline.ingest_car_makes_data scheduled__2025-07-21T00:00:00+00:00 [queued]>
[2025-07-22T06:24:00.956+0000] {taskinstance.py:1956} INFO - Dependencies all met for dep_context=requeueable deps ti=<TaskInstance: etl_data_pipeline.ingest_car_makes_data scheduled__2025-07-21T00:00:00+00:00 [queued]>
[2025-07-22T06:24:00.956+0000] {taskinstance.py:2170} INFO - Starting attempt 1 of 1
[2025-07-22T06:24:00.971+0000] {taskinstance.py:2191} INFO - Executing <Task(PythonOperator): ingest_car_makes_data> on 2025-07-21 00:00:00+00:00
[2025-07-22T06:24:00.976+0000] {standard_task_runner.py:60} INFO - Started process 196 to run task
[2025-07-22T06:24:00.980+0000] {standard_task_runner.py:87} INFO - Running: ['***', 'tasks', 'run', 'etl_data_pipeline', 'ingest_car_makes_data', 'scheduled__2025-07-21T00:00:00+00:00', '--job-id', '2', '--raw', '--subdir', 'DAGS_FOLDER/pipeline.py', '--cfg-path', '/tmp/tmp5sdt1zex']
[2025-07-22T06:24:00.982+0000] {standard_task_runner.py:88} INFO - Job 2: Subtask ingest_car_makes_data
[2025-07-22T06:24:01.039+0000] {task_command.py:423} INFO - Running <TaskInstance: etl_data_pipeline.ingest_car_makes_data scheduled__2025-07-21T00:00:00+00:00 [running]> on host f2365a595aca
[2025-07-22T06:24:01.148+0000] {taskinstance.py:2480} INFO - Exporting env vars: AIRFLOW_CTX_DAG_OWNER='***' AIRFLOW_CTX_DAG_ID='etl_data_pipeline' AIRFLOW_CTX_TASK_ID='ingest_car_makes_data' AIRFLOW_CTX_EXECUTION_DATE='2025-07-21T00:00:00+00:00' AIRFLOW_CTX_TRY_NUMBER='1' AIRFLOW_CTX_DAG_RUN_ID='scheduled__2025-07-21T00:00:00+00:00'
[2025-07-22T06:24:01.150+0000] {pipeline.py:45} INFO - Attempting to extract data from: https://vpic.nhtsa.dot.gov/api/vehicles/GetMakesForVehicleType/car?format=json
[2025-07-22T06:24:01.945+0000] {pipeline.py:49} INFO - Successfully extracted data from: https://vpic.nhtsa.dot.gov/api/vehicles/GetMakesForVehicleType/car?format=json
[2025-07-22T06:24:01.969+0000] {pipeline.py:36} INFO - Successfully connected to MongoDB at mongodb:27017
[2025-07-22T06:24:01.983+0000] {pipeline.py:124} INFO - [Ingest] Ingested 192 car makes.
[2025-07-22T06:24:02.000+0000] {python.py:201} INFO - Done. Returned value was: None
[2025-07-22T06:24:02.016+0000] {taskinstance.py:1138} INFO - Marking task as SUCCESS. dag_id=etl_data_pipeline, task_id=ingest_car_makes_data, execution_date=20250721T000000, start_date=20250722T062400, end_date=20250722T062402
[2025-07-22T06:24:02.074+0000] {local_task_job_runner.py:234} INFO - Task exited with return code 0
[2025-07-22T06:24:02.102+0000] {taskinstance.py:3280} INFO - 1 downstream tasks scheduled from follow-on schedule check
[2025-07-22T06:42:38.079+0000] {taskinstance.py:1956} INFO - Dependencies all met for dep_context=non-requeueable deps ti=<TaskInstance: etl_data_pipeline.ingest_car_makes_data scheduled__2025-07-21T00:00:00+00:00 [queued]>
[2025-07-22T06:42:38.088+0000] {taskinstance.py:1956} INFO - Dependencies all met for dep_context=requeueable deps ti=<TaskInstance: etl_data_pipeline.ingest_car_makes_data scheduled__2025-07-21T00:00:00+00:00 [queued]>
[2025-07-22T06:42:38.090+0000] {taskinstance.py:2170} INFO - Starting attempt 1 of 1
[2025-07-22T06:42:38.108+0000] {taskinstance.py:2191} INFO - Executing <Task(PythonOperator): ingest_car_makes_data> on 2025-07-21 00:00:00+00:00
[2025-07-22T06:42:38.114+0000] {standard_task_runner.py:60} INFO - Started process 185 to run task
[2025-07-22T06:42:38.119+0000] {standard_task_runner.py:87} INFO - Running: ['***', 'tasks', 'run', 'etl_data_pipeline', 'ingest_car_makes_data', 'scheduled__2025-07-21T00:00:00+00:00', '--job-id', '2', '--raw', '--subdir', 'DAGS_FOLDER/pipeline.py', '--cfg-path', '/tmp/tmp9f8zzmg4']
[2025-07-22T06:42:38.124+0000] {standard_task_runner.py:88} INFO - Job 2: Subtask ingest_car_makes_data
[2025-07-22T06:42:38.184+0000] {task_command.py:423} INFO - Running <TaskInstance: etl_data_pipeline.ingest_car_makes_data scheduled__2025-07-21T00:00:00+00:00 [running]> on host 85468ae3d510
[2025-07-22T06:42:38.265+0000] {taskinstance.py:2480} INFO - Exporting env vars: AIRFLOW_CTX_DAG_OWNER='***' AIRFLOW_CTX_DAG_ID='etl_data_pipeline' AIRFLOW_CTX_TASK_ID='ingest_car_makes_data' AIRFLOW_CTX_EXECUTION_DATE='2025-07-21T00:00:00+00:00' AIRFLOW_CTX_TRY_NUMBER='1' AIRFLOW_CTX_DAG_RUN_ID='scheduled__2025-07-21T00:00:00+00:00'
[2025-07-22T06:42:38.266+0000] {pipeline.py:45} INFO - Attempting to extract data from: https://vpic.nhtsa.dot.gov/api/vehicles/GetMakesForVehicleType/car?format=json
[2025-07-22T06:42:38.945+0000] {pipeline.py:49} INFO - Successfully extracted data from: https://vpic.nhtsa.dot.gov/api/vehicles/GetMakesForVehicleType/car?format=json
[2025-07-22T06:42:38.965+0000] {pipeline.py:36} INFO - Successfully connected to MongoDB at mongodb:27017
[2025-07-22T06:42:38.976+0000] {pipeline.py:124} INFO - [Ingest] Ingested 192 car makes.
[2025-07-22T06:42:38.995+0000] {python.py:201} INFO - Done. Returned value was: None
[2025-07-22T06:42:39.008+0000] {taskinstance.py:1138} INFO - Marking task as SUCCESS. dag_id=etl_data_pipeline, task_id=ingest_car_makes_data, execution_date=20250721T000000, start_date=20250722T064238, end_date=20250722T064239
[2025-07-22T06:42:39.054+0000] {local_task_job_runner.py:234} INFO - Task exited with return code 0
[2025-07-22T06:42:39.087+0000] {taskinstance.py:3280} INFO - 1 downstream tasks scheduled from follow-on schedule check
[2025-07-22T15:30:28.389+0000] {taskinstance.py:1956} INFO - Dependencies all met for dep_context=non-requeueable deps ti=<TaskInstance: etl_data_pipeline.ingest_car_makes_data scheduled__2025-07-21T00:00:00+00:00 [queued]>
[2025-07-22T15:30:28.401+0000] {taskinstance.py:1956} INFO - Dependencies all met for dep_context=requeueable deps ti=<TaskInstance: etl_data_pipeline.ingest_car_makes_data scheduled__2025-07-21T00:00:00+00:00 [queued]>
[2025-07-22T15:30:28.402+0000] {taskinstance.py:2170} INFO - Starting attempt 1 of 1
[2025-07-22T15:30:28.422+0000] {taskinstance.py:2191} INFO - Executing <Task(PythonOperator): ingest_car_makes_data> on 2025-07-21 00:00:00+00:00
[2025-07-22T15:30:28.433+0000] {standard_task_runner.py:60} INFO - Started process 182 to run task
[2025-07-22T15:30:28.437+0000] {standard_task_runner.py:87} INFO - Running: ['***', 'tasks', 'run', 'etl_data_pipeline', 'ingest_car_makes_data', 'scheduled__2025-07-21T00:00:00+00:00', '--job-id', '4', '--raw', '--subdir', 'DAGS_FOLDER/pipeline.py', '--cfg-path', '/tmp/tmpmecq72p5']
[2025-07-22T15:30:28.441+0000] {standard_task_runner.py:88} INFO - Job 4: Subtask ingest_car_makes_data
[2025-07-22T15:30:28.518+0000] {task_command.py:423} INFO - Running <TaskInstance: etl_data_pipeline.ingest_car_makes_data scheduled__2025-07-21T00:00:00+00:00 [running]> on host ca8555d60fc9
[2025-07-22T15:30:28.619+0000] {taskinstance.py:2480} INFO - Exporting env vars: AIRFLOW_CTX_DAG_OWNER='***' AIRFLOW_CTX_DAG_ID='etl_data_pipeline' AIRFLOW_CTX_TASK_ID='ingest_car_makes_data' AIRFLOW_CTX_EXECUTION_DATE='2025-07-21T00:00:00+00:00' AIRFLOW_CTX_TRY_NUMBER='1' AIRFLOW_CTX_DAG_RUN_ID='scheduled__2025-07-21T00:00:00+00:00'
[2025-07-22T15:30:28.620+0000] {pipeline.py:45} INFO - Attempting to extract data from: https://vpic.nhtsa.dot.gov/api/vehicles/GetMakesForVehicleType/car?format=json
[2025-07-22T15:30:28.629+0000] {pipeline.py:52} ERROR - Error during API extraction from https://vpic.nhtsa.dot.gov/api/vehicles/GetMakesForVehicleType/car?format=json: HTTPSConnectionPool(host='vpic.nhtsa.dot.gov', port=443): Max retries exceeded with url: /api/vehicles/GetMakesForVehicleType/car?format=json (Caused by NameResolutionError("<urllib3.connection.HTTPSConnection object at 0x7fdba8fb7f90>: Failed to resolve 'vpic.nhtsa.dot.gov' ([Errno -2] Name or service not known)"))
[2025-07-22T15:30:28.630+0000] {pipeline.py:113} WARNING - No car makes data extracted. Skipping ingestion.
[2025-07-22T15:30:28.651+0000] {python.py:201} INFO - Done. Returned value was: None
[2025-07-22T15:30:28.666+0000] {taskinstance.py:1138} INFO - Marking task as SUCCESS. dag_id=etl_data_pipeline, task_id=ingest_car_makes_data, execution_date=20250721T000000, start_date=20250722T153028, end_date=20250722T153028
[2025-07-22T15:30:28.731+0000] {local_task_job_runner.py:234} INFO - Task exited with return code 0
[2025-07-22T15:30:28.782+0000] {taskinstance.py:3280} INFO - 1 downstream tasks scheduled from follow-on schedule check
[2025-07-22T15:43:15.395+0000] {taskinstance.py:1956} INFO - Dependencies all met for dep_context=non-requeueable deps ti=<TaskInstance: etl_data_pipeline.ingest_car_makes_data scheduled__2025-07-21T00:00:00+00:00 [queued]>
[2025-07-22T15:43:15.409+0000] {taskinstance.py:1956} INFO - Dependencies all met for dep_context=requeueable deps ti=<TaskInstance: etl_data_pipeline.ingest_car_makes_data scheduled__2025-07-21T00:00:00+00:00 [queued]>
[2025-07-22T15:43:15.409+0000] {taskinstance.py:2170} INFO - Starting attempt 1 of 1
[2025-07-22T15:43:15.429+0000] {taskinstance.py:2191} INFO - Executing <Task(PythonOperator): ingest_car_makes_data> on 2025-07-21 00:00:00+00:00
[2025-07-22T15:43:15.437+0000] {standard_task_runner.py:60} INFO - Started process 197 to run task
[2025-07-22T15:43:15.441+0000] {standard_task_runner.py:87} INFO - Running: ['***', 'tasks', 'run', 'etl_data_pipeline', 'ingest_car_makes_data', 'scheduled__2025-07-21T00:00:00+00:00', '--job-id', '4', '--raw', '--subdir', 'DAGS_FOLDER/pipeline.py', '--cfg-path', '/tmp/tmpirycnrzc']
[2025-07-22T15:43:15.444+0000] {standard_task_runner.py:88} INFO - Job 4: Subtask ingest_car_makes_data
[2025-07-22T15:43:15.501+0000] {task_command.py:423} INFO - Running <TaskInstance: etl_data_pipeline.ingest_car_makes_data scheduled__2025-07-21T00:00:00+00:00 [running]> on host fcecba40fce8
[2025-07-22T15:43:15.586+0000] {taskinstance.py:2480} INFO - Exporting env vars: AIRFLOW_CTX_DAG_OWNER='***' AIRFLOW_CTX_DAG_ID='etl_data_pipeline' AIRFLOW_CTX_TASK_ID='ingest_car_makes_data' AIRFLOW_CTX_EXECUTION_DATE='2025-07-21T00:00:00+00:00' AIRFLOW_CTX_TRY_NUMBER='1' AIRFLOW_CTX_DAG_RUN_ID='scheduled__2025-07-21T00:00:00+00:00'
[2025-07-22T15:43:15.588+0000] {pipeline.py:45} INFO - Attempting to extract data from: https://vpic.nhtsa.dot.gov/api/vehicles/GetMakesForVehicleType/car?format=json
[2025-07-22T15:43:17.785+0000] {pipeline.py:49} INFO - Successfully extracted data from: https://vpic.nhtsa.dot.gov/api/vehicles/GetMakesForVehicleType/car?format=json
[2025-07-22T15:43:17.803+0000] {pipeline.py:36} INFO - Successfully connected to MongoDB at mongodb:27017
[2025-07-22T15:43:17.814+0000] {pipeline.py:124} INFO - [Ingest] Ingested 192 car makes.
[2025-07-22T15:43:17.833+0000] {python.py:201} INFO - Done. Returned value was: None
[2025-07-22T15:43:17.846+0000] {taskinstance.py:1138} INFO - Marking task as SUCCESS. dag_id=etl_data_pipeline, task_id=ingest_car_makes_data, execution_date=20250721T000000, start_date=20250722T154315, end_date=20250722T154317
[2025-07-22T15:43:17.902+0000] {local_task_job_runner.py:234} INFO - Task exited with return code 0
[2025-07-22T15:43:17.934+0000] {taskinstance.py:3280} INFO - 1 downstream tasks scheduled from follow-on schedule check
