[2025-07-22T06:13:43.173+0000] {taskinstance.py:1956} INFO - Dependencies all met for dep_context=non-requeueable deps ti=<TaskInstance: etl_data_pipeline.transform_car_models scheduled__2025-07-21T00:00:00+00:00 [queued]>
[2025-07-22T06:13:43.182+0000] {taskinstance.py:1956} INFO - Dependencies all met for dep_context=requeueable deps ti=<TaskInstance: etl_data_pipeline.transform_car_models scheduled__2025-07-21T00:00:00+00:00 [queued]>
[2025-07-22T06:13:43.183+0000] {taskinstance.py:2170} INFO - Starting attempt 1 of 1
[2025-07-22T06:13:43.195+0000] {taskinstance.py:2191} INFO - Executing <Task(PythonOperator): transform_car_models> on 2025-07-21 00:00:00+00:00
[2025-07-22T06:13:43.201+0000] {standard_task_runner.py:60} INFO - Started process 205 to run task
[2025-07-22T06:13:43.203+0000] {standard_task_runner.py:87} INFO - Running: ['***', 'tasks', 'run', 'etl_data_pipeline', 'transform_car_models', 'scheduled__2025-07-21T00:00:00+00:00', '--job-id', '104', '--raw', '--subdir', 'DAGS_FOLDER/pipeline.py', '--cfg-path', '/tmp/tmp6isxv1ar']
[2025-07-22T06:13:43.206+0000] {standard_task_runner.py:88} INFO - Job 104: Subtask transform_car_models
[2025-07-22T06:13:43.245+0000] {task_command.py:423} INFO - Running <TaskInstance: etl_data_pipeline.transform_car_models scheduled__2025-07-21T00:00:00+00:00 [running]> on host d60dbf7f7094
[2025-07-22T06:13:43.313+0000] {taskinstance.py:2480} INFO - Exporting env vars: AIRFLOW_CTX_DAG_OWNER='***' AIRFLOW_CTX_DAG_ID='etl_data_pipeline' AIRFLOW_CTX_TASK_ID='transform_car_models' AIRFLOW_CTX_EXECUTION_DATE='2025-07-21T00:00:00+00:00' AIRFLOW_CTX_TRY_NUMBER='1' AIRFLOW_CTX_DAG_RUN_ID='scheduled__2025-07-21T00:00:00+00:00'
[2025-07-22T06:13:43.329+0000] {pipeline.py:36} INFO - Successfully connected to MongoDB at mongodb:27017
[2025-07-22T06:13:43.332+0000] {pipeline.py:323} INFO - [Transform/Load] Processed and loaded 0 car models.
[2025-07-22T06:13:43.348+0000] {python.py:201} INFO - Done. Returned value was: None
[2025-07-22T06:13:43.358+0000] {taskinstance.py:1138} INFO - Marking task as SUCCESS. dag_id=etl_data_pipeline, task_id=transform_car_models, execution_date=20250721T000000, start_date=20250722T061343, end_date=20250722T061343
[2025-07-22T06:13:43.416+0000] {local_task_job_runner.py:234} INFO - Task exited with return code 0
[2025-07-22T06:13:43.433+0000] {taskinstance.py:3280} INFO - 0 downstream tasks scheduled from follow-on schedule check
[2025-07-22T06:24:05.003+0000] {taskinstance.py:1956} INFO - Dependencies all met for dep_context=non-requeueable deps ti=<TaskInstance: etl_data_pipeline.transform_car_models scheduled__2025-07-21T00:00:00+00:00 [queued]>
[2025-07-22T06:24:05.012+0000] {taskinstance.py:1956} INFO - Dependencies all met for dep_context=requeueable deps ti=<TaskInstance: etl_data_pipeline.transform_car_models scheduled__2025-07-21T00:00:00+00:00 [queued]>
[2025-07-22T06:24:05.013+0000] {taskinstance.py:2170} INFO - Starting attempt 1 of 1
[2025-07-22T06:24:05.025+0000] {taskinstance.py:2191} INFO - Executing <Task(PythonOperator): transform_car_models> on 2025-07-21 00:00:00+00:00
[2025-07-22T06:24:05.031+0000] {standard_task_runner.py:60} INFO - Started process 220 to run task
[2025-07-22T06:24:05.034+0000] {standard_task_runner.py:87} INFO - Running: ['***', 'tasks', 'run', 'etl_data_pipeline', 'transform_car_models', 'scheduled__2025-07-21T00:00:00+00:00', '--job-id', '8', '--raw', '--subdir', 'DAGS_FOLDER/pipeline.py', '--cfg-path', '/tmp/tmpciskc8el']
[2025-07-22T06:24:05.036+0000] {standard_task_runner.py:88} INFO - Job 8: Subtask transform_car_models
[2025-07-22T06:24:05.078+0000] {task_command.py:423} INFO - Running <TaskInstance: etl_data_pipeline.transform_car_models scheduled__2025-07-21T00:00:00+00:00 [running]> on host f2365a595aca
[2025-07-22T06:24:05.148+0000] {taskinstance.py:2480} INFO - Exporting env vars: AIRFLOW_CTX_DAG_OWNER='***' AIRFLOW_CTX_DAG_ID='etl_data_pipeline' AIRFLOW_CTX_TASK_ID='transform_car_models' AIRFLOW_CTX_EXECUTION_DATE='2025-07-21T00:00:00+00:00' AIRFLOW_CTX_TRY_NUMBER='1' AIRFLOW_CTX_DAG_RUN_ID='scheduled__2025-07-21T00:00:00+00:00'
[2025-07-22T06:24:05.166+0000] {pipeline.py:36} INFO - Successfully connected to MongoDB at mongodb:27017
[2025-07-22T06:24:05.169+0000] {pipeline.py:323} INFO - [Transform/Load] Processed and loaded 0 car models.
[2025-07-22T06:24:05.188+0000] {python.py:201} INFO - Done. Returned value was: None
[2025-07-22T06:24:05.203+0000] {taskinstance.py:1138} INFO - Marking task as SUCCESS. dag_id=etl_data_pipeline, task_id=transform_car_models, execution_date=20250721T000000, start_date=20250722T062405, end_date=20250722T062405
[2025-07-22T06:24:05.246+0000] {local_task_job_runner.py:234} INFO - Task exited with return code 0
[2025-07-22T06:24:05.268+0000] {taskinstance.py:3280} INFO - 0 downstream tasks scheduled from follow-on schedule check
[2025-07-22T06:42:46.098+0000] {taskinstance.py:1956} INFO - Dependencies all met for dep_context=non-requeueable deps ti=<TaskInstance: etl_data_pipeline.transform_car_models scheduled__2025-07-21T00:00:00+00:00 [queued]>
[2025-07-22T06:42:46.109+0000] {taskinstance.py:1956} INFO - Dependencies all met for dep_context=requeueable deps ti=<TaskInstance: etl_data_pipeline.transform_car_models scheduled__2025-07-21T00:00:00+00:00 [queued]>
[2025-07-22T06:42:46.110+0000] {taskinstance.py:2170} INFO - Starting attempt 1 of 1
[2025-07-22T06:42:46.127+0000] {taskinstance.py:2191} INFO - Executing <Task(PythonOperator): transform_car_models> on 2025-07-21 00:00:00+00:00
[2025-07-22T06:42:46.135+0000] {standard_task_runner.py:60} INFO - Started process 232 to run task
[2025-07-22T06:42:46.140+0000] {standard_task_runner.py:87} INFO - Running: ['***', 'tasks', 'run', 'etl_data_pipeline', 'transform_car_models', 'scheduled__2025-07-21T00:00:00+00:00', '--job-id', '12', '--raw', '--subdir', 'DAGS_FOLDER/pipeline.py', '--cfg-path', '/tmp/tmpf6jkwvso']
[2025-07-22T06:42:46.143+0000] {standard_task_runner.py:88} INFO - Job 12: Subtask transform_car_models
[2025-07-22T06:42:46.190+0000] {task_command.py:423} INFO - Running <TaskInstance: etl_data_pipeline.transform_car_models scheduled__2025-07-21T00:00:00+00:00 [running]> on host 85468ae3d510
[2025-07-22T06:42:46.274+0000] {taskinstance.py:2480} INFO - Exporting env vars: AIRFLOW_CTX_DAG_OWNER='***' AIRFLOW_CTX_DAG_ID='etl_data_pipeline' AIRFLOW_CTX_TASK_ID='transform_car_models' AIRFLOW_CTX_EXECUTION_DATE='2025-07-21T00:00:00+00:00' AIRFLOW_CTX_TRY_NUMBER='1' AIRFLOW_CTX_DAG_RUN_ID='scheduled__2025-07-21T00:00:00+00:00'
[2025-07-22T06:42:46.292+0000] {pipeline.py:36} INFO - Successfully connected to MongoDB at mongodb:27017
[2025-07-22T06:42:46.295+0000] {pipeline.py:323} INFO - [Transform/Load] Processed and loaded 0 car models.
[2025-07-22T06:42:46.313+0000] {python.py:201} INFO - Done. Returned value was: None
[2025-07-22T06:42:46.326+0000] {taskinstance.py:1138} INFO - Marking task as SUCCESS. dag_id=etl_data_pipeline, task_id=transform_car_models, execution_date=20250721T000000, start_date=20250722T064246, end_date=20250722T064246
[2025-07-22T06:42:46.391+0000] {local_task_job_runner.py:234} INFO - Task exited with return code 0
[2025-07-22T06:42:46.412+0000] {taskinstance.py:3280} INFO - 0 downstream tasks scheduled from follow-on schedule check
[2025-07-22T15:30:31.594+0000] {taskinstance.py:1956} INFO - Dependencies all met for dep_context=non-requeueable deps ti=<TaskInstance: etl_data_pipeline.transform_car_models scheduled__2025-07-21T00:00:00+00:00 [queued]>
[2025-07-22T15:30:31.610+0000] {taskinstance.py:1956} INFO - Dependencies all met for dep_context=requeueable deps ti=<TaskInstance: etl_data_pipeline.transform_car_models scheduled__2025-07-21T00:00:00+00:00 [queued]>
[2025-07-22T15:30:31.611+0000] {taskinstance.py:2170} INFO - Starting attempt 1 of 1
[2025-07-22T15:30:31.640+0000] {taskinstance.py:2191} INFO - Executing <Task(PythonOperator): transform_car_models> on 2025-07-21 00:00:00+00:00
[2025-07-22T15:30:31.650+0000] {standard_task_runner.py:60} INFO - Started process 199 to run task
[2025-07-22T15:30:31.654+0000] {standard_task_runner.py:87} INFO - Running: ['***', 'tasks', 'run', 'etl_data_pipeline', 'transform_car_models', 'scheduled__2025-07-21T00:00:00+00:00', '--job-id', '8', '--raw', '--subdir', 'DAGS_FOLDER/pipeline.py', '--cfg-path', '/tmp/tmp2vqd_mts']
[2025-07-22T15:30:31.657+0000] {standard_task_runner.py:88} INFO - Job 8: Subtask transform_car_models
[2025-07-22T15:30:31.723+0000] {task_command.py:423} INFO - Running <TaskInstance: etl_data_pipeline.transform_car_models scheduled__2025-07-21T00:00:00+00:00 [running]> on host ca8555d60fc9
[2025-07-22T15:30:31.818+0000] {taskinstance.py:2480} INFO - Exporting env vars: AIRFLOW_CTX_DAG_OWNER='***' AIRFLOW_CTX_DAG_ID='etl_data_pipeline' AIRFLOW_CTX_TASK_ID='transform_car_models' AIRFLOW_CTX_EXECUTION_DATE='2025-07-21T00:00:00+00:00' AIRFLOW_CTX_TRY_NUMBER='1' AIRFLOW_CTX_DAG_RUN_ID='scheduled__2025-07-21T00:00:00+00:00'
[2025-07-22T15:30:31.838+0000] {pipeline.py:36} INFO - Successfully connected to MongoDB at mongodb:27017
[2025-07-22T15:30:31.842+0000] {pipeline.py:323} INFO - [Transform/Load] Processed and loaded 0 car models.
[2025-07-22T15:30:31.860+0000] {python.py:201} INFO - Done. Returned value was: None
[2025-07-22T15:30:31.873+0000] {taskinstance.py:1138} INFO - Marking task as SUCCESS. dag_id=etl_data_pipeline, task_id=transform_car_models, execution_date=20250721T000000, start_date=20250722T153031, end_date=20250722T153031
[2025-07-22T15:30:31.907+0000] {local_task_job_runner.py:234} INFO - Task exited with return code 0
[2025-07-22T15:30:31.927+0000] {taskinstance.py:3280} INFO - 0 downstream tasks scheduled from follow-on schedule check
[2025-07-22T15:43:21.352+0000] {taskinstance.py:1956} INFO - Dependencies all met for dep_context=non-requeueable deps ti=<TaskInstance: etl_data_pipeline.transform_car_models scheduled__2025-07-21T00:00:00+00:00 [queued]>
[2025-07-22T15:43:21.360+0000] {taskinstance.py:1956} INFO - Dependencies all met for dep_context=requeueable deps ti=<TaskInstance: etl_data_pipeline.transform_car_models scheduled__2025-07-21T00:00:00+00:00 [queued]>
[2025-07-22T15:43:21.361+0000] {taskinstance.py:2170} INFO - Starting attempt 1 of 1
[2025-07-22T15:43:21.373+0000] {taskinstance.py:2191} INFO - Executing <Task(PythonOperator): transform_car_models> on 2025-07-21 00:00:00+00:00
[2025-07-22T15:43:21.379+0000] {standard_task_runner.py:60} INFO - Started process 215 to run task
[2025-07-22T15:43:21.381+0000] {standard_task_runner.py:87} INFO - Running: ['***', 'tasks', 'run', 'etl_data_pipeline', 'transform_car_models', 'scheduled__2025-07-21T00:00:00+00:00', '--job-id', '7', '--raw', '--subdir', 'DAGS_FOLDER/pipeline.py', '--cfg-path', '/tmp/tmpbdl3fq7z']
[2025-07-22T15:43:21.383+0000] {standard_task_runner.py:88} INFO - Job 7: Subtask transform_car_models
[2025-07-22T15:43:21.424+0000] {task_command.py:423} INFO - Running <TaskInstance: etl_data_pipeline.transform_car_models scheduled__2025-07-21T00:00:00+00:00 [running]> on host fcecba40fce8
[2025-07-22T15:43:21.496+0000] {taskinstance.py:2480} INFO - Exporting env vars: AIRFLOW_CTX_DAG_OWNER='***' AIRFLOW_CTX_DAG_ID='etl_data_pipeline' AIRFLOW_CTX_TASK_ID='transform_car_models' AIRFLOW_CTX_EXECUTION_DATE='2025-07-21T00:00:00+00:00' AIRFLOW_CTX_TRY_NUMBER='1' AIRFLOW_CTX_DAG_RUN_ID='scheduled__2025-07-21T00:00:00+00:00'
[2025-07-22T15:43:21.515+0000] {pipeline.py:36} INFO - Successfully connected to MongoDB at mongodb:27017
[2025-07-22T15:43:21.519+0000] {pipeline.py:323} INFO - [Transform/Load] Processed and loaded 0 car models.
[2025-07-22T15:43:21.538+0000] {python.py:201} INFO - Done. Returned value was: None
[2025-07-22T15:43:21.556+0000] {taskinstance.py:1138} INFO - Marking task as SUCCESS. dag_id=etl_data_pipeline, task_id=transform_car_models, execution_date=20250721T000000, start_date=20250722T154321, end_date=20250722T154321
[2025-07-22T15:43:21.594+0000] {local_task_job_runner.py:234} INFO - Task exited with return code 0
[2025-07-22T15:43:21.614+0000] {taskinstance.py:3280} INFO - 0 downstream tasks scheduled from follow-on schedule check
