[2025-07-20T16:17:11.495+0000] {taskinstance.py:1956} INFO - Dependencies all met for dep_context=non-requeueable deps ti=<TaskInstance: etl_data_pipeline.ingest_stock_data scheduled__2025-07-19T00:00:00+00:00 [queued]>
[2025-07-20T16:17:11.507+0000] {taskinstance.py:1956} INFO - Dependencies all met for dep_context=requeueable deps ti=<TaskInstance: etl_data_pipeline.ingest_stock_data scheduled__2025-07-19T00:00:00+00:00 [queued]>
[2025-07-20T16:17:11.508+0000] {taskinstance.py:2170} INFO - Starting attempt 1 of 1
[2025-07-20T16:17:11.523+0000] {taskinstance.py:2191} INFO - Executing <Task(PythonOperator): ingest_stock_data> on 2025-07-19 00:00:00+00:00
[2025-07-20T16:17:11.530+0000] {standard_task_runner.py:60} INFO - Started process 190 to run task
[2025-07-20T16:17:11.534+0000] {standard_task_runner.py:87} INFO - Running: ['***', 'tasks', 'run', 'etl_data_pipeline', 'ingest_stock_data', 'scheduled__2025-07-19T00:00:00+00:00', '--job-id', '2', '--raw', '--subdir', 'DAGS_FOLDER/app.py', '--cfg-path', '/tmp/tmpum56tbhg']
[2025-07-20T16:17:11.537+0000] {standard_task_runner.py:88} INFO - Job 2: Subtask ingest_stock_data
[2025-07-20T16:17:11.594+0000] {task_command.py:423} INFO - Running <TaskInstance: etl_data_pipeline.ingest_stock_data scheduled__2025-07-19T00:00:00+00:00 [running]> on host d4d98b964d15
[2025-07-20T16:17:11.679+0000] {taskinstance.py:2480} INFO - Exporting env vars: AIRFLOW_CTX_DAG_OWNER='***' AIRFLOW_CTX_DAG_ID='etl_data_pipeline' AIRFLOW_CTX_TASK_ID='ingest_stock_data' AIRFLOW_CTX_EXECUTION_DATE='2025-07-19T00:00:00+00:00' AIRFLOW_CTX_TRY_NUMBER='1' AIRFLOW_CTX_DAG_RUN_ID='scheduled__2025-07-19T00:00:00+00:00'
[2025-07-20T16:17:11.701+0000] {app.py:33} INFO - Successfully connected to MongoDB at mongodb:27017
[2025-07-20T16:17:11.703+0000] {app.py:42} INFO - Extracting data from: https://www.alphavantage.co/query?function=TIME_SERIES_DAILY&symbol=IBM&apikey=YOUR_ALPHA_VANTAGE_API_KEY
[2025-07-20T16:17:12.190+0000] {app.py:92} INFO - [Ingest] Ingested daily stock data for IBM.
[2025-07-20T16:17:12.191+0000] {app.py:42} INFO - Extracting data from: https://www.alphavantage.co/query?function=TIME_SERIES_DAILY&symbol=MSFT&apikey=YOUR_ALPHA_VANTAGE_API_KEY
[2025-07-20T16:17:12.565+0000] {app.py:92} INFO - [Ingest] Ingested daily stock data for MSFT.
[2025-07-20T16:17:12.565+0000] {app.py:42} INFO - Extracting data from: https://www.alphavantage.co/query?function=TIME_SERIES_DAILY&symbol=GOOGL&apikey=YOUR_ALPHA_VANTAGE_API_KEY
[2025-07-20T16:17:12.935+0000] {app.py:92} INFO - [Ingest] Ingested daily stock data for GOOGL.
[2025-07-20T16:17:12.935+0000] {app.py:42} INFO - Extracting data from: https://www.alphavantage.co/query?function=TIME_SERIES_DAILY&symbol=AMZN&apikey=YOUR_ALPHA_VANTAGE_API_KEY
[2025-07-20T16:17:13.431+0000] {app.py:92} INFO - [Ingest] Ingested daily stock data for AMZN.
[2025-07-20T16:17:13.432+0000] {app.py:42} INFO - Extracting data from: https://www.alphavantage.co/query?function=TIME_SERIES_DAILY&symbol=AAPL&apikey=YOUR_ALPHA_VANTAGE_API_KEY
[2025-07-20T16:17:14.192+0000] {app.py:92} INFO - [Ingest] Ingested daily stock data for AAPL.
[2025-07-20T16:17:14.194+0000] {app.py:97} INFO - [Ingest] Total stock symbols ingested: 5
[2025-07-20T16:17:14.220+0000] {python.py:201} INFO - Done. Returned value was: None
[2025-07-20T16:17:14.239+0000] {taskinstance.py:1138} INFO - Marking task as SUCCESS. dag_id=etl_data_pipeline, task_id=ingest_stock_data, execution_date=20250719T000000, start_date=20250720T161711, end_date=20250720T161714
[2025-07-20T16:17:14.273+0000] {local_task_job_runner.py:234} INFO - Task exited with return code 0
[2025-07-20T16:17:14.307+0000] {taskinstance.py:3280} INFO - 1 downstream tasks scheduled from follow-on schedule check
[2025-07-20T21:42:32.266+0000] {taskinstance.py:1956} INFO - Dependencies all met for dep_context=non-requeueable deps ti=<TaskInstance: etl_data_pipeline.ingest_stock_data scheduled__2025-07-19T00:00:00+00:00 [queued]>
[2025-07-20T21:42:32.276+0000] {taskinstance.py:1956} INFO - Dependencies all met for dep_context=requeueable deps ti=<TaskInstance: etl_data_pipeline.ingest_stock_data scheduled__2025-07-19T00:00:00+00:00 [queued]>
[2025-07-20T21:42:32.277+0000] {taskinstance.py:2170} INFO - Starting attempt 1 of 1
[2025-07-20T21:42:32.291+0000] {taskinstance.py:2191} INFO - Executing <Task(PythonOperator): ingest_stock_data> on 2025-07-19 00:00:00+00:00
[2025-07-20T21:42:32.296+0000] {standard_task_runner.py:60} INFO - Started process 180 to run task
[2025-07-20T21:42:32.300+0000] {standard_task_runner.py:87} INFO - Running: ['***', 'tasks', 'run', 'etl_data_pipeline', 'ingest_stock_data', 'scheduled__2025-07-19T00:00:00+00:00', '--job-id', '4', '--raw', '--subdir', 'DAGS_FOLDER/pipeline.py', '--cfg-path', '/tmp/tmp50d84nsi']
[2025-07-20T21:42:32.303+0000] {standard_task_runner.py:88} INFO - Job 4: Subtask ingest_stock_data
[2025-07-20T21:42:32.351+0000] {task_command.py:423} INFO - Running <TaskInstance: etl_data_pipeline.ingest_stock_data scheduled__2025-07-19T00:00:00+00:00 [running]> on host 76af8d252f3b
[2025-07-20T21:42:32.426+0000] {taskinstance.py:2480} INFO - Exporting env vars: AIRFLOW_CTX_DAG_OWNER='***' AIRFLOW_CTX_DAG_ID='etl_data_pipeline' AIRFLOW_CTX_TASK_ID='ingest_stock_data' AIRFLOW_CTX_EXECUTION_DATE='2025-07-19T00:00:00+00:00' AIRFLOW_CTX_TRY_NUMBER='1' AIRFLOW_CTX_DAG_RUN_ID='scheduled__2025-07-19T00:00:00+00:00'
[2025-07-20T21:42:32.446+0000] {pipeline.py:35} INFO - Successfully connected to MongoDB at mongodb:27017
[2025-07-20T21:42:32.449+0000] {pipeline.py:44} INFO - Extracting data from: https://www.alphavantage.co/query?function=TIME_SERIES_DAILY&symbol=IBM&apikey=YOUR_ALPHA_VANTAGE_API_KEY
[2025-07-20T21:42:33.033+0000] {pipeline.py:94} INFO - [Ingest] Ingested daily stock data for IBM.
[2025-07-20T21:42:33.034+0000] {pipeline.py:44} INFO - Extracting data from: https://www.alphavantage.co/query?function=TIME_SERIES_DAILY&symbol=MSFT&apikey=YOUR_ALPHA_VANTAGE_API_KEY
[2025-07-20T21:42:33.488+0000] {pipeline.py:94} INFO - [Ingest] Ingested daily stock data for MSFT.
[2025-07-20T21:42:33.488+0000] {pipeline.py:44} INFO - Extracting data from: https://www.alphavantage.co/query?function=TIME_SERIES_DAILY&symbol=GOOGL&apikey=YOUR_ALPHA_VANTAGE_API_KEY
[2025-07-20T21:42:33.818+0000] {pipeline.py:94} INFO - [Ingest] Ingested daily stock data for GOOGL.
[2025-07-20T21:42:33.819+0000] {pipeline.py:44} INFO - Extracting data from: https://www.alphavantage.co/query?function=TIME_SERIES_DAILY&symbol=AMZN&apikey=YOUR_ALPHA_VANTAGE_API_KEY
[2025-07-20T21:42:34.125+0000] {pipeline.py:94} INFO - [Ingest] Ingested daily stock data for AMZN.
[2025-07-20T21:42:34.125+0000] {pipeline.py:44} INFO - Extracting data from: https://www.alphavantage.co/query?function=TIME_SERIES_DAILY&symbol=AAPL&apikey=YOUR_ALPHA_VANTAGE_API_KEY
[2025-07-20T21:42:34.531+0000] {pipeline.py:94} INFO - [Ingest] Ingested daily stock data for AAPL.
[2025-07-20T21:42:34.532+0000] {pipeline.py:99} INFO - [Ingest] Total stock symbols ingested: 5
[2025-07-20T21:42:34.548+0000] {python.py:201} INFO - Done. Returned value was: None
[2025-07-20T21:42:34.559+0000] {taskinstance.py:1138} INFO - Marking task as SUCCESS. dag_id=etl_data_pipeline, task_id=ingest_stock_data, execution_date=20250719T000000, start_date=20250720T214232, end_date=20250720T214234
[2025-07-20T21:42:34.596+0000] {local_task_job_runner.py:234} INFO - Task exited with return code 0
[2025-07-20T21:42:34.619+0000] {taskinstance.py:3280} INFO - 1 downstream tasks scheduled from follow-on schedule check
[2025-07-20T22:01:20.059+0000] {taskinstance.py:1956} INFO - Dependencies all met for dep_context=non-requeueable deps ti=<TaskInstance: etl_data_pipeline.ingest_stock_data scheduled__2025-07-19T00:00:00+00:00 [queued]>
[2025-07-20T22:01:20.079+0000] {taskinstance.py:1956} INFO - Dependencies all met for dep_context=requeueable deps ti=<TaskInstance: etl_data_pipeline.ingest_stock_data scheduled__2025-07-19T00:00:00+00:00 [queued]>
[2025-07-20T22:01:20.080+0000] {taskinstance.py:2170} INFO - Starting attempt 1 of 1
[2025-07-20T22:01:22.098+0000] {taskinstance.py:2191} INFO - Executing <Task(PythonOperator): ingest_stock_data> on 2025-07-19 00:00:00+00:00
[2025-07-20T22:01:22.109+0000] {standard_task_runner.py:60} INFO - Started process 190 to run task
[2025-07-20T22:01:22.114+0000] {standard_task_runner.py:87} INFO - Running: ['***', 'tasks', 'run', 'etl_data_pipeline', 'ingest_stock_data', 'scheduled__2025-07-19T00:00:00+00:00', '--job-id', '4', '--raw', '--subdir', 'DAGS_FOLDER/pipeline.py', '--cfg-path', '/tmp/tmpli412yux']
[2025-07-20T22:01:22.121+0000] {standard_task_runner.py:88} INFO - Job 4: Subtask ingest_stock_data
[2025-07-20T22:01:22.223+0000] {task_command.py:423} INFO - Running <TaskInstance: etl_data_pipeline.ingest_stock_data scheduled__2025-07-19T00:00:00+00:00 [running]> on host 2bd6de2a15ba
[2025-07-20T22:01:22.348+0000] {taskinstance.py:2480} INFO - Exporting env vars: AIRFLOW_CTX_DAG_OWNER='***' AIRFLOW_CTX_DAG_ID='etl_data_pipeline' AIRFLOW_CTX_TASK_ID='ingest_stock_data' AIRFLOW_CTX_EXECUTION_DATE='2025-07-19T00:00:00+00:00' AIRFLOW_CTX_TRY_NUMBER='1' AIRFLOW_CTX_DAG_RUN_ID='scheduled__2025-07-19T00:00:00+00:00'
[2025-07-20T22:01:22.376+0000] {pipeline.py:35} INFO - Successfully connected to MongoDB at mongodb:27017
[2025-07-20T22:01:22.389+0000] {pipeline.py:44} INFO - Extracting data from: https://www.alphavantage.co/query?function=TIME_SERIES_DAILY&symbol=IBM&apikey=YOUR_ALPHA_VANTAGE_API_KEY
[2025-07-20T22:01:22.836+0000] {pipeline.py:94} INFO - [Ingest] Ingested daily stock data for IBM.
[2025-07-20T22:01:22.837+0000] {pipeline.py:44} INFO - Extracting data from: https://www.alphavantage.co/query?function=TIME_SERIES_DAILY&symbol=MSFT&apikey=YOUR_ALPHA_VANTAGE_API_KEY
[2025-07-20T22:01:23.184+0000] {pipeline.py:94} INFO - [Ingest] Ingested daily stock data for MSFT.
[2025-07-20T22:01:23.184+0000] {pipeline.py:44} INFO - Extracting data from: https://www.alphavantage.co/query?function=TIME_SERIES_DAILY&symbol=GOOGL&apikey=YOUR_ALPHA_VANTAGE_API_KEY
[2025-07-20T22:01:24.310+0000] {pipeline.py:94} INFO - [Ingest] Ingested daily stock data for GOOGL.
[2025-07-20T22:01:24.311+0000] {pipeline.py:44} INFO - Extracting data from: https://www.alphavantage.co/query?function=TIME_SERIES_DAILY&symbol=AMZN&apikey=YOUR_ALPHA_VANTAGE_API_KEY
[2025-07-20T22:01:24.703+0000] {pipeline.py:94} INFO - [Ingest] Ingested daily stock data for AMZN.
[2025-07-20T22:01:24.705+0000] {pipeline.py:44} INFO - Extracting data from: https://www.alphavantage.co/query?function=TIME_SERIES_DAILY&symbol=AAPL&apikey=YOUR_ALPHA_VANTAGE_API_KEY
[2025-07-20T22:01:25.359+0000] {pipeline.py:94} INFO - [Ingest] Ingested daily stock data for AAPL.
[2025-07-20T22:01:25.361+0000] {pipeline.py:99} INFO - [Ingest] Total stock symbols ingested: 5
[2025-07-20T22:01:25.384+0000] {python.py:201} INFO - Done. Returned value was: None
[2025-07-20T22:01:25.402+0000] {taskinstance.py:1138} INFO - Marking task as SUCCESS. dag_id=etl_data_pipeline, task_id=ingest_stock_data, execution_date=20250719T000000, start_date=20250720T220120, end_date=20250720T220125
[2025-07-20T22:01:25.461+0000] {local_task_job_runner.py:234} INFO - Task exited with return code 0
[2025-07-20T22:01:25.488+0000] {taskinstance.py:3280} INFO - 1 downstream tasks scheduled from follow-on schedule check
[2025-07-20T22:12:12.838+0000] {taskinstance.py:1956} INFO - Dependencies all met for dep_context=non-requeueable deps ti=<TaskInstance: etl_data_pipeline.ingest_stock_data scheduled__2025-07-19T00:00:00+00:00 [queued]>
[2025-07-20T22:12:12.848+0000] {taskinstance.py:1956} INFO - Dependencies all met for dep_context=requeueable deps ti=<TaskInstance: etl_data_pipeline.ingest_stock_data scheduled__2025-07-19T00:00:00+00:00 [queued]>
[2025-07-20T22:12:12.849+0000] {taskinstance.py:2170} INFO - Starting attempt 1 of 1
[2025-07-20T22:12:12.860+0000] {taskinstance.py:2191} INFO - Executing <Task(PythonOperator): ingest_stock_data> on 2025-07-19 00:00:00+00:00
[2025-07-20T22:12:12.867+0000] {standard_task_runner.py:60} INFO - Started process 195 to run task
[2025-07-20T22:12:12.870+0000] {standard_task_runner.py:87} INFO - Running: ['***', 'tasks', 'run', 'etl_data_pipeline', 'ingest_stock_data', 'scheduled__2025-07-19T00:00:00+00:00', '--job-id', '3', '--raw', '--subdir', 'DAGS_FOLDER/pipeline.py', '--cfg-path', '/tmp/tmp21qlqb6o']
[2025-07-20T22:12:12.873+0000] {standard_task_runner.py:88} INFO - Job 3: Subtask ingest_stock_data
[2025-07-20T22:12:12.920+0000] {task_command.py:423} INFO - Running <TaskInstance: etl_data_pipeline.ingest_stock_data scheduled__2025-07-19T00:00:00+00:00 [running]> on host f43ce628c5ca
[2025-07-20T22:12:12.996+0000] {taskinstance.py:2480} INFO - Exporting env vars: AIRFLOW_CTX_DAG_OWNER='***' AIRFLOW_CTX_DAG_ID='etl_data_pipeline' AIRFLOW_CTX_TASK_ID='ingest_stock_data' AIRFLOW_CTX_EXECUTION_DATE='2025-07-19T00:00:00+00:00' AIRFLOW_CTX_TRY_NUMBER='1' AIRFLOW_CTX_DAG_RUN_ID='scheduled__2025-07-19T00:00:00+00:00'
[2025-07-20T22:12:13.016+0000] {pipeline.py:35} INFO - Successfully connected to MongoDB at mongodb:27017
[2025-07-20T22:12:13.024+0000] {pipeline.py:44} INFO - Extracting data from: https://www.alphavantage.co/query?function=TIME_SERIES_DAILY&symbol=IBM&apikey=YOUR_ALPHA_VANTAGE_API_KEY
[2025-07-20T22:12:13.370+0000] {pipeline.py:96} WARNING - [Ingest] Failed to ingest stock data for IBM. Response: {'Information': 'We have detected your API key as YOUR_ALPHA_VANTAGE_API_KEY and our standard API rate limit is 25 requests per day. Please subscribe to any of the premium plans at https://www.alphavantage.co/premium/ to instantly remove all daily rate limits.'}
[2025-07-20T22:12:13.371+0000] {pipeline.py:44} INFO - Extracting data from: https://www.alphavantage.co/query?function=TIME_SERIES_DAILY&symbol=MSFT&apikey=YOUR_ALPHA_VANTAGE_API_KEY
[2025-07-20T22:12:13.741+0000] {pipeline.py:96} WARNING - [Ingest] Failed to ingest stock data for MSFT. Response: {'Information': 'We have detected your API key as YOUR_ALPHA_VANTAGE_API_KEY and our standard API rate limit is 25 requests per day. Please subscribe to any of the premium plans at https://www.alphavantage.co/premium/ to instantly remove all daily rate limits.'}
[2025-07-20T22:12:13.742+0000] {pipeline.py:44} INFO - Extracting data from: https://www.alphavantage.co/query?function=TIME_SERIES_DAILY&symbol=GOOGL&apikey=YOUR_ALPHA_VANTAGE_API_KEY
[2025-07-20T22:12:14.012+0000] {pipeline.py:96} WARNING - [Ingest] Failed to ingest stock data for GOOGL. Response: {'Information': 'We have detected your API key as YOUR_ALPHA_VANTAGE_API_KEY and our standard API rate limit is 25 requests per day. Please subscribe to any of the premium plans at https://www.alphavantage.co/premium/ to instantly remove all daily rate limits.'}
[2025-07-20T22:12:14.013+0000] {pipeline.py:44} INFO - Extracting data from: https://www.alphavantage.co/query?function=TIME_SERIES_DAILY&symbol=AMZN&apikey=YOUR_ALPHA_VANTAGE_API_KEY
[2025-07-20T22:12:14.360+0000] {pipeline.py:96} WARNING - [Ingest] Failed to ingest stock data for AMZN. Response: {'Information': 'We have detected your API key as YOUR_ALPHA_VANTAGE_API_KEY and our standard API rate limit is 25 requests per day. Please subscribe to any of the premium plans at https://www.alphavantage.co/premium/ to instantly remove all daily rate limits.'}
[2025-07-20T22:12:14.361+0000] {pipeline.py:44} INFO - Extracting data from: https://www.alphavantage.co/query?function=TIME_SERIES_DAILY&symbol=AAPL&apikey=YOUR_ALPHA_VANTAGE_API_KEY
[2025-07-20T22:12:14.651+0000] {pipeline.py:96} WARNING - [Ingest] Failed to ingest stock data for AAPL. Response: {'Information': 'We have detected your API key as YOUR_ALPHA_VANTAGE_API_KEY and our standard API rate limit is 25 requests per day. Please subscribe to any of the premium plans at https://www.alphavantage.co/premium/ to instantly remove all daily rate limits.'}
[2025-07-20T22:12:14.652+0000] {pipeline.py:99} INFO - [Ingest] Total stock symbols ingested: 0
[2025-07-20T22:12:14.663+0000] {python.py:201} INFO - Done. Returned value was: None
[2025-07-20T22:12:14.672+0000] {taskinstance.py:1138} INFO - Marking task as SUCCESS. dag_id=etl_data_pipeline, task_id=ingest_stock_data, execution_date=20250719T000000, start_date=20250720T221212, end_date=20250720T221214
[2025-07-20T22:12:14.726+0000] {local_task_job_runner.py:234} INFO - Task exited with return code 0
[2025-07-20T22:12:14.749+0000] {taskinstance.py:3280} INFO - 0 downstream tasks scheduled from follow-on schedule check
[2025-07-20T22:38:47.370+0000] {taskinstance.py:1956} INFO - Dependencies all met for dep_context=non-requeueable deps ti=<TaskInstance: etl_data_pipeline.ingest_stock_data scheduled__2025-07-19T00:00:00+00:00 [queued]>
[2025-07-20T22:38:47.379+0000] {taskinstance.py:1956} INFO - Dependencies all met for dep_context=requeueable deps ti=<TaskInstance: etl_data_pipeline.ingest_stock_data scheduled__2025-07-19T00:00:00+00:00 [queued]>
[2025-07-20T22:38:47.380+0000] {taskinstance.py:2170} INFO - Starting attempt 1 of 1
[2025-07-20T22:38:47.392+0000] {taskinstance.py:2191} INFO - Executing <Task(PythonOperator): ingest_stock_data> on 2025-07-19 00:00:00+00:00
[2025-07-20T22:38:47.399+0000] {standard_task_runner.py:60} INFO - Started process 240 to run task
[2025-07-20T22:38:47.402+0000] {standard_task_runner.py:87} INFO - Running: ['***', 'tasks', 'run', 'etl_data_pipeline', 'ingest_stock_data', 'scheduled__2025-07-19T00:00:00+00:00', '--job-id', '37', '--raw', '--subdir', 'DAGS_FOLDER/pipeline.py', '--cfg-path', '/tmp/tmpcg72bo38']
[2025-07-20T22:38:47.405+0000] {standard_task_runner.py:88} INFO - Job 37: Subtask ingest_stock_data
[2025-07-20T22:38:47.463+0000] {task_command.py:423} INFO - Running <TaskInstance: etl_data_pipeline.ingest_stock_data scheduled__2025-07-19T00:00:00+00:00 [running]> on host 32eccd868063
[2025-07-20T22:38:47.565+0000] {taskinstance.py:2480} INFO - Exporting env vars: AIRFLOW_CTX_DAG_OWNER='***' AIRFLOW_CTX_DAG_ID='etl_data_pipeline' AIRFLOW_CTX_TASK_ID='ingest_stock_data' AIRFLOW_CTX_EXECUTION_DATE='2025-07-19T00:00:00+00:00' AIRFLOW_CTX_TRY_NUMBER='1' AIRFLOW_CTX_DAG_RUN_ID='scheduled__2025-07-19T00:00:00+00:00'
[2025-07-20T22:38:47.593+0000] {pipeline.py:35} INFO - Successfully connected to MongoDB at mongodb:27017
[2025-07-20T22:38:47.599+0000] {pipeline.py:44} INFO - Extracting data from: https://www.alphavantage.co/query?function=TIME_SERIES_DAILY&symbol=IBM&apikey=YOUR_ALPHA_VANTAGE_API_KEY
[2025-07-20T22:38:48.032+0000] {pipeline.py:96} WARNING - [Ingest] Failed to ingest stock data for IBM. Response: {'Information': 'We have detected your API key as YOUR_ALPHA_VANTAGE_API_KEY and our standard API rate limit is 25 requests per day. Please subscribe to any of the premium plans at https://www.alphavantage.co/premium/ to instantly remove all daily rate limits.'}
[2025-07-20T22:38:48.033+0000] {pipeline.py:44} INFO - Extracting data from: https://www.alphavantage.co/query?function=TIME_SERIES_DAILY&symbol=MSFT&apikey=YOUR_ALPHA_VANTAGE_API_KEY
[2025-07-20T22:38:48.762+0000] {pipeline.py:96} WARNING - [Ingest] Failed to ingest stock data for MSFT. Response: {'Information': 'We have detected your API key as YOUR_ALPHA_VANTAGE_API_KEY and our standard API rate limit is 25 requests per day. Please subscribe to any of the premium plans at https://www.alphavantage.co/premium/ to instantly remove all daily rate limits.'}
[2025-07-20T22:38:48.762+0000] {pipeline.py:44} INFO - Extracting data from: https://www.alphavantage.co/query?function=TIME_SERIES_DAILY&symbol=GOOGL&apikey=YOUR_ALPHA_VANTAGE_API_KEY
[2025-07-20T22:38:49.816+0000] {pipeline.py:96} WARNING - [Ingest] Failed to ingest stock data for GOOGL. Response: {'Information': 'We have detected your API key as YOUR_ALPHA_VANTAGE_API_KEY and our standard API rate limit is 25 requests per day. Please subscribe to any of the premium plans at https://www.alphavantage.co/premium/ to instantly remove all daily rate limits.'}
[2025-07-20T22:38:49.816+0000] {pipeline.py:44} INFO - Extracting data from: https://www.alphavantage.co/query?function=TIME_SERIES_DAILY&symbol=AMZN&apikey=YOUR_ALPHA_VANTAGE_API_KEY
[2025-07-20T22:38:51.030+0000] {pipeline.py:96} WARNING - [Ingest] Failed to ingest stock data for AMZN. Response: {'Information': 'We have detected your API key as YOUR_ALPHA_VANTAGE_API_KEY and our standard API rate limit is 25 requests per day. Please subscribe to any of the premium plans at https://www.alphavantage.co/premium/ to instantly remove all daily rate limits.'}
[2025-07-20T22:38:51.031+0000] {pipeline.py:44} INFO - Extracting data from: https://www.alphavantage.co/query?function=TIME_SERIES_DAILY&symbol=AAPL&apikey=YOUR_ALPHA_VANTAGE_API_KEY
[2025-07-20T22:38:51.301+0000] {pipeline.py:96} WARNING - [Ingest] Failed to ingest stock data for AAPL. Response: {'Information': 'We have detected your API key as YOUR_ALPHA_VANTAGE_API_KEY and our standard API rate limit is 25 requests per day. Please subscribe to any of the premium plans at https://www.alphavantage.co/premium/ to instantly remove all daily rate limits.'}
[2025-07-20T22:38:51.303+0000] {pipeline.py:99} INFO - [Ingest] Total stock symbols ingested: 0
[2025-07-20T22:38:51.321+0000] {python.py:201} INFO - Done. Returned value was: None
[2025-07-20T22:38:51.335+0000] {taskinstance.py:1138} INFO - Marking task as SUCCESS. dag_id=etl_data_pipeline, task_id=ingest_stock_data, execution_date=20250719T000000, start_date=20250720T223847, end_date=20250720T223851
[2025-07-20T22:38:51.383+0000] {local_task_job_runner.py:234} INFO - Task exited with return code 0
[2025-07-20T22:38:51.408+0000] {taskinstance.py:3280} INFO - 1 downstream tasks scheduled from follow-on schedule check
