[2025-07-20T22:12:16.239+0000] {taskinstance.py:1956} INFO - Dependencies all met for dep_context=non-requeueable deps ti=<TaskInstance: etl_data_pipeline.ingest_stock_data manual__2025-07-20T22:12:15.055673+00:00 [queued]>
[2025-07-20T22:12:16.253+0000] {taskinstance.py:1956} INFO - Dependencies all met for dep_context=requeueable deps ti=<TaskInstance: etl_data_pipeline.ingest_stock_data manual__2025-07-20T22:12:15.055673+00:00 [queued]>
[2025-07-20T22:12:16.253+0000] {taskinstance.py:2170} INFO - Starting attempt 1 of 1
[2025-07-20T22:12:16.269+0000] {taskinstance.py:2191} INFO - Executing <Task(PythonOperator): ingest_stock_data> on 2025-07-20 22:12:15.055673+00:00
[2025-07-20T22:12:16.278+0000] {standard_task_runner.py:60} INFO - Started process 221 to run task
[2025-07-20T22:12:16.283+0000] {standard_task_runner.py:87} INFO - Running: ['***', 'tasks', 'run', 'etl_data_pipeline', 'ingest_stock_data', 'manual__2025-07-20T22:12:15.055673+00:00', '--job-id', '9', '--raw', '--subdir', 'DAGS_FOLDER/pipeline.py', '--cfg-path', '/tmp/tmpzkiv7kb1']
[2025-07-20T22:12:16.287+0000] {standard_task_runner.py:88} INFO - Job 9: Subtask ingest_stock_data
[2025-07-20T22:12:16.383+0000] {task_command.py:423} INFO - Running <TaskInstance: etl_data_pipeline.ingest_stock_data manual__2025-07-20T22:12:15.055673+00:00 [running]> on host f43ce628c5ca
[2025-07-20T22:12:16.580+0000] {taskinstance.py:2480} INFO - Exporting env vars: AIRFLOW_CTX_DAG_OWNER='***' AIRFLOW_CTX_DAG_ID='etl_data_pipeline' AIRFLOW_CTX_TASK_ID='ingest_stock_data' AIRFLOW_CTX_EXECUTION_DATE='2025-07-20T22:12:15.055673+00:00' AIRFLOW_CTX_TRY_NUMBER='1' AIRFLOW_CTX_DAG_RUN_ID='manual__2025-07-20T22:12:15.055673+00:00'
[2025-07-20T22:12:16.618+0000] {pipeline.py:35} INFO - Successfully connected to MongoDB at mongodb:27017
[2025-07-20T22:12:16.621+0000] {pipeline.py:44} INFO - Extracting data from: https://www.alphavantage.co/query?function=TIME_SERIES_DAILY&symbol=IBM&apikey=YOUR_ALPHA_VANTAGE_API_KEY
[2025-07-20T22:12:17.009+0000] {pipeline.py:96} WARNING - [Ingest] Failed to ingest stock data for IBM. Response: {'Information': 'We have detected your API key as YOUR_ALPHA_VANTAGE_API_KEY and our standard API rate limit is 25 requests per day. Please subscribe to any of the premium plans at https://www.alphavantage.co/premium/ to instantly remove all daily rate limits.'}
[2025-07-20T22:12:17.010+0000] {pipeline.py:44} INFO - Extracting data from: https://www.alphavantage.co/query?function=TIME_SERIES_DAILY&symbol=MSFT&apikey=YOUR_ALPHA_VANTAGE_API_KEY
[2025-07-20T22:12:17.388+0000] {pipeline.py:96} WARNING - [Ingest] Failed to ingest stock data for MSFT. Response: {'Information': 'We have detected your API key as YOUR_ALPHA_VANTAGE_API_KEY and our standard API rate limit is 25 requests per day. Please subscribe to any of the premium plans at https://www.alphavantage.co/premium/ to instantly remove all daily rate limits.'}
[2025-07-20T22:12:17.389+0000] {pipeline.py:44} INFO - Extracting data from: https://www.alphavantage.co/query?function=TIME_SERIES_DAILY&symbol=GOOGL&apikey=YOUR_ALPHA_VANTAGE_API_KEY
[2025-07-20T22:12:17.695+0000] {pipeline.py:96} WARNING - [Ingest] Failed to ingest stock data for GOOGL. Response: {'Information': 'We have detected your API key as YOUR_ALPHA_VANTAGE_API_KEY and our standard API rate limit is 25 requests per day. Please subscribe to any of the premium plans at https://www.alphavantage.co/premium/ to instantly remove all daily rate limits.'}
[2025-07-20T22:12:17.697+0000] {pipeline.py:44} INFO - Extracting data from: https://www.alphavantage.co/query?function=TIME_SERIES_DAILY&symbol=AMZN&apikey=YOUR_ALPHA_VANTAGE_API_KEY
[2025-07-20T22:12:17.990+0000] {pipeline.py:96} WARNING - [Ingest] Failed to ingest stock data for AMZN. Response: {'Information': 'We have detected your API key as YOUR_ALPHA_VANTAGE_API_KEY and our standard API rate limit is 25 requests per day. Please subscribe to any of the premium plans at https://www.alphavantage.co/premium/ to instantly remove all daily rate limits.'}
[2025-07-20T22:12:17.991+0000] {pipeline.py:44} INFO - Extracting data from: https://www.alphavantage.co/query?function=TIME_SERIES_DAILY&symbol=AAPL&apikey=YOUR_ALPHA_VANTAGE_API_KEY
[2025-07-20T22:12:18.373+0000] {pipeline.py:96} WARNING - [Ingest] Failed to ingest stock data for AAPL. Response: {'Information': 'We have detected your API key as YOUR_ALPHA_VANTAGE_API_KEY and our standard API rate limit is 25 requests per day. Please subscribe to any of the premium plans at https://www.alphavantage.co/premium/ to instantly remove all daily rate limits.'}
[2025-07-20T22:12:18.376+0000] {pipeline.py:99} INFO - [Ingest] Total stock symbols ingested: 0
[2025-07-20T22:12:18.397+0000] {python.py:201} INFO - Done. Returned value was: None
[2025-07-20T22:12:18.413+0000] {taskinstance.py:1138} INFO - Marking task as SUCCESS. dag_id=etl_data_pipeline, task_id=ingest_stock_data, execution_date=20250720T221215, start_date=20250720T221216, end_date=20250720T221218
[2025-07-20T22:12:18.460+0000] {local_task_job_runner.py:234} INFO - Task exited with return code 0
[2025-07-20T22:12:18.489+0000] {taskinstance.py:3280} INFO - 1 downstream tasks scheduled from follow-on schedule check
