[2025-07-20T21:42:36.574+0000] {taskinstance.py:1956} INFO - Dependencies all met for dep_context=non-requeueable deps ti=<TaskInstance: etl_data_pipeline.transform_car_models scheduled__2025-07-19T00:00:00+00:00 [queued]>
[2025-07-20T21:42:36.585+0000] {taskinstance.py:1956} INFO - Dependencies all met for dep_context=requeueable deps ti=<TaskInstance: etl_data_pipeline.transform_car_models scheduled__2025-07-19T00:00:00+00:00 [queued]>
[2025-07-20T21:42:36.586+0000] {taskinstance.py:2170} INFO - Starting attempt 1 of 1
[2025-07-20T21:42:36.601+0000] {taskinstance.py:2191} INFO - Executing <Task(PythonOperator): transform_car_models> on 2025-07-19 00:00:00+00:00
[2025-07-20T21:42:36.607+0000] {standard_task_runner.py:60} INFO - Started process 210 to run task
[2025-07-20T21:42:36.609+0000] {standard_task_runner.py:87} INFO - Running: ['***', 'tasks', 'run', 'etl_data_pipeline', 'transform_car_models', 'scheduled__2025-07-19T00:00:00+00:00', '--job-id', '9', '--raw', '--subdir', 'DAGS_FOLDER/pipeline.py', '--cfg-path', '/tmp/tmpvxbdux0_']
[2025-07-20T21:42:36.612+0000] {standard_task_runner.py:88} INFO - Job 9: Subtask transform_car_models
[2025-07-20T21:42:36.654+0000] {task_command.py:423} INFO - Running <TaskInstance: etl_data_pipeline.transform_car_models scheduled__2025-07-19T00:00:00+00:00 [running]> on host 76af8d252f3b
[2025-07-20T21:42:36.718+0000] {taskinstance.py:2480} INFO - Exporting env vars: AIRFLOW_CTX_DAG_OWNER='***' AIRFLOW_CTX_DAG_ID='etl_data_pipeline' AIRFLOW_CTX_TASK_ID='transform_car_models' AIRFLOW_CTX_EXECUTION_DATE='2025-07-19T00:00:00+00:00' AIRFLOW_CTX_TRY_NUMBER='1' AIRFLOW_CTX_DAG_RUN_ID='scheduled__2025-07-19T00:00:00+00:00'
[2025-07-20T21:42:36.732+0000] {pipeline.py:35} INFO - Successfully connected to MongoDB at mongodb:27017
[2025-07-20T21:42:36.735+0000] {pipeline.py:317} INFO - [Transform/Load] Processed and loaded 0 car models.
[2025-07-20T21:42:36.750+0000] {python.py:201} INFO - Done. Returned value was: None
[2025-07-20T21:42:36.762+0000] {taskinstance.py:1138} INFO - Marking task as SUCCESS. dag_id=etl_data_pipeline, task_id=transform_car_models, execution_date=20250719T000000, start_date=20250720T214236, end_date=20250720T214236
[2025-07-20T21:42:36.782+0000] {local_task_job_runner.py:234} INFO - Task exited with return code 0
[2025-07-20T21:42:36.801+0000] {taskinstance.py:3280} INFO - 0 downstream tasks scheduled from follow-on schedule check
[2025-07-20T22:01:26.096+0000] {taskinstance.py:1956} INFO - Dependencies all met for dep_context=non-requeueable deps ti=<TaskInstance: etl_data_pipeline.transform_car_models scheduled__2025-07-19T00:00:00+00:00 [queued]>
[2025-07-20T22:01:26.111+0000] {taskinstance.py:1956} INFO - Dependencies all met for dep_context=requeueable deps ti=<TaskInstance: etl_data_pipeline.transform_car_models scheduled__2025-07-19T00:00:00+00:00 [queued]>
[2025-07-20T22:01:26.111+0000] {taskinstance.py:2170} INFO - Starting attempt 1 of 1
[2025-07-20T22:01:26.129+0000] {taskinstance.py:2191} INFO - Executing <Task(PythonOperator): transform_car_models> on 2025-07-19 00:00:00+00:00
[2025-07-20T22:01:26.137+0000] {standard_task_runner.py:60} INFO - Started process 231 to run task
[2025-07-20T22:01:26.143+0000] {standard_task_runner.py:87} INFO - Running: ['***', 'tasks', 'run', 'etl_data_pipeline', 'transform_car_models', 'scheduled__2025-07-19T00:00:00+00:00', '--job-id', '12', '--raw', '--subdir', 'DAGS_FOLDER/pipeline.py', '--cfg-path', '/tmp/tmp02p56fmh']
[2025-07-20T22:01:26.145+0000] {standard_task_runner.py:88} INFO - Job 12: Subtask transform_car_models
[2025-07-20T22:01:26.223+0000] {task_command.py:423} INFO - Running <TaskInstance: etl_data_pipeline.transform_car_models scheduled__2025-07-19T00:00:00+00:00 [running]> on host 2bd6de2a15ba
[2025-07-20T22:01:26.379+0000] {taskinstance.py:2480} INFO - Exporting env vars: AIRFLOW_CTX_DAG_OWNER='***' AIRFLOW_CTX_DAG_ID='etl_data_pipeline' AIRFLOW_CTX_TASK_ID='transform_car_models' AIRFLOW_CTX_EXECUTION_DATE='2025-07-19T00:00:00+00:00' AIRFLOW_CTX_TRY_NUMBER='1' AIRFLOW_CTX_DAG_RUN_ID='scheduled__2025-07-19T00:00:00+00:00'
[2025-07-20T22:01:26.420+0000] {pipeline.py:35} INFO - Successfully connected to MongoDB at mongodb:27017
[2025-07-20T22:01:26.425+0000] {pipeline.py:317} INFO - [Transform/Load] Processed and loaded 0 car models.
[2025-07-20T22:01:26.453+0000] {python.py:201} INFO - Done. Returned value was: None
[2025-07-20T22:01:26.471+0000] {taskinstance.py:1138} INFO - Marking task as SUCCESS. dag_id=etl_data_pipeline, task_id=transform_car_models, execution_date=20250719T000000, start_date=20250720T220126, end_date=20250720T220126
[2025-07-20T22:01:26.515+0000] {local_task_job_runner.py:234} INFO - Task exited with return code 0
[2025-07-20T22:01:26.536+0000] {taskinstance.py:3280} INFO - 0 downstream tasks scheduled from follow-on schedule check
[2025-07-20T22:12:17.918+0000] {taskinstance.py:1956} INFO - Dependencies all met for dep_context=non-requeueable deps ti=<TaskInstance: etl_data_pipeline.transform_car_models scheduled__2025-07-19T00:00:00+00:00 [queued]>
[2025-07-20T22:12:17.930+0000] {taskinstance.py:1956} INFO - Dependencies all met for dep_context=requeueable deps ti=<TaskInstance: etl_data_pipeline.transform_car_models scheduled__2025-07-19T00:00:00+00:00 [queued]>
[2025-07-20T22:12:17.930+0000] {taskinstance.py:2170} INFO - Starting attempt 1 of 1
[2025-07-20T22:12:17.944+0000] {taskinstance.py:2191} INFO - Executing <Task(PythonOperator): transform_car_models> on 2025-07-19 00:00:00+00:00
[2025-07-20T22:12:17.949+0000] {standard_task_runner.py:60} INFO - Started process 237 to run task
[2025-07-20T22:12:17.952+0000] {standard_task_runner.py:87} INFO - Running: ['***', 'tasks', 'run', 'etl_data_pipeline', 'transform_car_models', 'scheduled__2025-07-19T00:00:00+00:00', '--job-id', '12', '--raw', '--subdir', 'DAGS_FOLDER/pipeline.py', '--cfg-path', '/tmp/tmpk_00gjhl']
[2025-07-20T22:12:17.954+0000] {standard_task_runner.py:88} INFO - Job 12: Subtask transform_car_models
[2025-07-20T22:12:18.008+0000] {task_command.py:423} INFO - Running <TaskInstance: etl_data_pipeline.transform_car_models scheduled__2025-07-19T00:00:00+00:00 [running]> on host f43ce628c5ca
[2025-07-20T22:12:18.115+0000] {taskinstance.py:2480} INFO - Exporting env vars: AIRFLOW_CTX_DAG_OWNER='***' AIRFLOW_CTX_DAG_ID='etl_data_pipeline' AIRFLOW_CTX_TASK_ID='transform_car_models' AIRFLOW_CTX_EXECUTION_DATE='2025-07-19T00:00:00+00:00' AIRFLOW_CTX_TRY_NUMBER='1' AIRFLOW_CTX_DAG_RUN_ID='scheduled__2025-07-19T00:00:00+00:00'
[2025-07-20T22:12:18.134+0000] {pipeline.py:35} INFO - Successfully connected to MongoDB at mongodb:27017
[2025-07-20T22:12:18.138+0000] {pipeline.py:317} INFO - [Transform/Load] Processed and loaded 0 car models.
[2025-07-20T22:12:18.158+0000] {python.py:201} INFO - Done. Returned value was: None
[2025-07-20T22:12:18.173+0000] {taskinstance.py:1138} INFO - Marking task as SUCCESS. dag_id=etl_data_pipeline, task_id=transform_car_models, execution_date=20250719T000000, start_date=20250720T221217, end_date=20250720T221218
[2025-07-20T22:12:18.204+0000] {local_task_job_runner.py:234} INFO - Task exited with return code 0
[2025-07-20T22:12:18.229+0000] {taskinstance.py:3280} INFO - 0 downstream tasks scheduled from follow-on schedule check
[2025-07-20T22:38:51.312+0000] {taskinstance.py:1956} INFO - Dependencies all met for dep_context=non-requeueable deps ti=<TaskInstance: etl_data_pipeline.transform_car_models scheduled__2025-07-19T00:00:00+00:00 [queued]>
[2025-07-20T22:38:51.326+0000] {taskinstance.py:1956} INFO - Dependencies all met for dep_context=requeueable deps ti=<TaskInstance: etl_data_pipeline.transform_car_models scheduled__2025-07-19T00:00:00+00:00 [queued]>
[2025-07-20T22:38:51.327+0000] {taskinstance.py:2170} INFO - Starting attempt 1 of 1
[2025-07-20T22:38:51.343+0000] {taskinstance.py:2191} INFO - Executing <Task(PythonOperator): transform_car_models> on 2025-07-19 00:00:00+00:00
[2025-07-20T22:38:51.350+0000] {standard_task_runner.py:60} INFO - Started process 260 to run task
[2025-07-20T22:38:51.353+0000] {standard_task_runner.py:87} INFO - Running: ['***', 'tasks', 'run', 'etl_data_pipeline', 'transform_car_models', 'scheduled__2025-07-19T00:00:00+00:00', '--job-id', '40', '--raw', '--subdir', 'DAGS_FOLDER/pipeline.py', '--cfg-path', '/tmp/tmpgil2nkz5']
[2025-07-20T22:38:51.356+0000] {standard_task_runner.py:88} INFO - Job 40: Subtask transform_car_models
[2025-07-20T22:38:51.409+0000] {task_command.py:423} INFO - Running <TaskInstance: etl_data_pipeline.transform_car_models scheduled__2025-07-19T00:00:00+00:00 [running]> on host 32eccd868063
[2025-07-20T22:38:51.479+0000] {taskinstance.py:2480} INFO - Exporting env vars: AIRFLOW_CTX_DAG_OWNER='***' AIRFLOW_CTX_DAG_ID='etl_data_pipeline' AIRFLOW_CTX_TASK_ID='transform_car_models' AIRFLOW_CTX_EXECUTION_DATE='2025-07-19T00:00:00+00:00' AIRFLOW_CTX_TRY_NUMBER='1' AIRFLOW_CTX_DAG_RUN_ID='scheduled__2025-07-19T00:00:00+00:00'
[2025-07-20T22:38:51.493+0000] {pipeline.py:35} INFO - Successfully connected to MongoDB at mongodb:27017
[2025-07-20T22:38:51.496+0000] {pipeline.py:317} INFO - [Transform/Load] Processed and loaded 0 car models.
[2025-07-20T22:38:51.511+0000] {python.py:201} INFO - Done. Returned value was: None
[2025-07-20T22:38:51.522+0000] {taskinstance.py:1138} INFO - Marking task as SUCCESS. dag_id=etl_data_pipeline, task_id=transform_car_models, execution_date=20250719T000000, start_date=20250720T223851, end_date=20250720T223851
[2025-07-20T22:38:51.565+0000] {local_task_job_runner.py:234} INFO - Task exited with return code 0
[2025-07-20T22:38:51.581+0000] {taskinstance.py:3280} INFO - 0 downstream tasks scheduled from follow-on schedule check
