[2025-07-21T13:18:53.201+0000] {taskinstance.py:1956} INFO - Dependencies all met for dep_context=non-requeueable deps ti=<TaskInstance: etl_data_pipeline.ingest_stock_data manual__2025-07-21T13:18:51.905001+00:00 [queued]>
[2025-07-21T13:18:53.210+0000] {taskinstance.py:1956} INFO - Dependencies all met for dep_context=requeueable deps ti=<TaskInstance: etl_data_pipeline.ingest_stock_data manual__2025-07-21T13:18:51.905001+00:00 [queued]>
[2025-07-21T13:18:53.210+0000] {taskinstance.py:2170} INFO - Starting attempt 1 of 1
[2025-07-21T13:18:53.225+0000] {taskinstance.py:2191} INFO - Executing <Task(PythonOperator): ingest_stock_data> on 2025-07-21 13:18:51.905001+00:00
[2025-07-21T13:18:53.231+0000] {standard_task_runner.py:60} INFO - Started process 207 to run task
[2025-07-21T13:18:53.236+0000] {standard_task_runner.py:87} INFO - Running: ['***', 'tasks', 'run', 'etl_data_pipeline', 'ingest_stock_data', 'manual__2025-07-21T13:18:51.905001+00:00', '--job-id', '78', '--raw', '--subdir', 'DAGS_FOLDER/pipeline.py', '--cfg-path', '/tmp/tmpb4j72z79']
[2025-07-21T13:18:53.239+0000] {standard_task_runner.py:88} INFO - Job 78: Subtask ingest_stock_data
[2025-07-21T13:18:53.288+0000] {task_command.py:423} INFO - Running <TaskInstance: etl_data_pipeline.ingest_stock_data manual__2025-07-21T13:18:51.905001+00:00 [running]> on host 32eccd868063
[2025-07-21T13:18:53.366+0000] {taskinstance.py:2480} INFO - Exporting env vars: AIRFLOW_CTX_DAG_OWNER='***' AIRFLOW_CTX_DAG_ID='etl_data_pipeline' AIRFLOW_CTX_TASK_ID='ingest_stock_data' AIRFLOW_CTX_EXECUTION_DATE='2025-07-21T13:18:51.905001+00:00' AIRFLOW_CTX_TRY_NUMBER='1' AIRFLOW_CTX_DAG_RUN_ID='manual__2025-07-21T13:18:51.905001+00:00'
[2025-07-21T13:18:53.385+0000] {pipeline.py:35} INFO - Successfully connected to MongoDB at mongodb:27017
[2025-07-21T13:18:53.387+0000] {pipeline.py:44} INFO - Extracting data from: https://www.alphavantage.co/query?function=TIME_SERIES_DAILY&symbol=IBM&apikey=YOUR_ALPHA_VANTAGE_API_KEY
[2025-07-21T13:18:53.393+0000] {pipeline.py:50} ERROR - Error during API extraction from https://www.alphavantage.co/query?function=TIME_SERIES_DAILY&symbol=IBM&apikey=YOUR_ALPHA_VANTAGE_API_KEY: HTTPSConnectionPool(host='www.alphavantage.co', port=443): Max retries exceeded with url: /query?function=TIME_SERIES_DAILY&symbol=IBM&apikey=YOUR_ALPHA_VANTAGE_API_KEY (Caused by NameResolutionError("<urllib3.connection.HTTPSConnection object at 0x7f507523de90>: Failed to resolve 'www.alphavantage.co' ([Errno -2] Name or service not known)"))
[2025-07-21T13:18:53.393+0000] {pipeline.py:96} WARNING - [Ingest] Failed to ingest stock data for IBM. Response: {}
[2025-07-21T13:18:53.394+0000] {pipeline.py:44} INFO - Extracting data from: https://www.alphavantage.co/query?function=TIME_SERIES_DAILY&symbol=MSFT&apikey=YOUR_ALPHA_VANTAGE_API_KEY
[2025-07-21T13:18:53.399+0000] {pipeline.py:50} ERROR - Error during API extraction from https://www.alphavantage.co/query?function=TIME_SERIES_DAILY&symbol=MSFT&apikey=YOUR_ALPHA_VANTAGE_API_KEY: HTTPSConnectionPool(host='www.alphavantage.co', port=443): Max retries exceeded with url: /query?function=TIME_SERIES_DAILY&symbol=MSFT&apikey=YOUR_ALPHA_VANTAGE_API_KEY (Caused by NameResolutionError("<urllib3.connection.HTTPSConnection object at 0x7f5074e8ded0>: Failed to resolve 'www.alphavantage.co' ([Errno -2] Name or service not known)"))
[2025-07-21T13:18:53.399+0000] {pipeline.py:96} WARNING - [Ingest] Failed to ingest stock data for MSFT. Response: {}
[2025-07-21T13:18:53.400+0000] {pipeline.py:44} INFO - Extracting data from: https://www.alphavantage.co/query?function=TIME_SERIES_DAILY&symbol=GOOGL&apikey=YOUR_ALPHA_VANTAGE_API_KEY
[2025-07-21T13:18:53.404+0000] {pipeline.py:50} ERROR - Error during API extraction from https://www.alphavantage.co/query?function=TIME_SERIES_DAILY&symbol=GOOGL&apikey=YOUR_ALPHA_VANTAGE_API_KEY: HTTPSConnectionPool(host='www.alphavantage.co', port=443): Max retries exceeded with url: /query?function=TIME_SERIES_DAILY&symbol=GOOGL&apikey=YOUR_ALPHA_VANTAGE_API_KEY (Caused by NameResolutionError("<urllib3.connection.HTTPSConnection object at 0x7f5074ea6710>: Failed to resolve 'www.alphavantage.co' ([Errno -2] Name or service not known)"))
[2025-07-21T13:18:53.404+0000] {pipeline.py:96} WARNING - [Ingest] Failed to ingest stock data for GOOGL. Response: {}
[2025-07-21T13:18:53.405+0000] {pipeline.py:44} INFO - Extracting data from: https://www.alphavantage.co/query?function=TIME_SERIES_DAILY&symbol=AMZN&apikey=YOUR_ALPHA_VANTAGE_API_KEY
[2025-07-21T13:18:53.409+0000] {pipeline.py:50} ERROR - Error during API extraction from https://www.alphavantage.co/query?function=TIME_SERIES_DAILY&symbol=AMZN&apikey=YOUR_ALPHA_VANTAGE_API_KEY: HTTPSConnectionPool(host='www.alphavantage.co', port=443): Max retries exceeded with url: /query?function=TIME_SERIES_DAILY&symbol=AMZN&apikey=YOUR_ALPHA_VANTAGE_API_KEY (Caused by NameResolutionError("<urllib3.connection.HTTPSConnection object at 0x7f5074ea8a10>: Failed to resolve 'www.alphavantage.co' ([Errno -2] Name or service not known)"))
[2025-07-21T13:18:53.409+0000] {pipeline.py:96} WARNING - [Ingest] Failed to ingest stock data for AMZN. Response: {}
[2025-07-21T13:18:53.410+0000] {pipeline.py:44} INFO - Extracting data from: https://www.alphavantage.co/query?function=TIME_SERIES_DAILY&symbol=AAPL&apikey=YOUR_ALPHA_VANTAGE_API_KEY
[2025-07-21T13:18:53.414+0000] {pipeline.py:50} ERROR - Error during API extraction from https://www.alphavantage.co/query?function=TIME_SERIES_DAILY&symbol=AAPL&apikey=YOUR_ALPHA_VANTAGE_API_KEY: HTTPSConnectionPool(host='www.alphavantage.co', port=443): Max retries exceeded with url: /query?function=TIME_SERIES_DAILY&symbol=AAPL&apikey=YOUR_ALPHA_VANTAGE_API_KEY (Caused by NameResolutionError("<urllib3.connection.HTTPSConnection object at 0x7f5074eab0d0>: Failed to resolve 'www.alphavantage.co' ([Errno -2] Name or service not known)"))
[2025-07-21T13:18:53.415+0000] {pipeline.py:96} WARNING - [Ingest] Failed to ingest stock data for AAPL. Response: {}
[2025-07-21T13:18:53.417+0000] {pipeline.py:99} INFO - [Ingest] Total stock symbols ingested: 0
[2025-07-21T13:18:53.432+0000] {python.py:201} INFO - Done. Returned value was: None
[2025-07-21T13:18:53.442+0000] {taskinstance.py:1138} INFO - Marking task as SUCCESS. dag_id=etl_data_pipeline, task_id=ingest_stock_data, execution_date=20250721T131851, start_date=20250721T131853, end_date=20250721T131853
[2025-07-21T13:18:53.489+0000] {local_task_job_runner.py:234} INFO - Task exited with return code 0
[2025-07-21T13:18:53.511+0000] {taskinstance.py:3280} INFO - 0 downstream tasks scheduled from follow-on schedule check
