[2025-07-21T13:30:29.097+0000] {taskinstance.py:1956} INFO - Dependencies all met for dep_context=non-requeueable deps ti=<TaskInstance: etl_data_pipeline.ingest_stock_data manual__2025-07-21T13:30:27.419700+00:00 [queued]>
[2025-07-21T13:30:29.112+0000] {taskinstance.py:1956} INFO - Dependencies all met for dep_context=requeueable deps ti=<TaskInstance: etl_data_pipeline.ingest_stock_data manual__2025-07-21T13:30:27.419700+00:00 [queued]>
[2025-07-21T13:30:29.114+0000] {taskinstance.py:2170} INFO - Starting attempt 1 of 1
[2025-07-21T13:30:29.141+0000] {taskinstance.py:2191} INFO - Executing <Task(PythonOperator): ingest_stock_data> on 2025-07-21 13:30:27.419700+00:00
[2025-07-21T13:30:29.152+0000] {standard_task_runner.py:60} INFO - Started process 379 to run task
[2025-07-21T13:30:29.158+0000] {standard_task_runner.py:87} INFO - Running: ['***', 'tasks', 'run', 'etl_data_pipeline', 'ingest_stock_data', 'manual__2025-07-21T13:30:27.419700+00:00', '--job-id', '90', '--raw', '--subdir', 'DAGS_FOLDER/pipeline.py', '--cfg-path', '/tmp/tmp_kv4m8qp']
[2025-07-21T13:30:29.164+0000] {standard_task_runner.py:88} INFO - Job 90: Subtask ingest_stock_data
[2025-07-21T13:30:29.252+0000] {task_command.py:423} INFO - Running <TaskInstance: etl_data_pipeline.ingest_stock_data manual__2025-07-21T13:30:27.419700+00:00 [running]> on host 32eccd868063
[2025-07-21T13:30:29.433+0000] {taskinstance.py:2480} INFO - Exporting env vars: AIRFLOW_CTX_DAG_OWNER='***' AIRFLOW_CTX_DAG_ID='etl_data_pipeline' AIRFLOW_CTX_TASK_ID='ingest_stock_data' AIRFLOW_CTX_EXECUTION_DATE='2025-07-21T13:30:27.419700+00:00' AIRFLOW_CTX_TRY_NUMBER='1' AIRFLOW_CTX_DAG_RUN_ID='manual__2025-07-21T13:30:27.419700+00:00'
[2025-07-21T13:30:29.482+0000] {pipeline.py:35} INFO - Successfully connected to MongoDB at mongodb:27017
[2025-07-21T13:30:29.488+0000] {pipeline.py:44} INFO - Extracting data from: https://www.alphavantage.co/query?function=TIME_SERIES_DAILY&symbol=IBM&apikey=YOUR_ALPHA_VANTAGE_API_KEY
[2025-07-21T13:30:31.209+0000] {pipeline.py:94} INFO - [Ingest] Ingested daily stock data for IBM.
[2025-07-21T13:30:31.209+0000] {pipeline.py:44} INFO - Extracting data from: https://www.alphavantage.co/query?function=TIME_SERIES_DAILY&symbol=MSFT&apikey=YOUR_ALPHA_VANTAGE_API_KEY
[2025-07-21T13:30:32.547+0000] {pipeline.py:94} INFO - [Ingest] Ingested daily stock data for MSFT.
[2025-07-21T13:30:32.554+0000] {pipeline.py:44} INFO - Extracting data from: https://www.alphavantage.co/query?function=TIME_SERIES_DAILY&symbol=GOOGL&apikey=YOUR_ALPHA_VANTAGE_API_KEY
[2025-07-21T13:30:45.280+0000] {pipeline.py:94} INFO - [Ingest] Ingested daily stock data for GOOGL.
[2025-07-21T13:30:45.281+0000] {pipeline.py:44} INFO - Extracting data from: https://www.alphavantage.co/query?function=TIME_SERIES_DAILY&symbol=AMZN&apikey=YOUR_ALPHA_VANTAGE_API_KEY
[2025-07-21T13:30:47.026+0000] {pipeline.py:94} INFO - [Ingest] Ingested daily stock data for AMZN.
[2025-07-21T13:30:47.027+0000] {pipeline.py:44} INFO - Extracting data from: https://www.alphavantage.co/query?function=TIME_SERIES_DAILY&symbol=AAPL&apikey=YOUR_ALPHA_VANTAGE_API_KEY
[2025-07-21T13:30:49.008+0000] {pipeline.py:94} INFO - [Ingest] Ingested daily stock data for AAPL.
[2025-07-21T13:30:49.010+0000] {pipeline.py:99} INFO - [Ingest] Total stock symbols ingested: 5
[2025-07-21T13:30:49.023+0000] {python.py:201} INFO - Done. Returned value was: None
[2025-07-21T13:30:49.032+0000] {taskinstance.py:1138} INFO - Marking task as SUCCESS. dag_id=etl_data_pipeline, task_id=ingest_stock_data, execution_date=20250721T133027, start_date=20250721T133029, end_date=20250721T133049
[2025-07-21T13:30:49.057+0000] {local_task_job_runner.py:234} INFO - Task exited with return code 0
[2025-07-21T13:30:49.075+0000] {taskinstance.py:3280} INFO - 1 downstream tasks scheduled from follow-on schedule check
