[2025-07-21T13:18:26.219+0000] {taskinstance.py:1956} INFO - Dependencies all met for dep_context=non-requeueable deps ti=<TaskInstance: etl_data_pipeline.ingest_stock_data scheduled__2025-07-20T00:00:00+00:00 [queued]>
[2025-07-21T13:18:26.229+0000] {taskinstance.py:1956} INFO - Dependencies all met for dep_context=requeueable deps ti=<TaskInstance: etl_data_pipeline.ingest_stock_data scheduled__2025-07-20T00:00:00+00:00 [queued]>
[2025-07-21T13:18:26.229+0000] {taskinstance.py:2170} INFO - Starting attempt 1 of 1
[2025-07-21T13:18:26.245+0000] {taskinstance.py:2191} INFO - Executing <Task(PythonOperator): ingest_stock_data> on 2025-07-20 00:00:00+00:00
[2025-07-21T13:18:26.251+0000] {standard_task_runner.py:60} INFO - Started process 180 to run task
[2025-07-21T13:18:26.255+0000] {standard_task_runner.py:87} INFO - Running: ['***', 'tasks', 'run', 'etl_data_pipeline', 'ingest_stock_data', 'scheduled__2025-07-20T00:00:00+00:00', '--job-id', '70', '--raw', '--subdir', 'DAGS_FOLDER/pipeline.py', '--cfg-path', '/tmp/tmp3g9lmu1p']
[2025-07-21T13:18:26.258+0000] {standard_task_runner.py:88} INFO - Job 70: Subtask ingest_stock_data
[2025-07-21T13:18:26.311+0000] {task_command.py:423} INFO - Running <TaskInstance: etl_data_pipeline.ingest_stock_data scheduled__2025-07-20T00:00:00+00:00 [running]> on host 32eccd868063
[2025-07-21T13:18:26.394+0000] {taskinstance.py:2480} INFO - Exporting env vars: AIRFLOW_CTX_DAG_OWNER='***' AIRFLOW_CTX_DAG_ID='etl_data_pipeline' AIRFLOW_CTX_TASK_ID='ingest_stock_data' AIRFLOW_CTX_EXECUTION_DATE='2025-07-20T00:00:00+00:00' AIRFLOW_CTX_TRY_NUMBER='1' AIRFLOW_CTX_DAG_RUN_ID='scheduled__2025-07-20T00:00:00+00:00'
[2025-07-21T13:18:26.419+0000] {pipeline.py:35} INFO - Successfully connected to MongoDB at mongodb:27017
[2025-07-21T13:18:26.435+0000] {pipeline.py:44} INFO - Extracting data from: https://www.alphavantage.co/query?function=TIME_SERIES_DAILY&symbol=IBM&apikey=YOUR_ALPHA_VANTAGE_API_KEY
[2025-07-21T13:18:26.444+0000] {pipeline.py:50} ERROR - Error during API extraction from https://www.alphavantage.co/query?function=TIME_SERIES_DAILY&symbol=IBM&apikey=YOUR_ALPHA_VANTAGE_API_KEY: HTTPSConnectionPool(host='www.alphavantage.co', port=443): Max retries exceeded with url: /query?function=TIME_SERIES_DAILY&symbol=IBM&apikey=YOUR_ALPHA_VANTAGE_API_KEY (Caused by NameResolutionError("<urllib3.connection.HTTPSConnection object at 0x7f5074e99110>: Failed to resolve 'www.alphavantage.co' ([Errno -2] Name or service not known)"))
[2025-07-21T13:18:26.445+0000] {pipeline.py:96} WARNING - [Ingest] Failed to ingest stock data for IBM. Response: {}
[2025-07-21T13:18:26.445+0000] {pipeline.py:44} INFO - Extracting data from: https://www.alphavantage.co/query?function=TIME_SERIES_DAILY&symbol=MSFT&apikey=YOUR_ALPHA_VANTAGE_API_KEY
[2025-07-21T13:18:26.451+0000] {pipeline.py:50} ERROR - Error during API extraction from https://www.alphavantage.co/query?function=TIME_SERIES_DAILY&symbol=MSFT&apikey=YOUR_ALPHA_VANTAGE_API_KEY: HTTPSConnectionPool(host='www.alphavantage.co', port=443): Max retries exceeded with url: /query?function=TIME_SERIES_DAILY&symbol=MSFT&apikey=YOUR_ALPHA_VANTAGE_API_KEY (Caused by NameResolutionError("<urllib3.connection.HTTPSConnection object at 0x7f5074ea50d0>: Failed to resolve 'www.alphavantage.co' ([Errno -2] Name or service not known)"))
[2025-07-21T13:18:26.452+0000] {pipeline.py:96} WARNING - [Ingest] Failed to ingest stock data for MSFT. Response: {}
[2025-07-21T13:18:26.452+0000] {pipeline.py:44} INFO - Extracting data from: https://www.alphavantage.co/query?function=TIME_SERIES_DAILY&symbol=GOOGL&apikey=YOUR_ALPHA_VANTAGE_API_KEY
[2025-07-21T13:18:26.457+0000] {pipeline.py:50} ERROR - Error during API extraction from https://www.alphavantage.co/query?function=TIME_SERIES_DAILY&symbol=GOOGL&apikey=YOUR_ALPHA_VANTAGE_API_KEY: HTTPSConnectionPool(host='www.alphavantage.co', port=443): Max retries exceeded with url: /query?function=TIME_SERIES_DAILY&symbol=GOOGL&apikey=YOUR_ALPHA_VANTAGE_API_KEY (Caused by NameResolutionError("<urllib3.connection.HTTPSConnection object at 0x7f5074ea7a90>: Failed to resolve 'www.alphavantage.co' ([Errno -2] Name or service not known)"))
[2025-07-21T13:18:26.458+0000] {pipeline.py:96} WARNING - [Ingest] Failed to ingest stock data for GOOGL. Response: {}
[2025-07-21T13:18:26.458+0000] {pipeline.py:44} INFO - Extracting data from: https://www.alphavantage.co/query?function=TIME_SERIES_DAILY&symbol=AMZN&apikey=YOUR_ALPHA_VANTAGE_API_KEY
[2025-07-21T13:18:26.462+0000] {pipeline.py:50} ERROR - Error during API extraction from https://www.alphavantage.co/query?function=TIME_SERIES_DAILY&symbol=AMZN&apikey=YOUR_ALPHA_VANTAGE_API_KEY: HTTPSConnectionPool(host='www.alphavantage.co', port=443): Max retries exceeded with url: /query?function=TIME_SERIES_DAILY&symbol=AMZN&apikey=YOUR_ALPHA_VANTAGE_API_KEY (Caused by NameResolutionError("<urllib3.connection.HTTPSConnection object at 0x7f5074eadf90>: Failed to resolve 'www.alphavantage.co' ([Errno -2] Name or service not known)"))
[2025-07-21T13:18:26.463+0000] {pipeline.py:96} WARNING - [Ingest] Failed to ingest stock data for AMZN. Response: {}
[2025-07-21T13:18:26.463+0000] {pipeline.py:44} INFO - Extracting data from: https://www.alphavantage.co/query?function=TIME_SERIES_DAILY&symbol=AAPL&apikey=YOUR_ALPHA_VANTAGE_API_KEY
[2025-07-21T13:18:26.467+0000] {pipeline.py:50} ERROR - Error during API extraction from https://www.alphavantage.co/query?function=TIME_SERIES_DAILY&symbol=AAPL&apikey=YOUR_ALPHA_VANTAGE_API_KEY: HTTPSConnectionPool(host='www.alphavantage.co', port=443): Max retries exceeded with url: /query?function=TIME_SERIES_DAILY&symbol=AAPL&apikey=YOUR_ALPHA_VANTAGE_API_KEY (Caused by NameResolutionError("<urllib3.connection.HTTPSConnection object at 0x7f5074eb8810>: Failed to resolve 'www.alphavantage.co' ([Errno -2] Name or service not known)"))
[2025-07-21T13:18:26.467+0000] {pipeline.py:96} WARNING - [Ingest] Failed to ingest stock data for AAPL. Response: {}
[2025-07-21T13:18:26.469+0000] {pipeline.py:99} INFO - [Ingest] Total stock symbols ingested: 0
[2025-07-21T13:18:26.483+0000] {python.py:201} INFO - Done. Returned value was: None
[2025-07-21T13:18:26.493+0000] {taskinstance.py:1138} INFO - Marking task as SUCCESS. dag_id=etl_data_pipeline, task_id=ingest_stock_data, execution_date=20250720T000000, start_date=20250721T131826, end_date=20250721T131826
[2025-07-21T13:18:26.549+0000] {local_task_job_runner.py:234} INFO - Task exited with return code 0
[2025-07-21T13:18:26.564+0000] {taskinstance.py:3280} INFO - 0 downstream tasks scheduled from follow-on schedule check
