[2025-07-20T16:17:14.509+0000] {taskinstance.py:1956} INFO - Dependencies all met for dep_context=non-requeueable deps ti=<TaskInstance: etl_data_pipeline.ingest_stock_data manual__2025-07-20T16:17:13.461391+00:00 [queued]>
[2025-07-20T16:17:14.522+0000] {taskinstance.py:1956} INFO - Dependencies all met for dep_context=requeueable deps ti=<TaskInstance: etl_data_pipeline.ingest_stock_data manual__2025-07-20T16:17:13.461391+00:00 [queued]>
[2025-07-20T16:17:14.523+0000] {taskinstance.py:2170} INFO - Starting attempt 1 of 1
[2025-07-20T16:17:14.543+0000] {taskinstance.py:2191} INFO - Executing <Task(PythonOperator): ingest_stock_data> on 2025-07-20 16:17:13.461391+00:00
[2025-07-20T16:17:14.550+0000] {standard_task_runner.py:60} INFO - Started process 205 to run task
[2025-07-20T16:17:14.554+0000] {standard_task_runner.py:87} INFO - Running: ['***', 'tasks', 'run', 'etl_data_pipeline', 'ingest_stock_data', 'manual__2025-07-20T16:17:13.461391+00:00', '--job-id', '7', '--raw', '--subdir', 'DAGS_FOLDER/app.py', '--cfg-path', '/tmp/tmp273e85ui']
[2025-07-20T16:17:14.557+0000] {standard_task_runner.py:88} INFO - Job 7: Subtask ingest_stock_data
[2025-07-20T16:17:14.624+0000] {task_command.py:423} INFO - Running <TaskInstance: etl_data_pipeline.ingest_stock_data manual__2025-07-20T16:17:13.461391+00:00 [running]> on host d4d98b964d15
[2025-07-20T16:17:14.714+0000] {taskinstance.py:2480} INFO - Exporting env vars: AIRFLOW_CTX_DAG_OWNER='***' AIRFLOW_CTX_DAG_ID='etl_data_pipeline' AIRFLOW_CTX_TASK_ID='ingest_stock_data' AIRFLOW_CTX_EXECUTION_DATE='2025-07-20T16:17:13.461391+00:00' AIRFLOW_CTX_TRY_NUMBER='1' AIRFLOW_CTX_DAG_RUN_ID='manual__2025-07-20T16:17:13.461391+00:00'
[2025-07-20T16:17:14.736+0000] {app.py:33} INFO - Successfully connected to MongoDB at mongodb:27017
[2025-07-20T16:17:14.739+0000] {app.py:42} INFO - Extracting data from: https://www.alphavantage.co/query?function=TIME_SERIES_DAILY&symbol=IBM&apikey=YOUR_ALPHA_VANTAGE_API_KEY
[2025-07-20T16:17:15.226+0000] {app.py:92} INFO - [Ingest] Ingested daily stock data for IBM.
[2025-07-20T16:17:15.227+0000] {app.py:42} INFO - Extracting data from: https://www.alphavantage.co/query?function=TIME_SERIES_DAILY&symbol=MSFT&apikey=YOUR_ALPHA_VANTAGE_API_KEY
[2025-07-20T16:17:15.613+0000] {app.py:92} INFO - [Ingest] Ingested daily stock data for MSFT.
[2025-07-20T16:17:15.614+0000] {app.py:42} INFO - Extracting data from: https://www.alphavantage.co/query?function=TIME_SERIES_DAILY&symbol=GOOGL&apikey=YOUR_ALPHA_VANTAGE_API_KEY
[2025-07-20T16:17:16.076+0000] {app.py:92} INFO - [Ingest] Ingested daily stock data for GOOGL.
[2025-07-20T16:17:16.076+0000] {app.py:42} INFO - Extracting data from: https://www.alphavantage.co/query?function=TIME_SERIES_DAILY&symbol=AMZN&apikey=YOUR_ALPHA_VANTAGE_API_KEY
[2025-07-20T16:17:16.532+0000] {app.py:92} INFO - [Ingest] Ingested daily stock data for AMZN.
[2025-07-20T16:17:16.532+0000] {app.py:42} INFO - Extracting data from: https://www.alphavantage.co/query?function=TIME_SERIES_DAILY&symbol=AAPL&apikey=YOUR_ALPHA_VANTAGE_API_KEY
[2025-07-20T16:17:16.917+0000] {app.py:92} INFO - [Ingest] Ingested daily stock data for AAPL.
[2025-07-20T16:17:16.918+0000] {app.py:97} INFO - [Ingest] Total stock symbols ingested: 5
[2025-07-20T16:17:16.930+0000] {python.py:201} INFO - Done. Returned value was: None
[2025-07-20T16:17:16.940+0000] {taskinstance.py:1138} INFO - Marking task as SUCCESS. dag_id=etl_data_pipeline, task_id=ingest_stock_data, execution_date=20250720T161713, start_date=20250720T161714, end_date=20250720T161716
[2025-07-20T16:17:16.972+0000] {local_task_job_runner.py:234} INFO - Task exited with return code 0
[2025-07-20T16:17:16.992+0000] {taskinstance.py:3280} INFO - 1 downstream tasks scheduled from follow-on schedule check
