[2025-07-20T17:10:56.014+0000] {taskinstance.py:1956} INFO - Dependencies all met for dep_context=non-requeueable deps ti=<TaskInstance: etl_data_pipeline.ingest_stock_data manual__2025-07-20T17:10:55.426139+00:00 [queued]>
[2025-07-20T17:10:56.029+0000] {taskinstance.py:1956} INFO - Dependencies all met for dep_context=requeueable deps ti=<TaskInstance: etl_data_pipeline.ingest_stock_data manual__2025-07-20T17:10:55.426139+00:00 [queued]>
[2025-07-20T17:10:56.029+0000] {taskinstance.py:2170} INFO - Starting attempt 1 of 1
[2025-07-20T17:10:56.051+0000] {taskinstance.py:2191} INFO - Executing <Task(PythonOperator): ingest_stock_data> on 2025-07-20 17:10:55.426139+00:00
[2025-07-20T17:10:56.058+0000] {standard_task_runner.py:60} INFO - Started process 188 to run task
[2025-07-20T17:10:56.067+0000] {standard_task_runner.py:87} INFO - Running: ['***', 'tasks', 'run', 'etl_data_pipeline', 'ingest_stock_data', 'manual__2025-07-20T17:10:55.426139+00:00', '--job-id', '19', '--raw', '--subdir', 'DAGS_FOLDER/app.py', '--cfg-path', '/tmp/tmp37kjeexv']
[2025-07-20T17:10:56.071+0000] {standard_task_runner.py:88} INFO - Job 19: Subtask ingest_stock_data
[2025-07-20T17:10:56.194+0000] {task_command.py:423} INFO - Running <TaskInstance: etl_data_pipeline.ingest_stock_data manual__2025-07-20T17:10:55.426139+00:00 [running]> on host 1334bfc4f2fa
[2025-07-20T17:10:56.396+0000] {taskinstance.py:2480} INFO - Exporting env vars: AIRFLOW_CTX_DAG_OWNER='***' AIRFLOW_CTX_DAG_ID='etl_data_pipeline' AIRFLOW_CTX_TASK_ID='ingest_stock_data' AIRFLOW_CTX_EXECUTION_DATE='2025-07-20T17:10:55.426139+00:00' AIRFLOW_CTX_TRY_NUMBER='1' AIRFLOW_CTX_DAG_RUN_ID='manual__2025-07-20T17:10:55.426139+00:00'
[2025-07-20T17:10:56.428+0000] {app.py:35} INFO - Successfully connected to MongoDB at mongodb:27017
[2025-07-20T17:10:56.438+0000] {app.py:44} INFO - Extracting data from: https://www.alphavantage.co/query?function=TIME_SERIES_DAILY&symbol=IBM&apikey=YOUR_ALPHA_VANTAGE_API_KEY
[2025-07-20T17:10:57.011+0000] {app.py:94} INFO - [Ingest] Ingested daily stock data for IBM.
[2025-07-20T17:10:57.012+0000] {app.py:44} INFO - Extracting data from: https://www.alphavantage.co/query?function=TIME_SERIES_DAILY&symbol=MSFT&apikey=YOUR_ALPHA_VANTAGE_API_KEY
[2025-07-20T17:10:57.395+0000] {app.py:94} INFO - [Ingest] Ingested daily stock data for MSFT.
[2025-07-20T17:10:57.395+0000] {app.py:44} INFO - Extracting data from: https://www.alphavantage.co/query?function=TIME_SERIES_DAILY&symbol=GOOGL&apikey=YOUR_ALPHA_VANTAGE_API_KEY
[2025-07-20T17:10:57.767+0000] {app.py:94} INFO - [Ingest] Ingested daily stock data for GOOGL.
[2025-07-20T17:10:57.768+0000] {app.py:44} INFO - Extracting data from: https://www.alphavantage.co/query?function=TIME_SERIES_DAILY&symbol=AMZN&apikey=YOUR_ALPHA_VANTAGE_API_KEY
[2025-07-20T17:10:58.210+0000] {app.py:94} INFO - [Ingest] Ingested daily stock data for AMZN.
[2025-07-20T17:10:58.211+0000] {app.py:44} INFO - Extracting data from: https://www.alphavantage.co/query?function=TIME_SERIES_DAILY&symbol=AAPL&apikey=YOUR_ALPHA_VANTAGE_API_KEY
[2025-07-20T17:10:58.583+0000] {app.py:94} INFO - [Ingest] Ingested daily stock data for AAPL.
[2025-07-20T17:10:58.584+0000] {app.py:99} INFO - [Ingest] Total stock symbols ingested: 5
[2025-07-20T17:10:58.597+0000] {python.py:201} INFO - Done. Returned value was: None
[2025-07-20T17:10:58.606+0000] {taskinstance.py:1138} INFO - Marking task as SUCCESS. dag_id=etl_data_pipeline, task_id=ingest_stock_data, execution_date=20250720T171055, start_date=20250720T171056, end_date=20250720T171058
[2025-07-20T17:10:58.648+0000] {local_task_job_runner.py:234} INFO - Task exited with return code 0
[2025-07-20T17:10:58.670+0000] {taskinstance.py:3280} INFO - 1 downstream tasks scheduled from follow-on schedule check
