[2025-07-22T06:44:31.067+0000] {taskinstance.py:1956} INFO - Dependencies all met for dep_context=non-requeueable deps ti=<TaskInstance: etl_data_pipeline.ingest_stock_data manual__2025-07-22T06:44:30.048850+00:00 [queued]>
[2025-07-22T06:44:31.083+0000] {taskinstance.py:1956} INFO - Dependencies all met for dep_context=requeueable deps ti=<TaskInstance: etl_data_pipeline.ingest_stock_data manual__2025-07-22T06:44:30.048850+00:00 [queued]>
[2025-07-22T06:44:31.084+0000] {taskinstance.py:2170} INFO - Starting attempt 1 of 1
[2025-07-22T06:44:31.103+0000] {taskinstance.py:2191} INFO - Executing <Task(PythonOperator): ingest_stock_data> on 2025-07-22 06:44:30.048850+00:00
[2025-07-22T06:44:31.111+0000] {standard_task_runner.py:60} INFO - Started process 264 to run task
[2025-07-22T06:44:31.118+0000] {standard_task_runner.py:87} INFO - Running: ['***', 'tasks', 'run', 'etl_data_pipeline', 'ingest_stock_data', 'manual__2025-07-22T06:44:30.048850+00:00', '--job-id', '16', '--raw', '--subdir', 'DAGS_FOLDER/pipeline.py', '--cfg-path', '/tmp/tmpbf6xo9ur']
[2025-07-22T06:44:31.122+0000] {standard_task_runner.py:88} INFO - Job 16: Subtask ingest_stock_data
[2025-07-22T06:44:31.186+0000] {task_command.py:423} INFO - Running <TaskInstance: etl_data_pipeline.ingest_stock_data manual__2025-07-22T06:44:30.048850+00:00 [running]> on host 85468ae3d510
[2025-07-22T06:44:31.281+0000] {taskinstance.py:2480} INFO - Exporting env vars: AIRFLOW_CTX_DAG_OWNER='***' AIRFLOW_CTX_DAG_ID='etl_data_pipeline' AIRFLOW_CTX_TASK_ID='ingest_stock_data' AIRFLOW_CTX_EXECUTION_DATE='2025-07-22T06:44:30.048850+00:00' AIRFLOW_CTX_TRY_NUMBER='1' AIRFLOW_CTX_DAG_RUN_ID='manual__2025-07-22T06:44:30.048850+00:00'
[2025-07-22T06:44:31.301+0000] {pipeline.py:36} INFO - Successfully connected to MongoDB at mongodb:27017
[2025-07-22T06:44:31.303+0000] {pipeline.py:45} INFO - Attempting to extract data from: https://www.alphavantage.co/query?function=TIME_SERIES_DAILY&symbol=IBM&apikey=YOUR_ALPHA_VANTAGE_API_KEY
[2025-07-22T06:44:31.683+0000] {pipeline.py:49} INFO - Successfully extracted data from: https://www.alphavantage.co/query?function=TIME_SERIES_DAILY&symbol=IBM&apikey=YOUR_ALPHA_VANTAGE_API_KEY
[2025-07-22T06:44:31.687+0000] {pipeline.py:98} INFO - [Ingest] Ingested daily stock data for IBM.
[2025-07-22T06:44:31.688+0000] {pipeline.py:45} INFO - Attempting to extract data from: https://www.alphavantage.co/query?function=TIME_SERIES_DAILY&symbol=MSFT&apikey=YOUR_ALPHA_VANTAGE_API_KEY
[2025-07-22T06:44:32.039+0000] {pipeline.py:49} INFO - Successfully extracted data from: https://www.alphavantage.co/query?function=TIME_SERIES_DAILY&symbol=MSFT&apikey=YOUR_ALPHA_VANTAGE_API_KEY
[2025-07-22T06:44:32.040+0000] {pipeline.py:100} WARNING - [Ingest] Failed to ingest stock data for MSFT. Response: {'Information': 'We have detected your API key as YOUR_ALPHA_VANTAGE_API_KEY and our standard API rate limit is 25 requests per day. Please subscribe to any of the premium plans at https://www.alphavantage.co/premium/ to instantly remove all daily rate limits.'}
[2025-07-22T06:44:32.041+0000] {pipeline.py:45} INFO - Attempting to extract data from: https://www.alphavantage.co/query?function=TIME_SERIES_DAILY&symbol=GOOGL&apikey=YOUR_ALPHA_VANTAGE_API_KEY
[2025-07-22T06:44:32.300+0000] {pipeline.py:49} INFO - Successfully extracted data from: https://www.alphavantage.co/query?function=TIME_SERIES_DAILY&symbol=GOOGL&apikey=YOUR_ALPHA_VANTAGE_API_KEY
[2025-07-22T06:44:32.304+0000] {pipeline.py:100} WARNING - [Ingest] Failed to ingest stock data for GOOGL. Response: {'Information': 'We have detected your API key as YOUR_ALPHA_VANTAGE_API_KEY and our standard API rate limit is 25 requests per day. Please subscribe to any of the premium plans at https://www.alphavantage.co/premium/ to instantly remove all daily rate limits.'}
[2025-07-22T06:44:32.306+0000] {pipeline.py:45} INFO - Attempting to extract data from: https://www.alphavantage.co/query?function=TIME_SERIES_DAILY&symbol=AMZN&apikey=YOUR_ALPHA_VANTAGE_API_KEY
[2025-07-22T06:44:32.614+0000] {pipeline.py:49} INFO - Successfully extracted data from: https://www.alphavantage.co/query?function=TIME_SERIES_DAILY&symbol=AMZN&apikey=YOUR_ALPHA_VANTAGE_API_KEY
[2025-07-22T06:44:32.616+0000] {pipeline.py:100} WARNING - [Ingest] Failed to ingest stock data for AMZN. Response: {'Information': 'We have detected your API key as YOUR_ALPHA_VANTAGE_API_KEY and our standard API rate limit is 25 requests per day. Please subscribe to any of the premium plans at https://www.alphavantage.co/premium/ to instantly remove all daily rate limits.'}
[2025-07-22T06:44:32.617+0000] {pipeline.py:45} INFO - Attempting to extract data from: https://www.alphavantage.co/query?function=TIME_SERIES_DAILY&symbol=AAPL&apikey=YOUR_ALPHA_VANTAGE_API_KEY
[2025-07-22T06:44:32.917+0000] {pipeline.py:49} INFO - Successfully extracted data from: https://www.alphavantage.co/query?function=TIME_SERIES_DAILY&symbol=AAPL&apikey=YOUR_ALPHA_VANTAGE_API_KEY
[2025-07-22T06:44:32.920+0000] {pipeline.py:100} WARNING - [Ingest] Failed to ingest stock data for AAPL. Response: {'Information': 'We have detected your API key as YOUR_ALPHA_VANTAGE_API_KEY and our standard API rate limit is 25 requests per day. Please subscribe to any of the premium plans at https://www.alphavantage.co/premium/ to instantly remove all daily rate limits.'}
[2025-07-22T06:44:32.923+0000] {pipeline.py:103} INFO - [Ingest] Total stock symbols ingested: 1
[2025-07-22T06:44:32.944+0000] {python.py:201} INFO - Done. Returned value was: None
[2025-07-22T06:44:32.965+0000] {taskinstance.py:1138} INFO - Marking task as SUCCESS. dag_id=etl_data_pipeline, task_id=ingest_stock_data, execution_date=20250722T064430, start_date=20250722T064431, end_date=20250722T064432
[2025-07-22T06:44:33.015+0000] {local_task_job_runner.py:234} INFO - Task exited with return code 0
[2025-07-22T06:44:33.080+0000] {taskinstance.py:3280} INFO - 1 downstream tasks scheduled from follow-on schedule check
