[2025-07-20T19:36:43.207+0000] {processor.py:161} INFO - Started process (PID=173) to work on /opt/airflow/dags/pipeline.py
[2025-07-20T19:36:43.209+0000] {processor.py:830} INFO - Processing file /opt/airflow/dags/pipeline.py for tasks to queue
[2025-07-20T19:36:43.212+0000] {logging_mixin.py:188} INFO - [2025-07-20T19:36:43.211+0000] {dagbag.py:538} INFO - Filling up the DagBag from /opt/airflow/dags/pipeline.py
[2025-07-20T19:36:43.404+0000] {logging_mixin.py:188} INFO - [2025-07-20T19:36:43.398+0000] {dagbag.py:348} ERROR - Failed to import: /opt/airflow/dags/pipeline.py
Traceback (most recent call last):
  File "/home/airflow/.local/lib/python3.11/site-packages/airflow/models/dagbag.py", line 344, in parse
    loader.exec_module(new_module)
  File "<frozen importlib._bootstrap_external>", line 940, in exec_module
  File "<frozen importlib._bootstrap>", line 241, in _call_with_frames_removed
  File "/opt/airflow/dags/pipeline.py", line 10, in <module>
    from utils.api_helpers import get_mongodb_client, extract_api_data
ModuleNotFoundError: No module named 'utils'
[2025-07-20T19:36:43.406+0000] {processor.py:842} WARNING - No viable dags retrieved from /opt/airflow/dags/pipeline.py
[2025-07-20T19:36:43.436+0000] {processor.py:183} INFO - Processing /opt/airflow/dags/pipeline.py took 0.234 seconds
[2025-07-20T19:37:14.303+0000] {processor.py:161} INFO - Started process (PID=178) to work on /opt/airflow/dags/pipeline.py
[2025-07-20T19:37:14.305+0000] {processor.py:830} INFO - Processing file /opt/airflow/dags/pipeline.py for tasks to queue
[2025-07-20T19:37:14.306+0000] {logging_mixin.py:188} INFO - [2025-07-20T19:37:14.305+0000] {dagbag.py:538} INFO - Filling up the DagBag from /opt/airflow/dags/pipeline.py
[2025-07-20T19:37:14.389+0000] {logging_mixin.py:188} INFO - [2025-07-20T19:37:14.385+0000] {dagbag.py:348} ERROR - Failed to import: /opt/airflow/dags/pipeline.py
Traceback (most recent call last):
  File "/home/airflow/.local/lib/python3.11/site-packages/airflow/models/dagbag.py", line 344, in parse
    loader.exec_module(new_module)
  File "<frozen importlib._bootstrap_external>", line 940, in exec_module
  File "<frozen importlib._bootstrap>", line 241, in _call_with_frames_removed
  File "/opt/airflow/dags/pipeline.py", line 10, in <module>
    from utils.api_helpers import get_mongodb_client, extract_api_data
ModuleNotFoundError: No module named 'utils'
[2025-07-20T19:37:14.390+0000] {processor.py:842} WARNING - No viable dags retrieved from /opt/airflow/dags/pipeline.py
[2025-07-20T19:37:14.414+0000] {processor.py:183} INFO - Processing /opt/airflow/dags/pipeline.py took 0.116 seconds
[2025-07-20T21:41:32.701+0000] {processor.py:161} INFO - Started process (PID=172) to work on /opt/airflow/dags/pipeline.py
[2025-07-20T21:41:32.702+0000] {processor.py:830} INFO - Processing file /opt/airflow/dags/pipeline.py for tasks to queue
[2025-07-20T21:41:32.703+0000] {logging_mixin.py:188} INFO - [2025-07-20T21:41:32.702+0000] {dagbag.py:538} INFO - Filling up the DagBag from /opt/airflow/dags/pipeline.py
[2025-07-20T21:41:32.847+0000] {processor.py:840} INFO - DAG(s) 'etl_data_pipeline' retrieved from /opt/airflow/dags/pipeline.py
[2025-07-20T21:41:33.116+0000] {logging_mixin.py:188} INFO - [2025-07-20T21:41:33.115+0000] {override.py:1769} INFO - Created Permission View: can delete on DAG:etl_data_pipeline
[2025-07-20T21:41:33.127+0000] {logging_mixin.py:188} INFO - [2025-07-20T21:41:33.127+0000] {override.py:1769} INFO - Created Permission View: can read on DAG:etl_data_pipeline
[2025-07-20T21:41:33.134+0000] {logging_mixin.py:188} INFO - [2025-07-20T21:41:33.134+0000] {override.py:1769} INFO - Created Permission View: can edit on DAG:etl_data_pipeline
[2025-07-20T21:41:33.135+0000] {logging_mixin.py:188} INFO - [2025-07-20T21:41:33.135+0000] {dag.py:3036} INFO - Sync 1 DAGs
[2025-07-20T21:41:33.146+0000] {logging_mixin.py:188} INFO - [2025-07-20T21:41:33.145+0000] {dag.py:3058} INFO - Creating ORM DAG for etl_data_pipeline
[2025-07-20T21:41:33.156+0000] {logging_mixin.py:188} INFO - [2025-07-20T21:41:33.156+0000] {dag.py:3823} INFO - Setting next_dagrun for etl_data_pipeline to 2025-07-19 00:00:00+00:00, run_after=2025-07-20 00:00:00+00:00
[2025-07-20T21:41:33.178+0000] {processor.py:183} INFO - Processing /opt/airflow/dags/pipeline.py took 0.480 seconds
[2025-07-20T21:42:04.572+0000] {processor.py:161} INFO - Started process (PID=172) to work on /opt/airflow/dags/pipeline.py
[2025-07-20T21:42:04.573+0000] {processor.py:830} INFO - Processing file /opt/airflow/dags/pipeline.py for tasks to queue
[2025-07-20T21:42:04.574+0000] {logging_mixin.py:188} INFO - [2025-07-20T21:42:04.574+0000] {dagbag.py:538} INFO - Filling up the DagBag from /opt/airflow/dags/pipeline.py
[2025-07-20T21:42:04.672+0000] {processor.py:840} INFO - DAG(s) 'etl_data_pipeline' retrieved from /opt/airflow/dags/pipeline.py
[2025-07-20T21:42:04.730+0000] {logging_mixin.py:188} INFO - [2025-07-20T21:42:04.729+0000] {dag.py:3036} INFO - Sync 1 DAGs
[2025-07-20T21:42:04.754+0000] {logging_mixin.py:188} INFO - [2025-07-20T21:42:04.754+0000] {dag.py:3823} INFO - Setting next_dagrun for etl_data_pipeline to 2025-07-19 00:00:00+00:00, run_after=2025-07-20 00:00:00+00:00
[2025-07-20T21:42:04.772+0000] {processor.py:183} INFO - Processing /opt/airflow/dags/pipeline.py took 0.203 seconds
[2025-07-20T21:42:35.096+0000] {processor.py:161} INFO - Started process (PID=197) to work on /opt/airflow/dags/pipeline.py
[2025-07-20T21:42:35.097+0000] {processor.py:830} INFO - Processing file /opt/airflow/dags/pipeline.py for tasks to queue
[2025-07-20T21:42:35.098+0000] {logging_mixin.py:188} INFO - [2025-07-20T21:42:35.097+0000] {dagbag.py:538} INFO - Filling up the DagBag from /opt/airflow/dags/pipeline.py
[2025-07-20T21:42:35.159+0000] {processor.py:840} INFO - DAG(s) 'etl_data_pipeline' retrieved from /opt/airflow/dags/pipeline.py
[2025-07-20T21:42:35.193+0000] {logging_mixin.py:188} INFO - [2025-07-20T21:42:35.193+0000] {dag.py:3036} INFO - Sync 1 DAGs
[2025-07-20T21:42:35.218+0000] {logging_mixin.py:188} INFO - [2025-07-20T21:42:35.218+0000] {dag.py:3823} INFO - Setting next_dagrun for etl_data_pipeline to 2025-07-20 00:00:00+00:00, run_after=2025-07-21 00:00:00+00:00
[2025-07-20T21:42:35.245+0000] {processor.py:183} INFO - Processing /opt/airflow/dags/pipeline.py took 0.151 seconds
[2025-07-20T21:43:06.019+0000] {processor.py:161} INFO - Started process (PID=214) to work on /opt/airflow/dags/pipeline.py
[2025-07-20T21:43:06.020+0000] {processor.py:830} INFO - Processing file /opt/airflow/dags/pipeline.py for tasks to queue
[2025-07-20T21:43:06.021+0000] {logging_mixin.py:188} INFO - [2025-07-20T21:43:06.021+0000] {dagbag.py:538} INFO - Filling up the DagBag from /opt/airflow/dags/pipeline.py
[2025-07-20T21:43:06.131+0000] {processor.py:840} INFO - DAG(s) 'etl_data_pipeline' retrieved from /opt/airflow/dags/pipeline.py
[2025-07-20T21:43:06.178+0000] {logging_mixin.py:188} INFO - [2025-07-20T21:43:06.178+0000] {dag.py:3036} INFO - Sync 1 DAGs
[2025-07-20T21:43:06.213+0000] {logging_mixin.py:188} INFO - [2025-07-20T21:43:06.212+0000] {dag.py:3823} INFO - Setting next_dagrun for etl_data_pipeline to 2025-07-20 00:00:00+00:00, run_after=2025-07-21 00:00:00+00:00
[2025-07-20T21:43:06.242+0000] {processor.py:183} INFO - Processing /opt/airflow/dags/pipeline.py took 0.226 seconds
[2025-07-20T21:43:09.311+0000] {processor.py:161} INFO - Started process (PID=219) to work on /opt/airflow/dags/pipeline.py
[2025-07-20T21:43:09.312+0000] {processor.py:830} INFO - Processing file /opt/airflow/dags/pipeline.py for tasks to queue
[2025-07-20T21:43:09.313+0000] {logging_mixin.py:188} INFO - [2025-07-20T21:43:09.313+0000] {dagbag.py:538} INFO - Filling up the DagBag from /opt/airflow/dags/pipeline.py
[2025-07-20T21:43:09.385+0000] {processor.py:840} INFO - DAG(s) 'etl_data_pipeline' retrieved from /opt/airflow/dags/pipeline.py
[2025-07-20T21:43:09.406+0000] {logging_mixin.py:188} INFO - [2025-07-20T21:43:09.406+0000] {dag.py:3036} INFO - Sync 1 DAGs
[2025-07-20T21:43:09.425+0000] {logging_mixin.py:188} INFO - [2025-07-20T21:43:09.425+0000] {dag.py:3823} INFO - Setting next_dagrun for etl_data_pipeline to 2025-07-20 00:00:00+00:00, run_after=2025-07-21 00:00:00+00:00
[2025-07-20T21:43:09.446+0000] {processor.py:183} INFO - Processing /opt/airflow/dags/pipeline.py took 0.137 seconds
[2025-07-20T21:43:39.857+0000] {processor.py:161} INFO - Started process (PID=224) to work on /opt/airflow/dags/pipeline.py
[2025-07-20T21:43:39.858+0000] {processor.py:830} INFO - Processing file /opt/airflow/dags/pipeline.py for tasks to queue
[2025-07-20T21:43:39.859+0000] {logging_mixin.py:188} INFO - [2025-07-20T21:43:39.858+0000] {dagbag.py:538} INFO - Filling up the DagBag from /opt/airflow/dags/pipeline.py
[2025-07-20T21:43:39.933+0000] {processor.py:840} INFO - DAG(s) 'etl_data_pipeline' retrieved from /opt/airflow/dags/pipeline.py
[2025-07-20T21:43:39.956+0000] {logging_mixin.py:188} INFO - [2025-07-20T21:43:39.956+0000] {dag.py:3036} INFO - Sync 1 DAGs
[2025-07-20T21:43:39.974+0000] {logging_mixin.py:188} INFO - [2025-07-20T21:43:39.974+0000] {dag.py:3823} INFO - Setting next_dagrun for etl_data_pipeline to 2025-07-20 00:00:00+00:00, run_after=2025-07-21 00:00:00+00:00
[2025-07-20T21:43:39.993+0000] {processor.py:183} INFO - Processing /opt/airflow/dags/pipeline.py took 0.138 seconds
[2025-07-20T21:44:08.616+0000] {processor.py:161} INFO - Started process (PID=229) to work on /opt/airflow/dags/pipeline.py
[2025-07-20T21:44:08.617+0000] {processor.py:830} INFO - Processing file /opt/airflow/dags/pipeline.py for tasks to queue
[2025-07-20T21:44:08.618+0000] {logging_mixin.py:188} INFO - [2025-07-20T21:44:08.617+0000] {dagbag.py:538} INFO - Filling up the DagBag from /opt/airflow/dags/pipeline.py
[2025-07-20T21:44:08.694+0000] {processor.py:840} INFO - DAG(s) 'etl_data_pipeline' retrieved from /opt/airflow/dags/pipeline.py
[2025-07-20T21:44:08.716+0000] {logging_mixin.py:188} INFO - [2025-07-20T21:44:08.716+0000] {dag.py:3036} INFO - Sync 1 DAGs
[2025-07-20T21:44:08.735+0000] {logging_mixin.py:188} INFO - [2025-07-20T21:44:08.735+0000] {dag.py:3823} INFO - Setting next_dagrun for etl_data_pipeline to 2025-07-20 00:00:00+00:00, run_after=2025-07-21 00:00:00+00:00
[2025-07-20T21:44:08.755+0000] {processor.py:183} INFO - Processing /opt/airflow/dags/pipeline.py took 0.141 seconds
[2025-07-20T21:44:38.994+0000] {processor.py:161} INFO - Started process (PID=234) to work on /opt/airflow/dags/pipeline.py
[2025-07-20T21:44:38.995+0000] {processor.py:830} INFO - Processing file /opt/airflow/dags/pipeline.py for tasks to queue
[2025-07-20T21:44:38.995+0000] {logging_mixin.py:188} INFO - [2025-07-20T21:44:38.995+0000] {dagbag.py:538} INFO - Filling up the DagBag from /opt/airflow/dags/pipeline.py
[2025-07-20T21:44:39.058+0000] {processor.py:840} INFO - DAG(s) 'etl_data_pipeline' retrieved from /opt/airflow/dags/pipeline.py
[2025-07-20T21:44:39.081+0000] {logging_mixin.py:188} INFO - [2025-07-20T21:44:39.081+0000] {dag.py:3036} INFO - Sync 1 DAGs
[2025-07-20T21:44:39.101+0000] {logging_mixin.py:188} INFO - [2025-07-20T21:44:39.101+0000] {dag.py:3823} INFO - Setting next_dagrun for etl_data_pipeline to 2025-07-20 00:00:00+00:00, run_after=2025-07-21 00:00:00+00:00
[2025-07-20T21:44:39.118+0000] {processor.py:183} INFO - Processing /opt/airflow/dags/pipeline.py took 0.127 seconds
[2025-07-20T21:45:09.991+0000] {processor.py:161} INFO - Started process (PID=239) to work on /opt/airflow/dags/pipeline.py
[2025-07-20T21:45:09.992+0000] {processor.py:830} INFO - Processing file /opt/airflow/dags/pipeline.py for tasks to queue
[2025-07-20T21:45:09.993+0000] {logging_mixin.py:188} INFO - [2025-07-20T21:45:09.993+0000] {dagbag.py:538} INFO - Filling up the DagBag from /opt/airflow/dags/pipeline.py
[2025-07-20T21:45:10.073+0000] {processor.py:840} INFO - DAG(s) 'etl_data_pipeline' retrieved from /opt/airflow/dags/pipeline.py
[2025-07-20T21:45:10.098+0000] {logging_mixin.py:188} INFO - [2025-07-20T21:45:10.098+0000] {dag.py:3036} INFO - Sync 1 DAGs
[2025-07-20T21:45:10.122+0000] {logging_mixin.py:188} INFO - [2025-07-20T21:45:10.122+0000] {dag.py:3823} INFO - Setting next_dagrun for etl_data_pipeline to 2025-07-20 00:00:00+00:00, run_after=2025-07-21 00:00:00+00:00
[2025-07-20T21:45:10.140+0000] {processor.py:183} INFO - Processing /opt/airflow/dags/pipeline.py took 0.151 seconds
[2025-07-20T21:45:41.547+0000] {processor.py:161} INFO - Started process (PID=244) to work on /opt/airflow/dags/pipeline.py
[2025-07-20T21:45:41.547+0000] {processor.py:830} INFO - Processing file /opt/airflow/dags/pipeline.py for tasks to queue
[2025-07-20T21:45:41.548+0000] {logging_mixin.py:188} INFO - [2025-07-20T21:45:41.548+0000] {dagbag.py:538} INFO - Filling up the DagBag from /opt/airflow/dags/pipeline.py
[2025-07-20T21:45:41.616+0000] {processor.py:840} INFO - DAG(s) 'etl_data_pipeline' retrieved from /opt/airflow/dags/pipeline.py
[2025-07-20T21:45:41.639+0000] {logging_mixin.py:188} INFO - [2025-07-20T21:45:41.639+0000] {dag.py:3036} INFO - Sync 1 DAGs
[2025-07-20T21:45:41.658+0000] {logging_mixin.py:188} INFO - [2025-07-20T21:45:41.658+0000] {dag.py:3823} INFO - Setting next_dagrun for etl_data_pipeline to 2025-07-20 00:00:00+00:00, run_after=2025-07-21 00:00:00+00:00
[2025-07-20T21:45:41.674+0000] {processor.py:183} INFO - Processing /opt/airflow/dags/pipeline.py took 0.130 seconds
[2025-07-20T21:46:35.903+0000] {processor.py:161} INFO - Started process (PID=172) to work on /opt/airflow/dags/pipeline.py
[2025-07-20T21:46:35.905+0000] {processor.py:830} INFO - Processing file /opt/airflow/dags/pipeline.py for tasks to queue
[2025-07-20T21:46:35.906+0000] {logging_mixin.py:188} INFO - [2025-07-20T21:46:35.906+0000] {dagbag.py:538} INFO - Filling up the DagBag from /opt/airflow/dags/pipeline.py
[2025-07-20T21:46:36.007+0000] {processor.py:840} INFO - DAG(s) 'etl_data_pipeline' retrieved from /opt/airflow/dags/pipeline.py
[2025-07-20T21:46:36.069+0000] {logging_mixin.py:188} INFO - [2025-07-20T21:46:36.069+0000] {dag.py:3036} INFO - Sync 1 DAGs
[2025-07-20T21:46:36.092+0000] {logging_mixin.py:188} INFO - [2025-07-20T21:46:36.092+0000] {dag.py:3823} INFO - Setting next_dagrun for etl_data_pipeline to 2025-07-20 00:00:00+00:00, run_after=2025-07-21 00:00:00+00:00
[2025-07-20T21:46:36.110+0000] {processor.py:183} INFO - Processing /opt/airflow/dags/pipeline.py took 0.209 seconds
[2025-07-20T21:47:06.496+0000] {processor.py:161} INFO - Started process (PID=209) to work on /opt/airflow/dags/pipeline.py
[2025-07-20T21:47:06.497+0000] {processor.py:830} INFO - Processing file /opt/airflow/dags/pipeline.py for tasks to queue
[2025-07-20T21:47:06.498+0000] {logging_mixin.py:188} INFO - [2025-07-20T21:47:06.498+0000] {dagbag.py:538} INFO - Filling up the DagBag from /opt/airflow/dags/pipeline.py
[2025-07-20T21:47:06.557+0000] {processor.py:840} INFO - DAG(s) 'etl_data_pipeline' retrieved from /opt/airflow/dags/pipeline.py
[2025-07-20T21:47:06.587+0000] {logging_mixin.py:188} INFO - [2025-07-20T21:47:06.587+0000] {dag.py:3036} INFO - Sync 1 DAGs
[2025-07-20T21:47:06.606+0000] {logging_mixin.py:188} INFO - [2025-07-20T21:47:06.605+0000] {dag.py:3823} INFO - Setting next_dagrun for etl_data_pipeline to 2025-07-20 00:00:00+00:00, run_after=2025-07-21 00:00:00+00:00
[2025-07-20T21:47:06.624+0000] {processor.py:183} INFO - Processing /opt/airflow/dags/pipeline.py took 0.131 seconds
[2025-07-20T21:47:37.198+0000] {processor.py:161} INFO - Started process (PID=246) to work on /opt/airflow/dags/pipeline.py
[2025-07-20T21:47:37.199+0000] {processor.py:830} INFO - Processing file /opt/airflow/dags/pipeline.py for tasks to queue
[2025-07-20T21:47:37.200+0000] {logging_mixin.py:188} INFO - [2025-07-20T21:47:37.200+0000] {dagbag.py:538} INFO - Filling up the DagBag from /opt/airflow/dags/pipeline.py
[2025-07-20T21:47:37.260+0000] {processor.py:840} INFO - DAG(s) 'etl_data_pipeline' retrieved from /opt/airflow/dags/pipeline.py
[2025-07-20T21:47:37.290+0000] {logging_mixin.py:188} INFO - [2025-07-20T21:47:37.290+0000] {dag.py:3036} INFO - Sync 1 DAGs
[2025-07-20T21:47:37.308+0000] {logging_mixin.py:188} INFO - [2025-07-20T21:47:37.308+0000] {dag.py:3823} INFO - Setting next_dagrun for etl_data_pipeline to 2025-07-20 00:00:00+00:00, run_after=2025-07-21 00:00:00+00:00
[2025-07-20T21:47:37.323+0000] {processor.py:183} INFO - Processing /opt/airflow/dags/pipeline.py took 0.127 seconds
[2025-07-20T21:48:07.813+0000] {processor.py:161} INFO - Started process (PID=251) to work on /opt/airflow/dags/pipeline.py
[2025-07-20T21:48:07.814+0000] {processor.py:830} INFO - Processing file /opt/airflow/dags/pipeline.py for tasks to queue
[2025-07-20T21:48:07.814+0000] {logging_mixin.py:188} INFO - [2025-07-20T21:48:07.814+0000] {dagbag.py:538} INFO - Filling up the DagBag from /opt/airflow/dags/pipeline.py
[2025-07-20T21:48:07.890+0000] {processor.py:840} INFO - DAG(s) 'etl_data_pipeline' retrieved from /opt/airflow/dags/pipeline.py
[2025-07-20T21:48:07.918+0000] {logging_mixin.py:188} INFO - [2025-07-20T21:48:07.918+0000] {dag.py:3036} INFO - Sync 1 DAGs
[2025-07-20T21:48:07.953+0000] {logging_mixin.py:188} INFO - [2025-07-20T21:48:07.952+0000] {dag.py:3823} INFO - Setting next_dagrun for etl_data_pipeline to 2025-07-20 00:00:00+00:00, run_after=2025-07-21 00:00:00+00:00
[2025-07-20T21:48:07.980+0000] {processor.py:183} INFO - Processing /opt/airflow/dags/pipeline.py took 0.169 seconds
[2025-07-20T22:00:32.904+0000] {processor.py:161} INFO - Started process (PID=173) to work on /opt/airflow/dags/pipeline.py
[2025-07-20T22:00:32.906+0000] {processor.py:830} INFO - Processing file /opt/airflow/dags/pipeline.py for tasks to queue
[2025-07-20T22:00:32.907+0000] {logging_mixin.py:188} INFO - [2025-07-20T22:00:32.907+0000] {dagbag.py:538} INFO - Filling up the DagBag from /opt/airflow/dags/pipeline.py
[2025-07-20T22:00:33.055+0000] {processor.py:840} INFO - DAG(s) 'etl_data_pipeline' retrieved from /opt/airflow/dags/pipeline.py
[2025-07-20T22:00:33.377+0000] {logging_mixin.py:188} INFO - [2025-07-20T22:00:33.376+0000] {override.py:1769} INFO - Created Permission View: can read on DAG:etl_data_pipeline
[2025-07-20T22:00:33.389+0000] {logging_mixin.py:188} INFO - [2025-07-20T22:00:33.389+0000] {override.py:1769} INFO - Created Permission View: can edit on DAG:etl_data_pipeline
[2025-07-20T22:00:33.396+0000] {logging_mixin.py:188} INFO - [2025-07-20T22:00:33.396+0000] {override.py:1769} INFO - Created Permission View: can delete on DAG:etl_data_pipeline
[2025-07-20T22:00:33.397+0000] {logging_mixin.py:188} INFO - [2025-07-20T22:00:33.396+0000] {dag.py:3036} INFO - Sync 1 DAGs
[2025-07-20T22:00:33.409+0000] {logging_mixin.py:188} INFO - [2025-07-20T22:00:33.409+0000] {dag.py:3058} INFO - Creating ORM DAG for etl_data_pipeline
[2025-07-20T22:00:33.420+0000] {logging_mixin.py:188} INFO - [2025-07-20T22:00:33.420+0000] {dag.py:3823} INFO - Setting next_dagrun for etl_data_pipeline to 2025-07-19 00:00:00+00:00, run_after=2025-07-20 00:00:00+00:00
[2025-07-20T22:00:33.451+0000] {processor.py:183} INFO - Processing /opt/airflow/dags/pipeline.py took 0.551 seconds
[2025-07-20T22:01:03.658+0000] {processor.py:161} INFO - Started process (PID=178) to work on /opt/airflow/dags/pipeline.py
[2025-07-20T22:01:03.659+0000] {processor.py:830} INFO - Processing file /opt/airflow/dags/pipeline.py for tasks to queue
[2025-07-20T22:01:03.660+0000] {logging_mixin.py:188} INFO - [2025-07-20T22:01:03.660+0000] {dagbag.py:538} INFO - Filling up the DagBag from /opt/airflow/dags/pipeline.py
[2025-07-20T22:01:03.725+0000] {processor.py:840} INFO - DAG(s) 'etl_data_pipeline' retrieved from /opt/airflow/dags/pipeline.py
[2025-07-20T22:01:03.755+0000] {logging_mixin.py:188} INFO - [2025-07-20T22:01:03.754+0000] {dag.py:3036} INFO - Sync 1 DAGs
[2025-07-20T22:01:03.773+0000] {logging_mixin.py:188} INFO - [2025-07-20T22:01:03.773+0000] {dag.py:3823} INFO - Setting next_dagrun for etl_data_pipeline to 2025-07-19 00:00:00+00:00, run_after=2025-07-20 00:00:00+00:00
[2025-07-20T22:01:03.790+0000] {processor.py:183} INFO - Processing /opt/airflow/dags/pipeline.py took 0.135 seconds
[2025-07-20T22:01:34.318+0000] {processor.py:161} INFO - Started process (PID=247) to work on /opt/airflow/dags/pipeline.py
[2025-07-20T22:01:34.319+0000] {processor.py:830} INFO - Processing file /opt/airflow/dags/pipeline.py for tasks to queue
[2025-07-20T22:01:34.320+0000] {logging_mixin.py:188} INFO - [2025-07-20T22:01:34.319+0000] {dagbag.py:538} INFO - Filling up the DagBag from /opt/airflow/dags/pipeline.py
[2025-07-20T22:01:34.379+0000] {processor.py:840} INFO - DAG(s) 'etl_data_pipeline' retrieved from /opt/airflow/dags/pipeline.py
[2025-07-20T22:01:34.407+0000] {logging_mixin.py:188} INFO - [2025-07-20T22:01:34.407+0000] {dag.py:3036} INFO - Sync 1 DAGs
[2025-07-20T22:01:34.424+0000] {logging_mixin.py:188} INFO - [2025-07-20T22:01:34.424+0000] {dag.py:3823} INFO - Setting next_dagrun for etl_data_pipeline to 2025-07-20 00:00:00+00:00, run_after=2025-07-21 00:00:00+00:00
[2025-07-20T22:01:34.439+0000] {processor.py:183} INFO - Processing /opt/airflow/dags/pipeline.py took 0.123 seconds
[2025-07-20T22:02:04.825+0000] {processor.py:161} INFO - Started process (PID=284) to work on /opt/airflow/dags/pipeline.py
[2025-07-20T22:02:04.826+0000] {processor.py:830} INFO - Processing file /opt/airflow/dags/pipeline.py for tasks to queue
[2025-07-20T22:02:04.827+0000] {logging_mixin.py:188} INFO - [2025-07-20T22:02:04.826+0000] {dagbag.py:538} INFO - Filling up the DagBag from /opt/airflow/dags/pipeline.py
[2025-07-20T22:02:04.894+0000] {processor.py:840} INFO - DAG(s) 'etl_data_pipeline' retrieved from /opt/airflow/dags/pipeline.py
[2025-07-20T22:02:04.914+0000] {logging_mixin.py:188} INFO - [2025-07-20T22:02:04.914+0000] {dag.py:3036} INFO - Sync 1 DAGs
[2025-07-20T22:02:04.932+0000] {logging_mixin.py:188} INFO - [2025-07-20T22:02:04.932+0000] {dag.py:3823} INFO - Setting next_dagrun for etl_data_pipeline to 2025-07-20 00:00:00+00:00, run_after=2025-07-21 00:00:00+00:00
[2025-07-20T22:02:04.947+0000] {processor.py:183} INFO - Processing /opt/airflow/dags/pipeline.py took 0.124 seconds
[2025-07-20T22:02:35.486+0000] {processor.py:161} INFO - Started process (PID=289) to work on /opt/airflow/dags/pipeline.py
[2025-07-20T22:02:35.487+0000] {processor.py:830} INFO - Processing file /opt/airflow/dags/pipeline.py for tasks to queue
[2025-07-20T22:02:35.488+0000] {logging_mixin.py:188} INFO - [2025-07-20T22:02:35.488+0000] {dagbag.py:538} INFO - Filling up the DagBag from /opt/airflow/dags/pipeline.py
[2025-07-20T22:02:35.555+0000] {processor.py:840} INFO - DAG(s) 'etl_data_pipeline' retrieved from /opt/airflow/dags/pipeline.py
[2025-07-20T22:02:35.580+0000] {logging_mixin.py:188} INFO - [2025-07-20T22:02:35.579+0000] {dag.py:3036} INFO - Sync 1 DAGs
[2025-07-20T22:02:35.599+0000] {logging_mixin.py:188} INFO - [2025-07-20T22:02:35.599+0000] {dag.py:3823} INFO - Setting next_dagrun for etl_data_pipeline to 2025-07-20 00:00:00+00:00, run_after=2025-07-21 00:00:00+00:00
[2025-07-20T22:02:35.615+0000] {processor.py:183} INFO - Processing /opt/airflow/dags/pipeline.py took 0.130 seconds
[2025-07-20T22:03:06.065+0000] {processor.py:161} INFO - Started process (PID=294) to work on /opt/airflow/dags/pipeline.py
[2025-07-20T22:03:06.067+0000] {processor.py:830} INFO - Processing file /opt/airflow/dags/pipeline.py for tasks to queue
[2025-07-20T22:03:06.069+0000] {logging_mixin.py:188} INFO - [2025-07-20T22:03:06.068+0000] {dagbag.py:538} INFO - Filling up the DagBag from /opt/airflow/dags/pipeline.py
[2025-07-20T22:03:06.174+0000] {processor.py:840} INFO - DAG(s) 'etl_data_pipeline' retrieved from /opt/airflow/dags/pipeline.py
[2025-07-20T22:03:06.199+0000] {logging_mixin.py:188} INFO - [2025-07-20T22:03:06.199+0000] {dag.py:3036} INFO - Sync 1 DAGs
[2025-07-20T22:03:06.219+0000] {logging_mixin.py:188} INFO - [2025-07-20T22:03:06.219+0000] {dag.py:3823} INFO - Setting next_dagrun for etl_data_pipeline to 2025-07-20 00:00:00+00:00, run_after=2025-07-21 00:00:00+00:00
[2025-07-20T22:03:06.240+0000] {processor.py:183} INFO - Processing /opt/airflow/dags/pipeline.py took 0.180 seconds
[2025-07-20T22:03:36.709+0000] {processor.py:161} INFO - Started process (PID=299) to work on /opt/airflow/dags/pipeline.py
[2025-07-20T22:03:36.710+0000] {processor.py:830} INFO - Processing file /opt/airflow/dags/pipeline.py for tasks to queue
[2025-07-20T22:03:36.711+0000] {logging_mixin.py:188} INFO - [2025-07-20T22:03:36.711+0000] {dagbag.py:538} INFO - Filling up the DagBag from /opt/airflow/dags/pipeline.py
[2025-07-20T22:03:36.776+0000] {processor.py:840} INFO - DAG(s) 'etl_data_pipeline' retrieved from /opt/airflow/dags/pipeline.py
[2025-07-20T22:03:36.797+0000] {logging_mixin.py:188} INFO - [2025-07-20T22:03:36.797+0000] {dag.py:3036} INFO - Sync 1 DAGs
[2025-07-20T22:03:36.814+0000] {logging_mixin.py:188} INFO - [2025-07-20T22:03:36.814+0000] {dag.py:3823} INFO - Setting next_dagrun for etl_data_pipeline to 2025-07-20 00:00:00+00:00, run_after=2025-07-21 00:00:00+00:00
[2025-07-20T22:03:36.828+0000] {processor.py:183} INFO - Processing /opt/airflow/dags/pipeline.py took 0.121 seconds
[2025-07-20T22:04:07.306+0000] {processor.py:161} INFO - Started process (PID=304) to work on /opt/airflow/dags/pipeline.py
[2025-07-20T22:04:07.307+0000] {processor.py:830} INFO - Processing file /opt/airflow/dags/pipeline.py for tasks to queue
[2025-07-20T22:04:07.308+0000] {logging_mixin.py:188} INFO - [2025-07-20T22:04:07.308+0000] {dagbag.py:538} INFO - Filling up the DagBag from /opt/airflow/dags/pipeline.py
[2025-07-20T22:04:07.376+0000] {processor.py:840} INFO - DAG(s) 'etl_data_pipeline' retrieved from /opt/airflow/dags/pipeline.py
[2025-07-20T22:04:07.397+0000] {logging_mixin.py:188} INFO - [2025-07-20T22:04:07.396+0000] {dag.py:3036} INFO - Sync 1 DAGs
[2025-07-20T22:04:07.416+0000] {logging_mixin.py:188} INFO - [2025-07-20T22:04:07.416+0000] {dag.py:3823} INFO - Setting next_dagrun for etl_data_pipeline to 2025-07-20 00:00:00+00:00, run_after=2025-07-21 00:00:00+00:00
[2025-07-20T22:04:07.431+0000] {processor.py:183} INFO - Processing /opt/airflow/dags/pipeline.py took 0.128 seconds
[2025-07-20T22:10:30.725+0000] {processor.py:161} INFO - Started process (PID=172) to work on /opt/airflow/dags/pipeline.py
[2025-07-20T22:10:30.727+0000] {processor.py:830} INFO - Processing file /opt/airflow/dags/pipeline.py for tasks to queue
[2025-07-20T22:10:30.729+0000] {logging_mixin.py:188} INFO - [2025-07-20T22:10:30.728+0000] {dagbag.py:538} INFO - Filling up the DagBag from /opt/airflow/dags/pipeline.py
[2025-07-20T22:10:30.874+0000] {processor.py:840} INFO - DAG(s) 'etl_data_pipeline' retrieved from /opt/airflow/dags/pipeline.py
[2025-07-20T22:10:31.205+0000] {logging_mixin.py:188} INFO - [2025-07-20T22:10:31.204+0000] {override.py:1769} INFO - Created Permission View: can delete on DAG:etl_data_pipeline
[2025-07-20T22:10:31.216+0000] {logging_mixin.py:188} INFO - [2025-07-20T22:10:31.216+0000] {override.py:1769} INFO - Created Permission View: can read on DAG:etl_data_pipeline
[2025-07-20T22:10:31.224+0000] {logging_mixin.py:188} INFO - [2025-07-20T22:10:31.224+0000] {override.py:1769} INFO - Created Permission View: can edit on DAG:etl_data_pipeline
[2025-07-20T22:10:31.225+0000] {logging_mixin.py:188} INFO - [2025-07-20T22:10:31.225+0000] {dag.py:3036} INFO - Sync 1 DAGs
[2025-07-20T22:10:31.237+0000] {logging_mixin.py:188} INFO - [2025-07-20T22:10:31.237+0000] {dag.py:3058} INFO - Creating ORM DAG for etl_data_pipeline
[2025-07-20T22:10:31.248+0000] {logging_mixin.py:188} INFO - [2025-07-20T22:10:31.248+0000] {dag.py:3823} INFO - Setting next_dagrun for etl_data_pipeline to 2025-07-19 00:00:00+00:00, run_after=2025-07-20 00:00:00+00:00
[2025-07-20T22:10:31.953+0000] {processor.py:183} INFO - Processing /opt/airflow/dags/pipeline.py took 0.550 seconds
[2025-07-20T22:11:02.081+0000] {processor.py:161} INFO - Started process (PID=177) to work on /opt/airflow/dags/pipeline.py
[2025-07-20T22:11:02.082+0000] {processor.py:830} INFO - Processing file /opt/airflow/dags/pipeline.py for tasks to queue
[2025-07-20T22:11:02.083+0000] {logging_mixin.py:188} INFO - [2025-07-20T22:11:02.083+0000] {dagbag.py:538} INFO - Filling up the DagBag from /opt/airflow/dags/pipeline.py
[2025-07-20T22:11:02.149+0000] {processor.py:840} INFO - DAG(s) 'etl_data_pipeline' retrieved from /opt/airflow/dags/pipeline.py
[2025-07-20T22:11:02.182+0000] {logging_mixin.py:188} INFO - [2025-07-20T22:11:02.182+0000] {dag.py:3036} INFO - Sync 1 DAGs
[2025-07-20T22:11:02.200+0000] {logging_mixin.py:188} INFO - [2025-07-20T22:11:02.200+0000] {dag.py:3823} INFO - Setting next_dagrun for etl_data_pipeline to 2025-07-19 00:00:00+00:00, run_after=2025-07-20 00:00:00+00:00
[2025-07-20T22:11:02.217+0000] {processor.py:183} INFO - Processing /opt/airflow/dags/pipeline.py took 0.140 seconds
[2025-07-20T22:11:32.800+0000] {processor.py:161} INFO - Started process (PID=182) to work on /opt/airflow/dags/pipeline.py
[2025-07-20T22:11:32.801+0000] {processor.py:830} INFO - Processing file /opt/airflow/dags/pipeline.py for tasks to queue
[2025-07-20T22:11:32.802+0000] {logging_mixin.py:188} INFO - [2025-07-20T22:11:32.802+0000] {dagbag.py:538} INFO - Filling up the DagBag from /opt/airflow/dags/pipeline.py
[2025-07-20T22:11:32.866+0000] {processor.py:840} INFO - DAG(s) 'etl_data_pipeline' retrieved from /opt/airflow/dags/pipeline.py
[2025-07-20T22:11:32.896+0000] {logging_mixin.py:188} INFO - [2025-07-20T22:11:32.896+0000] {dag.py:3036} INFO - Sync 1 DAGs
[2025-07-20T22:11:32.914+0000] {logging_mixin.py:188} INFO - [2025-07-20T22:11:32.914+0000] {dag.py:3823} INFO - Setting next_dagrun for etl_data_pipeline to 2025-07-19 00:00:00+00:00, run_after=2025-07-20 00:00:00+00:00
[2025-07-20T22:11:32.931+0000] {processor.py:183} INFO - Processing /opt/airflow/dags/pipeline.py took 0.133 seconds
[2025-07-20T22:12:03.605+0000] {processor.py:161} INFO - Started process (PID=187) to work on /opt/airflow/dags/pipeline.py
[2025-07-20T22:12:03.607+0000] {processor.py:830} INFO - Processing file /opt/airflow/dags/pipeline.py for tasks to queue
[2025-07-20T22:12:03.610+0000] {logging_mixin.py:188} INFO - [2025-07-20T22:12:03.609+0000] {dagbag.py:538} INFO - Filling up the DagBag from /opt/airflow/dags/pipeline.py
[2025-07-20T22:12:03.819+0000] {processor.py:840} INFO - DAG(s) 'etl_data_pipeline' retrieved from /opt/airflow/dags/pipeline.py
[2025-07-20T22:12:03.878+0000] {logging_mixin.py:188} INFO - [2025-07-20T22:12:03.877+0000] {dag.py:3036} INFO - Sync 1 DAGs
[2025-07-20T22:12:03.921+0000] {logging_mixin.py:188} INFO - [2025-07-20T22:12:03.920+0000] {dag.py:3823} INFO - Setting next_dagrun for etl_data_pipeline to 2025-07-19 00:00:00+00:00, run_after=2025-07-20 00:00:00+00:00
[2025-07-20T22:12:03.952+0000] {processor.py:183} INFO - Processing /opt/airflow/dags/pipeline.py took 0.352 seconds
[2025-07-20T22:12:34.413+0000] {processor.py:161} INFO - Started process (PID=256) to work on /opt/airflow/dags/pipeline.py
[2025-07-20T22:12:34.414+0000] {processor.py:830} INFO - Processing file /opt/airflow/dags/pipeline.py for tasks to queue
[2025-07-20T22:12:34.415+0000] {logging_mixin.py:188} INFO - [2025-07-20T22:12:34.414+0000] {dagbag.py:538} INFO - Filling up the DagBag from /opt/airflow/dags/pipeline.py
[2025-07-20T22:12:34.477+0000] {processor.py:840} INFO - DAG(s) 'etl_data_pipeline' retrieved from /opt/airflow/dags/pipeline.py
[2025-07-20T22:12:34.497+0000] {logging_mixin.py:188} INFO - [2025-07-20T22:12:34.497+0000] {dag.py:3036} INFO - Sync 1 DAGs
[2025-07-20T22:12:34.512+0000] {logging_mixin.py:188} INFO - [2025-07-20T22:12:34.512+0000] {dag.py:3823} INFO - Setting next_dagrun for etl_data_pipeline to 2025-07-20 00:00:00+00:00, run_after=2025-07-21 00:00:00+00:00
[2025-07-20T22:12:34.526+0000] {processor.py:183} INFO - Processing /opt/airflow/dags/pipeline.py took 0.115 seconds
[2025-07-20T22:13:04.584+0000] {processor.py:161} INFO - Started process (PID=261) to work on /opt/airflow/dags/pipeline.py
[2025-07-20T22:13:04.585+0000] {processor.py:830} INFO - Processing file /opt/airflow/dags/pipeline.py for tasks to queue
[2025-07-20T22:13:04.585+0000] {logging_mixin.py:188} INFO - [2025-07-20T22:13:04.585+0000] {dagbag.py:538} INFO - Filling up the DagBag from /opt/airflow/dags/pipeline.py
[2025-07-20T22:13:04.674+0000] {processor.py:840} INFO - DAG(s) 'etl_data_pipeline' retrieved from /opt/airflow/dags/pipeline.py
[2025-07-20T22:13:04.696+0000] {logging_mixin.py:188} INFO - [2025-07-20T22:13:04.696+0000] {dag.py:3036} INFO - Sync 1 DAGs
[2025-07-20T22:13:04.715+0000] {logging_mixin.py:188} INFO - [2025-07-20T22:13:04.714+0000] {dag.py:3823} INFO - Setting next_dagrun for etl_data_pipeline to 2025-07-20 00:00:00+00:00, run_after=2025-07-21 00:00:00+00:00
[2025-07-20T22:13:04.729+0000] {processor.py:183} INFO - Processing /opt/airflow/dags/pipeline.py took 0.148 seconds
[2025-07-20T22:13:08.733+0000] {processor.py:161} INFO - Started process (PID=266) to work on /opt/airflow/dags/pipeline.py
[2025-07-20T22:13:08.734+0000] {processor.py:830} INFO - Processing file /opt/airflow/dags/pipeline.py for tasks to queue
[2025-07-20T22:13:08.735+0000] {logging_mixin.py:188} INFO - [2025-07-20T22:13:08.735+0000] {dagbag.py:538} INFO - Filling up the DagBag from /opt/airflow/dags/pipeline.py
[2025-07-20T22:13:08.826+0000] {processor.py:840} INFO - DAG(s) 'etl_data_pipeline' retrieved from /opt/airflow/dags/pipeline.py
[2025-07-20T22:13:08.856+0000] {logging_mixin.py:188} INFO - [2025-07-20T22:13:08.856+0000] {dag.py:3036} INFO - Sync 1 DAGs
[2025-07-20T22:13:08.880+0000] {logging_mixin.py:188} INFO - [2025-07-20T22:13:08.880+0000] {dag.py:3823} INFO - Setting next_dagrun for etl_data_pipeline to 2025-07-20 00:00:00+00:00, run_after=2025-07-21 00:00:00+00:00
[2025-07-20T22:13:08.904+0000] {processor.py:183} INFO - Processing /opt/airflow/dags/pipeline.py took 0.173 seconds
[2025-07-20T22:13:38.975+0000] {processor.py:161} INFO - Started process (PID=271) to work on /opt/airflow/dags/pipeline.py
[2025-07-20T22:13:38.976+0000] {processor.py:830} INFO - Processing file /opt/airflow/dags/pipeline.py for tasks to queue
[2025-07-20T22:13:38.977+0000] {logging_mixin.py:188} INFO - [2025-07-20T22:13:38.976+0000] {dagbag.py:538} INFO - Filling up the DagBag from /opt/airflow/dags/pipeline.py
[2025-07-20T22:13:39.045+0000] {processor.py:840} INFO - DAG(s) 'etl_data_pipeline' retrieved from /opt/airflow/dags/pipeline.py
[2025-07-20T22:13:39.071+0000] {logging_mixin.py:188} INFO - [2025-07-20T22:13:39.071+0000] {dag.py:3036} INFO - Sync 1 DAGs
[2025-07-20T22:13:39.092+0000] {logging_mixin.py:188} INFO - [2025-07-20T22:13:39.092+0000] {dag.py:3823} INFO - Setting next_dagrun for etl_data_pipeline to 2025-07-20 00:00:00+00:00, run_after=2025-07-21 00:00:00+00:00
[2025-07-20T22:13:39.109+0000] {processor.py:183} INFO - Processing /opt/airflow/dags/pipeline.py took 0.137 seconds
[2025-07-20T22:14:09.777+0000] {processor.py:161} INFO - Started process (PID=276) to work on /opt/airflow/dags/pipeline.py
[2025-07-20T22:14:09.778+0000] {processor.py:830} INFO - Processing file /opt/airflow/dags/pipeline.py for tasks to queue
[2025-07-20T22:14:09.779+0000] {logging_mixin.py:188} INFO - [2025-07-20T22:14:09.779+0000] {dagbag.py:538} INFO - Filling up the DagBag from /opt/airflow/dags/pipeline.py
[2025-07-20T22:14:09.850+0000] {processor.py:840} INFO - DAG(s) 'etl_data_pipeline' retrieved from /opt/airflow/dags/pipeline.py
[2025-07-20T22:14:09.874+0000] {logging_mixin.py:188} INFO - [2025-07-20T22:14:09.874+0000] {dag.py:3036} INFO - Sync 1 DAGs
[2025-07-20T22:14:09.893+0000] {logging_mixin.py:188} INFO - [2025-07-20T22:14:09.893+0000] {dag.py:3823} INFO - Setting next_dagrun for etl_data_pipeline to 2025-07-20 00:00:00+00:00, run_after=2025-07-21 00:00:00+00:00
[2025-07-20T22:14:09.909+0000] {processor.py:183} INFO - Processing /opt/airflow/dags/pipeline.py took 0.134 seconds
[2025-07-20T22:14:39.974+0000] {processor.py:161} INFO - Started process (PID=281) to work on /opt/airflow/dags/pipeline.py
[2025-07-20T22:14:39.975+0000] {processor.py:830} INFO - Processing file /opt/airflow/dags/pipeline.py for tasks to queue
[2025-07-20T22:14:39.976+0000] {logging_mixin.py:188} INFO - [2025-07-20T22:14:39.975+0000] {dagbag.py:538} INFO - Filling up the DagBag from /opt/airflow/dags/pipeline.py
[2025-07-20T22:14:40.049+0000] {processor.py:840} INFO - DAG(s) 'etl_data_pipeline' retrieved from /opt/airflow/dags/pipeline.py
[2025-07-20T22:14:40.071+0000] {logging_mixin.py:188} INFO - [2025-07-20T22:14:40.071+0000] {dag.py:3036} INFO - Sync 1 DAGs
[2025-07-20T22:14:40.090+0000] {logging_mixin.py:188} INFO - [2025-07-20T22:14:40.090+0000] {dag.py:3823} INFO - Setting next_dagrun for etl_data_pipeline to 2025-07-20 00:00:00+00:00, run_after=2025-07-21 00:00:00+00:00
[2025-07-20T22:14:40.106+0000] {processor.py:183} INFO - Processing /opt/airflow/dags/pipeline.py took 0.134 seconds
[2025-07-20T22:15:10.559+0000] {processor.py:161} INFO - Started process (PID=286) to work on /opt/airflow/dags/pipeline.py
[2025-07-20T22:15:10.559+0000] {processor.py:830} INFO - Processing file /opt/airflow/dags/pipeline.py for tasks to queue
[2025-07-20T22:15:10.561+0000] {logging_mixin.py:188} INFO - [2025-07-20T22:15:10.560+0000] {dagbag.py:538} INFO - Filling up the DagBag from /opt/airflow/dags/pipeline.py
[2025-07-20T22:15:10.628+0000] {processor.py:840} INFO - DAG(s) 'etl_data_pipeline' retrieved from /opt/airflow/dags/pipeline.py
[2025-07-20T22:15:10.651+0000] {logging_mixin.py:188} INFO - [2025-07-20T22:15:10.651+0000] {dag.py:3036} INFO - Sync 1 DAGs
[2025-07-20T22:15:10.668+0000] {logging_mixin.py:188} INFO - [2025-07-20T22:15:10.668+0000] {dag.py:3823} INFO - Setting next_dagrun for etl_data_pipeline to 2025-07-20 00:00:00+00:00, run_after=2025-07-21 00:00:00+00:00
[2025-07-20T22:15:10.683+0000] {processor.py:183} INFO - Processing /opt/airflow/dags/pipeline.py took 0.127 seconds
[2025-07-20T22:29:05.691+0000] {processor.py:161} INFO - Started process (PID=172) to work on /opt/airflow/dags/pipeline.py
[2025-07-20T22:29:05.692+0000] {processor.py:830} INFO - Processing file /opt/airflow/dags/pipeline.py for tasks to queue
[2025-07-20T22:29:05.694+0000] {logging_mixin.py:188} INFO - [2025-07-20T22:29:05.693+0000] {dagbag.py:538} INFO - Filling up the DagBag from /opt/airflow/dags/pipeline.py
[2025-07-20T22:29:05.838+0000] {logging_mixin.py:188} INFO - [2025-07-20T22:29:05.833+0000] {dagbag.py:348} ERROR - Failed to import: /opt/airflow/dags/pipeline.py
Traceback (most recent call last):
  File "/home/airflow/.local/lib/python3.11/site-packages/airflow/models/dagbag.py", line 344, in parse
    loader.exec_module(new_module)
  File "<frozen importlib._bootstrap_external>", line 940, in exec_module
  File "<frozen importlib._bootstrap>", line 241, in _call_with_frames_removed
  File "/opt/airflow/dags/pipeline.py", line 12, in <module>
    from utils.api_helpers import get_mongodb_client, extract_api_data
ModuleNotFoundError: No module named 'utils'
[2025-07-20T22:29:05.839+0000] {processor.py:842} WARNING - No viable dags retrieved from /opt/airflow/dags/pipeline.py
[2025-07-20T22:29:05.861+0000] {processor.py:183} INFO - Processing /opt/airflow/dags/pipeline.py took 0.173 seconds
[2025-07-20T22:29:35.946+0000] {processor.py:161} INFO - Started process (PID=177) to work on /opt/airflow/dags/pipeline.py
[2025-07-20T22:29:35.947+0000] {processor.py:830} INFO - Processing file /opt/airflow/dags/pipeline.py for tasks to queue
[2025-07-20T22:29:35.947+0000] {logging_mixin.py:188} INFO - [2025-07-20T22:29:35.947+0000] {dagbag.py:538} INFO - Filling up the DagBag from /opt/airflow/dags/pipeline.py
[2025-07-20T22:29:36.004+0000] {logging_mixin.py:188} INFO - [2025-07-20T22:29:36.002+0000] {dagbag.py:348} ERROR - Failed to import: /opt/airflow/dags/pipeline.py
Traceback (most recent call last):
  File "/home/airflow/.local/lib/python3.11/site-packages/airflow/models/dagbag.py", line 344, in parse
    loader.exec_module(new_module)
  File "<frozen importlib._bootstrap_external>", line 940, in exec_module
  File "<frozen importlib._bootstrap>", line 241, in _call_with_frames_removed
  File "/opt/airflow/dags/pipeline.py", line 12, in <module>
    from utils.api_helpers import get_mongodb_client, extract_api_data
ModuleNotFoundError: No module named 'utils'
[2025-07-20T22:29:36.005+0000] {processor.py:842} WARNING - No viable dags retrieved from /opt/airflow/dags/pipeline.py
[2025-07-20T22:29:36.022+0000] {processor.py:183} INFO - Processing /opt/airflow/dags/pipeline.py took 0.079 seconds
[2025-07-20T22:30:06.137+0000] {processor.py:161} INFO - Started process (PID=182) to work on /opt/airflow/dags/pipeline.py
[2025-07-20T22:30:06.138+0000] {processor.py:830} INFO - Processing file /opt/airflow/dags/pipeline.py for tasks to queue
[2025-07-20T22:30:06.139+0000] {logging_mixin.py:188} INFO - [2025-07-20T22:30:06.138+0000] {dagbag.py:538} INFO - Filling up the DagBag from /opt/airflow/dags/pipeline.py
[2025-07-20T22:30:06.195+0000] {logging_mixin.py:188} INFO - [2025-07-20T22:30:06.192+0000] {dagbag.py:348} ERROR - Failed to import: /opt/airflow/dags/pipeline.py
Traceback (most recent call last):
  File "/home/airflow/.local/lib/python3.11/site-packages/airflow/models/dagbag.py", line 344, in parse
    loader.exec_module(new_module)
  File "<frozen importlib._bootstrap_external>", line 940, in exec_module
  File "<frozen importlib._bootstrap>", line 241, in _call_with_frames_removed
  File "/opt/airflow/dags/pipeline.py", line 12, in <module>
    from utils.api_helpers import get_mongodb_client, extract_api_data
ModuleNotFoundError: No module named 'utils'
[2025-07-20T22:30:06.196+0000] {processor.py:842} WARNING - No viable dags retrieved from /opt/airflow/dags/pipeline.py
[2025-07-20T22:30:06.213+0000] {processor.py:183} INFO - Processing /opt/airflow/dags/pipeline.py took 0.078 seconds
[2025-07-20T22:30:36.288+0000] {processor.py:161} INFO - Started process (PID=187) to work on /opt/airflow/dags/pipeline.py
[2025-07-20T22:30:36.288+0000] {processor.py:830} INFO - Processing file /opt/airflow/dags/pipeline.py for tasks to queue
[2025-07-20T22:30:36.289+0000] {logging_mixin.py:188} INFO - [2025-07-20T22:30:36.289+0000] {dagbag.py:538} INFO - Filling up the DagBag from /opt/airflow/dags/pipeline.py
[2025-07-20T22:30:36.346+0000] {logging_mixin.py:188} INFO - [2025-07-20T22:30:36.343+0000] {dagbag.py:348} ERROR - Failed to import: /opt/airflow/dags/pipeline.py
Traceback (most recent call last):
  File "/home/airflow/.local/lib/python3.11/site-packages/airflow/models/dagbag.py", line 344, in parse
    loader.exec_module(new_module)
  File "<frozen importlib._bootstrap_external>", line 940, in exec_module
  File "<frozen importlib._bootstrap>", line 241, in _call_with_frames_removed
  File "/opt/airflow/dags/pipeline.py", line 12, in <module>
    from utils.api_helpers import get_mongodb_client, extract_api_data
ModuleNotFoundError: No module named 'utils'
[2025-07-20T22:30:36.347+0000] {processor.py:842} WARNING - No viable dags retrieved from /opt/airflow/dags/pipeline.py
[2025-07-20T22:30:36.363+0000] {processor.py:183} INFO - Processing /opt/airflow/dags/pipeline.py took 0.077 seconds
[2025-07-20T22:33:34.902+0000] {processor.py:161} INFO - Started process (PID=172) to work on /opt/airflow/dags/pipeline.py
[2025-07-20T22:33:34.903+0000] {processor.py:830} INFO - Processing file /opt/airflow/dags/pipeline.py for tasks to queue
[2025-07-20T22:33:34.904+0000] {logging_mixin.py:188} INFO - [2025-07-20T22:33:34.904+0000] {dagbag.py:538} INFO - Filling up the DagBag from /opt/airflow/dags/pipeline.py
[2025-07-20T22:33:34.999+0000] {logging_mixin.py:188} INFO - [2025-07-20T22:33:34.995+0000] {dagbag.py:348} ERROR - Failed to import: /opt/airflow/dags/pipeline.py
Traceback (most recent call last):
  File "/home/airflow/.local/lib/python3.11/site-packages/airflow/models/dagbag.py", line 344, in parse
    loader.exec_module(new_module)
  File "<frozen importlib._bootstrap_external>", line 940, in exec_module
  File "<frozen importlib._bootstrap>", line 241, in _call_with_frames_removed
  File "/opt/airflow/dags/pipeline.py", line 12, in <module>
    from utils.api_helpers import get_mongodb_client, extract_api_data
ModuleNotFoundError: No module named 'utils'
[2025-07-20T22:33:35.003+0000] {processor.py:842} WARNING - No viable dags retrieved from /opt/airflow/dags/pipeline.py
[2025-07-20T22:33:35.026+0000] {processor.py:183} INFO - Processing /opt/airflow/dags/pipeline.py took 0.127 seconds
[2025-07-20T22:34:08.165+0000] {processor.py:161} INFO - Started process (PID=177) to work on /opt/airflow/dags/pipeline.py
[2025-07-20T22:34:08.166+0000] {processor.py:830} INFO - Processing file /opt/airflow/dags/pipeline.py for tasks to queue
[2025-07-20T22:34:08.166+0000] {logging_mixin.py:188} INFO - [2025-07-20T22:34:08.166+0000] {dagbag.py:538} INFO - Filling up the DagBag from /opt/airflow/dags/pipeline.py
[2025-07-20T22:34:08.224+0000] {logging_mixin.py:188} INFO - [2025-07-20T22:34:08.220+0000] {dagbag.py:348} ERROR - Failed to import: /opt/airflow/dags/pipeline.py
Traceback (most recent call last):
  File "/home/airflow/.local/lib/python3.11/site-packages/airflow/models/dagbag.py", line 344, in parse
    loader.exec_module(new_module)
  File "<frozen importlib._bootstrap_external>", line 940, in exec_module
  File "<frozen importlib._bootstrap>", line 241, in _call_with_frames_removed
  File "/opt/airflow/dags/pipeline.py", line 12, in <module>
    from utils.api_helpers import get_mongodb_client, extract_api_data
ModuleNotFoundError: No module named 'utils'
[2025-07-20T22:34:08.225+0000] {processor.py:842} WARNING - No viable dags retrieved from /opt/airflow/dags/pipeline.py
[2025-07-20T22:34:08.241+0000] {processor.py:183} INFO - Processing /opt/airflow/dags/pipeline.py took 0.079 seconds
[2025-07-20T22:34:41.501+0000] {processor.py:161} INFO - Started process (PID=182) to work on /opt/airflow/dags/pipeline.py
[2025-07-20T22:34:41.502+0000] {processor.py:830} INFO - Processing file /opt/airflow/dags/pipeline.py for tasks to queue
[2025-07-20T22:34:41.503+0000] {logging_mixin.py:188} INFO - [2025-07-20T22:34:41.502+0000] {dagbag.py:538} INFO - Filling up the DagBag from /opt/airflow/dags/pipeline.py
[2025-07-20T22:34:41.557+0000] {logging_mixin.py:188} INFO - [2025-07-20T22:34:41.554+0000] {dagbag.py:348} ERROR - Failed to import: /opt/airflow/dags/pipeline.py
Traceback (most recent call last):
  File "/home/airflow/.local/lib/python3.11/site-packages/airflow/models/dagbag.py", line 344, in parse
    loader.exec_module(new_module)
  File "<frozen importlib._bootstrap_external>", line 940, in exec_module
  File "<frozen importlib._bootstrap>", line 241, in _call_with_frames_removed
  File "/opt/airflow/dags/pipeline.py", line 12, in <module>
    from utils.api_helpers import get_mongodb_client, extract_api_data
ModuleNotFoundError: No module named 'utils'
[2025-07-20T22:34:41.558+0000] {processor.py:842} WARNING - No viable dags retrieved from /opt/airflow/dags/pipeline.py
[2025-07-20T22:34:41.574+0000] {processor.py:183} INFO - Processing /opt/airflow/dags/pipeline.py took 0.075 seconds
[2025-07-20T22:35:14.715+0000] {processor.py:161} INFO - Started process (PID=187) to work on /opt/airflow/dags/pipeline.py
[2025-07-20T22:35:14.716+0000] {processor.py:830} INFO - Processing file /opt/airflow/dags/pipeline.py for tasks to queue
[2025-07-20T22:35:14.717+0000] {logging_mixin.py:188} INFO - [2025-07-20T22:35:14.716+0000] {dagbag.py:538} INFO - Filling up the DagBag from /opt/airflow/dags/pipeline.py
[2025-07-20T22:35:14.783+0000] {logging_mixin.py:188} INFO - [2025-07-20T22:35:14.780+0000] {dagbag.py:348} ERROR - Failed to import: /opt/airflow/dags/pipeline.py
Traceback (most recent call last):
  File "/home/airflow/.local/lib/python3.11/site-packages/airflow/models/dagbag.py", line 344, in parse
    loader.exec_module(new_module)
  File "<frozen importlib._bootstrap_external>", line 940, in exec_module
  File "<frozen importlib._bootstrap>", line 241, in _call_with_frames_removed
  File "/opt/airflow/dags/pipeline.py", line 12, in <module>
    from utils.api_helpers import get_mongodb_client, extract_api_data
ModuleNotFoundError: No module named 'utils'
[2025-07-20T22:35:14.785+0000] {processor.py:842} WARNING - No viable dags retrieved from /opt/airflow/dags/pipeline.py
[2025-07-20T22:35:14.803+0000] {processor.py:183} INFO - Processing /opt/airflow/dags/pipeline.py took 0.091 seconds
[2025-07-20T22:35:44.946+0000] {processor.py:161} INFO - Started process (PID=192) to work on /opt/airflow/dags/pipeline.py
[2025-07-20T22:35:44.947+0000] {processor.py:830} INFO - Processing file /opt/airflow/dags/pipeline.py for tasks to queue
[2025-07-20T22:35:44.948+0000] {logging_mixin.py:188} INFO - [2025-07-20T22:35:44.948+0000] {dagbag.py:538} INFO - Filling up the DagBag from /opt/airflow/dags/pipeline.py
[2025-07-20T22:35:45.005+0000] {logging_mixin.py:188} INFO - [2025-07-20T22:35:45.002+0000] {dagbag.py:348} ERROR - Failed to import: /opt/airflow/dags/pipeline.py
Traceback (most recent call last):
  File "/home/airflow/.local/lib/python3.11/site-packages/airflow/models/dagbag.py", line 344, in parse
    loader.exec_module(new_module)
  File "<frozen importlib._bootstrap_external>", line 940, in exec_module
  File "<frozen importlib._bootstrap>", line 241, in _call_with_frames_removed
  File "/opt/airflow/dags/pipeline.py", line 12, in <module>
    from utils.api_helpers import get_mongodb_client, extract_api_data
ModuleNotFoundError: No module named 'utils'
[2025-07-20T22:35:45.006+0000] {processor.py:842} WARNING - No viable dags retrieved from /opt/airflow/dags/pipeline.py
[2025-07-20T22:35:45.022+0000] {processor.py:183} INFO - Processing /opt/airflow/dags/pipeline.py took 0.079 seconds
[2025-07-20T22:36:07.021+0000] {processor.py:161} INFO - Started process (PID=197) to work on /opt/airflow/dags/pipeline.py
[2025-07-20T22:36:07.022+0000] {processor.py:830} INFO - Processing file /opt/airflow/dags/pipeline.py for tasks to queue
[2025-07-20T22:36:07.023+0000] {logging_mixin.py:188} INFO - [2025-07-20T22:36:07.023+0000] {dagbag.py:538} INFO - Filling up the DagBag from /opt/airflow/dags/pipeline.py
[2025-07-20T22:36:07.119+0000] {processor.py:840} INFO - DAG(s) 'etl_data_pipeline' retrieved from /opt/airflow/dags/pipeline.py
[2025-07-20T22:36:07.297+0000] {logging_mixin.py:188} INFO - [2025-07-20T22:36:07.296+0000] {override.py:1769} INFO - Created Permission View: can read on DAG:etl_data_pipeline
[2025-07-20T22:36:07.305+0000] {logging_mixin.py:188} INFO - [2025-07-20T22:36:07.305+0000] {override.py:1769} INFO - Created Permission View: can edit on DAG:etl_data_pipeline
[2025-07-20T22:36:07.310+0000] {logging_mixin.py:188} INFO - [2025-07-20T22:36:07.310+0000] {override.py:1769} INFO - Created Permission View: can delete on DAG:etl_data_pipeline
[2025-07-20T22:36:07.311+0000] {logging_mixin.py:188} INFO - [2025-07-20T22:36:07.311+0000] {dag.py:3036} INFO - Sync 1 DAGs
[2025-07-20T22:36:07.320+0000] {logging_mixin.py:188} INFO - [2025-07-20T22:36:07.320+0000] {dag.py:3058} INFO - Creating ORM DAG for etl_data_pipeline
[2025-07-20T22:36:07.327+0000] {logging_mixin.py:188} INFO - [2025-07-20T22:36:07.327+0000] {dag.py:3823} INFO - Setting next_dagrun for etl_data_pipeline to 2025-07-19 00:00:00+00:00, run_after=2025-07-20 00:00:00+00:00
[2025-07-20T22:36:07.347+0000] {processor.py:183} INFO - Processing /opt/airflow/dags/pipeline.py took 0.328 seconds
[2025-07-20T22:36:08.112+0000] {processor.py:161} INFO - Started process (PID=202) to work on /opt/airflow/dags/pipeline.py
[2025-07-20T22:36:08.113+0000] {processor.py:830} INFO - Processing file /opt/airflow/dags/pipeline.py for tasks to queue
[2025-07-20T22:36:08.114+0000] {logging_mixin.py:188} INFO - [2025-07-20T22:36:08.113+0000] {dagbag.py:538} INFO - Filling up the DagBag from /opt/airflow/dags/pipeline.py
[2025-07-20T22:36:08.183+0000] {processor.py:840} INFO - DAG(s) 'etl_data_pipeline' retrieved from /opt/airflow/dags/pipeline.py
[2025-07-20T22:36:08.193+0000] {logging_mixin.py:188} INFO - [2025-07-20T22:36:08.193+0000] {dag.py:3036} INFO - Sync 1 DAGs
[2025-07-20T22:36:08.211+0000] {logging_mixin.py:188} INFO - [2025-07-20T22:36:08.211+0000] {dag.py:3823} INFO - Setting next_dagrun for etl_data_pipeline to 2025-07-19 00:00:00+00:00, run_after=2025-07-20 00:00:00+00:00
[2025-07-20T22:36:08.228+0000] {processor.py:183} INFO - Processing /opt/airflow/dags/pipeline.py took 0.118 seconds
[2025-07-20T22:36:09.137+0000] {processor.py:161} INFO - Started process (PID=207) to work on /opt/airflow/dags/pipeline.py
[2025-07-20T22:36:09.138+0000] {processor.py:830} INFO - Processing file /opt/airflow/dags/pipeline.py for tasks to queue
[2025-07-20T22:36:09.139+0000] {logging_mixin.py:188} INFO - [2025-07-20T22:36:09.139+0000] {dagbag.py:538} INFO - Filling up the DagBag from /opt/airflow/dags/pipeline.py
[2025-07-20T22:36:09.212+0000] {processor.py:840} INFO - DAG(s) 'etl_data_pipeline' retrieved from /opt/airflow/dags/pipeline.py
[2025-07-20T22:36:09.222+0000] {logging_mixin.py:188} INFO - [2025-07-20T22:36:09.222+0000] {dag.py:3036} INFO - Sync 1 DAGs
[2025-07-20T22:36:09.242+0000] {logging_mixin.py:188} INFO - [2025-07-20T22:36:09.242+0000] {dag.py:3823} INFO - Setting next_dagrun for etl_data_pipeline to 2025-07-19 00:00:00+00:00, run_after=2025-07-20 00:00:00+00:00
[2025-07-20T22:36:09.260+0000] {processor.py:183} INFO - Processing /opt/airflow/dags/pipeline.py took 0.124 seconds
[2025-07-20T22:36:39.462+0000] {processor.py:161} INFO - Started process (PID=212) to work on /opt/airflow/dags/pipeline.py
[2025-07-20T22:36:39.463+0000] {processor.py:830} INFO - Processing file /opt/airflow/dags/pipeline.py for tasks to queue
[2025-07-20T22:36:39.464+0000] {logging_mixin.py:188} INFO - [2025-07-20T22:36:39.464+0000] {dagbag.py:538} INFO - Filling up the DagBag from /opt/airflow/dags/pipeline.py
[2025-07-20T22:36:39.525+0000] {processor.py:840} INFO - DAG(s) 'etl_data_pipeline' retrieved from /opt/airflow/dags/pipeline.py
[2025-07-20T22:36:39.548+0000] {logging_mixin.py:188} INFO - [2025-07-20T22:36:39.547+0000] {dag.py:3036} INFO - Sync 1 DAGs
[2025-07-20T22:36:39.567+0000] {logging_mixin.py:188} INFO - [2025-07-20T22:36:39.567+0000] {dag.py:3823} INFO - Setting next_dagrun for etl_data_pipeline to 2025-07-19 00:00:00+00:00, run_after=2025-07-20 00:00:00+00:00
[2025-07-20T22:36:39.582+0000] {processor.py:183} INFO - Processing /opt/airflow/dags/pipeline.py took 0.122 seconds
[2025-07-20T22:37:09.689+0000] {processor.py:161} INFO - Started process (PID=217) to work on /opt/airflow/dags/pipeline.py
[2025-07-20T22:37:09.689+0000] {processor.py:830} INFO - Processing file /opt/airflow/dags/pipeline.py for tasks to queue
[2025-07-20T22:37:09.690+0000] {logging_mixin.py:188} INFO - [2025-07-20T22:37:09.690+0000] {dagbag.py:538} INFO - Filling up the DagBag from /opt/airflow/dags/pipeline.py
[2025-07-20T22:37:09.755+0000] {processor.py:840} INFO - DAG(s) 'etl_data_pipeline' retrieved from /opt/airflow/dags/pipeline.py
[2025-07-20T22:37:09.778+0000] {logging_mixin.py:188} INFO - [2025-07-20T22:37:09.778+0000] {dag.py:3036} INFO - Sync 1 DAGs
[2025-07-20T22:37:09.798+0000] {logging_mixin.py:188} INFO - [2025-07-20T22:37:09.798+0000] {dag.py:3823} INFO - Setting next_dagrun for etl_data_pipeline to 2025-07-19 00:00:00+00:00, run_after=2025-07-20 00:00:00+00:00
[2025-07-20T22:37:09.813+0000] {processor.py:183} INFO - Processing /opt/airflow/dags/pipeline.py took 0.126 seconds
[2025-07-20T22:37:39.994+0000] {processor.py:161} INFO - Started process (PID=222) to work on /opt/airflow/dags/pipeline.py
[2025-07-20T22:37:39.994+0000] {processor.py:830} INFO - Processing file /opt/airflow/dags/pipeline.py for tasks to queue
[2025-07-20T22:37:39.995+0000] {logging_mixin.py:188} INFO - [2025-07-20T22:37:39.995+0000] {dagbag.py:538} INFO - Filling up the DagBag from /opt/airflow/dags/pipeline.py
[2025-07-20T22:37:40.056+0000] {processor.py:840} INFO - DAG(s) 'etl_data_pipeline' retrieved from /opt/airflow/dags/pipeline.py
[2025-07-20T22:37:40.077+0000] {logging_mixin.py:188} INFO - [2025-07-20T22:37:40.077+0000] {dag.py:3036} INFO - Sync 1 DAGs
[2025-07-20T22:37:40.094+0000] {logging_mixin.py:188} INFO - [2025-07-20T22:37:40.094+0000] {dag.py:3823} INFO - Setting next_dagrun for etl_data_pipeline to 2025-07-19 00:00:00+00:00, run_after=2025-07-20 00:00:00+00:00
[2025-07-20T22:37:40.109+0000] {processor.py:183} INFO - Processing /opt/airflow/dags/pipeline.py took 0.117 seconds
[2025-07-20T22:38:10.240+0000] {processor.py:161} INFO - Started process (PID=227) to work on /opt/airflow/dags/pipeline.py
[2025-07-20T22:38:10.240+0000] {processor.py:830} INFO - Processing file /opt/airflow/dags/pipeline.py for tasks to queue
[2025-07-20T22:38:10.241+0000] {logging_mixin.py:188} INFO - [2025-07-20T22:38:10.241+0000] {dagbag.py:538} INFO - Filling up the DagBag from /opt/airflow/dags/pipeline.py
[2025-07-20T22:38:10.305+0000] {processor.py:840} INFO - DAG(s) 'etl_data_pipeline' retrieved from /opt/airflow/dags/pipeline.py
[2025-07-20T22:38:10.326+0000] {logging_mixin.py:188} INFO - [2025-07-20T22:38:10.326+0000] {dag.py:3036} INFO - Sync 1 DAGs
[2025-07-20T22:38:10.343+0000] {logging_mixin.py:188} INFO - [2025-07-20T22:38:10.343+0000] {dag.py:3823} INFO - Setting next_dagrun for etl_data_pipeline to 2025-07-19 00:00:00+00:00, run_after=2025-07-20 00:00:00+00:00
[2025-07-20T22:38:10.359+0000] {processor.py:183} INFO - Processing /opt/airflow/dags/pipeline.py took 0.122 seconds
[2025-07-20T22:38:40.479+0000] {processor.py:161} INFO - Started process (PID=232) to work on /opt/airflow/dags/pipeline.py
[2025-07-20T22:38:40.480+0000] {processor.py:830} INFO - Processing file /opt/airflow/dags/pipeline.py for tasks to queue
[2025-07-20T22:38:40.480+0000] {logging_mixin.py:188} INFO - [2025-07-20T22:38:40.480+0000] {dagbag.py:538} INFO - Filling up the DagBag from /opt/airflow/dags/pipeline.py
[2025-07-20T22:38:40.541+0000] {processor.py:840} INFO - DAG(s) 'etl_data_pipeline' retrieved from /opt/airflow/dags/pipeline.py
[2025-07-20T22:38:40.562+0000] {logging_mixin.py:188} INFO - [2025-07-20T22:38:40.562+0000] {dag.py:3036} INFO - Sync 1 DAGs
[2025-07-20T22:38:40.580+0000] {logging_mixin.py:188} INFO - [2025-07-20T22:38:40.580+0000] {dag.py:3823} INFO - Setting next_dagrun for etl_data_pipeline to 2025-07-19 00:00:00+00:00, run_after=2025-07-20 00:00:00+00:00
[2025-07-20T22:38:40.595+0000] {processor.py:183} INFO - Processing /opt/airflow/dags/pipeline.py took 0.119 seconds
