[2025-07-20T21:47:18.320+0000] {taskinstance.py:1956} INFO - Dependencies all met for dep_context=non-requeueable deps ti=<TaskInstance: etl_data_pipeline.ingest_stock_data manual__2025-07-20T21:47:14.380284+00:00 [queued]>
[2025-07-20T21:47:18.330+0000] {taskinstance.py:1956} INFO - Dependencies all met for dep_context=requeueable deps ti=<TaskInstance: etl_data_pipeline.ingest_stock_data manual__2025-07-20T21:47:14.380284+00:00 [queued]>
[2025-07-20T21:47:18.330+0000] {taskinstance.py:2170} INFO - Starting attempt 1 of 1
[2025-07-20T21:47:18.346+0000] {taskinstance.py:2191} INFO - Executing <Task(PythonOperator): ingest_stock_data> on 2025-07-20 21:47:14.380284+00:00
[2025-07-20T21:47:18.354+0000] {standard_task_runner.py:60} INFO - Started process 217 to run task
[2025-07-20T21:47:18.357+0000] {standard_task_runner.py:87} INFO - Running: ['***', 'tasks', 'run', 'etl_data_pipeline', 'ingest_stock_data', 'manual__2025-07-20T21:47:14.380284+00:00', '--job-id', '44', '--raw', '--subdir', 'DAGS_FOLDER/pipeline.py', '--cfg-path', '/tmp/tmpo2w2v61r']
[2025-07-20T21:47:18.360+0000] {standard_task_runner.py:88} INFO - Job 44: Subtask ingest_stock_data
[2025-07-20T21:47:18.416+0000] {task_command.py:423} INFO - Running <TaskInstance: etl_data_pipeline.ingest_stock_data manual__2025-07-20T21:47:14.380284+00:00 [running]> on host a7665edf7d7c
[2025-07-20T21:47:18.504+0000] {taskinstance.py:2480} INFO - Exporting env vars: AIRFLOW_CTX_DAG_OWNER='***' AIRFLOW_CTX_DAG_ID='etl_data_pipeline' AIRFLOW_CTX_TASK_ID='ingest_stock_data' AIRFLOW_CTX_EXECUTION_DATE='2025-07-20T21:47:14.380284+00:00' AIRFLOW_CTX_TRY_NUMBER='1' AIRFLOW_CTX_DAG_RUN_ID='manual__2025-07-20T21:47:14.380284+00:00'
[2025-07-20T21:47:18.523+0000] {pipeline.py:35} INFO - Successfully connected to MongoDB at mongodb:27017
[2025-07-20T21:47:18.525+0000] {pipeline.py:44} INFO - Extracting data from: https://www.alphavantage.co/query?function=TIME_SERIES_DAILY&symbol=IBM&apikey=YOUR_ALPHA_VANTAGE_API_KEY
[2025-07-20T21:47:19.007+0000] {pipeline.py:94} INFO - [Ingest] Ingested daily stock data for IBM.
[2025-07-20T21:47:19.007+0000] {pipeline.py:44} INFO - Extracting data from: https://www.alphavantage.co/query?function=TIME_SERIES_DAILY&symbol=MSFT&apikey=YOUR_ALPHA_VANTAGE_API_KEY
[2025-07-20T21:47:20.229+0000] {pipeline.py:94} INFO - [Ingest] Ingested daily stock data for MSFT.
[2025-07-20T21:47:20.230+0000] {pipeline.py:44} INFO - Extracting data from: https://www.alphavantage.co/query?function=TIME_SERIES_DAILY&symbol=GOOGL&apikey=YOUR_ALPHA_VANTAGE_API_KEY
[2025-07-20T21:47:20.607+0000] {pipeline.py:94} INFO - [Ingest] Ingested daily stock data for GOOGL.
[2025-07-20T21:47:20.608+0000] {pipeline.py:44} INFO - Extracting data from: https://www.alphavantage.co/query?function=TIME_SERIES_DAILY&symbol=AMZN&apikey=YOUR_ALPHA_VANTAGE_API_KEY
[2025-07-20T21:47:21.029+0000] {pipeline.py:94} INFO - [Ingest] Ingested daily stock data for AMZN.
[2025-07-20T21:47:21.030+0000] {pipeline.py:44} INFO - Extracting data from: https://www.alphavantage.co/query?function=TIME_SERIES_DAILY&symbol=AAPL&apikey=YOUR_ALPHA_VANTAGE_API_KEY
[2025-07-20T21:47:21.465+0000] {pipeline.py:94} INFO - [Ingest] Ingested daily stock data for AAPL.
[2025-07-20T21:47:21.466+0000] {pipeline.py:99} INFO - [Ingest] Total stock symbols ingested: 5
[2025-07-20T21:47:21.482+0000] {python.py:201} INFO - Done. Returned value was: None
[2025-07-20T21:47:21.493+0000] {taskinstance.py:1138} INFO - Marking task as SUCCESS. dag_id=etl_data_pipeline, task_id=ingest_stock_data, execution_date=20250720T214714, start_date=20250720T214718, end_date=20250720T214721
[2025-07-20T21:47:21.540+0000] {local_task_job_runner.py:234} INFO - Task exited with return code 0
[2025-07-20T21:47:21.563+0000] {taskinstance.py:3280} INFO - 1 downstream tasks scheduled from follow-on schedule check
